[INFO] Scanning for projects...
[INFO] 
[INFO] --------------< com.fasterxml.jackson.core:jackson-core >---------------
[INFO] Building Jackson-core 2.8.0-SNAPSHOT
[INFO] -------------------------------[ bundle ]-------------------------------
[INFO] 
[INFO] --- maven-clean-plugin:2.5:clean (default-clean) @ jackson-core ---
[INFO] Deleting ./jackson-core/target
[INFO] 
[INFO] --- maven-enforcer-plugin:1.3.1:enforce (enforce-java) @ jackson-core ---
[INFO] 
[INFO] --- build-helper-maven-plugin:1.7:add-source (add-generated-sources) @ jackson-core ---
[INFO] Source directory: ./jackson-core/target/generated-sources added.
[INFO] 
[INFO] --- replacer:1.5.2:replace (process-packageVersion) @ jackson-core ---
[INFO] Replacement run on 1 file.
[INFO] 
[INFO] --- maven-resources-plugin:2.6:resources (default-resources) @ jackson-core ---
[INFO] Using 'UTF-8' encoding to copy filtered resources.
[INFO] Copying 3 resources
[INFO] 
[INFO] --- maven-compiler-plugin:3.2:compile (default-compile) @ jackson-core ---
[INFO] Changes detected - recompiling the module!
[INFO] Compiling 91 source files to ./jackson-core/target/classes
[WARNING] bootstrap class path not set in conjunction with -source 1.6
[INFO] 
[INFO] --- maven-resources-plugin:2.6:testResources (default-testResources) @ jackson-core ---
[INFO] Using 'UTF-8' encoding to copy filtered resources.
[INFO] Copying 2 resources
[INFO] 
[INFO] --- maven-compiler-plugin:3.2:testCompile (default-testCompile) @ jackson-core ---
[INFO] Changes detected - recompiling the module!
[INFO] Compiling 89 source files to ./jackson-core/target/test-classes
[WARNING] bootstrap class path not set in conjunction with -source 1.6
[INFO] 
[INFO] --- maven-surefire-plugin:2.17:test (default-test) @ jackson-core ---
[INFO] Surefire report directory: ./jackson-core/target/surefire-reports

-------------------------------------------------------
 T E S T S
-------------------------------------------------------
Running com.fasterxml.jackson.core.sym.TestByteBasedSymbols
Tests run: 3, Failures: 0, Errors: 0, Skipped: 0, Time elapsed: 0.074 sec - in com.fasterxml.jackson.core.sym.TestByteBasedSymbols
Running com.fasterxml.jackson.core.sym.TestSymbolsWithMediaItem
Tests run: 2, Failures: 0, Errors: 0, Skipped: 0, Time elapsed: 0 sec - in com.fasterxml.jackson.core.sym.TestSymbolsWithMediaItem
Running com.fasterxml.jackson.core.sym.SymbolTableMergingTest
Tests run: 5, Failures: 0, Errors: 0, Skipped: 0, Time elapsed: 0.012 sec - in com.fasterxml.jackson.core.sym.SymbolTableMergingTest
Running com.fasterxml.jackson.core.sym.SymbolsViaParserTest
Tests run: 4, Failures: 0, Errors: 0, Skipped: 0, Time elapsed: 0.019 sec - in com.fasterxml.jackson.core.sym.SymbolsViaParserTest
Running com.fasterxml.jackson.core.sym.TestSymbolTables
Tests run: 14, Failures: 0, Errors: 0, Skipped: 0, Time elapsed: 0.332 sec - in com.fasterxml.jackson.core.sym.TestSymbolTables
Running com.fasterxml.jackson.core.sym.TestHashCollisionChars
Tests run: 1, Failures: 0, Errors: 0, Skipped: 0, Time elapsed: 0.002 sec - in com.fasterxml.jackson.core.sym.TestHashCollisionChars
Running com.fasterxml.jackson.core.util.TestSerializedString
Tests run: 2, Failures: 0, Errors: 0, Skipped: 0, Time elapsed: 0.012 sec - in com.fasterxml.jackson.core.util.TestSerializedString
Running com.fasterxml.jackson.core.util.TestTextBuffer
Tests run: 5, Failures: 0, Errors: 0, Skipped: 0, Time elapsed: 0.02 sec - in com.fasterxml.jackson.core.util.TestTextBuffer
Running com.fasterxml.jackson.core.util.TestCharTypes
Tests run: 1, Failures: 0, Errors: 0, Skipped: 0, Time elapsed: 0.002 sec - in com.fasterxml.jackson.core.util.TestCharTypes
Running com.fasterxml.jackson.core.util.TestDefaultPrettyPrinter
Tests run: 7, Failures: 0, Errors: 0, Skipped: 0, Time elapsed: 0.028 sec - in com.fasterxml.jackson.core.util.TestDefaultPrettyPrinter
Running com.fasterxml.jackson.core.util.TestDelegates
Tests run: 3, Failures: 0, Errors: 0, Skipped: 0, Time elapsed: 0.011 sec - in com.fasterxml.jackson.core.util.TestDelegates
Running com.fasterxml.jackson.core.util.TestVersionUtil
Tests run: 5, Failures: 0, Errors: 0, Skipped: 0, Time elapsed: 0.015 sec - in com.fasterxml.jackson.core.util.TestVersionUtil
Running com.fasterxml.jackson.core.util.ByteArrayBuilderTest
Tests run: 1, Failures: 0, Errors: 0, Skipped: 0, Time elapsed: 0.008 sec - in com.fasterxml.jackson.core.util.ByteArrayBuilderTest
Running com.fasterxml.jackson.core.util.TestNumberPrinting
Tests run: 2, Failures: 0, Errors: 0, Skipped: 0, Time elapsed: 0.244 sec - in com.fasterxml.jackson.core.util.TestNumberPrinting
Running com.fasterxml.jackson.core.read.ParserErrorHandlingTest
Tests run: 4, Failures: 0, Errors: 0, Skipped: 0, Time elapsed: 0.012 sec - in com.fasterxml.jackson.core.read.ParserErrorHandlingTest
Running com.fasterxml.jackson.core.read.NonStandardParserFeaturesTest
Tests run: 11, Failures: 0, Errors: 0, Skipped: 0, Time elapsed: 0.033 sec - in com.fasterxml.jackson.core.read.NonStandardParserFeaturesTest
Running com.fasterxml.jackson.core.read.JsonParserTest
Tests run: 20, Failures: 0, Errors: 0, Skipped: 0, Time elapsed: 0.099 sec - in com.fasterxml.jackson.core.read.JsonParserTest
Running com.fasterxml.jackson.core.read.NextXxxAccessTest
Tests run: 12, Failures: 0, Errors: 0, Skipped: 0, Time elapsed: 1.698 sec - in com.fasterxml.jackson.core.read.NextXxxAccessTest
Running com.fasterxml.jackson.core.read.UTF8NamesParseTest
Tests run: 6, Failures: 0, Errors: 0, Skipped: 0, Time elapsed: 0.007 sec - in com.fasterxml.jackson.core.read.UTF8NamesParseTest
Running com.fasterxml.jackson.core.read.ParserSymbolHandlingTest
Tests run: 2, Failures: 0, Errors: 0, Skipped: 0, Time elapsed: 0.004 sec - in com.fasterxml.jackson.core.read.ParserSymbolHandlingTest
Running com.fasterxml.jackson.core.read.ParserScopeMatchingTest
Tests run: 7, Failures: 0, Errors: 0, Skipped: 0, Time elapsed: 0.009 sec - in com.fasterxml.jackson.core.read.ParserScopeMatchingTest
Running com.fasterxml.jackson.core.read.ValueConversionsTest
Tests run: 4, Failures: 0, Errors: 0, Skipped: 0, Time elapsed: 0.01 sec - in com.fasterxml.jackson.core.read.ValueConversionsTest
Running com.fasterxml.jackson.core.read.TestJsonParserBinary
Tests run: 3, Failures: 0, Errors: 0, Skipped: 0, Time elapsed: 0.035 sec - in com.fasterxml.jackson.core.read.TestJsonParserBinary
Running com.fasterxml.jackson.core.read.NumberParsingTest
Tests run: 17, Failures: 0, Errors: 0, Skipped: 0, Time elapsed: 0.183 sec - in com.fasterxml.jackson.core.read.NumberParsingTest
Running com.fasterxml.jackson.core.read.ParserDupHandlingTest
Tests run: 4, Failures: 0, Errors: 0, Skipped: 0, Time elapsed: 0.008 sec - in com.fasterxml.jackson.core.read.ParserDupHandlingTest
Running com.fasterxml.jackson.core.read.Base64BinaryParsingTest
Tests run: 3, Failures: 0, Errors: 0, Skipped: 0, Time elapsed: 0.135 sec - in com.fasterxml.jackson.core.read.Base64BinaryParsingTest
Running com.fasterxml.jackson.core.read.CommentParsingTest
Tests run: 10, Failures: 0, Errors: 0, Skipped: 0, Time elapsed: 0.009 sec - in com.fasterxml.jackson.core.read.CommentParsingTest
Running com.fasterxml.jackson.core.base64.TestBase64Codec
Tests run: 3, Failures: 0, Errors: 0, Skipped: 0, Time elapsed: 0.007 sec - in com.fasterxml.jackson.core.base64.TestBase64Codec
Running com.fasterxml.jackson.core.base64.TestBase64Generation
Tests run: 2, Failures: 0, Errors: 0, Skipped: 0, Time elapsed: 0.009 sec - in com.fasterxml.jackson.core.base64.TestBase64Generation
Running com.fasterxml.jackson.core.io.TestIOContext
Tests run: 1, Failures: 0, Errors: 0, Skipped: 0, Time elapsed: 0.003 sec - in com.fasterxml.jackson.core.io.TestIOContext
Running com.fasterxml.jackson.core.io.TestMergedStream
Tests run: 1, Failures: 0, Errors: 0, Skipped: 0, Time elapsed: 0 sec - in com.fasterxml.jackson.core.io.TestMergedStream
Running com.fasterxml.jackson.core.io.SegmentedStringWriterTest
Tests run: 1, Failures: 0, Errors: 0, Skipped: 0, Time elapsed: 0.004 sec - in com.fasterxml.jackson.core.io.SegmentedStringWriterTest
Running com.fasterxml.jackson.core.io.TestCharTypes
Tests run: 1, Failures: 0, Errors: 0, Skipped: 0, Time elapsed: 0.001 sec - in com.fasterxml.jackson.core.io.TestCharTypes
Running com.fasterxml.jackson.core.io.TestJsonStringEncoder
Tests run: 8, Failures: 0, Errors: 0, Skipped: 0, Time elapsed: 0.042 sec - in com.fasterxml.jackson.core.io.TestJsonStringEncoder
Running com.fasterxml.jackson.core.io.UTF8WriterTest
Tests run: 3, Failures: 0, Errors: 0, Skipped: 0, Time elapsed: 0 sec - in com.fasterxml.jackson.core.io.UTF8WriterTest
Running com.fasterxml.jackson.core.TestJsonPointer
Tests run: 10, Failures: 0, Errors: 0, Skipped: 0, Time elapsed: 0.022 sec - in com.fasterxml.jackson.core.TestJsonPointer
Running com.fasterxml.jackson.core.json.JsonFactoryTest
Tests run: 5, Failures: 0, Errors: 0, Skipped: 0, Time elapsed: 0.015 sec - in com.fasterxml.jackson.core.json.JsonFactoryTest
Running com.fasterxml.jackson.core.json.TestWithTonsaSymbols
Tests run: 2, Failures: 0, Errors: 0, Skipped: 0, Time elapsed: 0.045 sec - in com.fasterxml.jackson.core.json.TestWithTonsaSymbols
Running com.fasterxml.jackson.core.json.TestRootValues
Tests run: 4, Failures: 0, Errors: 0, Skipped: 0, Time elapsed: 0.001 sec - in com.fasterxml.jackson.core.json.TestRootValues
Running com.fasterxml.jackson.core.json.TestCharEscaping
Tests run: 6, Failures: 0, Errors: 0, Skipped: 0, Time elapsed: 0.009 sec - in com.fasterxml.jackson.core.json.TestCharEscaping
Running com.fasterxml.jackson.core.json.LocationInObjectTest
Tests run: 2, Failures: 0, Errors: 0, Skipped: 0, Time elapsed: 0.001 sec - in com.fasterxml.jackson.core.json.LocationInObjectTest
Running com.fasterxml.jackson.core.json.TestGeneratorWithSerializedString
Tests run: 1, Failures: 0, Errors: 0, Skipped: 0, Time elapsed: 0.009 sec - in com.fasterxml.jackson.core.json.TestGeneratorWithSerializedString
Running com.fasterxml.jackson.core.json.GeneratorBasicTest
Tests run: 10, Failures: 0, Errors: 0, Skipped: 0, Time elapsed: 0.006 sec - in com.fasterxml.jackson.core.json.GeneratorBasicTest
Running com.fasterxml.jackson.core.json.TestLocation
Tests run: 2, Failures: 0, Errors: 0, Skipped: 0, Time elapsed: 0 sec - in com.fasterxml.jackson.core.json.TestLocation
Running com.fasterxml.jackson.core.json.TestDecorators
Tests run: 2, Failures: 0, Errors: 0, Skipped: 0, Time elapsed: 0 sec - in com.fasterxml.jackson.core.json.TestDecorators
Running com.fasterxml.jackson.core.json.TestCustomEscaping
Tests run: 5, Failures: 0, Errors: 0, Skipped: 0, Time elapsed: 0.003 sec - in com.fasterxml.jackson.core.json.TestCustomEscaping
Running com.fasterxml.jackson.core.json.GeneratorFailTest
Tests run: 4, Failures: 0, Errors: 0, Skipped: 0, Time elapsed: 0.001 sec - in com.fasterxml.jackson.core.json.GeneratorFailTest
Running com.fasterxml.jackson.core.json.TestParserOverrides
Tests run: 2, Failures: 0, Errors: 0, Skipped: 0, Time elapsed: 0.001 sec - in com.fasterxml.jackson.core.json.TestParserOverrides
Running com.fasterxml.jackson.core.json.StringGenerationTest
Tests run: 5, Failures: 0, Errors: 0, Skipped: 0, Time elapsed: 1.78 sec - in com.fasterxml.jackson.core.json.StringGenerationTest
Running com.fasterxml.jackson.core.json.TestGeneratorDupHandling
Tests run: 4, Failures: 0, Errors: 0, Skipped: 0, Time elapsed: 0.005 sec - in com.fasterxml.jackson.core.json.TestGeneratorDupHandling
Running com.fasterxml.jackson.core.json.ArrayGenerationTest
Tests run: 3, Failures: 0, Errors: 0, Skipped: 0, Time elapsed: 0.046 sec - in com.fasterxml.jackson.core.json.ArrayGenerationTest
Running com.fasterxml.jackson.core.json.TestUnicode
Tests run: 1, Failures: 0, Errors: 0, Skipped: 0, Time elapsed: 0.003 sec - in com.fasterxml.jackson.core.json.TestUnicode
Running com.fasterxml.jackson.core.json.ParserSequenceTest
Tests run: 1, Failures: 0, Errors: 0, Skipped: 0, Time elapsed: 0.003 sec - in com.fasterxml.jackson.core.json.ParserSequenceTest
Running com.fasterxml.jackson.core.json.RequestPayloadOnExceptionTest
Tests run: 6, Failures: 0, Errors: 0, Skipped: 0, Time elapsed: 0.006 sec - in com.fasterxml.jackson.core.json.RequestPayloadOnExceptionTest
Running com.fasterxml.jackson.core.json.LocationInArrayTest
Tests run: 2, Failures: 0, Errors: 0, Skipped: 0, Time elapsed: 0.005 sec - in com.fasterxml.jackson.core.json.LocationInArrayTest
Running com.fasterxml.jackson.core.json.TestUtf8Generator
Tests run: 3, Failures: 0, Errors: 0, Skipped: 0, Time elapsed: 0.008 sec - in com.fasterxml.jackson.core.json.TestUtf8Generator
Running com.fasterxml.jackson.core.json.GeneratorFeaturesTest
Tests run: 9, Failures: 0, Errors: 0, Skipped: 0, Time elapsed: 0.008 sec - in com.fasterxml.jackson.core.json.GeneratorFeaturesTest
Running com.fasterxml.jackson.core.type.TypeReferenceTest
Tests run: 2, Failures: 0, Errors: 0, Skipped: 0, Time elapsed: 0.004 sec - in com.fasterxml.jackson.core.type.TypeReferenceTest
Running com.fasterxml.jackson.core.TestVersions
Tests run: 1, Failures: 0, Errors: 0, Skipped: 0, Time elapsed: 0 sec - in com.fasterxml.jackson.core.TestVersions
Running com.fasterxml.jackson.core.format.TestJsonFormatDetection
Tests run: 4, Failures: 0, Errors: 0, Skipped: 0, Time elapsed: 0.004 sec - in com.fasterxml.jackson.core.format.TestJsonFormatDetection
Running com.fasterxml.jackson.core.filter.BasicGeneratorFilteringTest
Tests run: 11, Failures: 0, Errors: 0, Skipped: 0, Time elapsed: 0.008 sec - in com.fasterxml.jackson.core.filter.BasicGeneratorFilteringTest
Running com.fasterxml.jackson.core.filter.BasicParserFilteringTest
Tests run: 10, Failures: 0, Errors: 0, Skipped: 0, Time elapsed: 0.004 sec - in com.fasterxml.jackson.core.filter.BasicParserFilteringTest
Running com.fasterxml.jackson.core.filter.JsonPointerGeneratorFilteringTest
Tests run: 6, Failures: 0, Errors: 0, Skipped: 0, Time elapsed: 0.004 sec - in com.fasterxml.jackson.core.filter.JsonPointerGeneratorFilteringTest
Running com.fasterxml.jackson.core.filter.JsonPointerParserFilteringTest
Tests run: 4, Failures: 0, Errors: 0, Skipped: 0, Time elapsed: 0.004 sec - in com.fasterxml.jackson.core.filter.JsonPointerParserFilteringTest
Running com.fasterxml.jackson.core.main.TestParserClosing
Tests run: 5, Failures: 0, Errors: 0, Skipped: 0, Time elapsed: 0.003 sec - in com.fasterxml.jackson.core.main.TestParserClosing
Running com.fasterxml.jackson.core.main.TestParserFeatures
Tests run: 4, Failures: 0, Errors: 0, Skipped: 0, Time elapsed: 0.002 sec - in com.fasterxml.jackson.core.main.TestParserFeatures
Running com.fasterxml.jackson.core.main.TestParserLinefeeds
Tests run: 3, Failures: 0, Errors: 0, Skipped: 0, Time elapsed: 0.003 sec - in com.fasterxml.jackson.core.main.TestParserLinefeeds
Running com.fasterxml.jackson.core.main.TestParserWithObjects
Tests run: 3, Failures: 0, Errors: 0, Skipped: 0, Time elapsed: 0.003 sec - in com.fasterxml.jackson.core.main.TestParserWithObjects
Running com.fasterxml.jackson.core.main.TestGeneratorCopy
Tests run: 3, Failures: 0, Errors: 0, Skipped: 0, Time elapsed: 0.001 sec - in com.fasterxml.jackson.core.main.TestGeneratorCopy
Running com.fasterxml.jackson.core.main.TestGeneratorClosing
Tests run: 6, Failures: 0, Errors: 0, Skipped: 0, Time elapsed: 0.001 sec - in com.fasterxml.jackson.core.main.TestGeneratorClosing
Running com.fasterxml.jackson.core.main.TestArrayParsing
Tests run: 7, Failures: 0, Errors: 0, Skipped: 0, Time elapsed: 0.003 sec - in com.fasterxml.jackson.core.main.TestArrayParsing
Running com.fasterxml.jackson.core.main.TestNumberParsing
Tests run: 6, Failures: 0, Errors: 0, Skipped: 0, Time elapsed: 0.565 sec - in com.fasterxml.jackson.core.main.TestNumberParsing
Running com.fasterxml.jackson.core.main.TestGeneratorMisc
Tests run: 6, Failures: 0, Errors: 0, Skipped: 0, Time elapsed: 0.883 sec - in com.fasterxml.jackson.core.main.TestGeneratorMisc
Running com.fasterxml.jackson.core.main.TestRawStringWriting
Tests run: 3, Failures: 0, Errors: 0, Skipped: 0, Time elapsed: 0.088 sec - in com.fasterxml.jackson.core.main.TestRawStringWriting
Running com.fasterxml.jackson.core.main.TestGeneratorArray
Tests run: 3, Failures: 0, Errors: 0, Skipped: 0, Time elapsed: 0.004 sec - in com.fasterxml.jackson.core.main.TestGeneratorArray
Running com.fasterxml.jackson.core.main.TestGeneratorObject
Tests run: 5, Failures: 0, Errors: 0, Skipped: 0, Time elapsed: 0.005 sec - in com.fasterxml.jackson.core.main.TestGeneratorObject
Running com.fasterxml.jackson.core.main.TestPrettyPrinter
Tests run: 6, Failures: 0, Errors: 0, Skipped: 0, Time elapsed: 0.005 sec - in com.fasterxml.jackson.core.main.TestPrettyPrinter
Running com.fasterxml.jackson.core.TestJDKSerializability
Tests run: 6, Failures: 0, Errors: 0, Skipped: 0, Time elapsed: 0.088 sec - in com.fasterxml.jackson.core.TestJDKSerializability
Running com.fasterxml.jackson.core.TestExceptions
Tests run: 5, Failures: 0, Errors: 0, Skipped: 0, Time elapsed: 0.005 sec - in com.fasterxml.jackson.core.TestExceptions

Results :

Tests run: 376, Failures: 0, Errors: 0, Skipped: 0

[INFO] 
[INFO] --- maven-bundle-plugin:2.5.3:bundle (default-bundle) @ jackson-core ---
[INFO] 
[INFO] --- maven-site-plugin:3.1:attach-descriptor (attach-descriptor) @ jackson-core ---
[INFO] 
[INFO] --- maven-javadoc-plugin:2.8.1:jar (attach-javadocs) @ jackson-core ---
[INFO] 
Loading source files for package com.fasterxml.jackson.core.sym...
Loading source files for package com.fasterxml.jackson.core...
Loading source files for package com.fasterxml.jackson.core.util...
Loading source files for package com.fasterxml.jackson.core.io...
Loading source files for package com.fasterxml.jackson.core.json...
Loading source files for package com.fasterxml.jackson.core.type...
Loading source files for package com.fasterxml.jackson.core.format...
Loading source files for package com.fasterxml.jackson.core.filter...
Loading source files for package com.fasterxml.jackson.core.base...
Constructing Javadoc information...
Standard Doclet version 1.8.0_191
Building tree for all the packages and classes...
Generating ./jackson-core/target/apidocs/com/fasterxml/jackson/core/sym/ByteQuadsCanonicalizer.html...
Generating ./jackson-core/target/apidocs/com/fasterxml/jackson/core/sym/CharsToNameCanonicalizer.html...
Generating ./jackson-core/target/apidocs/com/fasterxml/jackson/core/sym/Name.html...
Generating ./jackson-core/target/apidocs/com/fasterxml/jackson/core/sym/Name1.html...
Generating ./jackson-core/target/apidocs/com/fasterxml/jackson/core/sym/Name2.html...
Generating ./jackson-core/target/apidocs/com/fasterxml/jackson/core/sym/Name3.html...
Generating ./jackson-core/target/apidocs/com/fasterxml/jackson/core/sym/NameN.html...
Generating ./jackson-core/target/apidocs/com/fasterxml/jackson/core/Base64Variant.html...
Generating ./jackson-core/target/apidocs/com/fasterxml/jackson/core/Base64Variants.html...
Generating ./jackson-core/target/apidocs/com/fasterxml/jackson/core/FormatFeature.html...
Generating ./jackson-core/target/apidocs/com/fasterxml/jackson/core/FormatSchema.html...
Generating ./jackson-core/target/apidocs/com/fasterxml/jackson/core/JsonEncoding.html...
Generating ./jackson-core/target/apidocs/com/fasterxml/jackson/core/JsonFactory.html...
Generating ./jackson-core/target/apidocs/com/fasterxml/jackson/core/JsonFactory.Feature.html...
Generating ./jackson-core/target/apidocs/com/fasterxml/jackson/core/JsonGenerationException.html...
Generating ./jackson-core/target/apidocs/com/fasterxml/jackson/core/JsonGenerator.html...
Generating ./jackson-core/target/apidocs/com/fasterxml/jackson/core/JsonGenerator.Feature.html...
Generating ./jackson-core/target/apidocs/com/fasterxml/jackson/core/JsonLocation.html...
Generating ./jackson-core/target/apidocs/com/fasterxml/jackson/core/JsonParseException.html...
Generating ./jackson-core/target/apidocs/com/fasterxml/jackson/core/JsonParser.html...
Generating ./jackson-core/target/apidocs/com/fasterxml/jackson/core/JsonParser.Feature.html...
Generating ./jackson-core/target/apidocs/com/fasterxml/jackson/core/JsonParser.NumberType.html...
Generating ./jackson-core/target/apidocs/com/fasterxml/jackson/core/JsonpCharacterEscapes.html...
Generating ./jackson-core/target/apidocs/com/fasterxml/jackson/core/JsonPointer.html...
Generating ./jackson-core/target/apidocs/com/fasterxml/jackson/core/JsonProcessingException.html...
Generating ./jackson-core/target/apidocs/com/fasterxml/jackson/core/JsonStreamContext.html...
Generating ./jackson-core/target/apidocs/com/fasterxml/jackson/core/JsonToken.html...
Generating ./jackson-core/target/apidocs/com/fasterxml/jackson/core/JsonTokenId.html...
Generating ./jackson-core/target/apidocs/com/fasterxml/jackson/core/ObjectCodec.html...
Generating ./jackson-core/target/apidocs/com/fasterxml/jackson/core/PrettyPrinter.html...
Generating ./jackson-core/target/apidocs/com/fasterxml/jackson/core/SerializableString.html...
Generating ./jackson-core/target/apidocs/com/fasterxml/jackson/core/TreeCodec.html...
Generating ./jackson-core/target/apidocs/com/fasterxml/jackson/core/TreeNode.html...
Generating ./jackson-core/target/apidocs/com/fasterxml/jackson/core/Version.html...
Generating ./jackson-core/target/apidocs/com/fasterxml/jackson/core/Versioned.html...
Generating ./jackson-core/target/apidocs/com/fasterxml/jackson/core/util/BufferRecycler.html...
Generating ./jackson-core/target/apidocs/com/fasterxml/jackson/core/util/ByteArrayBuilder.html...
Generating ./jackson-core/target/apidocs/com/fasterxml/jackson/core/util/DefaultIndenter.html...
Generating ./jackson-core/target/apidocs/com/fasterxml/jackson/core/util/DefaultPrettyPrinter.html...
Generating ./jackson-core/target/apidocs/com/fasterxml/jackson/core/util/DefaultPrettyPrinter.FixedSpaceIndenter.html...
Generating ./jackson-core/target/apidocs/com/fasterxml/jackson/core/util/DefaultPrettyPrinter.Indenter.html...
Generating ./jackson-core/target/apidocs/com/fasterxml/jackson/core/util/DefaultPrettyPrinter.NopIndenter.html...
Generating ./jackson-core/target/apidocs/com/fasterxml/jackson/core/util/Instantiatable.html...
Generating ./jackson-core/target/apidocs/com/fasterxml/jackson/core/util/InternCache.html...
Generating ./jackson-core/target/apidocs/com/fasterxml/jackson/core/util/JsonGeneratorDelegate.html...
Generating ./jackson-core/target/apidocs/com/fasterxml/jackson/core/util/JsonParserDelegate.html...
Generating ./jackson-core/target/apidocs/com/fasterxml/jackson/core/util/JsonParserSequence.html...
Generating ./jackson-core/target/apidocs/com/fasterxml/jackson/core/util/MinimalPrettyPrinter.html...
Generating ./jackson-core/target/apidocs/com/fasterxml/jackson/core/util/RequestPayload.html...
Generating ./jackson-core/target/apidocs/com/fasterxml/jackson/core/util/TextBuffer.html...
Generating ./jackson-core/target/apidocs/com/fasterxml/jackson/core/util/VersionUtil.html...
Generating ./jackson-core/target/apidocs/com/fasterxml/jackson/core/io/CharacterEscapes.html...
Generating ./jackson-core/target/apidocs/com/fasterxml/jackson/core/io/CharTypes.html...
Generating ./jackson-core/target/apidocs/com/fasterxml/jackson/core/io/DataOutputAsStream.html...
Generating ./jackson-core/target/apidocs/com/fasterxml/jackson/core/io/InputDecorator.html...
Generating ./jackson-core/target/apidocs/com/fasterxml/jackson/core/io/IOContext.html...
Generating ./jackson-core/target/apidocs/com/fasterxml/jackson/core/io/JsonEOFException.html...
Generating ./jackson-core/target/apidocs/com/fasterxml/jackson/core/io/JsonStringEncoder.html...
Generating ./jackson-core/target/apidocs/com/fasterxml/jackson/core/io/MergedStream.html...
Generating ./jackson-core/target/apidocs/com/fasterxml/jackson/core/io/NumberInput.html...
Generating ./jackson-core/target/apidocs/com/fasterxml/jackson/core/io/NumberOutput.html...
Generating ./jackson-core/target/apidocs/com/fasterxml/jackson/core/io/OutputDecorator.html...
Generating ./jackson-core/target/apidocs/com/fasterxml/jackson/core/io/SegmentedStringWriter.html...
Generating ./jackson-core/target/apidocs/com/fasterxml/jackson/core/io/SerializedString.html...
Generating ./jackson-core/target/apidocs/com/fasterxml/jackson/core/io/UTF32Reader.html...
Generating ./jackson-core/target/apidocs/com/fasterxml/jackson/core/io/UTF8Writer.html...
Generating ./jackson-core/target/apidocs/com/fasterxml/jackson/core/json/ByteSourceJsonBootstrapper.html...
Generating ./jackson-core/target/apidocs/com/fasterxml/jackson/core/json/DupDetector.html...
Generating ./jackson-core/target/apidocs/com/fasterxml/jackson/core/json/JsonGeneratorImpl.html...
Generating ./jackson-core/target/apidocs/com/fasterxml/jackson/core/json/JsonReadContext.html...
Generating ./jackson-core/target/apidocs/com/fasterxml/jackson/core/json/JsonWriteContext.html...
Generating ./jackson-core/target/apidocs/com/fasterxml/jackson/core/json/PackageVersion.html...
Generating ./jackson-core/target/apidocs/com/fasterxml/jackson/core/json/ReaderBasedJsonParser.html...
Generating ./jackson-core/target/apidocs/com/fasterxml/jackson/core/json/UTF8DataInputJsonParser.html...
Generating ./jackson-core/target/apidocs/com/fasterxml/jackson/core/json/UTF8JsonGenerator.html...
Generating ./jackson-core/target/apidocs/com/fasterxml/jackson/core/json/UTF8StreamJsonParser.html...
Generating ./jackson-core/target/apidocs/com/fasterxml/jackson/core/json/WriterBasedJsonGenerator.html...
Generating ./jackson-core/target/apidocs/com/fasterxml/jackson/core/type/ResolvedType.html...
Generating ./jackson-core/target/apidocs/com/fasterxml/jackson/core/type/TypeReference.html...
Generating ./jackson-core/target/apidocs/com/fasterxml/jackson/core/format/DataFormatDetector.html...
Generating ./jackson-core/target/apidocs/com/fasterxml/jackson/core/format/DataFormatMatcher.html...
Generating ./jackson-core/target/apidocs/com/fasterxml/jackson/core/format/InputAccessor.html...
Generating ./jackson-core/target/apidocs/com/fasterxml/jackson/core/format/InputAccessor.Std.html...
Generating ./jackson-core/target/apidocs/com/fasterxml/jackson/core/format/MatchStrength.html...
Generating ./jackson-core/target/apidocs/com/fasterxml/jackson/core/filter/FilteringGeneratorDelegate.html...
Generating ./jackson-core/target/apidocs/com/fasterxml/jackson/core/filter/FilteringParserDelegate.html...
Generating ./jackson-core/target/apidocs/com/fasterxml/jackson/core/filter/JsonPointerBasedFilter.html...
Generating ./jackson-core/target/apidocs/com/fasterxml/jackson/core/filter/TokenFilter.html...
Generating ./jackson-core/target/apidocs/com/fasterxml/jackson/core/filter/TokenFilterContext.html...
Generating ./jackson-core/target/apidocs/com/fasterxml/jackson/core/base/GeneratorBase.html...
Generating ./jackson-core/target/apidocs/com/fasterxml/jackson/core/base/ParserBase.html...
Generating ./jackson-core/target/apidocs/com/fasterxml/jackson/core/base/ParserMinimalBase.html...
Generating ./jackson-core/target/apidocs/overview-frame.html...
Generating ./jackson-core/target/apidocs/com/fasterxml/jackson/core/package-frame.html...
Generating ./jackson-core/target/apidocs/com/fasterxml/jackson/core/package-summary.html...
Generating ./jackson-core/target/apidocs/com/fasterxml/jackson/core/package-tree.html...
Generating ./jackson-core/target/apidocs/com/fasterxml/jackson/core/base/package-frame.html...
Generating ./jackson-core/target/apidocs/com/fasterxml/jackson/core/base/package-summary.html...
Generating ./jackson-core/target/apidocs/com/fasterxml/jackson/core/base/package-tree.html...
Generating ./jackson-core/target/apidocs/com/fasterxml/jackson/core/filter/package-frame.html...
Generating ./jackson-core/target/apidocs/com/fasterxml/jackson/core/filter/package-summary.html...
Generating ./jackson-core/target/apidocs/com/fasterxml/jackson/core/filter/package-tree.html...
Generating ./jackson-core/target/apidocs/com/fasterxml/jackson/core/format/package-frame.html...
Generating ./jackson-core/target/apidocs/com/fasterxml/jackson/core/format/package-summary.html...
Generating ./jackson-core/target/apidocs/com/fasterxml/jackson/core/format/package-tree.html...
Generating ./jackson-core/target/apidocs/com/fasterxml/jackson/core/io/package-frame.html...
Generating ./jackson-core/target/apidocs/com/fasterxml/jackson/core/io/package-summary.html...
Generating ./jackson-core/target/apidocs/com/fasterxml/jackson/core/io/package-tree.html...
Generating ./jackson-core/target/apidocs/com/fasterxml/jackson/core/json/package-frame.html...
Generating ./jackson-core/target/apidocs/com/fasterxml/jackson/core/json/package-summary.html...
Generating ./jackson-core/target/apidocs/com/fasterxml/jackson/core/json/package-tree.html...
Generating ./jackson-core/target/apidocs/com/fasterxml/jackson/core/sym/package-frame.html...
Generating ./jackson-core/target/apidocs/com/fasterxml/jackson/core/sym/package-summary.html...
Generating ./jackson-core/target/apidocs/com/fasterxml/jackson/core/sym/package-tree.html...
Generating ./jackson-core/target/apidocs/com/fasterxml/jackson/core/type/package-frame.html...
Generating ./jackson-core/target/apidocs/com/fasterxml/jackson/core/type/package-summary.html...
Generating ./jackson-core/target/apidocs/com/fasterxml/jackson/core/type/package-tree.html...
Generating ./jackson-core/target/apidocs/com/fasterxml/jackson/core/util/package-frame.html...
Generating ./jackson-core/target/apidocs/com/fasterxml/jackson/core/util/package-summary.html...
Generating ./jackson-core/target/apidocs/com/fasterxml/jackson/core/util/package-tree.html...
Generating ./jackson-core/target/apidocs/constant-values.html...
Generating ./jackson-core/target/apidocs/serialized-form.html...
Generating ./jackson-core/target/apidocs/com/fasterxml/jackson/core/sym/class-use/CharsToNameCanonicalizer.html...
Generating ./jackson-core/target/apidocs/com/fasterxml/jackson/core/sym/class-use/ByteQuadsCanonicalizer.html...
Generating ./jackson-core/target/apidocs/com/fasterxml/jackson/core/sym/class-use/Name.html...
Generating ./jackson-core/target/apidocs/com/fasterxml/jackson/core/sym/class-use/Name2.html...
Generating ./jackson-core/target/apidocs/com/fasterxml/jackson/core/sym/class-use/Name1.html...
Generating ./jackson-core/target/apidocs/com/fasterxml/jackson/core/sym/class-use/NameN.html...
Generating ./jackson-core/target/apidocs/com/fasterxml/jackson/core/sym/class-use/Name3.html...
Generating ./jackson-core/target/apidocs/com/fasterxml/jackson/core/class-use/JsonGenerationException.html...
Generating ./jackson-core/target/apidocs/com/fasterxml/jackson/core/class-use/JsonParser.html...
Generating ./jackson-core/target/apidocs/com/fasterxml/jackson/core/class-use/JsonParser.NumberType.html...
Generating ./jackson-core/target/apidocs/com/fasterxml/jackson/core/class-use/JsonParser.Feature.html...
Generating ./jackson-core/target/apidocs/com/fasterxml/jackson/core/class-use/ObjectCodec.html...
Generating ./jackson-core/target/apidocs/com/fasterxml/jackson/core/class-use/JsonParseException.html...
Generating ./jackson-core/target/apidocs/com/fasterxml/jackson/core/class-use/FormatFeature.html...
Generating ./jackson-core/target/apidocs/com/fasterxml/jackson/core/class-use/TreeNode.html...
Generating ./jackson-core/target/apidocs/com/fasterxml/jackson/core/class-use/TreeCodec.html...
Generating ./jackson-core/target/apidocs/com/fasterxml/jackson/core/class-use/JsonFactory.html...
Generating ./jackson-core/target/apidocs/com/fasterxml/jackson/core/class-use/JsonFactory.Feature.html...
Generating ./jackson-core/target/apidocs/com/fasterxml/jackson/core/class-use/JsonProcessingException.html...
Generating ./jackson-core/target/apidocs/com/fasterxml/jackson/core/class-use/Base64Variant.html...
Generating ./jackson-core/target/apidocs/com/fasterxml/jackson/core/class-use/JsonPointer.html...
Generating ./jackson-core/target/apidocs/com/fasterxml/jackson/core/class-use/JsonTokenId.html...
Generating ./jackson-core/target/apidocs/com/fasterxml/jackson/core/class-use/JsonGenerator.html...
Generating ./jackson-core/target/apidocs/com/fasterxml/jackson/core/class-use/JsonGenerator.Feature.html...
Generating ./jackson-core/target/apidocs/com/fasterxml/jackson/core/class-use/JsonStreamContext.html...
Generating ./jackson-core/target/apidocs/com/fasterxml/jackson/core/class-use/PrettyPrinter.html...
Generating ./jackson-core/target/apidocs/com/fasterxml/jackson/core/class-use/Base64Variants.html...
Generating ./jackson-core/target/apidocs/com/fasterxml/jackson/core/class-use/Version.html...
Generating ./jackson-core/target/apidocs/com/fasterxml/jackson/core/class-use/JsonToken.html...
Generating ./jackson-core/target/apidocs/com/fasterxml/jackson/core/class-use/Versioned.html...
Generating ./jackson-core/target/apidocs/com/fasterxml/jackson/core/class-use/SerializableString.html...
Generating ./jackson-core/target/apidocs/com/fasterxml/jackson/core/class-use/JsonLocation.html...
Generating ./jackson-core/target/apidocs/com/fasterxml/jackson/core/class-use/JsonpCharacterEscapes.html...
Generating ./jackson-core/target/apidocs/com/fasterxml/jackson/core/class-use/FormatSchema.html...
Generating ./jackson-core/target/apidocs/com/fasterxml/jackson/core/class-use/JsonEncoding.html...
Generating ./jackson-core/target/apidocs/com/fasterxml/jackson/core/util/class-use/DefaultPrettyPrinter.html...
Generating ./jackson-core/target/apidocs/com/fasterxml/jackson/core/util/class-use/DefaultPrettyPrinter.Indenter.html...
Generating ./jackson-core/target/apidocs/com/fasterxml/jackson/core/util/class-use/DefaultPrettyPrinter.NopIndenter.html...
Generating ./jackson-core/target/apidocs/com/fasterxml/jackson/core/util/class-use/DefaultPrettyPrinter.FixedSpaceIndenter.html...
Generating ./jackson-core/target/apidocs/com/fasterxml/jackson/core/util/class-use/InternCache.html...
Generating ./jackson-core/target/apidocs/com/fasterxml/jackson/core/util/class-use/RequestPayload.html...
Generating ./jackson-core/target/apidocs/com/fasterxml/jackson/core/util/class-use/BufferRecycler.html...
Generating ./jackson-core/target/apidocs/com/fasterxml/jackson/core/util/class-use/MinimalPrettyPrinter.html...
Generating ./jackson-core/target/apidocs/com/fasterxml/jackson/core/util/class-use/Instantiatable.html...
Generating ./jackson-core/target/apidocs/com/fasterxml/jackson/core/util/class-use/ByteArrayBuilder.html...
Generating ./jackson-core/target/apidocs/com/fasterxml/jackson/core/util/class-use/DefaultIndenter.html...
Generating ./jackson-core/target/apidocs/com/fasterxml/jackson/core/util/class-use/JsonParserSequence.html...
Generating ./jackson-core/target/apidocs/com/fasterxml/jackson/core/util/class-use/VersionUtil.html...
Generating ./jackson-core/target/apidocs/com/fasterxml/jackson/core/util/class-use/JsonParserDelegate.html...
Generating ./jackson-core/target/apidocs/com/fasterxml/jackson/core/util/class-use/JsonGeneratorDelegate.html...
Generating ./jackson-core/target/apidocs/com/fasterxml/jackson/core/util/class-use/TextBuffer.html...
Generating ./jackson-core/target/apidocs/com/fasterxml/jackson/core/io/class-use/SegmentedStringWriter.html...
Generating ./jackson-core/target/apidocs/com/fasterxml/jackson/core/io/class-use/InputDecorator.html...
Generating ./jackson-core/target/apidocs/com/fasterxml/jackson/core/io/class-use/NumberOutput.html...
Generating ./jackson-core/target/apidocs/com/fasterxml/jackson/core/io/class-use/MergedStream.html...
Generating ./jackson-core/target/apidocs/com/fasterxml/jackson/core/io/class-use/UTF32Reader.html...
Generating ./jackson-core/target/apidocs/com/fasterxml/jackson/core/io/class-use/OutputDecorator.html...
Generating ./jackson-core/target/apidocs/com/fasterxml/jackson/core/io/class-use/DataOutputAsStream.html...
Generating ./jackson-core/target/apidocs/com/fasterxml/jackson/core/io/class-use/CharacterEscapes.html...
Generating ./jackson-core/target/apidocs/com/fasterxml/jackson/core/io/class-use/JsonEOFException.html...
Generating ./jackson-core/target/apidocs/com/fasterxml/jackson/core/io/class-use/NumberInput.html...
Generating ./jackson-core/target/apidocs/com/fasterxml/jackson/core/io/class-use/CharTypes.html...
Generating ./jackson-core/target/apidocs/com/fasterxml/jackson/core/io/class-use/SerializedString.html...
Generating ./jackson-core/target/apidocs/com/fasterxml/jackson/core/io/class-use/JsonStringEncoder.html...
Generating ./jackson-core/target/apidocs/com/fasterxml/jackson/core/io/class-use/UTF8Writer.html...
Generating ./jackson-core/target/apidocs/com/fasterxml/jackson/core/io/class-use/IOContext.html...
Generating ./jackson-core/target/apidocs/com/fasterxml/jackson/core/json/class-use/ByteSourceJsonBootstrapper.html...
Generating ./jackson-core/target/apidocs/com/fasterxml/jackson/core/json/class-use/JsonGeneratorImpl.html...
Generating ./jackson-core/target/apidocs/com/fasterxml/jackson/core/json/class-use/JsonReadContext.html...
Generating ./jackson-core/target/apidocs/com/fasterxml/jackson/core/json/class-use/UTF8JsonGenerator.html...
Generating ./jackson-core/target/apidocs/com/fasterxml/jackson/core/json/class-use/PackageVersion.html...
Generating ./jackson-core/target/apidocs/com/fasterxml/jackson/core/json/class-use/WriterBasedJsonGenerator.html...
Generating ./jackson-core/target/apidocs/com/fasterxml/jackson/core/json/class-use/UTF8StreamJsonParser.html...
Generating ./jackson-core/target/apidocs/com/fasterxml/jackson/core/json/class-use/JsonWriteContext.html...
Generating ./jackson-core/target/apidocs/com/fasterxml/jackson/core/json/class-use/ReaderBasedJsonParser.html...
Generating ./jackson-core/target/apidocs/com/fasterxml/jackson/core/json/class-use/UTF8DataInputJsonParser.html...
Generating ./jackson-core/target/apidocs/com/fasterxml/jackson/core/json/class-use/DupDetector.html...
Generating ./jackson-core/target/apidocs/com/fasterxml/jackson/core/type/class-use/ResolvedType.html...
Generating ./jackson-core/target/apidocs/com/fasterxml/jackson/core/type/class-use/TypeReference.html...
Generating ./jackson-core/target/apidocs/com/fasterxml/jackson/core/format/class-use/DataFormatMatcher.html...
Generating ./jackson-core/target/apidocs/com/fasterxml/jackson/core/format/class-use/DataFormatDetector.html...
Generating ./jackson-core/target/apidocs/com/fasterxml/jackson/core/format/class-use/InputAccessor.html...
Generating ./jackson-core/target/apidocs/com/fasterxml/jackson/core/format/class-use/InputAccessor.Std.html...
Generating ./jackson-core/target/apidocs/com/fasterxml/jackson/core/format/class-use/MatchStrength.html...
Generating ./jackson-core/target/apidocs/com/fasterxml/jackson/core/filter/class-use/TokenFilter.html...
Generating ./jackson-core/target/apidocs/com/fasterxml/jackson/core/filter/class-use/FilteringGeneratorDelegate.html...
Generating ./jackson-core/target/apidocs/com/fasterxml/jackson/core/filter/class-use/JsonPointerBasedFilter.html...
Generating ./jackson-core/target/apidocs/com/fasterxml/jackson/core/filter/class-use/FilteringParserDelegate.html...
Generating ./jackson-core/target/apidocs/com/fasterxml/jackson/core/filter/class-use/TokenFilterContext.html...
Generating ./jackson-core/target/apidocs/com/fasterxml/jackson/core/base/class-use/ParserMinimalBase.html...
Generating ./jackson-core/target/apidocs/com/fasterxml/jackson/core/base/class-use/GeneratorBase.html...
Generating ./jackson-core/target/apidocs/com/fasterxml/jackson/core/base/class-use/ParserBase.html...
Generating ./jackson-core/target/apidocs/com/fasterxml/jackson/core/package-use.html...
Generating ./jackson-core/target/apidocs/com/fasterxml/jackson/core/base/package-use.html...
Generating ./jackson-core/target/apidocs/com/fasterxml/jackson/core/filter/package-use.html...
Generating ./jackson-core/target/apidocs/com/fasterxml/jackson/core/format/package-use.html...
Generating ./jackson-core/target/apidocs/com/fasterxml/jackson/core/io/package-use.html...
Generating ./jackson-core/target/apidocs/com/fasterxml/jackson/core/json/package-use.html...
Generating ./jackson-core/target/apidocs/com/fasterxml/jackson/core/sym/package-use.html...
Generating ./jackson-core/target/apidocs/com/fasterxml/jackson/core/type/package-use.html...
Generating ./jackson-core/target/apidocs/com/fasterxml/jackson/core/util/package-use.html...
Building index for all the packages and classes...
Generating ./jackson-core/target/apidocs/overview-tree.html...
Generating ./jackson-core/target/apidocs/index-all.html...
Generating ./jackson-core/target/apidocs/deprecated-list.html...
Building index for all classes...
Generating ./jackson-core/target/apidocs/allclasses-frame.html...
Generating ./jackson-core/target/apidocs/allclasses-noframe.html...
Generating ./jackson-core/target/apidocs/index.html...
Generating ./jackson-core/target/apidocs/overview-summary.html...
Generating ./jackson-core/target/apidocs/help-doc.html...
[INFO] Building jar: ./jackson-core/target/jackson-core-2.8.0-SNAPSHOT-javadoc.jar
[INFO] 
[INFO] --- maven-install-plugin:2.3.1:install (default-install) @ jackson-core ---
[INFO] Installing ./jackson-core/target/jackson-core-2.8.0-SNAPSHOT.jar to ./.m2/repository/com/fasterxml/jackson/core/jackson-core/2.8.0-SNAPSHOT/jackson-core-2.8.0-SNAPSHOT.jar
[INFO] Installing ./jackson-core/pom.xml to ./.m2/repository/com/fasterxml/jackson/core/jackson-core/2.8.0-SNAPSHOT/jackson-core-2.8.0-SNAPSHOT.pom
[INFO] Installing ./jackson-core/target/jackson-core-2.8.0-SNAPSHOT-javadoc.jar to ./.m2/repository/com/fasterxml/jackson/core/jackson-core/2.8.0-SNAPSHOT/jackson-core-2.8.0-SNAPSHOT-javadoc.jar
[INFO] 
[INFO] --- maven-bundle-plugin:2.5.3:install (default-install) @ jackson-core ---
[INFO] Installing com/fasterxml/jackson/core/jackson-core/2.8.0-SNAPSHOT/jackson-core-2.8.0-SNAPSHOT.jar
[INFO] Writing OBR metadata
[INFO] ------------------------------------------------------------------------
[INFO] BUILD SUCCESS
[INFO] ------------------------------------------------------------------------
[INFO] Total time:  23.297 s
[INFO] Finished at: 
[INFO] ------------------------------------------------------------------------
