[INFO] Scanning for projects...
[INFO] 
[INFO] --------------< com.fasterxml.jackson.core:jackson-core >---------------
[INFO] Building Jackson-core 2.10.0-SNAPSHOT
[INFO] -------------------------------[ bundle ]-------------------------------
[INFO] 
[INFO] --- maven-clean-plugin:2.6.1:clean (default-clean) @ jackson-core ---
[INFO] Deleting ./jackson-core/target
[INFO] 
[INFO] --- maven-enforcer-plugin:3.0.0-M1:enforce (enforce-java) @ jackson-core ---
[INFO] 
[INFO] --- maven-enforcer-plugin:3.0.0-M1:enforce (enforce-properties) @ jackson-core ---
[INFO] 
[INFO] --- build-helper-maven-plugin:1.7:add-source (add-generated-sources) @ jackson-core ---
[INFO] Source directory: ./jackson-core/target/generated-sources added.
[INFO] 
[INFO] --- replacer:1.5.3:replace (process-packageVersion) @ jackson-core ---
[INFO] Replacement run on 1 file.
[INFO] 
[INFO] --- maven-resources-plugin:2.7:resources (default-resources) @ jackson-core ---
[INFO] Using 'UTF-8' encoding to copy filtered resources.
[INFO] Copying 3 resources
[INFO] 
[INFO] --- maven-compiler-plugin:3.8.0:compile (default-compile) @ jackson-core ---
[INFO] Changes detected - recompiling the module!
[INFO] Compiling 112 source files to ./jackson-core/target/classes
[WARNING] bootstrap class path not set in conjunction with -source 1.6
[INFO] 
[INFO] --- maven-resources-plugin:2.7:testResources (default-testResources) @ jackson-core ---
[INFO] Using 'UTF-8' encoding to copy filtered resources.
[INFO] Copying 2 resources
[INFO] 
[INFO] --- maven-compiler-plugin:3.8.0:testCompile (default-testCompile) @ jackson-core ---
[INFO] Changes detected - recompiling the module!
[INFO] Compiling 141 source files to ./jackson-core/target/test-classes
[WARNING] bootstrap class path not set in conjunction with -source 1.6
[INFO] 
[INFO] --- maven-surefire-plugin:2.22.2:test (default-test) @ jackson-core ---
[INFO] 
[INFO] -------------------------------------------------------
[INFO]  T E S T S
[INFO] -------------------------------------------------------
[INFO] Running com.fasterxml.jackson.core.sym.TestByteBasedSymbols
[INFO] Tests run: 3, Failures: 0, Errors: 0, Skipped: 0, Time elapsed: 0.058 s - in com.fasterxml.jackson.core.sym.TestByteBasedSymbols
[INFO] Running com.fasterxml.jackson.core.sym.TestSymbolsWithMediaItem
[INFO] Tests run: 2, Failures: 0, Errors: 0, Skipped: 0, Time elapsed: 0.001 s - in com.fasterxml.jackson.core.sym.TestSymbolsWithMediaItem
[INFO] Running com.fasterxml.jackson.core.sym.SymbolTableMergingTest
[INFO] Tests run: 5, Failures: 0, Errors: 0, Skipped: 0, Time elapsed: 0 s - in com.fasterxml.jackson.core.sym.SymbolTableMergingTest
[INFO] Running com.fasterxml.jackson.core.sym.SymbolsViaParserTest
[INFO] Tests run: 4, Failures: 0, Errors: 0, Skipped: 0, Time elapsed: 0.01 s - in com.fasterxml.jackson.core.sym.SymbolsViaParserTest
[INFO] Running com.fasterxml.jackson.core.sym.TestSymbolTables
[INFO] Tests run: 14, Failures: 0, Errors: 0, Skipped: 0, Time elapsed: 0.3 s - in com.fasterxml.jackson.core.sym.TestSymbolTables
[INFO] Running com.fasterxml.jackson.core.sym.TestHashCollisionChars
[INFO] Tests run: 1, Failures: 0, Errors: 0, Skipped: 0, Time elapsed: 0.011 s - in com.fasterxml.jackson.core.sym.TestHashCollisionChars
[INFO] Running com.fasterxml.jackson.core.PointerFromContextTest
[INFO] Tests run: 4, Failures: 0, Errors: 0, Skipped: 0, Time elapsed: 0.012 s - in com.fasterxml.jackson.core.PointerFromContextTest
[INFO] Running com.fasterxml.jackson.core.util.TestSerializedString
[INFO] Tests run: 2, Failures: 0, Errors: 0, Skipped: 0, Time elapsed: 0.001 s - in com.fasterxml.jackson.core.util.TestSerializedString
[INFO] Running com.fasterxml.jackson.core.util.SeparatorsTest
[INFO] Tests run: 3, Failures: 0, Errors: 0, Skipped: 0, Time elapsed: 0.024 s - in com.fasterxml.jackson.core.util.SeparatorsTest
[INFO] Running com.fasterxml.jackson.core.util.TestTextBuffer
[INFO] Tests run: 16, Failures: 0, Errors: 0, Skipped: 0, Time elapsed: 0.022 s - in com.fasterxml.jackson.core.util.TestTextBuffer
[INFO] Running com.fasterxml.jackson.core.util.TestCharTypes
[INFO] Tests run: 1, Failures: 0, Errors: 0, Skipped: 0, Time elapsed: 0 s - in com.fasterxml.jackson.core.util.TestCharTypes
[INFO] Running com.fasterxml.jackson.core.util.TestDefaultPrettyPrinter
[INFO] Tests run: 8, Failures: 0, Errors: 0, Skipped: 0, Time elapsed: 0.012 s - in com.fasterxml.jackson.core.util.TestDefaultPrettyPrinter
[INFO] Running com.fasterxml.jackson.core.util.TestDelegates
[INFO] Tests run: 4, Failures: 0, Errors: 0, Skipped: 0, Time elapsed: 0.006 s - in com.fasterxml.jackson.core.util.TestDelegates
[INFO] Running com.fasterxml.jackson.core.util.DefaultIndenterTest
[INFO] Tests run: 2, Failures: 0, Errors: 0, Skipped: 0, Time elapsed: 0.001 s - in com.fasterxml.jackson.core.util.DefaultIndenterTest
[INFO] Running com.fasterxml.jackson.core.util.TestVersionUtil
[INFO] Tests run: 5, Failures: 0, Errors: 0, Skipped: 0, Time elapsed: 0.015 s - in com.fasterxml.jackson.core.util.TestVersionUtil
[INFO] Running com.fasterxml.jackson.core.util.ByteArrayBuilderTest
[INFO] Tests run: 1, Failures: 0, Errors: 0, Skipped: 0, Time elapsed: 0.001 s - in com.fasterxml.jackson.core.util.ByteArrayBuilderTest
[INFO] Running com.fasterxml.jackson.core.util.VersionUtilTest
[INFO] Tests run: 4, Failures: 0, Errors: 0, Skipped: 0, Time elapsed: 0.008 s - in com.fasterxml.jackson.core.util.VersionUtilTest
[INFO] Running com.fasterxml.jackson.core.util.RequestPayloadTest
[INFO] Tests run: 4, Failures: 0, Errors: 0, Skipped: 0, Time elapsed: 0.016 s - in com.fasterxml.jackson.core.util.RequestPayloadTest
[INFO] Running com.fasterxml.jackson.core.util.TestNumberPrinting
[INFO] Tests run: 2, Failures: 0, Errors: 0, Skipped: 0, Time elapsed: 0.308 s - in com.fasterxml.jackson.core.util.TestNumberPrinting
[INFO] Running com.fasterxml.jackson.core.read.ParserErrorHandlingTest
[INFO] Tests run: 5, Failures: 0, Errors: 0, Skipped: 0, Time elapsed: 0.021 s - in com.fasterxml.jackson.core.read.ParserErrorHandlingTest
[INFO] Running com.fasterxml.jackson.core.read.NonStandardParserFeaturesTest
[INFO] Tests run: 12, Failures: 0, Errors: 0, Skipped: 0, Time elapsed: 0.03 s - in com.fasterxml.jackson.core.read.NonStandardParserFeaturesTest
[INFO] Running com.fasterxml.jackson.core.read.JsonParserTest
[INFO] Tests run: 20, Failures: 0, Errors: 0, Skipped: 0, Time elapsed: 0.092 s - in com.fasterxml.jackson.core.read.JsonParserTest
[INFO] Running com.fasterxml.jackson.core.read.NextXxxAccessTest
[INFO] Tests run: 12, Failures: 0, Errors: 0, Skipped: 0, Time elapsed: 1.619 s - in com.fasterxml.jackson.core.read.NextXxxAccessTest
[INFO] Running com.fasterxml.jackson.core.read.NumberOverflowTest
[INFO] Tests run: 5, Failures: 0, Errors: 0, Skipped: 0, Time elapsed: 0.092 s - in com.fasterxml.jackson.core.read.NumberOverflowTest
[INFO] Running com.fasterxml.jackson.core.read.UTF8NamesParseTest
[INFO] Tests run: 6, Failures: 0, Errors: 0, Skipped: 0, Time elapsed: 0.011 s - in com.fasterxml.jackson.core.read.UTF8NamesParseTest
[INFO] Running com.fasterxml.jackson.core.read.ParserSymbolHandlingTest
[INFO] Tests run: 2, Failures: 0, Errors: 0, Skipped: 0, Time elapsed: 0.01 s - in com.fasterxml.jackson.core.read.ParserSymbolHandlingTest
[INFO] Running com.fasterxml.jackson.core.read.ParserScopeMatchingTest
[INFO] Tests run: 7, Failures: 0, Errors: 0, Skipped: 0, Time elapsed: 0.01 s - in com.fasterxml.jackson.core.read.ParserScopeMatchingTest
[INFO] Running com.fasterxml.jackson.core.read.ValueConversionsTest
[INFO] Tests run: 4, Failures: 0, Errors: 0, Skipped: 0, Time elapsed: 0.008 s - in com.fasterxml.jackson.core.read.ValueConversionsTest
[INFO] Running com.fasterxml.jackson.core.read.NumberCoercionTest
[INFO] Tests run: 7, Failures: 0, Errors: 0, Skipped: 0, Time elapsed: 0.009 s - in com.fasterxml.jackson.core.read.NumberCoercionTest
[INFO] Running com.fasterxml.jackson.core.read.NumberParsingTest
[INFO] Tests run: 18, Failures: 0, Errors: 0, Skipped: 0, Time elapsed: 0.372 s - in com.fasterxml.jackson.core.read.NumberParsingTest
[INFO] Running com.fasterxml.jackson.core.read.UTF32ParseTest
[INFO] Tests run: 3, Failures: 0, Errors: 0, Skipped: 0, Time elapsed: 0 s - in com.fasterxml.jackson.core.read.UTF32ParseTest
[INFO] Running com.fasterxml.jackson.core.read.ParserDupHandlingTest
[INFO] Tests run: 4, Failures: 0, Errors: 0, Skipped: 0, Time elapsed: 0.014 s - in com.fasterxml.jackson.core.read.ParserDupHandlingTest
[INFO] Running com.fasterxml.jackson.core.read.TrailingCommasTest
[INFO] Tests run: 208, Failures: 0, Errors: 0, Skipped: 0, Time elapsed: 0.101 s - in com.fasterxml.jackson.core.read.TrailingCommasTest
[INFO] Running com.fasterxml.jackson.core.read.CommentParsingTest
[INFO] Tests run: 10, Failures: 0, Errors: 0, Skipped: 0, Time elapsed: 0.001 s - in com.fasterxml.jackson.core.read.CommentParsingTest
[INFO] Running com.fasterxml.jackson.core.read.DataInputTest
[INFO] Tests run: 3, Failures: 0, Errors: 0, Skipped: 0, Time elapsed: 0.001 s - in com.fasterxml.jackson.core.read.DataInputTest
[INFO] Running com.fasterxml.jackson.core.base64.Base64CodecTest
[INFO] Tests run: 5, Failures: 0, Errors: 0, Skipped: 0, Time elapsed: 0 s - in com.fasterxml.jackson.core.base64.Base64CodecTest
[INFO] Running com.fasterxml.jackson.core.base64.Base64GenerationTest
[INFO] Tests run: 4, Failures: 0, Errors: 0, Skipped: 0, Time elapsed: 0 s - in com.fasterxml.jackson.core.base64.Base64GenerationTest
[INFO] Running com.fasterxml.jackson.core.base64.Base64BinaryParsingTest
[INFO] Tests run: 11, Failures: 0, Errors: 0, Skipped: 0, Time elapsed: 0.154 s - in com.fasterxml.jackson.core.base64.Base64BinaryParsingTest
[INFO] Running com.fasterxml.jackson.core.io.TestIOContext
[INFO] Tests run: 1, Failures: 0, Errors: 0, Skipped: 0, Time elapsed: 0.002 s - in com.fasterxml.jackson.core.io.TestIOContext
[INFO] Running com.fasterxml.jackson.core.io.TestMergedStream
[INFO] Tests run: 1, Failures: 0, Errors: 0, Skipped: 0, Time elapsed: 0 s - in com.fasterxml.jackson.core.io.TestMergedStream
[INFO] Running com.fasterxml.jackson.core.io.SegmentedStringWriterTest
[INFO] Tests run: 1, Failures: 0, Errors: 0, Skipped: 0, Time elapsed: 0.006 s - in com.fasterxml.jackson.core.io.SegmentedStringWriterTest
[INFO] Running com.fasterxml.jackson.core.io.TestCharTypes
[INFO] Tests run: 1, Failures: 0, Errors: 0, Skipped: 0, Time elapsed: 0.005 s - in com.fasterxml.jackson.core.io.TestCharTypes
[INFO] Running com.fasterxml.jackson.core.io.TestJsonStringEncoder
[INFO] Tests run: 8, Failures: 0, Errors: 0, Skipped: 0, Time elapsed: 0.024 s - in com.fasterxml.jackson.core.io.TestJsonStringEncoder
[INFO] Running com.fasterxml.jackson.core.io.UTF8WriterTest
[INFO] Tests run: 5, Failures: 0, Errors: 0, Skipped: 0, Time elapsed: 0.004 s - in com.fasterxml.jackson.core.io.UTF8WriterTest
[INFO] Running com.fasterxml.jackson.core.TestJsonPointer
[INFO] Tests run: 10, Failures: 0, Errors: 0, Skipped: 0, Time elapsed: 0 s - in com.fasterxml.jackson.core.TestJsonPointer
[INFO] Running com.fasterxml.jackson.core.JsonpCharacterEscapesTest
[INFO] Tests run: 2, Failures: 0, Errors: 0, Skipped: 0, Time elapsed: 0.003 s - in com.fasterxml.jackson.core.JsonpCharacterEscapesTest
[INFO] Running com.fasterxml.jackson.core.json.JsonReadContextTest
[INFO] Tests run: 3, Failures: 0, Errors: 0, Skipped: 0, Time elapsed: 0.002 s - in com.fasterxml.jackson.core.json.JsonReadContextTest
[INFO] Running com.fasterxml.jackson.core.json.TestMaxErrorSize
[INFO] Tests run: 3, Failures: 0, Errors: 0, Skipped: 0, Time elapsed: 0 s - in com.fasterxml.jackson.core.json.TestMaxErrorSize
[INFO] Running com.fasterxml.jackson.core.json.JsonFactoryTest
[INFO] Tests run: 5, Failures: 0, Errors: 0, Skipped: 0, Time elapsed: 0.01 s - in com.fasterxml.jackson.core.json.JsonFactoryTest
[INFO] Running com.fasterxml.jackson.core.json.TestWithTonsaSymbols
[INFO] Tests run: 2, Failures: 0, Errors: 0, Skipped: 0, Time elapsed: 0.045 s - in com.fasterxml.jackson.core.json.TestWithTonsaSymbols
[INFO] Running com.fasterxml.jackson.core.json.TestRootValues
[INFO] Tests run: 4, Failures: 0, Errors: 0, Skipped: 0, Time elapsed: 0 s - in com.fasterxml.jackson.core.json.TestRootValues
[INFO] Running com.fasterxml.jackson.core.json.async.AsyncNumberCoercionTest
[INFO] Tests run: 7, Failures: 0, Errors: 0, Skipped: 0, Time elapsed: 0.013 s - in com.fasterxml.jackson.core.json.async.AsyncNumberCoercionTest
[INFO] Running com.fasterxml.jackson.core.json.async.AsyncMissingValuesInObjectTest
[INFO] Tests run: 20, Failures: 0, Errors: 0, Skipped: 0, Time elapsed: 0.015 s - in com.fasterxml.jackson.core.json.async.AsyncMissingValuesInObjectTest
[INFO] Running com.fasterxml.jackson.core.json.async.AsyncStringObjectTest
[INFO] Tests run: 1, Failures: 0, Errors: 0, Skipped: 0, Time elapsed: 0 s - in com.fasterxml.jackson.core.json.async.AsyncStringObjectTest
[INFO] Running com.fasterxml.jackson.core.json.async.AsyncSimpleObjectTest
[INFO] Tests run: 2, Failures: 0, Errors: 0, Skipped: 0, Time elapsed: 0.009 s - in com.fasterxml.jackson.core.json.async.AsyncSimpleObjectTest
[INFO] Running com.fasterxml.jackson.core.json.async.AsyncScalarArrayTest
[INFO] Tests run: 7, Failures: 0, Errors: 0, Skipped: 0, Time elapsed: 0.005 s - in com.fasterxml.jackson.core.json.async.AsyncScalarArrayTest
[INFO] Running com.fasterxml.jackson.core.json.async.AsyncNonStdNumbersTest
[INFO] Tests run: 5, Failures: 0, Errors: 0, Skipped: 0, Time elapsed: 0.007 s - in com.fasterxml.jackson.core.json.async.AsyncNonStdNumbersTest
[INFO] Running com.fasterxml.jackson.core.json.async.AsyncStringArrayTest
[INFO] Tests run: 4, Failures: 0, Errors: 0, Skipped: 0, Time elapsed: 0.027 s - in com.fasterxml.jackson.core.json.async.AsyncStringArrayTest
[INFO] Running com.fasterxml.jackson.core.json.async.AsyncInvalidCharsTest
[INFO] Tests run: 2, Failures: 0, Errors: 0, Skipped: 0, Time elapsed: 0 s - in com.fasterxml.jackson.core.json.async.AsyncInvalidCharsTest
[INFO] Running com.fasterxml.jackson.core.json.async.AsyncCharEscapingTest
[INFO] Tests run: 3, Failures: 0, Errors: 0, Skipped: 0, Time elapsed: 0.005 s - in com.fasterxml.jackson.core.json.async.AsyncCharEscapingTest
[INFO] Running com.fasterxml.jackson.core.json.async.AsyncFieldNamesTest
[INFO] Tests run: 2, Failures: 0, Errors: 0, Skipped: 0, Time elapsed: 0.005 s - in com.fasterxml.jackson.core.json.async.AsyncFieldNamesTest
[INFO] Running com.fasterxml.jackson.core.json.async.AsyncCommentParsingTest
[INFO] Tests run: 6, Failures: 0, Errors: 0, Skipped: 0, Time elapsed: 0.008 s - in com.fasterxml.jackson.core.json.async.AsyncCommentParsingTest
[INFO] Running com.fasterxml.jackson.core.json.async.AsyncRootValuesTest
[INFO] Tests run: 3, Failures: 0, Errors: 0, Skipped: 0, Time elapsed: 0.001 s - in com.fasterxml.jackson.core.json.async.AsyncRootValuesTest
[INFO] Running com.fasterxml.jackson.core.json.async.AsyncTokenFilterTest
[INFO] Tests run: 2, Failures: 0, Errors: 0, Skipped: 0, Time elapsed: 0.006 s - in com.fasterxml.jackson.core.json.async.AsyncTokenFilterTest
[INFO] Running com.fasterxml.jackson.core.json.async.AsyncRootNumbersTest
[INFO] Tests run: 3, Failures: 0, Errors: 0, Skipped: 0, Time elapsed: 0.003 s - in com.fasterxml.jackson.core.json.async.AsyncRootNumbersTest
[INFO] Running com.fasterxml.jackson.core.json.async.AsyncConcurrencyTest
[INFO] Tests run: 1, Failures: 0, Errors: 0, Skipped: 0, Time elapsed: 1.725 s - in com.fasterxml.jackson.core.json.async.AsyncConcurrencyTest
[INFO] Running com.fasterxml.jackson.core.json.async.ConfigTest
[INFO] Tests run: 2, Failures: 0, Errors: 0, Skipped: 0, Time elapsed: 0.001 s - in com.fasterxml.jackson.core.json.async.ConfigTest
[INFO] Running com.fasterxml.jackson.core.json.async.AsyncParserNamesTest
[INFO] Tests run: 3, Failures: 0, Errors: 0, Skipped: 0, Time elapsed: 0.009 s - in com.fasterxml.jackson.core.json.async.AsyncParserNamesTest
[INFO] Running com.fasterxml.jackson.core.json.async.AsyncNonStdParsingTest
[INFO] Tests run: 6, Failures: 0, Errors: 0, Skipped: 0, Time elapsed: 0.023 s - in com.fasterxml.jackson.core.json.async.AsyncNonStdParsingTest
[INFO] Running com.fasterxml.jackson.core.json.async.AsyncScopeMatchingTest
[INFO] Tests run: 2, Failures: 0, Errors: 0, Skipped: 0, Time elapsed: 0.001 s - in com.fasterxml.jackson.core.json.async.AsyncScopeMatchingTest
[INFO] Running com.fasterxml.jackson.core.json.async.AsyncUnicodeHandlingTest
[INFO] Tests run: 2, Failures: 0, Errors: 0, Skipped: 0, Time elapsed: 0.02 s - in com.fasterxml.jackson.core.json.async.AsyncUnicodeHandlingTest
[INFO] Running com.fasterxml.jackson.core.json.async.AsyncSimpleNestedTest
[INFO] Tests run: 5, Failures: 0, Errors: 0, Skipped: 0, Time elapsed: 0.003 s - in com.fasterxml.jackson.core.json.async.AsyncSimpleNestedTest
[INFO] Running com.fasterxml.jackson.core.json.async.AsyncBinaryParseTest
[INFO] Tests run: 3, Failures: 0, Errors: 0, Skipped: 0, Time elapsed: 0.164 s - in com.fasterxml.jackson.core.json.async.AsyncBinaryParseTest
[INFO] Running com.fasterxml.jackson.core.json.async.AsyncNumberLeadingZeroesTest
[INFO] Tests run: 3, Failures: 0, Errors: 0, Skipped: 0, Time elapsed: 0.011 s - in com.fasterxml.jackson.core.json.async.AsyncNumberLeadingZeroesTest
[INFO] Running com.fasterxml.jackson.core.json.async.AsyncMissingValuesInArrayTest
[INFO] Tests run: 20, Failures: 0, Errors: 0, Skipped: 0, Time elapsed: 0.015 s - in com.fasterxml.jackson.core.json.async.AsyncMissingValuesInArrayTest
[INFO] Running com.fasterxml.jackson.core.json.TestCharEscaping
[INFO] Tests run: 8, Failures: 0, Errors: 0, Skipped: 0, Time elapsed: 0.011 s - in com.fasterxml.jackson.core.json.TestCharEscaping
[INFO] Running com.fasterxml.jackson.core.json.GeneratorFailFromReaderTest
[INFO] Tests run: 4, Failures: 0, Errors: 0, Skipped: 0, Time elapsed: 0.011 s - in com.fasterxml.jackson.core.json.GeneratorFailFromReaderTest
[INFO] Running com.fasterxml.jackson.core.json.LocationInObjectTest
[INFO] Tests run: 2, Failures: 0, Errors: 0, Skipped: 0, Time elapsed: 0 s - in com.fasterxml.jackson.core.json.LocationInObjectTest
[INFO] Running com.fasterxml.jackson.core.json.StringGenerationFromReaderTest
[INFO] Tests run: 5, Failures: 0, Errors: 0, Skipped: 0, Time elapsed: 0.822 s - in com.fasterxml.jackson.core.json.StringGenerationFromReaderTest
[INFO] Running com.fasterxml.jackson.core.json.LocationOffsetsTest
[INFO] Tests run: 2, Failures: 0, Errors: 0, Skipped: 0, Time elapsed: 0.006 s - in com.fasterxml.jackson.core.json.LocationOffsetsTest
[INFO] Running com.fasterxml.jackson.core.json.TestGeneratorWithSerializedString
[INFO] Tests run: 2, Failures: 0, Errors: 0, Skipped: 0, Time elapsed: 0.012 s - in com.fasterxml.jackson.core.json.TestGeneratorWithSerializedString
[INFO] Running com.fasterxml.jackson.core.json.RawValueWithSurrogatesTest
[INFO] Tests run: 2, Failures: 0, Errors: 0, Skipped: 0, Time elapsed: 0.025 s - in com.fasterxml.jackson.core.json.RawValueWithSurrogatesTest
[INFO] Running com.fasterxml.jackson.core.json.GeneratorBasicTest
[INFO] Tests run: 10, Failures: 0, Errors: 0, Skipped: 0, Time elapsed: 0.011 s - in com.fasterxml.jackson.core.json.GeneratorBasicTest
[INFO] Running com.fasterxml.jackson.core.json.TestDecorators
[INFO] Tests run: 2, Failures: 0, Errors: 0, Skipped: 0, Time elapsed: 0.001 s - in com.fasterxml.jackson.core.json.TestDecorators
[INFO] Running com.fasterxml.jackson.core.json.TestCustomEscaping
[INFO] Tests run: 5, Failures: 0, Errors: 0, Skipped: 0, Time elapsed: 0 s - in com.fasterxml.jackson.core.json.TestCustomEscaping
[INFO] Running com.fasterxml.jackson.core.json.GeneratorFailTest
[INFO] Tests run: 4, Failures: 0, Errors: 0, Skipped: 0, Time elapsed: 0.005 s - in com.fasterxml.jackson.core.json.GeneratorFailTest
[INFO] Running com.fasterxml.jackson.core.json.TestParserOverrides
[INFO] Tests run: 2, Failures: 0, Errors: 0, Skipped: 0, Time elapsed: 0.002 s - in com.fasterxml.jackson.core.json.TestParserOverrides
[INFO] Running com.fasterxml.jackson.core.json.StringGenerationTest
[INFO] Tests run: 5, Failures: 0, Errors: 0, Skipped: 0, Time elapsed: 1.428 s - in com.fasterxml.jackson.core.json.StringGenerationTest
[INFO] Running com.fasterxml.jackson.core.json.TestGeneratorDupHandling
[INFO] Tests run: 4, Failures: 0, Errors: 0, Skipped: 0, Time elapsed: 0.001 s - in com.fasterxml.jackson.core.json.TestGeneratorDupHandling
[INFO] Running com.fasterxml.jackson.core.json.ArrayGenerationTest
[INFO] Tests run: 3, Failures: 0, Errors: 0, Skipped: 0, Time elapsed: 0 s - in com.fasterxml.jackson.core.json.ArrayGenerationTest
[INFO] Running com.fasterxml.jackson.core.json.TestUnicode
[INFO] Tests run: 1, Failures: 0, Errors: 0, Skipped: 0, Time elapsed: 0 s - in com.fasterxml.jackson.core.json.TestUnicode
[INFO] Running com.fasterxml.jackson.core.json.ParserSequenceTest
[INFO] Tests run: 4, Failures: 0, Errors: 0, Skipped: 0, Time elapsed: 0.001 s - in com.fasterxml.jackson.core.json.ParserSequenceTest
[INFO] Running com.fasterxml.jackson.core.json.RequestPayloadOnExceptionTest
[INFO] Tests run: 6, Failures: 0, Errors: 0, Skipped: 0, Time elapsed: 0.001 s - in com.fasterxml.jackson.core.json.RequestPayloadOnExceptionTest
[INFO] Running com.fasterxml.jackson.core.json.LocationInArrayTest
[INFO] Tests run: 2, Failures: 0, Errors: 0, Skipped: 0, Time elapsed: 0 s - in com.fasterxml.jackson.core.json.LocationInArrayTest
[INFO] Running com.fasterxml.jackson.core.json.TestUtf8Generator
[INFO] Tests run: 3, Failures: 0, Errors: 0, Skipped: 0, Time elapsed: 0.006 s - in com.fasterxml.jackson.core.json.TestUtf8Generator
[INFO] Running com.fasterxml.jackson.core.json.JsonParserClosedCaseTest
[INFO] Tests run: 12, Failures: 0, Errors: 0, Skipped: 0, Time elapsed: 0 s - in com.fasterxml.jackson.core.json.JsonParserClosedCaseTest
[INFO] Running com.fasterxml.jackson.core.json.GeneratorFeaturesTest
[INFO] Tests run: 10, Failures: 0, Errors: 0, Skipped: 0, Time elapsed: 0.021 s - in com.fasterxml.jackson.core.json.GeneratorFeaturesTest
[INFO] Running com.fasterxml.jackson.core.type.TypeReferenceTest
[INFO] Tests run: 3, Failures: 0, Errors: 0, Skipped: 0, Time elapsed: 0.004 s - in com.fasterxml.jackson.core.type.TypeReferenceTest
[INFO] Running com.fasterxml.jackson.core.TestVersions
[INFO] Tests run: 2, Failures: 0, Errors: 0, Skipped: 0, Time elapsed: 0 s - in com.fasterxml.jackson.core.TestVersions
[INFO] Running com.fasterxml.jackson.core.TestLocation
[INFO] Tests run: 4, Failures: 0, Errors: 0, Skipped: 0, Time elapsed: 0.001 s - in com.fasterxml.jackson.core.TestLocation
[INFO] Running com.fasterxml.jackson.core.format.TestJsonFormatDetection
[INFO] Tests run: 4, Failures: 0, Errors: 0, Skipped: 0, Time elapsed: 0.003 s - in com.fasterxml.jackson.core.format.TestJsonFormatDetection
[INFO] Running com.fasterxml.jackson.core.format.DataFormatMatcherTest
[INFO] Tests run: 2, Failures: 0, Errors: 0, Skipped: 0, Time elapsed: 0 s - in com.fasterxml.jackson.core.format.DataFormatMatcherTest
[INFO] Running com.fasterxml.jackson.core.filter.BasicGeneratorFilteringTest
[INFO] Tests run: 12, Failures: 0, Errors: 0, Skipped: 0, Time elapsed: 0.002 s - in com.fasterxml.jackson.core.filter.BasicGeneratorFilteringTest
[INFO] Running com.fasterxml.jackson.core.filter.BasicParserFilteringTest
[INFO] Tests run: 22, Failures: 0, Errors: 0, Skipped: 0, Time elapsed: 0.017 s - in com.fasterxml.jackson.core.filter.BasicParserFilteringTest
[INFO] Running com.fasterxml.jackson.core.filter.JsonPointerGeneratorFilteringTest
[INFO] Tests run: 6, Failures: 0, Errors: 0, Skipped: 0, Time elapsed: 0.004 s - in com.fasterxml.jackson.core.filter.JsonPointerGeneratorFilteringTest
[INFO] Running com.fasterxml.jackson.core.filter.JsonPointerParserFilteringTest
[INFO] Tests run: 4, Failures: 0, Errors: 0, Skipped: 0, Time elapsed: 0.001 s - in com.fasterxml.jackson.core.filter.JsonPointerParserFilteringTest
[INFO] Running com.fasterxml.jackson.core.main.TestParserClosing
[INFO] Tests run: 5, Failures: 0, Errors: 0, Skipped: 0, Time elapsed: 0 s - in com.fasterxml.jackson.core.main.TestParserClosing
[INFO] Running com.fasterxml.jackson.core.main.TestParserFeatures
[INFO] Tests run: 5, Failures: 0, Errors: 0, Skipped: 0, Time elapsed: 0.001 s - in com.fasterxml.jackson.core.main.TestParserFeatures
[INFO] Running com.fasterxml.jackson.core.main.TestParserLinefeeds
[INFO] Tests run: 3, Failures: 0, Errors: 0, Skipped: 0, Time elapsed: 0.001 s - in com.fasterxml.jackson.core.main.TestParserLinefeeds
[INFO] Running com.fasterxml.jackson.core.main.TestParserWithObjects
[INFO] Tests run: 3, Failures: 0, Errors: 0, Skipped: 0, Time elapsed: 0 s - in com.fasterxml.jackson.core.main.TestParserWithObjects
[INFO] Running com.fasterxml.jackson.core.main.TestGeneratorCopy
[INFO] Tests run: 3, Failures: 0, Errors: 0, Skipped: 0, Time elapsed: 0 s - in com.fasterxml.jackson.core.main.TestGeneratorCopy
[INFO] Running com.fasterxml.jackson.core.main.TestGeneratorClosing
[INFO] Tests run: 6, Failures: 0, Errors: 0, Skipped: 0, Time elapsed: 0.003 s - in com.fasterxml.jackson.core.main.TestGeneratorClosing
[INFO] Running com.fasterxml.jackson.core.main.TestArrayParsing
[INFO] Tests run: 7, Failures: 0, Errors: 0, Skipped: 0, Time elapsed: 0.001 s - in com.fasterxml.jackson.core.main.TestArrayParsing
[INFO] Running com.fasterxml.jackson.core.main.TestNumberParsing
[INFO] Tests run: 6, Failures: 0, Errors: 0, Skipped: 0, Time elapsed: 0.265 s - in com.fasterxml.jackson.core.main.TestNumberParsing
[INFO] Running com.fasterxml.jackson.core.main.TestGeneratorMisc
[INFO] Tests run: 6, Failures: 0, Errors: 0, Skipped: 0, Time elapsed: 0.57 s - in com.fasterxml.jackson.core.main.TestGeneratorMisc
[INFO] Running com.fasterxml.jackson.core.main.TestRawStringWriting
[INFO] Tests run: 3, Failures: 0, Errors: 0, Skipped: 0, Time elapsed: 0.073 s - in com.fasterxml.jackson.core.main.TestRawStringWriting
[INFO] Running com.fasterxml.jackson.core.main.TestGeneratorArray
[INFO] Tests run: 3, Failures: 0, Errors: 0, Skipped: 0, Time elapsed: 0 s - in com.fasterxml.jackson.core.main.TestGeneratorArray
[INFO] Running com.fasterxml.jackson.core.main.TestGeneratorObject
[INFO] Tests run: 5, Failures: 0, Errors: 0, Skipped: 0, Time elapsed: 0.006 s - in com.fasterxml.jackson.core.main.TestGeneratorObject
[INFO] Running com.fasterxml.jackson.core.main.TestPrettyPrinter
[INFO] Tests run: 9, Failures: 0, Errors: 0, Skipped: 0, Time elapsed: 0.008 s - in com.fasterxml.jackson.core.main.TestPrettyPrinter
[INFO] Running com.fasterxml.jackson.core.TestJDKSerializability
[INFO] Tests run: 6, Failures: 0, Errors: 0, Skipped: 0, Time elapsed: 0.026 s - in com.fasterxml.jackson.core.TestJDKSerializability
[INFO] Running com.fasterxml.jackson.core.TestExceptions
[INFO] Tests run: 5, Failures: 0, Errors: 0, Skipped: 0, Time elapsed: 0.006 s - in com.fasterxml.jackson.core.TestExceptions
[INFO] Running com.fasterxml.jackson.core.VersionTest
[INFO] Tests run: 5, Failures: 0, Errors: 0, Skipped: 0, Time elapsed: 0.004 s - in com.fasterxml.jackson.core.VersionTest
[INFO] 
[INFO] Results:
[INFO] 
[INFO] Tests run: 828, Failures: 0, Errors: 0, Skipped: 0
[INFO] 
[INFO] 
[INFO] --- maven-bundle-plugin:2.5.3:bundle (default-bundle) @ jackson-core ---
[INFO] 
[INFO] --- maven-site-plugin:3.1:attach-descriptor (attach-descriptor) @ jackson-core ---
[INFO] 
[INFO] --- maven-install-plugin:3.0.0-M1:install (default-install) @ jackson-core ---
[INFO] Installing ./jackson-core/target/jackson-core-2.10.0-SNAPSHOT.jar to ./.m2/repository/com/fasterxml/jackson/core/jackson-core/2.10.0-SNAPSHOT/jackson-core-2.10.0-SNAPSHOT.jar
[INFO] Installing ./jackson-core/pom.xml to ./.m2/repository/com/fasterxml/jackson/core/jackson-core/2.10.0-SNAPSHOT/jackson-core-2.10.0-SNAPSHOT.pom
[INFO] 
[INFO] --- maven-bundle-plugin:2.5.3:install (default-install) @ jackson-core ---
[INFO] Installing com/fasterxml/jackson/core/jackson-core/2.10.0-SNAPSHOT/jackson-core-2.10.0-SNAPSHOT.jar
[INFO] Writing OBR metadata
[INFO] ------------------------------------------------------------------------
[INFO] BUILD SUCCESS
[INFO] ------------------------------------------------------------------------
[INFO] Total time:  17.681 s
[INFO] Finished at: 
[INFO] ------------------------------------------------------------------------
