[INFO] Scanning for projects...
[INFO] 
[INFO] ------------------< org.apache.commons:commons-math4 >------------------
[INFO] Building Apache Commons Math 4.0-SNAPSHOT
[INFO] --------------------------------[ jar ]---------------------------------
[INFO] 
[INFO] --- maven-clean-plugin:2.6.1:clean (default-clean) @ commons-math4 ---
[INFO] Deleting ./commons-math/target
[INFO] 
[INFO] --- maven-enforcer-plugin:1.3.1:enforce (enforce-maven-3) @ commons-math4 ---
[INFO] 
[INFO] --- build-helper-maven-plugin:1.7:parse-version (parse-version) @ commons-math4 ---
[INFO] 
[INFO] --- maven-antrun-plugin:1.7:run (javadoc.resources) @ commons-math4 ---
[INFO] Executing tasks

main:
     [copy] Copying 2 files to ./commons-math/target/apidocs/META-INF
[INFO] Executed tasks
[INFO] 
[INFO] --- maven-remote-resources-plugin:1.5:process (default) @ commons-math4 ---
[INFO] 
[INFO] --- buildnumber-maven-plugin:1.3:create (default) @ commons-math4 ---
[INFO] Executing: /bin/sh -c cd ./commons-math && git rev-parse --verify HEAD
[INFO] Working directory: ./commons-math
[INFO] Storing buildNumber: null at timestamp: 
[WARNING] Cannot get the branch information from the git repository: 
Detecting the current branch failed: fatal: ref HEAD is not a symbolic ref

[INFO] Executing: /bin/sh -c cd ./commons-math && git rev-parse --verify HEAD
[INFO] Working directory: ./commons-math
[INFO] Storing buildScmBranch: UNKNOWN
[INFO] 
[INFO] --- maven-jgit-buildnumber-plugin:1.2.10:extract-buildnumber (default) @ commons-math4 ---
[INFO] Git info extracted, revision: '41bbbd4', branch: '', tag: '', commitsCount: '5905', commitDate: '
[INFO] 
[INFO] --- maven-resources-plugin:2.7:resources (default-resources) @ commons-math4 ---
[INFO] Using 'UTF-8' encoding to copy filtered resources.
[INFO] Copying 2 resources
[INFO] Copying 2 resources to META-INF
[INFO] 
[INFO] --- maven-compiler-plugin:3.3:compile (default-compile) @ commons-math4 ---
[INFO] Changes detected - recompiling the module!
[INFO] Compiling 856 source files to ./commons-math/target/classes
[INFO] ./commons-math/src/main/java/org/apache/commons/math4/fitting/leastsquares/LeastSquaresAdapter.java: Some input files use or override a deprecated API.
[INFO] ./commons-math/src/main/java/org/apache/commons/math4/fitting/leastsquares/LeastSquaresAdapter.java: Recompile with -Xlint:deprecation for details.
[INFO] 
[INFO] --- maven-bundle-plugin:2.5.3:manifest (bundle-manifest) @ commons-math4 ---
[INFO] 
[INFO] --- animal-sniffer-maven-plugin:1.14:check (checkAPIcompatibility) @ commons-math4 ---
[INFO] Checking unresolved references to org.codehaus.mojo.signature:java17:1.0
[INFO] 
[INFO] --- maven-resources-plugin:2.7:testResources (default-testResources) @ commons-math4 ---
[INFO] Using 'UTF-8' encoding to copy filtered resources.
[INFO] Copying 38 resources
[INFO] Copying 2 resources to META-INF
[INFO] 
[INFO] --- maven-compiler-plugin:3.3:testCompile (default-testCompile) @ commons-math4 ---
[INFO] Changes detected - recompiling the module!
[INFO] Compiling 509 source files to ./commons-math/target/test-classes
[INFO] ./commons-math/src/test/java/org/apache/commons/math4/util/IncrementorTest.java: Some input files use or override a deprecated API.
[INFO] ./commons-math/src/test/java/org/apache/commons/math4/util/IncrementorTest.java: Recompile with -Xlint:deprecation for details.
[INFO] 
[INFO] --- jacoco-maven-plugin:0.7.5.201505241946:prepare-agent (prepare-agent) @ commons-math4 ---
[INFO] argLine set to -javaagent:/home/ubuntu/.m2/repository/org/jacoco/org.jacoco.agent/0.7.5.201505241946/org.jacoco.agent-0.7.5.201505241946-runtime.jar=destfile=./commons-math/target/jacoco.exec
[INFO] 
[INFO] --- maven-surefire-plugin:2.18.1:test (default-test) @ commons-math4 ---
[INFO] Surefire report directory: ./commons-math/target/surefire-reports

-------------------------------------------------------
 T E S T S
-------------------------------------------------------
Running org.apache.commons.math4.primes.PrimesTest
Tests run: 3, Failures: 0, Errors: 0, Skipped: 0, Time elapsed: 0.043 sec - in org.apache.commons.math4.primes.PrimesTest
Running org.apache.commons.math4.ode.FirstOrderConverterTest
Tests run: 4, Failures: 0, Errors: 0, Skipped: 0, Time elapsed: 0.044 sec - in org.apache.commons.math4.ode.FirstOrderConverterTest
Running org.apache.commons.math4.ode.events.ReappearingEventTest
Tests run: 2, Failures: 0, Errors: 0, Skipped: 0, Time elapsed: 0.109 sec - in org.apache.commons.math4.ode.events.ReappearingEventTest
Running org.apache.commons.math4.ode.events.EventFilterTest
Tests run: 7, Failures: 0, Errors: 0, Skipped: 0, Time elapsed: 0.085 sec - in org.apache.commons.math4.ode.events.EventFilterTest
Running org.apache.commons.math4.ode.events.OverlappingEventsTest
Tests run: 2, Failures: 0, Errors: 0, Skipped: 0, Time elapsed: 0.009 sec - in org.apache.commons.math4.ode.events.OverlappingEventsTest
Running org.apache.commons.math4.ode.events.EventStateTest
Tests run: 4, Failures: 0, Errors: 0, Skipped: 0, Time elapsed: 0.012 sec - in org.apache.commons.math4.ode.events.EventStateTest
Running org.apache.commons.math4.ode.sampling.NordsieckStepInterpolatorTest
Tests run: 2, Failures: 0, Errors: 0, Skipped: 0, Time elapsed: 0.224 sec - in org.apache.commons.math4.ode.sampling.NordsieckStepInterpolatorTest
Running org.apache.commons.math4.ode.sampling.StepNormalizerOutputOverlapTest
Tests run: 16, Failures: 0, Errors: 0, Skipped: 0, Time elapsed: 0.012 sec - in org.apache.commons.math4.ode.sampling.StepNormalizerOutputOverlapTest
Running org.apache.commons.math4.ode.sampling.DummyStepInterpolatorTest
Tests run: 4, Failures: 0, Errors: 0, Skipped: 0, Time elapsed: 0.009 sec - in org.apache.commons.math4.ode.sampling.DummyStepInterpolatorTest
Running org.apache.commons.math4.ode.sampling.StepNormalizerTest
Tests run: 2, Failures: 0, Errors: 0, Skipped: 0, Time elapsed: 0.005 sec - in org.apache.commons.math4.ode.sampling.StepNormalizerTest
Running org.apache.commons.math4.ode.sampling.StepNormalizerOutputTest
Tests run: 16, Failures: 0, Errors: 0, Skipped: 0, Time elapsed: 0.025 sec - in org.apache.commons.math4.ode.sampling.StepNormalizerOutputTest
Running org.apache.commons.math4.ode.JacobianMatricesTest
Tests run: 7, Failures: 0, Errors: 0, Skipped: 0, Time elapsed: 0.803 sec - in org.apache.commons.math4.ode.JacobianMatricesTest
Running org.apache.commons.math4.ode.nonstiff.DormandPrince54StepInterpolatorTest
Tests run: 3, Failures: 0, Errors: 0, Skipped: 0, Time elapsed: 0.034 sec - in org.apache.commons.math4.ode.nonstiff.DormandPrince54StepInterpolatorTest
Running org.apache.commons.math4.ode.nonstiff.HighamHall54IntegratorTest
Tests run: 9, Failures: 0, Errors: 0, Skipped: 0, Time elapsed: 0.036 sec - in org.apache.commons.math4.ode.nonstiff.HighamHall54IntegratorTest
Running org.apache.commons.math4.ode.nonstiff.GraggBulirschStoerIntegratorTest
Tests run: 12, Failures: 0, Errors: 0, Skipped: 0, Time elapsed: 0.102 sec - in org.apache.commons.math4.ode.nonstiff.GraggBulirschStoerIntegratorTest
Running org.apache.commons.math4.ode.nonstiff.GillIntegratorTest
Tests run: 8, Failures: 0, Errors: 0, Skipped: 0, Time elapsed: 0.102 sec - in org.apache.commons.math4.ode.nonstiff.GillIntegratorTest
Running org.apache.commons.math4.ode.nonstiff.LutherIntegratorTest
Tests run: 9, Failures: 0, Errors: 0, Skipped: 0, Time elapsed: 0.089 sec - in org.apache.commons.math4.ode.nonstiff.LutherIntegratorTest
Running org.apache.commons.math4.ode.nonstiff.AdamsBashforthIntegratorTest
Tests run: 7, Failures: 0, Errors: 0, Skipped: 0, Time elapsed: 0.091 sec - in org.apache.commons.math4.ode.nonstiff.AdamsBashforthIntegratorTest
Running org.apache.commons.math4.ode.nonstiff.DormandPrince853IntegratorTest
Tests run: 12, Failures: 0, Errors: 0, Skipped: 0, Time elapsed: 0.016 sec - in org.apache.commons.math4.ode.nonstiff.DormandPrince853IntegratorTest
Running org.apache.commons.math4.ode.nonstiff.MidpointIntegratorTest
Tests run: 6, Failures: 0, Errors: 0, Skipped: 0, Time elapsed: 0.052 sec - in org.apache.commons.math4.ode.nonstiff.MidpointIntegratorTest
Running org.apache.commons.math4.ode.nonstiff.MidpointStepInterpolatorTest
Tests run: 2, Failures: 0, Errors: 0, Skipped: 0, Time elapsed: 0.022 sec - in org.apache.commons.math4.ode.nonstiff.MidpointStepInterpolatorTest
Running org.apache.commons.math4.ode.nonstiff.GillStepInterpolatorTest
Tests run: 2, Failures: 0, Errors: 0, Skipped: 0, Time elapsed: 0.041 sec - in org.apache.commons.math4.ode.nonstiff.GillStepInterpolatorTest
Running org.apache.commons.math4.ode.nonstiff.ClassicalRungeKuttaIntegratorTest
Tests run: 9, Failures: 0, Errors: 0, Skipped: 0, Time elapsed: 0.068 sec - in org.apache.commons.math4.ode.nonstiff.ClassicalRungeKuttaIntegratorTest
Running org.apache.commons.math4.ode.nonstiff.EulerIntegratorTest

Results :

Tests run: 148, Failures: 0, Errors: 0, Skipped: 0

[INFO] ------------------------------------------------------------------------
[INFO] BUILD FAILURE
[INFO] ------------------------------------------------------------------------
[INFO] Total time:  18.036 s
[INFO] Finished at: 
[INFO] ------------------------------------------------------------------------
[ERROR] Failed to execute goal org.apache.maven.plugins:maven-surefire-plugin:2.18.1:test (default-test) on project commons-math4: Execution default-test of goal org.apache.maven.plugins:maven-surefire-plugin:2.18.1:test failed: The forked VM terminated without properly saying goodbye. VM crash or System.exit called?
[ERROR] Command was /bin/sh -c cd ./commons-math && /usr/lib/jvm/java-8-oracle/jre/bin/java -javaagent:/home/ubuntu/.m2/repository/org/jacoco/org.jacoco.agent/0.7.5.201505241946/org.jacoco.agent-0.7.5.201505241946-runtime.jar=destfile=./commons-math/target/jacoco.exec -jar ./commons-math/target/surefire/surefirebooter3871227383063387670.jar ./commons-math/target/surefire/surefire8320429448826930058tmp ./commons-math/target/surefire/surefire_07780924003014173624tmp
[ERROR] -> [Help 1]
[ERROR] 
[ERROR] To see the full stack trace of the errors, re-run Maven with the -e switch.
[ERROR] Re-run Maven using the -X switch to enable full debug logging.
[ERROR] 
[ERROR] For more information about the errors and possible solutions, please read the following articles:
[ERROR] [Help 1] http://cwiki.apache.org/confluence/display/MAVEN/PluginExecutionException
