[INFO] Scanning for projects...
[INFO] 
[INFO] --------------------< commons-codec:commons-codec >---------------------
[INFO] Building Commons Codec 1.9-SNAPSHOT
[INFO] --------------------------------[ jar ]---------------------------------
[INFO] 
[INFO] --- maven-clean-plugin:2.5:clean (default-clean) @ commons-codec ---
[INFO] Deleting ./commons-codec/target
[INFO] 
[INFO] --- maven-antrun-plugin:1.7:run (javadoc.resources) @ commons-codec ---
[INFO] Executing tasks

main:
     [copy] Copying 2 files to ./commons-codec/target/apidocs/META-INF
[INFO] Executed tasks
[INFO] 
[INFO] --- maven-remote-resources-plugin:1.4:process (default) @ commons-codec ---
[INFO] 
[INFO] --- buildnumber-maven-plugin:1.2:create (default) @ commons-codec ---
[INFO] Checking for local modifications: skipped.
[INFO] Updating project files from SCM: skipped.
[INFO] Executing: /bin/sh -c cd ./commons-codec && svn --non-interactive info
[INFO] Working directory: ./commons-codec
[INFO] Storing buildNumber: ?????? at timestamp: 1633691078676
[INFO] Executing: /bin/sh -c cd ./commons-codec && svn --non-interactive info
[INFO] Working directory: ./commons-codec
[INFO] Storing buildScmBranch: UNKNOWN_BRANCH
[INFO] 
[INFO] --- maven-resources-plugin:2.6:resources (default-resources) @ commons-codec ---
[INFO] Using 'UTF-8' encoding to copy filtered resources.
[INFO] Copying 124 resources
[INFO] Copying 2 resources to META-INF
[INFO] 
[INFO] --- maven-compiler-plugin:3.0:compile (default-compile) @ commons-codec ---
[INFO] Changes detected - recompiling the module!
[INFO] Compiling 56 source files to ./commons-codec/target/classes
[INFO] 
[INFO] --- maven-bundle-plugin:2.3.7:manifest (bundle-manifest) @ commons-codec ---
[INFO] 
[INFO] --- maven-resources-plugin:2.6:testResources (default-testResources) @ commons-codec ---
[INFO] Using 'UTF-8' encoding to copy filtered resources.
[INFO] skip non existing resourceDirectory ./commons-codec/src/test/resources
[INFO] Copying 2 resources to META-INF
[INFO] 
[INFO] --- maven-compiler-plugin:3.0:testCompile (default-testCompile) @ commons-codec ---
[INFO] Changes detected - recompiling the module!
[INFO] Compiling 51 source files to ./commons-codec/target/test-classes
[WARNING] ./commons-codec/src/test/java/org/apache/commons/codec/StringEncoderComparatorTest.java: ./commons-codec/src/test/java/org/apache/commons/codec/StringEncoderComparatorTest.java uses unchecked or unsafe operations.
[WARNING] ./commons-codec/src/test/java/org/apache/commons/codec/StringEncoderComparatorTest.java: Recompile with -Xlint:unchecked for details.
[INFO] 
[INFO] --- maven-surefire-plugin:2.13:test (default-test) @ commons-codec ---
[INFO] Surefire report directory: ./commons-codec/target/surefire-reports

-------------------------------------------------------
 T E S T S
-------------------------------------------------------
Running org.apache.commons.codec.net.RFC1522CodecTest
Tests run: 2, Failures: 0, Errors: 0, Skipped: 0, Time elapsed: 0.043 sec
Running org.apache.commons.codec.net.BCodecTest
Tests run: 9, Failures: 0, Errors: 0, Skipped: 0, Time elapsed: 0.006 sec
Running org.apache.commons.codec.net.QuotedPrintableCodecTest
Tests run: 17, Failures: 0, Errors: 0, Skipped: 2, Time elapsed: 0.016 sec
Running org.apache.commons.codec.net.UtilsTest
Tests run: 1, Failures: 0, Errors: 0, Skipped: 0, Time elapsed: 0 sec
Running org.apache.commons.codec.net.URLCodecTest
Tests run: 16, Failures: 0, Errors: 0, Skipped: 0, Time elapsed: 0.001 sec
Running org.apache.commons.codec.net.QCodecTest
Tests run: 12, Failures: 0, Errors: 0, Skipped: 0, Time elapsed: 0.006 sec
Running org.apache.commons.codec.EncoderExceptionTest
Tests run: 4, Failures: 0, Errors: 0, Skipped: 0, Time elapsed: 0.002 sec
Running org.apache.commons.codec.digest.CryptTest
Tests run: 4, Failures: 0, Errors: 0, Skipped: 0, Time elapsed: 0.163 sec
Running org.apache.commons.codec.digest.DigestUtilsTest
Tests run: 17, Failures: 0, Errors: 0, Skipped: 0, Time elapsed: 0.558 sec
Running org.apache.commons.codec.digest.UnixCryptTest
Tests run: 9, Failures: 0, Errors: 0, Skipped: 0, Time elapsed: 0.012 sec
Running org.apache.commons.codec.digest.Md5CryptTest
Tests run: 7, Failures: 0, Errors: 0, Skipped: 0, Time elapsed: 0.048 sec
Running org.apache.commons.codec.digest.B64Test
Tests run: 2, Failures: 0, Errors: 0, Skipped: 0, Time elapsed: 0.007 sec
Running org.apache.commons.codec.digest.Sha256CryptTest
Tests run: 7, Failures: 0, Errors: 0, Skipped: 0, Time elapsed: 0.135 sec
Running org.apache.commons.codec.digest.Sha2CryptTest
Tests run: 1, Failures: 0, Errors: 0, Skipped: 0, Time elapsed: 0 sec
Running org.apache.commons.codec.digest.Apr1CryptTest
Tests run: 8, Failures: 0, Errors: 0, Skipped: 0, Time elapsed: 0.028 sec
Running org.apache.commons.codec.digest.Sha512CryptTest
Tests run: 8, Failures: 0, Errors: 0, Skipped: 0, Time elapsed: 0.085 sec
Running org.apache.commons.codec.DecoderExceptionTest
Tests run: 4, Failures: 0, Errors: 0, Skipped: 0, Time elapsed: 0.001 sec
Running org.apache.commons.codec.language.MetaphoneTest
Tests run: 34, Failures: 0, Errors: 0, Skipped: 0, Time elapsed: 0.051 sec
Running org.apache.commons.codec.language.bm.PhoneticEngineRegressionTest
Tests run: 3, Failures: 0, Errors: 0, Skipped: 0, Time elapsed: 0.231 sec
Running org.apache.commons.codec.language.bm.LanguageGuessingTest
Tests run: 18, Failures: 0, Errors: 0, Skipped: 0, Time elapsed: 0.018 sec
Running org.apache.commons.codec.language.bm.RuleTest
Tests run: 3, Failures: 0, Errors: 0, Skipped: 0, Time elapsed: 0.006 sec
Running org.apache.commons.codec.language.bm.PhoneticEngineTest
Tests run: 7, Failures: 0, Errors: 0, Skipped: 0, Time elapsed: 0.015 sec
Running org.apache.commons.codec.language.bm.BeiderMorseEncoderTest
Tests run: 22, Failures: 0, Errors: 0, Skipped: 0, Time elapsed: 3.568 sec
Running org.apache.commons.codec.language.Caverphone2Test
Tests run: 13, Failures: 0, Errors: 0, Skipped: 0, Time elapsed: 0.02 sec
Running org.apache.commons.codec.language.DoubleMetaphoneTest
Tests run: 15, Failures: 0, Errors: 0, Skipped: 0, Time elapsed: 0.035 sec
Running org.apache.commons.codec.language.SoundexTest
Tests run: 28, Failures: 0, Errors: 0, Skipped: 0, Time elapsed: 0.015 sec
Running org.apache.commons.codec.language.ColognePhoneticTest
Tests run: 13, Failures: 0, Errors: 0, Skipped: 0, Time elapsed: 0.01 sec
Running org.apache.commons.codec.language.Caverphone1Test
Tests run: 9, Failures: 0, Errors: 0, Skipped: 0, Time elapsed: 0.007 sec
Running org.apache.commons.codec.language.RefinedSoundexTest
Tests run: 10, Failures: 0, Errors: 0, Skipped: 0, Time elapsed: 0.002 sec
Running org.apache.commons.codec.language.DoubleMetaphone2Test
Tests run: 6, Failures: 0, Errors: 0, Skipped: 0, Time elapsed: 0.018 sec
Running org.apache.commons.codec.language.NysiisTest
Tests run: 23, Failures: 0, Errors: 0, Skipped: 0, Time elapsed: 0.011 sec
Running org.apache.commons.codec.language.MatchRatingApproachEncoderTest
Tests run: 96, Failures: 0, Errors: 0, Skipped: 0, Time elapsed: 0.043 sec
Running org.apache.commons.codec.StringEncoderComparatorTest
Tests run: 3, Failures: 0, Errors: 0, Skipped: 0, Time elapsed: 0.006 sec
Running org.apache.commons.codec.binary.HexTest
Tests run: 19, Failures: 0, Errors: 0, Skipped: 0, Time elapsed: 0.17 sec
Running org.apache.commons.codec.binary.Base64Codec13Test
Tests run: 8, Failures: 0, Errors: 0, Skipped: 0, Time elapsed: 0.015 sec
Running org.apache.commons.codec.binary.BaseNCodecTest
Tests run: 6, Failures: 0, Errors: 0, Skipped: 0, Time elapsed: 0.003 sec
Running org.apache.commons.codec.binary.StringUtilsTest
Tests run: 17, Failures: 0, Errors: 0, Skipped: 0, Time elapsed: 0.008 sec
Running org.apache.commons.codec.binary.Base32InputStreamTest
Tests run: 16, Failures: 0, Errors: 0, Skipped: 0, Time elapsed: 0.098 sec
Running org.apache.commons.codec.binary.Base64Test
Tests run: 53, Failures: 0, Errors: 0, Skipped: 1, Time elapsed: 0.023 sec
Running org.apache.commons.codec.binary.Base32Test
Tests run: 7, Failures: 0, Errors: 0, Skipped: 0, Time elapsed: 0.006 sec
Running org.apache.commons.codec.binary.BinaryCodecTest
Tests run: 13, Failures: 0, Errors: 0, Skipped: 0, Time elapsed: 0.006 sec
Running org.apache.commons.codec.binary.Base64InputStreamTest
Tests run: 19, Failures: 0, Errors: 0, Skipped: 0, Time elapsed: 0.073 sec
Running org.apache.commons.codec.binary.Base32OutputStreamTest
Tests run: 6, Failures: 0, Errors: 0, Skipped: 0, Time elapsed: 0.067 sec
Running org.apache.commons.codec.binary.Base64OutputStreamTest
Tests run: 7, Failures: 0, Errors: 0, Skipped: 0, Time elapsed: 0.313 sec
Running org.apache.commons.codec.CharEncodingTest
Tests run: 7, Failures: 0, Errors: 0, Skipped: 0, Time elapsed: 0.007 sec
Running org.apache.commons.codec.CharsetsTest
Tests run: 7, Failures: 0, Errors: 0, Skipped: 0, Time elapsed: 0.002 sec

Results :

Tests run: 616, Failures: 0, Errors: 0, Skipped: 3

[INFO] 
[INFO] --- maven-jar-plugin:2.4:jar (default-jar) @ commons-codec ---
[INFO] Building jar: ./commons-codec/target/commons-codec-1.9-SNAPSHOT.jar
[INFO] 
[INFO] --- maven-jar-plugin:2.4:test-jar (default) @ commons-codec ---
[INFO] Building jar: ./commons-codec/target/commons-codec-1.9-SNAPSHOT-tests.jar
[INFO] 
[INFO] --- maven-site-plugin:3.2:attach-descriptor (attach-descriptor) @ commons-codec ---
[INFO] 
[INFO] --- maven-install-plugin:2.4:install (default-install) @ commons-codec ---
[INFO] Installing ./commons-codec/target/commons-codec-1.9-SNAPSHOT.jar to ./.m2/repository/commons-codec/commons-codec/1.9-SNAPSHOT/commons-codec-1.9-SNAPSHOT.jar
[INFO] Installing ./commons-codec/pom.xml to ./.m2/repository/commons-codec/commons-codec/1.9-SNAPSHOT/commons-codec-1.9-SNAPSHOT.pom
[INFO] Installing ./commons-codec/target/commons-codec-1.9-SNAPSHOT-tests.jar to ./.m2/repository/commons-codec/commons-codec/1.9-SNAPSHOT/commons-codec-1.9-SNAPSHOT-tests.jar
[INFO] ------------------------------------------------------------------------
[INFO] BUILD SUCCESS
[INFO] ------------------------------------------------------------------------
[INFO] Total time:  12.475 s
[INFO] Finished at: 
[INFO] ------------------------------------------------------------------------
