[INFO] Scanning for projects...
[WARNING] 
[WARNING] Some problems were encountered while building the effective model for org.jsoup:jsoup:jar:1.6.1-SNAPSHOT
[WARNING] 'build.plugins.plugin.version' for org.apache.maven.plugins:maven-jar-plugin is missing. @ line 77, column 15
[WARNING] 
[WARNING] It is highly recommended to fix these problems because they threaten the stability of your build.
[WARNING] 
[WARNING] For this reason, future Maven versions might no longer support building such malformed projects.
[WARNING] 
[INFO] 
[INFO] --------------------------< org.jsoup:jsoup >---------------------------
[INFO] Building jsoup 1.6.1-SNAPSHOT
[INFO] --------------------------------[ jar ]---------------------------------
[INFO] 
[INFO] --- maven-clean-plugin:2.5:clean (default-clean) @ jsoup ---
[INFO] Deleting ./jsoup/target
[INFO] 
[INFO] --- maven-resources-plugin:2.6:resources (default-resources) @ jsoup ---
[INFO] Using 'UTF-8' encoding to copy filtered resources.
[INFO] skip non existing resourceDirectory ./jsoup/src/main/resources
[INFO] 
[INFO] --- maven-compiler-plugin:2.0.2:compile (default-compile) @ jsoup ---
[INFO] Compiling 46 source files to ./jsoup/target/classes
[INFO] 
[INFO] --- maven-bundle-plugin:2.1.0:manifest (bundle-manifest) @ jsoup ---
[WARNING] Warning in manifest for org.jsoup:jsoup:jar:1.6.1-SNAPSHOT : Superfluous export-package instructions: [org]
[INFO] 
[INFO] --- maven-resources-plugin:2.6:testResources (default-testResources) @ jsoup ---
[INFO] Using 'UTF-8' encoding to copy filtered resources.
[INFO] Copying 13 resources
[INFO] 
[INFO] --- maven-compiler-plugin:2.0.2:testCompile (default-testCompile) @ jsoup ---
[INFO] Compiling 21 source files to ./jsoup/target/test-classes
[INFO] 
[INFO] --- maven-surefire-plugin:2.12.4:test (default-test) @ jsoup ---
[INFO] Surefire report directory: ./jsoup/target/surefire-reports

-------------------------------------------------------
 T E S T S
-------------------------------------------------------
Running org.jsoup.nodes.TextNodeTest
Tests run: 4, Failures: 0, Errors: 0, Skipped: 0, Time elapsed: 0.184 sec
Running org.jsoup.nodes.AttributeTest
Tests run: 1, Failures: 0, Errors: 0, Skipped: 0, Time elapsed: 0 sec
Running org.jsoup.nodes.ElementTest
Tests run: 45, Failures: 0, Errors: 0, Skipped: 0, Time elapsed: 0.084 sec
Running org.jsoup.nodes.AttributesTest
Tests run: 1, Failures: 0, Errors: 0, Skipped: 0, Time elapsed: 0 sec
Running org.jsoup.nodes.DocumentTest
Tests run: 7, Failures: 0, Errors: 0, Skipped: 0, Time elapsed: 0.056 sec
Running org.jsoup.nodes.EntitiesTest
Tests run: 5, Failures: 0, Errors: 0, Skipped: 0, Time elapsed: 0.01 sec
Running org.jsoup.nodes.NodeTest
Tests run: 13, Failures: 0, Errors: 0, Skipped: 0, Time elapsed: 0.034 sec
Running org.jsoup.integration.UrlConnectTest
Tests run: 1, Failures: 0, Errors: 0, Skipped: 1, Time elapsed: 0.006 sec
Running org.jsoup.integration.ParseTest
Tests run: 10, Failures: 0, Errors: 0, Skipped: 0, Time elapsed: 0.314 sec
Running org.jsoup.parser.TokenQueueTest
Tests run: 6, Failures: 0, Errors: 0, Skipped: 0, Time elapsed: 0.016 sec
Running org.jsoup.parser.TagTest
Tests run: 9, Failures: 0, Errors: 0, Skipped: 0, Time elapsed: 0.011 sec
Running org.jsoup.parser.AttributeParseTest
Tests run: 4, Failures: 0, Errors: 0, Skipped: 0, Time elapsed: 0.008 sec
Running org.jsoup.parser.ParserTest
Tests run: 64, Failures: 0, Errors: 0, Skipped: 0, Time elapsed: 0.112 sec
Running org.jsoup.safety.CleanerTest
Tests run: 15, Failures: 0, Errors: 0, Skipped: 0, Time elapsed: 0 sec
Running org.jsoup.select.ElementsTest
Tests run: 24, Failures: 0, Errors: 0, Skipped: 0, Time elapsed: 0.033 sec
Running org.jsoup.select.SelectorTest
Tests run: 46, Failures: 0, Errors: 0, Skipped: 0, Time elapsed: 0.065 sec
Running org.jsoup.helper.DataUtilTest
Tests run: 2, Failures: 0, Errors: 0, Skipped: 0, Time elapsed: 0.003 sec
Running org.jsoup.helper.HttpConnectionTest
Tests run: 15, Failures: 0, Errors: 0, Skipped: 0, Time elapsed: 0.041 sec
Running org.jsoup.helper.StringUtilTest
Tests run: 6, Failures: 0, Errors: 0, Skipped: 0, Time elapsed: 0 sec

Results :

Tests run: 278, Failures: 0, Errors: 0, Skipped: 1

[INFO] 
[INFO] --- maven-jar-plugin:2.4:jar (default-jar) @ jsoup ---
[INFO] Building jar: ./jsoup/target/jsoup-1.6.1-SNAPSHOT.jar
[INFO] 
[INFO] --- maven-javadoc-plugin:2.6.1:jar (attach-javadoc) @ jsoup ---
[INFO] 
Loading source files for package org.jsoup.nodes...
Loading source files for package org.jsoup...
Loading source files for package org.jsoup.parser...
Loading source files for package org.jsoup.safety...
Loading source files for package org.jsoup.examples...
Loading source files for package org.jsoup.select...
Loading source files for package org.jsoup.helper...
Constructing Javadoc information...
Standard Doclet version 1.8.0_191
Building tree for all the packages and classes...
Generating ./jsoup/target/apidocs/org/jsoup/nodes/Attribute.html...
Generating ./jsoup/target/apidocs/org/jsoup/nodes/Attributes.html...
Generating ./jsoup/target/apidocs/org/jsoup/nodes/Comment.html...
Generating ./jsoup/target/apidocs/org/jsoup/nodes/DataNode.html...
Generating ./jsoup/target/apidocs/org/jsoup/nodes/Document.html...
Generating ./jsoup/target/apidocs/org/jsoup/nodes/Document.OutputSettings.html...
Generating ./jsoup/target/apidocs/org/jsoup/nodes/Document.QuirksMode.html...
Generating ./jsoup/target/apidocs/org/jsoup/nodes/DocumentType.html...
Generating ./jsoup/target/apidocs/org/jsoup/nodes/Element.html...
Generating ./jsoup/target/apidocs/org/jsoup/nodes/Entities.html...
Generating ./jsoup/target/apidocs/org/jsoup/nodes/Entities.EscapeMode.html...
Generating ./jsoup/target/apidocs/org/jsoup/nodes/Node.html...
Generating ./jsoup/target/apidocs/org/jsoup/nodes/TextNode.html...
Generating ./jsoup/target/apidocs/org/jsoup/nodes/XmlDeclaration.html...
Generating ./jsoup/target/apidocs/org/jsoup/Connection.html...
Generating ./jsoup/target/apidocs/org/jsoup/Connection.Base.html...
Generating ./jsoup/target/apidocs/org/jsoup/Connection.KeyVal.html...
Generating ./jsoup/target/apidocs/org/jsoup/Connection.Method.html...
Generating ./jsoup/target/apidocs/org/jsoup/Connection.Request.html...
Generating ./jsoup/target/apidocs/org/jsoup/Connection.Response.html...
Generating ./jsoup/target/apidocs/org/jsoup/Jsoup.html...
Generating ./jsoup/target/apidocs/org/jsoup/parser/Parser.html...
Generating ./jsoup/target/apidocs/org/jsoup/parser/Tag.html...
Generating ./jsoup/target/apidocs/org/jsoup/parser/TokenQueue.html...
Generating ./jsoup/target/apidocs/org/jsoup/safety/Cleaner.html...
Generating ./jsoup/target/apidocs/org/jsoup/safety/Whitelist.html...
Generating ./jsoup/target/apidocs/org/jsoup/examples/ListLinks.html...
Generating ./jsoup/target/apidocs/org/jsoup/select/Collector.html...
Generating ./jsoup/target/apidocs/org/jsoup/select/Elements.html...
Generating ./jsoup/target/apidocs/org/jsoup/select/Evaluator.html...
Generating ./jsoup/target/apidocs/org/jsoup/select/Evaluator.AllElements.html...
Generating ./jsoup/target/apidocs/org/jsoup/select/Evaluator.Attribute.html...
Generating ./jsoup/target/apidocs/org/jsoup/select/Evaluator.AttributeKeyPair.html...
Generating ./jsoup/target/apidocs/org/jsoup/select/Evaluator.AttributeStarting.html...
Generating ./jsoup/target/apidocs/org/jsoup/select/Evaluator.AttributeWithValue.html...
Generating ./jsoup/target/apidocs/org/jsoup/select/Evaluator.AttributeWithValueContaining.html...
Generating ./jsoup/target/apidocs/org/jsoup/select/Evaluator.AttributeWithValueEnding.html...
Generating ./jsoup/target/apidocs/org/jsoup/select/Evaluator.AttributeWithValueMatching.html...
Generating ./jsoup/target/apidocs/org/jsoup/select/Evaluator.AttributeWithValueNot.html...
Generating ./jsoup/target/apidocs/org/jsoup/select/Evaluator.AttributeWithValueStarting.html...
Generating ./jsoup/target/apidocs/org/jsoup/select/Evaluator.Class.html...
Generating ./jsoup/target/apidocs/org/jsoup/select/Evaluator.ContainsOwnText.html...
Generating ./jsoup/target/apidocs/org/jsoup/select/Evaluator.ContainsText.html...
Generating ./jsoup/target/apidocs/org/jsoup/select/Evaluator.Id.html...
Generating ./jsoup/target/apidocs/org/jsoup/select/Evaluator.IndexEquals.html...
Generating ./jsoup/target/apidocs/org/jsoup/select/Evaluator.IndexEvaluator.html...
Generating ./jsoup/target/apidocs/org/jsoup/select/Evaluator.IndexGreaterThan.html...
Generating ./jsoup/target/apidocs/org/jsoup/select/Evaluator.IndexLessThan.html...
Generating ./jsoup/target/apidocs/org/jsoup/select/Evaluator.Matches.html...
Generating ./jsoup/target/apidocs/org/jsoup/select/Evaluator.MatchesOwn.html...
Generating ./jsoup/target/apidocs/org/jsoup/select/Evaluator.Tag.html...
Generating ./jsoup/target/apidocs/org/jsoup/select/NodeTraversor.html...
Generating ./jsoup/target/apidocs/org/jsoup/select/NodeVisitor.html...
Generating ./jsoup/target/apidocs/org/jsoup/select/Selector.html...
Generating ./jsoup/target/apidocs/org/jsoup/select/Selector.SelectorParseException.html...
Generating ./jsoup/target/apidocs/org/jsoup/helper/DataUtil.html...
Generating ./jsoup/target/apidocs/org/jsoup/helper/DescendableLinkedList.html...
Generating ./jsoup/target/apidocs/org/jsoup/helper/HttpConnection.html...
Generating ./jsoup/target/apidocs/org/jsoup/helper/HttpConnection.KeyVal.html...
Generating ./jsoup/target/apidocs/org/jsoup/helper/HttpConnection.Request.html...
Generating ./jsoup/target/apidocs/org/jsoup/helper/HttpConnection.Response.html...
Generating ./jsoup/target/apidocs/org/jsoup/helper/StringUtil.html...
Generating ./jsoup/target/apidocs/org/jsoup/helper/Validate.html...
Generating ./jsoup/target/apidocs/overview-frame.html...
Generating ./jsoup/target/apidocs/org/jsoup/package-frame.html...
Generating ./jsoup/target/apidocs/org/jsoup/package-summary.html...
Generating ./jsoup/target/apidocs/org/jsoup/package-tree.html...
Generating ./jsoup/target/apidocs/org/jsoup/examples/package-frame.html...
Generating ./jsoup/target/apidocs/org/jsoup/examples/package-summary.html...
Generating ./jsoup/target/apidocs/org/jsoup/examples/package-tree.html...
Generating ./jsoup/target/apidocs/org/jsoup/helper/package-frame.html...
Generating ./jsoup/target/apidocs/org/jsoup/helper/package-summary.html...
Generating ./jsoup/target/apidocs/org/jsoup/helper/package-tree.html...
Generating ./jsoup/target/apidocs/org/jsoup/nodes/package-frame.html...
Generating ./jsoup/target/apidocs/org/jsoup/nodes/package-summary.html...
Generating ./jsoup/target/apidocs/org/jsoup/nodes/package-tree.html...
Generating ./jsoup/target/apidocs/org/jsoup/parser/package-frame.html...
Generating ./jsoup/target/apidocs/org/jsoup/parser/package-summary.html...
Generating ./jsoup/target/apidocs/org/jsoup/parser/package-tree.html...
Generating ./jsoup/target/apidocs/org/jsoup/safety/package-frame.html...
Generating ./jsoup/target/apidocs/org/jsoup/safety/package-summary.html...
Generating ./jsoup/target/apidocs/org/jsoup/safety/package-tree.html...
Generating ./jsoup/target/apidocs/org/jsoup/select/package-frame.html...
Generating ./jsoup/target/apidocs/org/jsoup/select/package-summary.html...
Generating ./jsoup/target/apidocs/org/jsoup/select/package-tree.html...
Generating ./jsoup/target/apidocs/constant-values.html...
Generating ./jsoup/target/apidocs/serialized-form.html...
Generating ./jsoup/target/apidocs/org/jsoup/nodes/class-use/DataNode.html...
Generating ./jsoup/target/apidocs/org/jsoup/nodes/class-use/Node.html...
Generating ./jsoup/target/apidocs/org/jsoup/nodes/class-use/Attribute.html...
Generating ./jsoup/target/apidocs/org/jsoup/nodes/class-use/DocumentType.html...
Generating ./jsoup/target/apidocs/org/jsoup/nodes/class-use/Document.html...
Generating ./jsoup/target/apidocs/org/jsoup/nodes/class-use/Document.OutputSettings.html...
Generating ./jsoup/target/apidocs/org/jsoup/nodes/class-use/Document.QuirksMode.html...
Generating ./jsoup/target/apidocs/org/jsoup/nodes/class-use/XmlDeclaration.html...
Generating ./jsoup/target/apidocs/org/jsoup/nodes/class-use/Element.html...
Generating ./jsoup/target/apidocs/org/jsoup/nodes/class-use/TextNode.html...
Generating ./jsoup/target/apidocs/org/jsoup/nodes/class-use/Comment.html...
Generating ./jsoup/target/apidocs/org/jsoup/nodes/class-use/Attributes.html...
Generating ./jsoup/target/apidocs/org/jsoup/nodes/class-use/Entities.html...
Generating ./jsoup/target/apidocs/org/jsoup/nodes/class-use/Entities.EscapeMode.html...
Generating ./jsoup/target/apidocs/org/jsoup/class-use/Jsoup.html...
Generating ./jsoup/target/apidocs/org/jsoup/class-use/Connection.html...
Generating ./jsoup/target/apidocs/org/jsoup/class-use/Connection.Method.html...
Generating ./jsoup/target/apidocs/org/jsoup/class-use/Connection.Base.html...
Generating ./jsoup/target/apidocs/org/jsoup/class-use/Connection.Request.html...
Generating ./jsoup/target/apidocs/org/jsoup/class-use/Connection.Response.html...
Generating ./jsoup/target/apidocs/org/jsoup/class-use/Connection.KeyVal.html...
Generating ./jsoup/target/apidocs/org/jsoup/parser/class-use/Parser.html...
Generating ./jsoup/target/apidocs/org/jsoup/parser/class-use/Tag.html...
Generating ./jsoup/target/apidocs/org/jsoup/parser/class-use/TokenQueue.html...
Generating ./jsoup/target/apidocs/org/jsoup/safety/class-use/Cleaner.html...
Generating ./jsoup/target/apidocs/org/jsoup/safety/class-use/Whitelist.html...
Generating ./jsoup/target/apidocs/org/jsoup/examples/class-use/ListLinks.html...
Generating ./jsoup/target/apidocs/org/jsoup/select/class-use/NodeVisitor.html...
Generating ./jsoup/target/apidocs/org/jsoup/select/class-use/Elements.html...
Generating ./jsoup/target/apidocs/org/jsoup/select/class-use/Selector.html...
Generating ./jsoup/target/apidocs/org/jsoup/select/class-use/Selector.SelectorParseException.html...
Generating ./jsoup/target/apidocs/org/jsoup/select/class-use/Collector.html...
Generating ./jsoup/target/apidocs/org/jsoup/select/class-use/NodeTraversor.html...
Generating ./jsoup/target/apidocs/org/jsoup/select/class-use/Evaluator.html...
Generating ./jsoup/target/apidocs/org/jsoup/select/class-use/Evaluator.Tag.html...
Generating ./jsoup/target/apidocs/org/jsoup/select/class-use/Evaluator.Id.html...
Generating ./jsoup/target/apidocs/org/jsoup/select/class-use/Evaluator.Class.html...
Generating ./jsoup/target/apidocs/org/jsoup/select/class-use/Evaluator.Attribute.html...
Generating ./jsoup/target/apidocs/org/jsoup/select/class-use/Evaluator.AttributeStarting.html...
Generating ./jsoup/target/apidocs/org/jsoup/select/class-use/Evaluator.AttributeWithValue.html...
Generating ./jsoup/target/apidocs/org/jsoup/select/class-use/Evaluator.AttributeWithValueNot.html...
Generating ./jsoup/target/apidocs/org/jsoup/select/class-use/Evaluator.AttributeWithValueStarting.html...
Generating ./jsoup/target/apidocs/org/jsoup/select/class-use/Evaluator.AttributeWithValueEnding.html...
Generating ./jsoup/target/apidocs/org/jsoup/select/class-use/Evaluator.AttributeWithValueContaining.html...
Generating ./jsoup/target/apidocs/org/jsoup/select/class-use/Evaluator.AttributeWithValueMatching.html...
Generating ./jsoup/target/apidocs/org/jsoup/select/class-use/Evaluator.AttributeKeyPair.html...
Generating ./jsoup/target/apidocs/org/jsoup/select/class-use/Evaluator.AllElements.html...
Generating ./jsoup/target/apidocs/org/jsoup/select/class-use/Evaluator.IndexLessThan.html...
Generating ./jsoup/target/apidocs/org/jsoup/select/class-use/Evaluator.IndexGreaterThan.html...
Generating ./jsoup/target/apidocs/org/jsoup/select/class-use/Evaluator.IndexEquals.html...
Generating ./jsoup/target/apidocs/org/jsoup/select/class-use/Evaluator.IndexEvaluator.html...
Generating ./jsoup/target/apidocs/org/jsoup/select/class-use/Evaluator.ContainsText.html...
Generating ./jsoup/target/apidocs/org/jsoup/select/class-use/Evaluator.ContainsOwnText.html...
Generating ./jsoup/target/apidocs/org/jsoup/select/class-use/Evaluator.Matches.html...
Generating ./jsoup/target/apidocs/org/jsoup/select/class-use/Evaluator.MatchesOwn.html...
Generating ./jsoup/target/apidocs/org/jsoup/helper/class-use/StringUtil.html...
Generating ./jsoup/target/apidocs/org/jsoup/helper/class-use/HttpConnection.html...
Generating ./jsoup/target/apidocs/org/jsoup/helper/class-use/HttpConnection.Request.html...
Generating ./jsoup/target/apidocs/org/jsoup/helper/class-use/HttpConnection.Response.html...
Generating ./jsoup/target/apidocs/org/jsoup/helper/class-use/HttpConnection.KeyVal.html...
Generating ./jsoup/target/apidocs/org/jsoup/helper/class-use/DescendableLinkedList.html...
Generating ./jsoup/target/apidocs/org/jsoup/helper/class-use/DataUtil.html...
Generating ./jsoup/target/apidocs/org/jsoup/helper/class-use/Validate.html...
Generating ./jsoup/target/apidocs/org/jsoup/package-use.html...
Generating ./jsoup/target/apidocs/org/jsoup/examples/package-use.html...
Generating ./jsoup/target/apidocs/org/jsoup/helper/package-use.html...
Generating ./jsoup/target/apidocs/org/jsoup/nodes/package-use.html...
Generating ./jsoup/target/apidocs/org/jsoup/parser/package-use.html...
Generating ./jsoup/target/apidocs/org/jsoup/safety/package-use.html...
Generating ./jsoup/target/apidocs/org/jsoup/select/package-use.html...
Building index for all the packages and classes...
Generating ./jsoup/target/apidocs/overview-tree.html...
Generating ./jsoup/target/apidocs/index-all.html...
Generating ./jsoup/target/apidocs/deprecated-list.html...
Building index for all classes...
Generating ./jsoup/target/apidocs/allclasses-frame.html...
Generating ./jsoup/target/apidocs/allclasses-noframe.html...
Generating ./jsoup/target/apidocs/index.html...
Generating ./jsoup/target/apidocs/overview-summary.html...
Generating ./jsoup/target/apidocs/help-doc.html...
63 errors
5 warnings
[INFO] ------------------------------------------------------------------------
[INFO] BUILD FAILURE
[INFO] ------------------------------------------------------------------------
[INFO] Total time:  12.531 s
[INFO] Finished at: 
[INFO] ------------------------------------------------------------------------
[ERROR] Failed to execute goal org.apache.maven.plugins:maven-javadoc-plugin:2.6.1:jar (attach-javadoc) on project jsoup: MavenReportException: Error while creating archive:
[ERROR] Exit code: 1 - ./jsoup/src/main/java/org/jsoup/nodes/Attributes.java:9: error: self-closing element not allowed
[ERROR]  * <p/>
[ERROR]    ^
[ERROR] ./jsoup/src/main/java/org/jsoup/nodes/Attributes.java:11: error: self-closing element not allowed
[ERROR]  * <p/>
[ERROR]    ^
[ERROR] ./jsoup/src/main/java/org/jsoup/nodes/Node.java:60: error: self-closing element not allowed
[ERROR]      * <p/>
[ERROR]        ^
[ERROR] ./jsoup/src/main/java/org/jsoup/nodes/Node.java:144: error: bad use of '>'
[ERROR]      * Get an absolute URL from a URL attribute that may be relative (i.e. an <code>&lt;a href></code> or
[ERROR]                                                                                               ^
[ERROR] ./jsoup/src/main/java/org/jsoup/nodes/Node.java:145: error: bad use of '>'
[ERROR]      * <code>&lt;img src></code>).
[ERROR]                         ^
[ERROR] ./jsoup/src/main/java/org/jsoup/nodes/Node.java:146: error: self-closing element not allowed
[ERROR]      * <p/>
[ERROR]        ^
[ERROR] ./jsoup/src/main/java/org/jsoup/nodes/Node.java:148: error: self-closing element not allowed
[ERROR]      * <p/>
[ERROR]        ^
[ERROR] ./jsoup/src/main/java/org/jsoup/nodes/Node.java:153: error: self-closing element not allowed
[ERROR]      * <p/>
[ERROR]        ^
[ERROR] ./jsoup/src/main/java/org/jsoup/nodes/Node.java:333: error: self-closing element not allowed
[ERROR]      * <p/>
[ERROR]        ^
[ERROR] ./jsoup/src/main/java/org/jsoup/nodes/Node.java:334: error: self-closing element not allowed
[ERROR]      * For example, with the input html:<br/>
[ERROR]                                         ^
[ERROR] ./jsoup/src/main/java/org/jsoup/nodes/Node.java:335: error: self-closing element not allowed
[ERROR]      * {@code <div>One <span>Two <b>Three</b></span></div>}<br/>
[ERROR]                                                            ^
[ERROR] ./jsoup/src/main/java/org/jsoup/nodes/Node.java:336: error: self-closing element not allowed
[ERROR]      * Calling {@code element.unwrap()} on the {@code span} element will result in the html:<br/>
[ERROR]                                                                                             ^
[ERROR] ./jsoup/src/main/java/org/jsoup/nodes/Node.java:337: error: self-closing element not allowed
[ERROR]      * {@code <div>One Two <b>Three</b></div>}<br/>
[ERROR]                                               ^
[ERROR] ./jsoup/src/main/java/org/jsoup/nodes/Element.java:165: error: self-closing element not allowed
[ERROR]      * <p/>
[ERROR]        ^
[ERROR] ./jsoup/src/main/java/org/jsoup/nodes/Element.java:179: error: self-closing element not allowed
[ERROR]      * <p/>
[ERROR]        ^
[ERROR] ./jsoup/src/main/java/org/jsoup/nodes/Element.java:198: error: self-closing element not allowed
[ERROR]      * <p/>
[ERROR]        ^
[ERROR] ./jsoup/src/main/java/org/jsoup/nodes/Element.java:205: error: self-closing element not allowed
[ERROR]      * <p/>
[ERROR]        ^
[ERROR] ./jsoup/src/main/java/org/jsoup/nodes/Element.java:397: error: self-closing element not allowed
[ERROR]      * <p/>
[ERROR]        ^
[ERROR] ./jsoup/src/main/java/org/jsoup/nodes/Element.java:869: error: bad use of '>'
[ERROR]      * separated. (E.g. on <code>&lt;div class="header gray"></code> returns, "<code>header gray</code>")
[ERROR]                                                             ^
[ERROR] ./jsoup/src/main/java/org/jsoup/nodes/Element.java:877: error: bad use of '>'
[ERROR]      * Get all of the element's class names. E.g. on element {@code <div class="header gray"}>},
[ERROR]                                                                                              ^
[ERROR] ./jsoup/src/main/java/org/jsoup/nodes/Document.java:305: error: bad use of '>'
[ERROR]          * @param indentAmount number of spaces to use for indenting each level. Must be >= 0.
[ERROR]                                                                                          ^
[ERROR] ./jsoup/src/main/java/org/jsoup/nodes/Entities.java:55: error: malformed HTML
[ERROR]      * @return the Character value of the named entity (e.g. '<' or '&')
[ERROR]                                                               ^
[ERROR] ./jsoup/src/main/java/org/jsoup/nodes/Entities.java:55: error: bad HTML entity
[ERROR]      * @return the Character value of the named entity (e.g. '<' or '&')
[ERROR]                                                                      ^
[ERROR] ./jsoup/src/main/java/org/jsoup/nodes/TextNode.java:114: warning: no @param for baseUri
[ERROR]     public static TextNode createFromEncoded(String encodedText, String baseUri) {
[ERROR]                            ^
[ERROR] ./jsoup/src/main/java/org/jsoup/Connection.java:119: error: semicolon missing
[ERROR]      * <code>?name=jsoup&language=Java&language=English</code>
[ERROR]                         ^
[ERROR] ./jsoup/src/main/java/org/jsoup/Connection.java:119: error: semicolon missing
[ERROR]      * <code>?name=jsoup&language=Java&language=English</code>
[ERROR]                                       ^
[ERROR] ./jsoup/src/main/java/org/jsoup/Jsoup.java:53: error: end tag missing: </code>
[ERROR]      *  <li><code>Document doc = Jsoup.connect("http://example.com").cookie("auth", "token").post();
[ERROR]             ^
[ERROR] ./jsoup/src/main/java/org/jsoup/parser/Tag.java:40: error: self-closing element not allowed
[ERROR]      * <p/>
[ERROR]        ^
[ERROR] ./jsoup/src/main/java/org/jsoup/parser/TokenQueue.java:306: warning: no @return
[ERROR]     public boolean consumeWhitespace() {
[ERROR]                    ^
[ERROR] ./jsoup/src/main/java/org/jsoup/safety/Cleaner.java:51: error: self-closing element not allowed
[ERROR]      <p/>
[ERROR]      ^
[ERROR] ./jsoup/src/main/java/org/jsoup/safety/Cleaner.java:12: error: self-closing element not allowed
[ERROR]  <p/>
[ERROR]  ^
[ERROR] ./jsoup/src/main/java/org/jsoup/safety/Cleaner.java:15: error: self-closing element not allowed
[ERROR]  <p/>
[ERROR]  ^
[ERROR] ./jsoup/src/main/java/org/jsoup/safety/Cleaner.java:18: error: self-closing element not allowed
[ERROR]  <p/>
[ERROR]  ^
[ERROR] ./jsoup/src/main/java/org/jsoup/safety/Whitelist.java:80: error: self-closing element not allowed
[ERROR]      <p/>
[ERROR]      ^
[ERROR] ./jsoup/src/main/java/org/jsoup/safety/Whitelist.java:83: error: self-closing element not allowed
[ERROR]      <p/>
[ERROR]      ^
[ERROR] ./jsoup/src/main/java/org/jsoup/safety/Whitelist.java:126: error: self-closing element not allowed
[ERROR]      <p/>
[ERROR]      ^
[ERROR] ./jsoup/src/main/java/org/jsoup/safety/Whitelist.java:194: error: self-closing element not allowed
[ERROR]      <p/>
[ERROR]      ^
[ERROR] ./jsoup/src/main/java/org/jsoup/safety/Whitelist.java:224: error: self-closing element not allowed
[ERROR]      <p/>
[ERROR]      ^
[ERROR] ./jsoup/src/main/java/org/jsoup/safety/Whitelist.java:226: error: bad use of '>'
[ERROR]      <code>&lt;a href="..." rel="nofollow"></code>
[ERROR]                                           ^
[ERROR] ./jsoup/src/main/java/org/jsoup/safety/Whitelist.java:255: error: self-closing element not allowed
[ERROR]      <p/>
[ERROR]      ^
[ERROR] ./jsoup/src/main/java/org/jsoup/safety/Whitelist.java:21: error: self-closing element not allowed
[ERROR]  <p/>
[ERROR]  ^
[ERROR] ./jsoup/src/main/java/org/jsoup/safety/Whitelist.java:30: error: self-closing element not allowed
[ERROR]  <p/>
[ERROR]  ^
[ERROR] ./jsoup/src/main/java/org/jsoup/safety/Whitelist.java:38: error: self-closing element not allowed
[ERROR]  <p/>
[ERROR]  ^
[ERROR] ./jsoup/src/main/java/org/jsoup/safety/Whitelist.java:43: error: self-closing element not allowed
[ERROR]  <p/>
[ERROR]  ^
[ERROR] ./jsoup/src/main/java/org/jsoup/select/Elements.java:338: error: self-closing element not allowed
[ERROR]      * <p/>
[ERROR]        ^
[ERROR] ./jsoup/src/main/java/org/jsoup/select/Elements.java:340: error: self-closing element not allowed
[ERROR]      * <p/>
[ERROR]        ^
[ERROR] ./jsoup/src/main/java/org/jsoup/select/Elements.java:341: error: self-closing element not allowed
[ERROR]      * E.g. with HTML: {@code <div><font>One</font> <font><a href="/">Two</a></font></div>}<br/>
[ERROR]                                                                                            ^
[ERROR] ./jsoup/src/main/java/org/jsoup/select/Elements.java:342: error: self-closing element not allowed
[ERROR]      * {@code doc.select("font").unwrap();}<br/>
[ERROR]                                            ^
[ERROR] ./jsoup/src/main/java/org/jsoup/select/Elements.java:11: error: self-closing element not allowed
[ERROR]  <p/>
[ERROR]  ^
[ERROR] ./jsoup/src/main/java/org/jsoup/select/Evaluator.java:24: warning: no @return
[ERROR]     public abstract boolean matches(Element root, Element element);
[ERROR]                             ^
[ERROR] ./jsoup/src/main/java/org/jsoup/select/Evaluator.java:317: error: bad use of '>'
[ERROR]      * Evaluator for matching by sibling index number (e > idx)
[ERROR]                                                          ^
[ERROR] ./jsoup/src/main/java/org/jsoup/select/Evaluator.java:297: error: malformed HTML
[ERROR]      * Evaluator for matching by sibling index number (e < idx)
[ERROR]                                                          ^
[ERROR] ./jsoup/src/main/java/org/jsoup/select/Selector.java:11: error: self-closing element not allowed
[ERROR]  * <p/>
[ERROR]    ^
[ERROR] ./jsoup/src/main/java/org/jsoup/select/Selector.java:11: warning: empty <p> tag
[ERROR]  * <p/>
[ERROR]    ^
[ERROR] ./jsoup/src/main/java/org/jsoup/select/Selector.java:15: error: self-closing element not allowed
[ERROR]  * <p/>
[ERROR]    ^
[ERROR] ./jsoup/src/main/java/org/jsoup/select/Selector.java:18: error: self-closing element not allowed
[ERROR]  * <p/>
[ERROR]    ^
[ERROR] ./jsoup/src/main/java/org/jsoup/select/Selector.java:18: warning: empty <p> tag
[ERROR]  * <p/>
[ERROR]    ^
[ERROR] ./jsoup/src/main/java/org/jsoup/select/Selector.java:23: error: bad use of '>'
[ERROR]  * <tr><td><code>ns|E</code></td><td>elements of type E in the namespace <i>ns</i></td><td><code>fb|name</code> finds <code>&lt;fb:name></code> elements</td></tr>
[ERROR]                                                                                                                                        ^
[ERROR] ./jsoup/src/main/java/org/jsoup/select/Selector.java:29: error: unexpected end tag: </code>
[ERROR]  * <tr><td><code>[attr^=valPrefix]</code></td><td>elements with an attribute named "attr", and value starting with "valPrefix"</td><td><code>a[href^=http:]</code></code></td></tr>
[ERROR]                                                                                                                                                                   ^
[ERROR] ./jsoup/src/main/java/org/jsoup/select/Selector.java:29: error: unexpected end tag: </td>
[ERROR]  * <tr><td><code>[attr^=valPrefix]</code></td><td>elements with an attribute named "attr", and value starting with "valPrefix"</td><td><code>a[href^=http:]</code></code></td></tr>
[ERROR]                                                                                                                                                                          ^
[ERROR] ./jsoup/src/main/java/org/jsoup/select/Selector.java:29: error: unexpected end tag: </tr>
[ERROR]  * <tr><td><code>[attr^=valPrefix]</code></td><td>elements with an attribute named "attr", and value starting with "valPrefix"</td><td><code>a[href^=http:]</code></code></td></tr>
[ERROR]                                                                                                                                                                               ^
[ERROR] ./jsoup/src/main/java/org/jsoup/select/Selector.java:36: error: bad use of '>'
[ERROR]  * <tr><td><code>E > F</code></td><td>an F direct child of E</td><td><code>ol > li</code></td></tr>
[ERROR]                    ^
[ERROR] ./jsoup/src/main/java/org/jsoup/select/Selector.java:36: error: bad use of '>'
[ERROR]  * <tr><td><code>E > F</code></td><td>an F direct child of E</td><td><code>ol > li</code></td></tr>
[ERROR]                                                                               ^
[ERROR] ./jsoup/src/main/java/org/jsoup/select/Selector.java:45: error: tag not allowed here: <code>
[ERROR]  * <tr><td><code>:not(<em>selector</em>)</code></td><td>elements that do not match the <em>selector</em>. See also {@link Elements#not(String)}</td><code>div:not(.logo)</code> finds all divs that do not have the "logo" class</td></tr>
[ERROR]                                                                                                                                                     ^
[ERROR] ./jsoup/src/main/java/org/jsoup/select/Selector.java:45: error: text not allowed in <tr> element
[ERROR]  * <tr><td><code>:not(<em>selector</em>)</code></td><td>elements that do not match the <em>selector</em>. See also {@link Elements#not(String)}</td><code>div:not(.logo)</code> finds all divs that do not have the "logo" class</td></tr>
[ERROR]                                                                                                                                                                                ^
[ERROR] ./jsoup/src/main/java/org/jsoup/select/Selector.java:45: error: unexpected end tag: </td>
[ERROR]  * <tr><td><code>:not(<em>selector</em>)</code></td><td>elements that do not match the <em>selector</em>. See also {@link Elements#not(String)}</td><code>div:not(.logo)</code> finds all divs that do not have the "logo" class</td></tr>
[ERROR]                                                                                                                                                                                                                                 ^
[ERROR] ./jsoup/src/main/java/org/jsoup/select/Selector.java:45: error: unexpected end tag: </tr>
[ERROR]  * <tr><td><code>:not(<em>selector</em>)</code></td><td>elements that do not match the <em>selector</em>. See also {@link Elements#not(String)}</td><code>div:not(.logo)</code> finds all divs that do not have the "logo" class</td></tr>
[ERROR]                                                                                                                                                                                                                                      ^
[ERROR] ./jsoup/src/main/java/org/jsoup/select/Selector.java:51: error: no summary or caption for table
[ERROR]  * </table>
[ERROR]    ^
[ERROR] 
[ERROR] Command line was: /Library/Java/JavaVirtualMachines/jdk1.8.0_191.jdk/Contents/Home/bin/javadoc @options @packages
[ERROR] 
[ERROR] Refer to the generated Javadoc files in './jsoup/target/apidocs' dir.
[ERROR] 
[ERROR] -> [Help 1]
[ERROR] 
[ERROR] To see the full stack trace of the errors, re-run Maven with the -e switch.
[ERROR] Re-run Maven using the -X switch to enable full debug logging.
[ERROR] 
[ERROR] For more information about the errors and possible solutions, please read the following articles:
[ERROR] [Help 1] http://cwiki.apache.org/confluence/display/MAVEN/MojoExecutionException
