[INFO] Scanning for projects...
[INFO] 
[INFO] ----------------< org.apache.commons:commons-compress >-----------------
[INFO] Building Apache Commons Compress 1.21-SNAPSHOT
[INFO] --------------------------------[ jar ]---------------------------------
Downloading from apache.snapshots: https://repository.apache.org/snapshots/org/eluder/coveralls/coveralls-maven-plugin/maven-metadata.xml
[INFO] 
[INFO] --- maven-clean-plugin:3.1.0:clean (default-clean) @ commons-compress ---
[INFO] Deleting ./commons-compress/target
[INFO] 
[INFO] --- maven-enforcer-plugin:3.0.0-M3:enforce (enforce-maven-version) @ commons-compress ---
[INFO] 
[INFO] --- maven-enforcer-plugin:3.0.0-M3:enforce (enforce-maven-3) @ commons-compress ---
[INFO] 
[INFO] --- apache-rat-plugin:0.13:check (rat-check) @ commons-compress ---
[INFO] Enabled default license matchers.
[INFO] Will parse SCM ignores for exclusions...
[INFO] Parsing exclusions from ./commons-compress/.gitignore
[INFO] Finished adding exclusions from SCM ignore files.
[INFO] 68 implicit excludes (use -debug for more details).
[INFO] 13 explicit excludes (use -debug for more details).
[INFO] 434 resources included (use -debug for more details)
[INFO] Rat check: Summary over all files. Unapproved: 1, unknown: 1, generated: 0, approved: 426 licenses.
[WARNING] Rat check: 1 files with unapproved licenses. See RAT report in: ./commons-compress/target/rat.txt
[INFO] 
[INFO] --- build-helper-maven-plugin:3.2.0:parse-version (parse-version) @ commons-compress ---
[INFO] 
[INFO] --- maven-antrun-plugin:1.8:run (javadoc.resources) @ commons-compress ---
[INFO] Executing tasks

main:
     [copy] Copying 2 files to ./commons-compress/target/apidocs/META-INF
[INFO] Executed tasks
[INFO] 
[INFO] --- maven-remote-resources-plugin:1.7.0:process (process-resource-bundles) @ commons-compress ---
[INFO] Skipping remote resources execution.
[INFO] 
[INFO] --- buildnumber-maven-plugin:1.4:create (default) @ commons-compress ---
[INFO] Executing: /bin/sh -c cd './commons-compress' && 'git' 'rev-parse' '--verify' 'HEAD'
[INFO] Working directory: ./commons-compress
[INFO] Storing buildNumber: 464ba19a1f41f66830a18bef6910c825c957ddf9 at timestamp: 1636393462383
[WARNING] Cannot get the branch information from the git repository: 
Detecting the current branch failed: fatal: ref HEAD is not a symbolic ref

[INFO] Executing: /bin/sh -c cd './commons-compress' && 'git' 'rev-parse' '--verify' 'HEAD'
[INFO] Working directory: ./commons-compress
[INFO] Storing buildScmBranch: UNKNOWN
[INFO] 
[INFO] --- maven-resources-plugin:3.1.0:resources (default-resources) @ commons-compress ---
[INFO] Using 'iso-8859-1' encoding to copy filtered resources.
[INFO] skip non existing resourceDirectory ./commons-compress/src/main/resources
[INFO] Copying 2 resources to META-INF
[INFO] 
[INFO] --- maven-compiler-plugin:3.8.1:compile (default-compile) @ commons-compress ---
[INFO] Changes detected - recompiling the module!
[INFO] Compiling 216 source files to ./commons-compress/target/classes
[INFO] 
[INFO] --- maven-bundle-plugin:3.5.1:manifest (bundle-manifest) @ commons-compress ---
[INFO] 
[INFO] --- maven-resources-plugin:3.1.0:testResources (default-testResources) @ commons-compress ---
[INFO] Using 'iso-8859-1' encoding to copy filtered resources.
[INFO] Copying 217 resources
[INFO] Copying 2 resources to META-INF
[INFO] 
[INFO] --- maven-antrun-plugin:1.8:run (default) @ commons-compress ---
[INFO] Executing tasks

main:
    [untar] Expanding: ./commons-compress/src/test/resources/zstd-tests.tar into ./commons-compress/target/test-classes
[INFO] Executed tasks
[INFO] 
[INFO] --- maven-compiler-plugin:3.8.1:testCompile (default-testCompile) @ commons-compress ---
[INFO] Changes detected - recompiling the module!
[INFO] Compiling 155 source files to ./commons-compress/target/test-classes
[INFO] ./commons-compress/src/test/java/org/apache/commons/compress/compressors/lz4/FramedLZ4CompressorInputStreamTest.java: Some input files use or override a deprecated API.
[INFO] ./commons-compress/src/test/java/org/apache/commons/compress/compressors/lz4/FramedLZ4CompressorInputStreamTest.java: Recompile with -Xlint:deprecation for details.
[INFO] 
[INFO] --- animal-sniffer-maven-plugin:1.19:check (checkAPIcompatibility) @ commons-compress ---
[INFO] Checking unresolved references to org.codehaus.mojo.signature:java17:1.0
[INFO] 
[INFO] --- jacoco-maven-plugin:0.8.5:prepare-agent (prepare-agent) @ commons-compress ---
[INFO] argLine set to -javaagent:./.m2/repository/org/jacoco/org.jacoco.agent/0.8.5/org.jacoco.agent-0.8.5-runtime.jar=destfile=./commons-compress/target/jacoco.exec
[INFO] 
[INFO] --- maven-surefire-plugin:2.22.2:test (default-test) @ commons-compress ---
[INFO] 
[INFO] -------------------------------------------------------
[INFO]  T E S T S
[INFO] -------------------------------------------------------
[INFO] Running org.apache.commons.compress.IOMethodsTest
[INFO] Tests run: 10, Failures: 0, Errors: 0, Skipped: 0, Time elapsed: 0.235 s - in org.apache.commons.compress.IOMethodsTest
[INFO] Running org.apache.commons.compress.ArchiveReadTest
[INFO] Tests run: 18, Failures: 0, Errors: 0, Skipped: 0, Time elapsed: 0.194 s - in org.apache.commons.compress.ArchiveReadTest
[INFO] Running org.apache.commons.compress.changes.ChangeTest
[INFO] Tests run: 3, Failures: 0, Errors: 0, Skipped: 0, Time elapsed: 0.009 s - in org.apache.commons.compress.changes.ChangeTest
[INFO] Running org.apache.commons.compress.changes.ChangeSetTestCase
[INFO] Tests run: 28, Failures: 0, Errors: 0, Skipped: 0, Time elapsed: 0.328 s - in org.apache.commons.compress.changes.ChangeSetTestCase
[INFO] Running org.apache.commons.compress.archivers.TarTestCase
[INFO] Tests run: 10, Failures: 0, Errors: 0, Skipped: 0, Time elapsed: 0.032 s - in org.apache.commons.compress.archivers.TarTestCase
[INFO] Running org.apache.commons.compress.archivers.ArTestCase
[WARNING] Tests run: 8, Failures: 0, Errors: 0, Skipped: 2, Time elapsed: 0.029 s - in org.apache.commons.compress.archivers.ArTestCase
[INFO] Running org.apache.commons.compress.archivers.ArchiveStreamFactoryTest
[INFO] Tests run: 13, Failures: 0, Errors: 0, Skipped: 0, Time elapsed: 0.063 s - in org.apache.commons.compress.archivers.ArchiveStreamFactoryTest
[INFO] Running org.apache.commons.compress.archivers.CpioTestCase
[INFO] Tests run: 6, Failures: 0, Errors: 0, Skipped: 0, Time elapsed: 0.028 s - in org.apache.commons.compress.archivers.CpioTestCase
[INFO] Running org.apache.commons.compress.archivers.ArchiveOutputStreamTest
[INFO] Tests run: 7, Failures: 0, Errors: 0, Skipped: 0, Time elapsed: 0.026 s - in org.apache.commons.compress.archivers.ArchiveOutputStreamTest
[INFO] Running org.apache.commons.compress.archivers.dump.DumpArchiveUtilTest
[INFO] Tests run: 3, Failures: 0, Errors: 0, Skipped: 0, Time elapsed: 0 s - in org.apache.commons.compress.archivers.dump.DumpArchiveUtilTest
[INFO] Running org.apache.commons.compress.archivers.dump.DumpArchiveEntryTest
[INFO] Tests run: 2, Failures: 0, Errors: 0, Skipped: 0, Time elapsed: 0.005 s - in org.apache.commons.compress.archivers.dump.DumpArchiveEntryTest
[INFO] Running org.apache.commons.compress.archivers.dump.DumpArchiveInputStreamTest
[INFO] Tests run: 5, Failures: 0, Errors: 0, Skipped: 0, Time elapsed: 0.015 s - in org.apache.commons.compress.archivers.dump.DumpArchiveInputStreamTest
[INFO] Running org.apache.commons.compress.archivers.memory.MemoryArchiveTestCase
[INFO] Tests run: 1, Failures: 0, Errors: 0, Skipped: 0, Time elapsed: 0 s - in org.apache.commons.compress.archivers.memory.MemoryArchiveTestCase
[INFO] Running org.apache.commons.compress.archivers.DumpTestCase
[INFO] Tests run: 6, Failures: 0, Errors: 0, Skipped: 0, Time elapsed: 0.049 s - in org.apache.commons.compress.archivers.DumpTestCase
[INFO] Running org.apache.commons.compress.archivers.ArchiveServiceLoaderTest
[INFO] Tests run: 2, Failures: 0, Errors: 0, Skipped: 0, Time elapsed: 0.025 s - in org.apache.commons.compress.archivers.ArchiveServiceLoaderTest
[INFO] Running org.apache.commons.compress.archivers.jar.JarMarkerTest
[INFO] Tests run: 1, Failures: 0, Errors: 0, Skipped: 0, Time elapsed: 0.004 s - in org.apache.commons.compress.archivers.jar.JarMarkerTest
[INFO] Running org.apache.commons.compress.archivers.jar.JarArchiveOutputStreamTest
[INFO] Tests run: 1, Failures: 0, Errors: 0, Skipped: 0, Time elapsed: 0.013 s - in org.apache.commons.compress.archivers.jar.JarArchiveOutputStreamTest
[INFO] Running org.apache.commons.compress.archivers.ExceptionMessageTest
[INFO] Tests run: 4, Failures: 0, Errors: 0, Skipped: 0, Time elapsed: 0.001 s - in org.apache.commons.compress.archivers.ExceptionMessageTest
[INFO] Running org.apache.commons.compress.archivers.LongSymLinkTest
[INFO] Tests run: 1, Failures: 0, Errors: 0, Skipped: 0, Time elapsed: 0.005 s - in org.apache.commons.compress.archivers.LongSymLinkTest
[INFO] Running org.apache.commons.compress.archivers.LongPathTest
[INFO] Tests run: 24, Failures: 0, Errors: 0, Skipped: 0, Time elapsed: 0.27 s - in org.apache.commons.compress.archivers.LongPathTest
[INFO] Running org.apache.commons.compress.archivers.sevenz.SevenZFileTest
[INFO] Tests run: 35, Failures: 0, Errors: 0, Skipped: 0, Time elapsed: 56.161 s - in org.apache.commons.compress.archivers.sevenz.SevenZFileTest
[INFO] Running org.apache.commons.compress.archivers.sevenz.FolderTest
[INFO] Tests run: 4, Failures: 0, Errors: 0, Skipped: 0, Time elapsed: 0 s - in org.apache.commons.compress.archivers.sevenz.FolderTest
[INFO] Running org.apache.commons.compress.archivers.sevenz.SevenZMethodConfigurationTest
[INFO] Tests run: 9, Failures: 0, Errors: 0, Skipped: 0, Time elapsed: 0.006 s - in org.apache.commons.compress.archivers.sevenz.SevenZMethodConfigurationTest
[INFO] Running org.apache.commons.compress.archivers.sevenz.AES256SHA256DecoderTest
[INFO] Tests run: 1, Failures: 0, Errors: 0, Skipped: 0, Time elapsed: 0.001 s - in org.apache.commons.compress.archivers.sevenz.AES256SHA256DecoderTest
[INFO] Running org.apache.commons.compress.archivers.sevenz.SevenZArchiveEntryTest
[INFO] Tests run: 8, Failures: 0, Errors: 0, Skipped: 0, Time elapsed: 0 s - in org.apache.commons.compress.archivers.sevenz.SevenZArchiveEntryTest
[INFO] Running org.apache.commons.compress.archivers.sevenz.CoverageTest
Analysing /dev/null/not-there
[INFO] Tests run: 2, Failures: 0, Errors: 0, Skipped: 0, Time elapsed: 0.009 s - in org.apache.commons.compress.archivers.sevenz.CoverageTest
[INFO] Running org.apache.commons.compress.archivers.sevenz.SevenZNativeHeapTest
[INFO] Tests run: 2, Failures: 0, Errors: 0, Skipped: 0, Time elapsed: 0 s - in org.apache.commons.compress.archivers.sevenz.SevenZNativeHeapTest
[INFO] Running org.apache.commons.compress.archivers.sevenz.SevenZOutputFileTest
[INFO] Tests run: 33, Failures: 0, Errors: 0, Skipped: 0, Time elapsed: 0.533 s - in org.apache.commons.compress.archivers.sevenz.SevenZOutputFileTest
[INFO] Running org.apache.commons.compress.archivers.JarTestCase
[INFO] Tests run: 3, Failures: 0, Errors: 0, Skipped: 0, Time elapsed: 0.02 s - in org.apache.commons.compress.archivers.JarTestCase
[INFO] Running org.apache.commons.compress.archivers.zip.ZipSplitOutputStreamTest
[INFO] Tests run: 5, Failures: 0, Errors: 0, Skipped: 0, Time elapsed: 0.024 s - in org.apache.commons.compress.archivers.zip.ZipSplitOutputStreamTest
[INFO] Running org.apache.commons.compress.archivers.zip.EncryptedArchiveTest
[INFO] Tests run: 2, Failures: 0, Errors: 0, Skipped: 0, Time elapsed: 0.004 s - in org.apache.commons.compress.archivers.zip.EncryptedArchiveTest
[INFO] Running org.apache.commons.compress.archivers.zip.UTF8ZipFilesTest
[INFO] Tests run: 19, Failures: 0, Errors: 0, Skipped: 0, Time elapsed: 0.064 s - in org.apache.commons.compress.archivers.zip.UTF8ZipFilesTest
[INFO] Running org.apache.commons.compress.archivers.zip.ExplodeSupportTest
[INFO] Tests run: 7, Failures: 0, Errors: 0, Skipped: 0, Time elapsed: 0.065 s - in org.apache.commons.compress.archivers.zip.ExplodeSupportTest
[INFO] Running org.apache.commons.compress.archivers.zip.X000A_NTFSTest
[INFO] Tests run: 1, Failures: 0, Errors: 0, Skipped: 0, Time elapsed: 0 s - in org.apache.commons.compress.archivers.zip.X000A_NTFSTest
[INFO] Running org.apache.commons.compress.archivers.zip.BinaryTreeTest
[INFO] Tests run: 2, Failures: 0, Errors: 0, Skipped: 0, Time elapsed: 0.001 s - in org.apache.commons.compress.archivers.zip.BinaryTreeTest
[INFO] Running org.apache.commons.compress.archivers.zip.CircularBufferTest
[INFO] Tests run: 2, Failures: 0, Errors: 0, Skipped: 0, Time elapsed: 0 s - in org.apache.commons.compress.archivers.zip.CircularBufferTest
[INFO] Running org.apache.commons.compress.archivers.zip.ZipShortTest
[INFO] Tests run: 6, Failures: 0, Errors: 0, Skipped: 0, Time elapsed: 0.004 s - in org.apache.commons.compress.archivers.zip.ZipShortTest
[INFO] Running org.apache.commons.compress.archivers.zip.PkWareExtraHeaderTest
[INFO] Tests run: 2, Failures: 0, Errors: 0, Skipped: 0, Time elapsed: 0 s - in org.apache.commons.compress.archivers.zip.PkWareExtraHeaderTest
[INFO] Running org.apache.commons.compress.archivers.zip.NioZipEncodingTest
[INFO] Tests run: 7, Failures: 0, Errors: 0, Skipped: 0, Time elapsed: 0.004 s - in org.apache.commons.compress.archivers.zip.NioZipEncodingTest
[INFO] Running org.apache.commons.compress.archivers.zip.ZipClassCoverageTest
[INFO] Tests run: 3, Failures: 0, Errors: 0, Skipped: 0, Time elapsed: 0.003 s - in org.apache.commons.compress.archivers.zip.ZipClassCoverageTest
[INFO] Running org.apache.commons.compress.archivers.zip.ZipEncodingTest
[INFO] Tests run: 7, Failures: 0, Errors: 0, Skipped: 0, Time elapsed: 0.028 s - in org.apache.commons.compress.archivers.zip.ZipEncodingTest
[INFO] Running org.apache.commons.compress.archivers.zip.ZipUtilTest
[INFO] Tests run: 13, Failures: 0, Errors: 0, Skipped: 0, Time elapsed: 0.009 s - in org.apache.commons.compress.archivers.zip.ZipUtilTest
[INFO] Running org.apache.commons.compress.archivers.zip.ParallelScatterZipCreatorTest
[INFO] Tests run: 7, Failures: 0, Errors: 0, Skipped: 0, Time elapsed: 1.858 s - in org.apache.commons.compress.archivers.zip.ParallelScatterZipCreatorTest
[INFO] Running org.apache.commons.compress.archivers.zip.Zip64ExtendedInformationExtraFieldTest
[INFO] Tests run: 12, Failures: 0, Errors: 0, Skipped: 0, Time elapsed: 0.001 s - in org.apache.commons.compress.archivers.zip.Zip64ExtendedInformationExtraFieldTest
[INFO] Running org.apache.commons.compress.archivers.zip.ExtraFieldUtilsTest
[INFO] Tests run: 7, Failures: 0, Errors: 0, Skipped: 0, Time elapsed: 0.008 s - in org.apache.commons.compress.archivers.zip.ExtraFieldUtilsTest
[INFO] Running org.apache.commons.compress.archivers.zip.ZipFileTest
[INFO] Tests run: 42, Failures: 0, Errors: 0, Skipped: 0, Time elapsed: 0.191 s - in org.apache.commons.compress.archivers.zip.ZipFileTest
[INFO] Running org.apache.commons.compress.archivers.zip.X5455_ExtendedTimestampTest
[INFO] Tests run: 8, Failures: 0, Errors: 0, Skipped: 0, Time elapsed: 0.023 s - in org.apache.commons.compress.archivers.zip.X5455_ExtendedTimestampTest
[INFO] Running org.apache.commons.compress.archivers.zip.AsiExtraFieldTest
[INFO] Tests run: 4, Failures: 0, Errors: 0, Skipped: 0, Time elapsed: 0 s - in org.apache.commons.compress.archivers.zip.AsiExtraFieldTest
[INFO] Running org.apache.commons.compress.archivers.zip.Maven221MultiVolumeTest
[INFO] Tests run: 2, Failures: 0, Errors: 0, Skipped: 0, Time elapsed: 0.269 s - in org.apache.commons.compress.archivers.zip.Maven221MultiVolumeTest
[INFO] Running org.apache.commons.compress.archivers.zip.ZipLongTest
[INFO] Tests run: 6, Failures: 0, Errors: 0, Skipped: 0, Time elapsed: 0 s - in org.apache.commons.compress.archivers.zip.ZipLongTest
[INFO] Running org.apache.commons.compress.archivers.zip.GeneralPurposeBitTest
[INFO] Tests run: 7, Failures: 0, Errors: 0, Skipped: 0, Time elapsed: 0.01 s - in org.apache.commons.compress.archivers.zip.GeneralPurposeBitTest
[INFO] Running org.apache.commons.compress.archivers.zip.ScatterZipOutputStreamTest
[INFO] Tests run: 1, Failures: 0, Errors: 0, Skipped: 0, Time elapsed: 0.004 s - in org.apache.commons.compress.archivers.zip.ScatterZipOutputStreamTest
[INFO] Running org.apache.commons.compress.archivers.zip.BitStreamTest
[INFO] Tests run: 5, Failures: 0, Errors: 0, Skipped: 0, Time elapsed: 0.003 s - in org.apache.commons.compress.archivers.zip.BitStreamTest
[INFO] Running org.apache.commons.compress.archivers.zip.DataDescriptorTest
[INFO] Tests run: 3, Failures: 0, Errors: 0, Skipped: 0, Time elapsed: 0.008 s - in org.apache.commons.compress.archivers.zip.DataDescriptorTest
[INFO] Running org.apache.commons.compress.archivers.zip.StreamCompressorTest
[INFO] Tests run: 3, Failures: 0, Errors: 0, Skipped: 0, Time elapsed: 0.006 s - in org.apache.commons.compress.archivers.zip.StreamCompressorTest
[INFO] Running org.apache.commons.compress.archivers.zip.X7875_NewUnixTest
[INFO] Tests run: 5, Failures: 0, Errors: 0, Skipped: 0, Time elapsed: 0.001 s - in org.apache.commons.compress.archivers.zip.X7875_NewUnixTest
[INFO] Running org.apache.commons.compress.archivers.zip.ZipArchiveInputStreamTest
[INFO] Tests run: 43, Failures: 0, Errors: 0, Skipped: 0, Time elapsed: 0.78 s - in org.apache.commons.compress.archivers.zip.ZipArchiveInputStreamTest
[INFO] Running org.apache.commons.compress.archivers.zip.ZipArchiveEntryTest
[INFO] Tests run: 17, Failures: 0, Errors: 0, Skipped: 0, Time elapsed: 0.017 s - in org.apache.commons.compress.archivers.zip.ZipArchiveEntryTest
[INFO] Running org.apache.commons.compress.archivers.zip.ZipFileIgnoringLocalFileHeaderTest
[INFO] Tests run: 5, Failures: 0, Errors: 0, Skipped: 0, Time elapsed: 0.011 s - in org.apache.commons.compress.archivers.zip.ZipFileIgnoringLocalFileHeaderTest
[INFO] Running org.apache.commons.compress.archivers.zip.ScatterSampleTest
[INFO] Tests run: 1, Failures: 0, Errors: 0, Skipped: 0, Time elapsed: 0.013 s - in org.apache.commons.compress.archivers.zip.ScatterSampleTest
[INFO] Running org.apache.commons.compress.archivers.zip.ZipEightByteIntegerTest
[INFO] Tests run: 6, Failures: 0, Errors: 0, Skipped: 0, Time elapsed: 0.005 s - in org.apache.commons.compress.archivers.zip.ZipEightByteIntegerTest
[INFO] Running org.apache.commons.compress.archivers.examples.ParameterizedExpanderTest
[INFO] Tests run: 18, Failures: 0, Errors: 0, Skipped: 0, Time elapsed: 0.117 s - in org.apache.commons.compress.archivers.examples.ParameterizedExpanderTest
[INFO] Running org.apache.commons.compress.archivers.examples.SevenZArchiverTest
[INFO] Tests run: 4, Failures: 0, Errors: 0, Skipped: 0, Time elapsed: 0.079 s - in org.apache.commons.compress.archivers.examples.SevenZArchiverTest
[INFO] Running org.apache.commons.compress.archivers.examples.ParameterizedArchiverTest
[INFO] Tests run: 12, Failures: 0, Errors: 0, Skipped: 0, Time elapsed: 0.08 s - in org.apache.commons.compress.archivers.examples.ParameterizedArchiverTest
[INFO] Running org.apache.commons.compress.archivers.examples.ExpanderTest
[INFO] Tests run: 10, Failures: 0, Errors: 0, Skipped: 0, Time elapsed: 0.253 s - in org.apache.commons.compress.archivers.examples.ExpanderTest
[INFO] Running org.apache.commons.compress.archivers.ZipTestCase
[INFO] Tests run: 25, Failures: 0, Errors: 0, Skipped: 0, Time elapsed: 0.867 s - in org.apache.commons.compress.archivers.ZipTestCase
[INFO] Running org.apache.commons.compress.archivers.ar.ArArchiveInputStreamTest
[INFO] Tests run: 7, Failures: 0, Errors: 0, Skipped: 0, Time elapsed: 0.008 s - in org.apache.commons.compress.archivers.ar.ArArchiveInputStreamTest
[INFO] Running org.apache.commons.compress.archivers.ar.ArArchiveOutputStreamTest
[INFO] Tests run: 2, Failures: 0, Errors: 0, Skipped: 0, Time elapsed: 0.011 s - in org.apache.commons.compress.archivers.ar.ArArchiveOutputStreamTest
[INFO] Running org.apache.commons.compress.archivers.SevenZTestCase
[INFO] Tests run: 16, Failures: 0, Errors: 0, Skipped: 0, Time elapsed: 0.531 s - in org.apache.commons.compress.archivers.SevenZTestCase
[INFO] Running org.apache.commons.compress.archivers.arj.CoverageTest
[INFO] Tests run: 3, Failures: 0, Errors: 0, Skipped: 0, Time elapsed: 0.002 s - in org.apache.commons.compress.archivers.arj.CoverageTest
[INFO] Running org.apache.commons.compress.archivers.arj.ArjArchiveInputStreamTest
[INFO] Tests run: 5, Failures: 0, Errors: 0, Skipped: 0, Time elapsed: 0.014 s - in org.apache.commons.compress.archivers.arj.ArjArchiveInputStreamTest
[INFO] Running org.apache.commons.compress.archivers.tar.TarMemoryFileSystemTest
[INFO] Tests run: 3, Failures: 0, Errors: 0, Skipped: 0, Time elapsed: 0.12 s - in org.apache.commons.compress.archivers.tar.TarMemoryFileSystemTest
[INFO] Running org.apache.commons.compress.archivers.tar.TarArchiveEntryTest
[WARNING] Tests run: 13, Failures: 0, Errors: 0, Skipped: 5, Time elapsed: 0.015 s - in org.apache.commons.compress.archivers.tar.TarArchiveEntryTest
[INFO] Running org.apache.commons.compress.archivers.tar.TarArchiveOutputStreamTest
[INFO] Tests run: 31, Failures: 0, Errors: 0, Skipped: 0, Time elapsed: 2.053 s - in org.apache.commons.compress.archivers.tar.TarArchiveOutputStreamTest
[INFO] Running org.apache.commons.compress.archivers.tar.TarArchiveInputStreamTest
[INFO] Tests run: 26, Failures: 0, Errors: 0, Skipped: 0, Time elapsed: 0.118 s - in org.apache.commons.compress.archivers.tar.TarArchiveInputStreamTest
[INFO] Running org.apache.commons.compress.archivers.tar.TarUtilsTest
[INFO] Tests run: 18, Failures: 0, Errors: 0, Skipped: 0, Time elapsed: 0.001 s - in org.apache.commons.compress.archivers.tar.TarUtilsTest
[INFO] Running org.apache.commons.compress.archivers.tar.SparseFilesTest
[INFO] Tests run: 6, Failures: 0, Errors: 0, Skipped: 0, Time elapsed: 0.15 s - in org.apache.commons.compress.archivers.tar.SparseFilesTest
[INFO] Running org.apache.commons.compress.archivers.cpio.CpioArchiveOutputStreamTest
[INFO] Tests run: 1, Failures: 0, Errors: 0, Skipped: 0, Time elapsed: 0 s - in org.apache.commons.compress.archivers.cpio.CpioArchiveOutputStreamTest
[INFO] Running org.apache.commons.compress.archivers.cpio.CpioArchiveTest
[INFO] Tests run: 4, Failures: 0, Errors: 0, Skipped: 0, Time elapsed: 0.004 s - in org.apache.commons.compress.archivers.cpio.CpioArchiveTest
[INFO] Running org.apache.commons.compress.archivers.cpio.CpioArchiveInputStreamTest
[INFO] Tests run: 5, Failures: 0, Errors: 0, Skipped: 0, Time elapsed: 0.007 s - in org.apache.commons.compress.archivers.cpio.CpioArchiveInputStreamTest
[INFO] Running org.apache.commons.compress.archivers.cpio.CpioUtilTest
[INFO] Tests run: 7, Failures: 0, Errors: 0, Skipped: 0, Time elapsed: 0 s - in org.apache.commons.compress.archivers.cpio.CpioUtilTest
[INFO] Running org.apache.commons.compress.utils.ChecksumVerifyingInputStreamTest
[INFO] Tests run: 3, Failures: 0, Errors: 0, Skipped: 0, Time elapsed: 0 s - in org.apache.commons.compress.utils.ChecksumVerifyingInputStreamTest
[INFO] Running org.apache.commons.compress.utils.ZipSplitReadOnlySeekableByteChannelTest
[INFO] Tests run: 12, Failures: 0, Errors: 0, Skipped: 0, Time elapsed: 0.001 s - in org.apache.commons.compress.utils.ZipSplitReadOnlySeekableByteChannelTest
[INFO] Running org.apache.commons.compress.utils.SeekableInMemoryByteChannelTest
[WARNING] Tests run: 27, Failures: 0, Errors: 0, Skipped: 3, Time elapsed: 0.005 s - in org.apache.commons.compress.utils.SeekableInMemoryByteChannelTest
[INFO] Running org.apache.commons.compress.utils.FixedLengthBlockOutputStreamTest
[INFO] Tests run: 9, Failures: 0, Errors: 0, Skipped: 0, Time elapsed: 0.151 s - in org.apache.commons.compress.utils.FixedLengthBlockOutputStreamTest
[INFO] Running org.apache.commons.compress.utils.ChecksumCalculatingInputStreamTest
[INFO] Tests run: 7, Failures: 0, Errors: 0, Skipped: 0, Time elapsed: 0.002 s - in org.apache.commons.compress.utils.ChecksumCalculatingInputStreamTest
[INFO] Running org.apache.commons.compress.utils.IOUtilsTest
[INFO] Tests run: 6, Failures: 0, Errors: 0, Skipped: 0, Time elapsed: 0.004 s - in org.apache.commons.compress.utils.IOUtilsTest
[INFO] Running org.apache.commons.compress.utils.SkipShieldingInputStreamTest
[INFO] Tests run: 3, Failures: 0, Errors: 0, Skipped: 0, Time elapsed: 0.003 s - in org.apache.commons.compress.utils.SkipShieldingInputStreamTest
[INFO] Running org.apache.commons.compress.utils.FileNameUtilsTest
[INFO] Tests run: 4, Failures: 0, Errors: 0, Skipped: 0, Time elapsed: 0.003 s - in org.apache.commons.compress.utils.FileNameUtilsTest
[INFO] Running org.apache.commons.compress.utils.CountingStreamTest
[INFO] Tests run: 2, Failures: 0, Errors: 0, Skipped: 0, Time elapsed: 0.002 s - in org.apache.commons.compress.utils.CountingStreamTest
[INFO] Running org.apache.commons.compress.utils.MultiReadOnlySeekableByteChannelTest
[WARNING] Tests run: 19, Failures: 0, Errors: 0, Skipped: 1, Time elapsed: 0.063 s - in org.apache.commons.compress.utils.MultiReadOnlySeekableByteChannelTest
[INFO] Running org.apache.commons.compress.utils.ByteUtilsTest
[INFO] Tests run: 26, Failures: 0, Errors: 0, Skipped: 0, Time elapsed: 0.013 s - in org.apache.commons.compress.utils.ByteUtilsTest
[INFO] Running org.apache.commons.compress.utils.BitInputStreamTest
[INFO] Tests run: 18, Failures: 0, Errors: 0, Skipped: 0, Time elapsed: 0.003 s - in org.apache.commons.compress.utils.BitInputStreamTest
[INFO] Running org.apache.commons.compress.utils.ServiceLoaderIteratorTest
[INFO] Tests run: 3, Failures: 0, Errors: 0, Skipped: 0, Time elapsed: 0 s - in org.apache.commons.compress.utils.ServiceLoaderIteratorTest
[INFO] Running org.apache.commons.compress.utils.CharsetsTest
[INFO] Tests run: 1, Failures: 0, Errors: 0, Skipped: 0, Time elapsed: 0.002 s - in org.apache.commons.compress.utils.CharsetsTest
[INFO] Running org.apache.commons.compress.compressors.DetectCompressorTestCase
[INFO] Tests run: 8, Failures: 0, Errors: 0, Skipped: 0, Time elapsed: 0.076 s - in org.apache.commons.compress.compressors.DetectCompressorTestCase
[INFO] Running org.apache.commons.compress.compressors.deflate64.Deflate64BugsTest
[INFO] Tests run: 1, Failures: 0, Errors: 0, Skipped: 0, Time elapsed: 0.008 s - in org.apache.commons.compress.compressors.deflate64.Deflate64BugsTest
[INFO] Running org.apache.commons.compress.compressors.deflate64.HuffmanDecoderTest
[INFO] Tests run: 7, Failures: 0, Errors: 0, Skipped: 0, Time elapsed: 0.002 s - in org.apache.commons.compress.compressors.deflate64.HuffmanDecoderTest
[INFO] Running org.apache.commons.compress.compressors.deflate64.Deflate64CompressorInputStreamTest
[INFO] Tests run: 17, Failures: 0, Errors: 0, Skipped: 0, Time elapsed: 0.202 s - in org.apache.commons.compress.compressors.deflate64.Deflate64CompressorInputStreamTest
[INFO] Running org.apache.commons.compress.compressors.CompressorServiceLoaderTest
[INFO] Tests run: 2, Failures: 0, Errors: 0, Skipped: 0, Time elapsed: 0.001 s - in org.apache.commons.compress.compressors.CompressorServiceLoaderTest
[INFO] Running org.apache.commons.compress.compressors.GzipUtilsTestCase
[INFO] Tests run: 3, Failures: 0, Errors: 0, Skipped: 0, Time elapsed: 0.002 s - in org.apache.commons.compress.compressors.GzipUtilsTestCase
[INFO] Running org.apache.commons.compress.compressors.XZTestCase
XZTestCase: HeapMax=3817865216 bytes 3641.0 MB
[INFO] Tests run: 4, Failures: 0, Errors: 0, Skipped: 0, Time elapsed: 0.029 s - in org.apache.commons.compress.compressors.XZTestCase
[INFO] Running org.apache.commons.compress.compressors.FramedSnappyTestCase
[INFO] Tests run: 5, Failures: 0, Errors: 0, Skipped: 0, Time elapsed: 0.869 s - in org.apache.commons.compress.compressors.FramedSnappyTestCase
[INFO] Running org.apache.commons.compress.compressors.brotli.BrotliCompressorInputStreamTest
[INFO] Tests run: 10, Failures: 0, Errors: 0, Skipped: 0, Time elapsed: 0.067 s - in org.apache.commons.compress.compressors.brotli.BrotliCompressorInputStreamTest
[INFO] Running org.apache.commons.compress.compressors.lz4.FramedLZ4CompressorRoundtripTest
[INFO] Tests run: 24, Failures: 0, Errors: 0, Skipped: 0, Time elapsed: 2.367 s - in org.apache.commons.compress.compressors.lz4.FramedLZ4CompressorRoundtripTest
[INFO] Running org.apache.commons.compress.compressors.lz4.BlockLZ4CompressorInputStreamTest
[INFO] Tests run: 3, Failures: 0, Errors: 0, Skipped: 0, Time elapsed: 0.008 s - in org.apache.commons.compress.compressors.lz4.BlockLZ4CompressorInputStreamTest
[INFO] Running org.apache.commons.compress.compressors.lz4.BlockLZ4CompressorOutputStreamTest
[WARNING] Tests run: 20, Failures: 0, Errors: 0, Skipped: 2, Time elapsed: 0.023 s - in org.apache.commons.compress.compressors.lz4.BlockLZ4CompressorOutputStreamTest
[INFO] Running org.apache.commons.compress.compressors.lz4.FactoryTest
[INFO] Tests run: 2, Failures: 0, Errors: 0, Skipped: 0, Time elapsed: 0.016 s - in org.apache.commons.compress.compressors.lz4.FactoryTest
[INFO] Running org.apache.commons.compress.compressors.lz4.FramedLZ4CompressorInputStreamTest
[INFO] Tests run: 39, Failures: 0, Errors: 0, Skipped: 0, Time elapsed: 0.05 s - in org.apache.commons.compress.compressors.lz4.FramedLZ4CompressorInputStreamTest
[INFO] Running org.apache.commons.compress.compressors.lz4.BlockLZ4CompressorRoundtripTest
[INFO] Tests run: 9, Failures: 0, Errors: 0, Skipped: 0, Time elapsed: 1.311 s - in org.apache.commons.compress.compressors.lz4.BlockLZ4CompressorRoundtripTest
[INFO] Running org.apache.commons.compress.compressors.lz4.XXHash32Test
[INFO] Tests run: 3, Failures: 0, Errors: 0, Skipped: 0, Time elapsed: 0.015 s - in org.apache.commons.compress.compressors.lz4.XXHash32Test
[INFO] Running org.apache.commons.compress.compressors.z.ZCompressorInputStreamTest
[INFO] Tests run: 3, Failures: 0, Errors: 0, Skipped: 0, Time elapsed: 0.006 s - in org.apache.commons.compress.compressors.z.ZCompressorInputStreamTest
[INFO] Running org.apache.commons.compress.compressors.xz.XZUtilsTestCase
[INFO] Tests run: 7, Failures: 0, Errors: 0, Skipped: 0, Time elapsed: 0.001 s - in org.apache.commons.compress.compressors.xz.XZUtilsTestCase
[INFO] Running org.apache.commons.compress.compressors.xz.XZCompressorInputStreamTest
[INFO] Tests run: 5, Failures: 0, Errors: 0, Skipped: 0, Time elapsed: 0.007 s - in org.apache.commons.compress.compressors.xz.XZCompressorInputStreamTest
[INFO] Running org.apache.commons.compress.compressors.xz.XZCompressorOutputStreamTest
[INFO] Tests run: 1, Failures: 0, Errors: 0, Skipped: 0, Time elapsed: 0.007 s - in org.apache.commons.compress.compressors.xz.XZCompressorOutputStreamTest
[INFO] Running org.apache.commons.compress.compressors.snappy.SnappyRoundtripTest
[INFO] Tests run: 7, Failures: 0, Errors: 0, Skipped: 0, Time elapsed: 2.806 s - in org.apache.commons.compress.compressors.snappy.SnappyRoundtripTest
[INFO] Running org.apache.commons.compress.compressors.snappy.FramedSnappyCompressorInputStreamTest
[INFO] Tests run: 10, Failures: 0, Errors: 0, Skipped: 0, Time elapsed: 0.379 s - in org.apache.commons.compress.compressors.snappy.FramedSnappyCompressorInputStreamTest
[INFO] Running org.apache.commons.compress.compressors.GZipTestCase
[INFO] Tests run: 15, Failures: 0, Errors: 0, Skipped: 0, Time elapsed: 0.015 s - in org.apache.commons.compress.compressors.GZipTestCase
[INFO] Running org.apache.commons.compress.compressors.Pack200TestCase
[INFO] Tests run: 15, Failures: 0, Errors: 0, Skipped: 0, Time elapsed: 0.12 s - in org.apache.commons.compress.compressors.Pack200TestCase
[INFO] Running org.apache.commons.compress.compressors.BZip2UtilsTestCase
[INFO] Tests run: 3, Failures: 0, Errors: 0, Skipped: 0, Time elapsed: 0.001 s - in org.apache.commons.compress.compressors.BZip2UtilsTestCase
[INFO] Running org.apache.commons.compress.compressors.pack200.Pack200UtilsTest
[INFO] Tests run: 2, Failures: 0, Errors: 0, Skipped: 0, Time elapsed: 0.035 s - in org.apache.commons.compress.compressors.pack200.Pack200UtilsTest
[INFO] Running org.apache.commons.compress.compressors.DeflateTestCase
[INFO] Tests run: 4, Failures: 0, Errors: 0, Skipped: 0, Time elapsed: 0.011 s - in org.apache.commons.compress.compressors.DeflateTestCase
[INFO] Running org.apache.commons.compress.compressors.ZTestCase
[INFO] Tests run: 4, Failures: 0, Errors: 0, Skipped: 0, Time elapsed: 0.018 s - in org.apache.commons.compress.compressors.ZTestCase
[INFO] Running org.apache.commons.compress.compressors.deflate.DeflateParametersTest
[INFO] Tests run: 3, Failures: 0, Errors: 0, Skipped: 0, Time elapsed: 0.003 s - in org.apache.commons.compress.compressors.deflate.DeflateParametersTest
[INFO] Running org.apache.commons.compress.compressors.deflate.DeflateCompressorInputStreamTest
[INFO] Tests run: 5, Failures: 0, Errors: 0, Skipped: 0, Time elapsed: 0.005 s - in org.apache.commons.compress.compressors.deflate.DeflateCompressorInputStreamTest
[INFO] Running org.apache.commons.compress.compressors.deflate.DeflateCompressorOutputStreamTest
[INFO] Tests run: 1, Failures: 0, Errors: 0, Skipped: 0, Time elapsed: 0 s - in org.apache.commons.compress.compressors.deflate.DeflateCompressorOutputStreamTest
[INFO] Running org.apache.commons.compress.compressors.CompressorStreamFactoryRoundtripTest
[INFO] Tests run: 4, Failures: 0, Errors: 0, Skipped: 0, Time elapsed: 0.028 s - in org.apache.commons.compress.compressors.CompressorStreamFactoryRoundtripTest
[INFO] Running org.apache.commons.compress.compressors.zstandard.ZstdRoundtripTest
[INFO] Tests run: 5, Failures: 0, Errors: 0, Skipped: 0, Time elapsed: 0.019 s - in org.apache.commons.compress.compressors.zstandard.ZstdRoundtripTest
[INFO] Running org.apache.commons.compress.compressors.zstandard.ZstdCompressorInputStreamTest
[INFO] Tests run: 9, Failures: 0, Errors: 0, Skipped: 0, Time elapsed: 0.009 s - in org.apache.commons.compress.compressors.zstandard.ZstdCompressorInputStreamTest
[INFO] Running org.apache.commons.compress.compressors.zstandard.ZstdUtilsTest
[INFO] Tests run: 2, Failures: 0, Errors: 0, Skipped: 0, Time elapsed: 0 s - in org.apache.commons.compress.compressors.zstandard.ZstdUtilsTest
[INFO] Running org.apache.commons.compress.compressors.lz77support.LZ77CompressorTest
[INFO] Tests run: 14, Failures: 0, Errors: 0, Skipped: 0, Time elapsed: 0.01 s - in org.apache.commons.compress.compressors.lz77support.LZ77CompressorTest
[INFO] Running org.apache.commons.compress.compressors.lz77support.AbstractLZ77CompressorInputStreamTest
[INFO] Tests run: 3, Failures: 0, Errors: 0, Skipped: 0, Time elapsed: 0 s - in org.apache.commons.compress.compressors.lz77support.AbstractLZ77CompressorInputStreamTest
[INFO] Running org.apache.commons.compress.compressors.lz77support.ParametersTest
[INFO] Tests run: 14, Failures: 0, Errors: 0, Skipped: 0, Time elapsed: 0.004 s - in org.apache.commons.compress.compressors.lz77support.ParametersTest
[INFO] Running org.apache.commons.compress.compressors.lzma.LZMAUtilsTestCase
[INFO] Tests run: 7, Failures: 0, Errors: 0, Skipped: 0, Time elapsed: 0.003 s - in org.apache.commons.compress.compressors.lzma.LZMAUtilsTestCase
[INFO] Running org.apache.commons.compress.compressors.LZMATestCase
[INFO] Tests run: 5, Failures: 0, Errors: 0, Skipped: 0, Time elapsed: 0.026 s - in org.apache.commons.compress.compressors.LZMATestCase
[INFO] Running org.apache.commons.compress.compressors.bzip2.BZip2CompressorInputStreamTest
[INFO] Tests run: 6, Failures: 0, Errors: 0, Skipped: 0, Time elapsed: 0.759 s - in org.apache.commons.compress.compressors.bzip2.BZip2CompressorInputStreamTest
[INFO] Running org.apache.commons.compress.compressors.bzip2.BlockSortTest
[INFO] Tests run: 7, Failures: 0, Errors: 0, Skipped: 0, Time elapsed: 0.007 s - in org.apache.commons.compress.compressors.bzip2.BlockSortTest
[INFO] Running org.apache.commons.compress.compressors.bzip2.BZip2NSelectorsOverflowTest
[INFO] Tests run: 1, Failures: 0, Errors: 0, Skipped: 0, Time elapsed: 0.018 s - in org.apache.commons.compress.compressors.bzip2.BZip2NSelectorsOverflowTest
[INFO] Running org.apache.commons.compress.compressors.bzip2.PythonTruncatedBzip2Test
Attempt to read the whole thing in, should throw ...
[INFO] Tests run: 2, Failures: 0, Errors: 0, Skipped: 0, Time elapsed: 0.01 s - in org.apache.commons.compress.compressors.bzip2.PythonTruncatedBzip2Test
[INFO] Running org.apache.commons.compress.compressors.BZip2TestCase
[INFO] Tests run: 5, Failures: 0, Errors: 0, Skipped: 0, Time elapsed: 0.015 s - in org.apache.commons.compress.compressors.BZip2TestCase
[INFO] Running org.apache.commons.compress.ChainingTestCase
[INFO] Tests run: 2, Failures: 0, Errors: 0, Skipped: 0, Time elapsed: 0.008 s - in org.apache.commons.compress.ChainingTestCase
[INFO] Running org.apache.commons.compress.ArchiveUtilsTest
[INFO] Tests run: 11, Failures: 0, Errors: 0, Skipped: 0, Time elapsed: 0.013 s - in org.apache.commons.compress.ArchiveUtilsTest
[INFO] Running org.apache.commons.compress.DetectArchiverTestCase
[INFO] Tests run: 7, Failures: 0, Errors: 0, Skipped: 0, Time elapsed: 0.011 s - in org.apache.commons.compress.DetectArchiverTestCase
[INFO] Running org.apache.commons.compress.OsgiITest
[org.ops4j.pax.swissbox.extender.BundleWatcher] : Creating bundle watcher with scanner [org.ops4j.pax.swissbox.extender.BundleManifestScanner@1c58d7f0]...
[org.ops4j.pax.swissbox.extender.BundleWatcher] : Scanning bundle [org.apache.felix.framework]
[org.ops4j.pax.swissbox.extender.BundleWatcher] : Scanning bundle [org.ops4j.pax.exam]
[org.ops4j.pax.swissbox.extender.BundleWatcher] : Scanning bundle [org.ops4j.pax.exam.inject]
[org.ops4j.pax.swissbox.extender.BundleWatcher] : Scanning bundle [org.ops4j.pax.exam.extender.service]
[org.ops4j.pax.swissbox.extender.BundleWatcher] : Scanning bundle [osgi.cmpn]
org.ops4j.pax.logging.pax-logging-api[org.ops4j.pax.logging.internal.Activator] : Enabling SLF4J API support.
org.ops4j.pax.logging.pax-logging-api[org.ops4j.pax.logging.internal.Activator] : Enabling Jakarta Commons Logging API support.
org.ops4j.pax.logging.pax-logging-api[org.ops4j.pax.logging.internal.Activator] : Enabling Log4J API support.
org.ops4j.pax.logging.pax-logging-api[org.ops4j.pax.logging.internal.Activator] : Enabling Avalon Logger API support.
org.ops4j.pax.logging.pax-logging-api[org.ops4j.pax.logging.internal.Activator] : Enabling JULI Logger API support.
org.ops4j.pax.logging.pax-logging-api[org.ops4j.pax.logging.internal.Activator] : Enabling Log4J v2 API support. Ignored FQCN: org.apache.logging.log4j.spi.AbstractLogger
org.ops4j.pax.logging.pax-logging-api[org.ops4j.pax.swissbox.extender.BundleWatcher] : Scanning bundle [org.ops4j.pax.logging.pax-logging-api]
org.ops4j.pax.logging.pax-logging-api[org.ops4j.pax.swissbox.extender.BundleWatcher] : Scanning bundle [org.ops4j.base]
org.ops4j.pax.logging.pax-logging-api[org.ops4j.pax.swissbox.extender.BundleWatcher] : Scanning bundle [org.ops4j.pax.swissbox.core]
org.ops4j.pax.logging.pax-logging-api[org.ops4j.pax.swissbox.extender.BundleWatcher] : Scanning bundle [org.ops4j.pax.swissbox.extender]
org.ops4j.pax.logging.pax-logging-api[org.ops4j.pax.swissbox.extender.BundleWatcher] : Scanning bundle [org.ops4j.pax.swissbox.framework]
org.ops4j.pax.logging.pax-logging-api[org.ops4j.pax.swissbox.extender.BundleWatcher] : Scanning bundle [org.ops4j.pax.swissbox.lifecycle]
org.ops4j.pax.logging.pax-logging-api[org.ops4j.pax.swissbox.extender.BundleWatcher] : Scanning bundle [org.ops4j.pax.swissbox.tracker]
org.ops4j.pax.logging.pax-logging-api[org.ops4j.pax.swissbox.extender.BundleWatcher] : Scanning bundle [org.apache.geronimo.specs.geronimo-atinject_1.0_spec]
org.ops4j.pax.logging.pax-logging-api[org.ops4j.pax.swissbox.extender.BundleWatcher] : Scanning bundle [org.apache.felix.scr]
org.ops4j.pax.logging.pax-logging-api[org.ops4j.pax.swissbox.extender.BundleWatcher] : Scanning bundle [org.apache.felix.configadmin]
org.ops4j.pax.logging.pax-logging-api[org.ops4j.pax.swissbox.extender.BundleWatcher] : Scanning bundle [org.ops4j.pax.tipi.junit]
org.ops4j.pax.logging.pax-logging-api[org.ops4j.pax.swissbox.extender.BundleWatcher] : Scanning bundle [org.ops4j.pax.exam.invoker.junit]
org.ops4j.pax.logging.pax-logging-api[org.ops4j.pax.swissbox.extender.BundleWatcher] : Scanning bundle [org.apache.servicemix.bundles.hamcrest]
org.ops4j.pax.logging.pax-logging-api[org.ops4j.pax.swissbox.extender.BundleWatcher] : Scanning bundle [org.apache.commons.commons-compress]
org.ops4j.pax.logging.pax-logging-api[org.ops4j.pax.swissbox.extender.BundleWatcher] : Scanning bundle [PAXEXAM-PROBE-8fdcff65-8f12-4c52-9538-1968e6391f35]
org.ops4j.pax.logging.pax-logging-api[org.ops4j.pax.swissbox.extender.BundleWatcher] : Found resources [ManifestEntry{ key=PaxExam-Executable, value=PaxExam-d0731b32-1ecf-47ec-9b1d-5786f6b4cd07, }, ManifestEntry{ key=PaxExam-d0731b32-1ecf-47ec-9b1d-5786f6b4cd07, value=org.apache.commons.compress.OsgiITest;loadBundle }]
org.ops4j.pax.exam.extender.service[org.ops4j.pax.exam.raw.extender.intern.Probe] : Test PaxExam-Executable to be in PaxExam-d0731b32-1ecf-47ec-9b1d-5786f6b4cd07,
org.ops4j.pax.exam.extender.service[org.ops4j.pax.exam.raw.extender.intern.Probe] : Test PaxExam-d0731b32-1ecf-47ec-9b1d-5786f6b4cd07 to be in PaxExam-d0731b32-1ecf-47ec-9b1d-5786f6b4cd07,
org.ops4j.pax.exam.extender.service[org.ops4j.pax.exam.raw.extender.intern.Probe] : Registering Service: org.ops4j.pax.exam.ProbeInvoker with Probe-Signature="PaxExam-d0731b32-1ecf-47ec-9b1d-5786f6b4cd07" and expression="org.apache.commons.compress.OsgiITest;loadBundle"
org.ops4j.pax.exam.invoker.junit[org.ops4j.pax.exam.invoker.junit.internal.ContainerTestRunner] : running loadBundle in reactor
org.ops4j.pax.logging.pax-logging-api[org.ops4j.pax.swissbox.extender.BundleWatcher] : Releasing bundle [PAXEXAM-PROBE-8fdcff65-8f12-4c52-9538-1968e6391f35]
org.ops4j.pax.logging.pax-logging-api[org.ops4j.pax.swissbox.extender.BundleWatcher] : Un-registering [ManifestEntry{ key=PaxExam-Executable, value=PaxExam-d0731b32-1ecf-47ec-9b1d-5786f6b4cd07, }, ManifestEntry{ key=PaxExam-d0731b32-1ecf-47ec-9b1d-5786f6b4cd07, value=org.apache.commons.compress.OsgiITest;loadBundle }]
org.ops4j.pax.logging.pax-logging-api[org.ops4j.pax.exam.raw.extender.intern.TestBundleObserver] : Unregistered testcase [org.ops4j.pax.exam.raw.extender.intern.Probe@14d668d1.]
org.ops4j.pax.logging.pax-logging-api[org.ops4j.pax.swissbox.extender.BundleWatcher] : Releasing bundle [org.apache.commons.commons-compress]
org.ops4j.pax.logging.pax-logging-api[org.ops4j.pax.swissbox.extender.BundleWatcher] : Releasing bundle [org.apache.servicemix.bundles.hamcrest]
org.ops4j.pax.logging.pax-logging-api[org.ops4j.pax.swissbox.extender.BundleWatcher] : Releasing bundle [org.ops4j.pax.exam.invoker.junit]
org.ops4j.pax.logging.pax-logging-api[org.ops4j.pax.swissbox.extender.BundleWatcher] : Releasing bundle [org.ops4j.pax.tipi.junit]
org.ops4j.pax.logging.pax-logging-api[org.ops4j.pax.swissbox.extender.BundleWatcher] : Releasing bundle [org.apache.felix.configadmin]
org.ops4j.pax.logging.pax-logging-api[org.ops4j.pax.swissbox.extender.BundleWatcher] : Releasing bundle [org.apache.felix.scr]
org.ops4j.pax.logging.pax-logging-api[org.ops4j.pax.swissbox.extender.BundleWatcher] : Releasing bundle [org.apache.geronimo.specs.geronimo-atinject_1.0_spec]
org.ops4j.pax.logging.pax-logging-api[org.ops4j.pax.swissbox.extender.BundleWatcher] : Releasing bundle [org.ops4j.pax.swissbox.tracker]
org.ops4j.pax.logging.pax-logging-api[org.ops4j.pax.swissbox.extender.BundleWatcher] : Releasing bundle [org.ops4j.pax.swissbox.lifecycle]
org.ops4j.pax.logging.pax-logging-api[org.ops4j.pax.swissbox.extender.BundleWatcher] : Releasing bundle [org.ops4j.pax.swissbox.framework]
org.ops4j.pax.logging.pax-logging-api[org.ops4j.pax.swissbox.extender.BundleWatcher] : Releasing bundle [org.ops4j.pax.swissbox.extender]
org.ops4j.pax.logging.pax-logging-api[org.ops4j.pax.swissbox.extender.BundleWatcher] : Releasing bundle [org.ops4j.pax.swissbox.core]
org.ops4j.pax.logging.pax-logging-api[org.ops4j.pax.swissbox.extender.BundleWatcher] : Releasing bundle [org.ops4j.base]
org.ops4j.pax.logging.pax-logging-api[org.ops4j.pax.logging.internal.Activator] : Disabling SLF4J API support.
org.ops4j.pax.logging.pax-logging-api[org.ops4j.pax.logging.internal.Activator] : Disabling Jakarta Commons Logging API support.
org.ops4j.pax.logging.pax-logging-api[org.ops4j.pax.logging.internal.Activator] : Disabling Log4J API support.
org.ops4j.pax.logging.pax-logging-api[org.ops4j.pax.logging.internal.Activator] : Disabling Avalon Logger API support.
org.ops4j.pax.logging.pax-logging-api[org.ops4j.pax.logging.internal.Activator] : Disabling JULI Logger API support.
org.ops4j.pax.logging.pax-logging-api[org.ops4j.pax.logging.internal.Activator] : Disabling Log4J v2 API support. Ignored FQCN: org.apache.logging.log4j.spi.AbstractLogger
org.ops4j.pax.logging.pax-logging-api[org.ops4j.pax.swissbox.extender.BundleWatcher] : Releasing bundle [org.ops4j.pax.logging.pax-logging-api]
org.ops4j.pax.logging.pax-logging-api[org.ops4j.pax.swissbox.extender.BundleWatcher] : Releasing bundle [osgi.cmpn]
org.ops4j.pax.logging.pax-logging-api[org.ops4j.pax.swissbox.extender.BundleWatcher] : Releasing bundle [org.apache.felix.framework]
org.ops4j.pax.logging.pax-logging-api[org.ops4j.pax.swissbox.extender.BundleWatcher] : Releasing bundle [org.ops4j.pax.exam.inject]
org.ops4j.pax.logging.pax-logging-api[org.ops4j.pax.swissbox.extender.BundleWatcher] : Releasing bundle [org.ops4j.pax.exam.extender.service]
org.ops4j.pax.logging.pax-logging-api[org.ops4j.pax.swissbox.extender.BundleWatcher] : Releasing bundle [org.ops4j.pax.exam]
[INFO] Tests run: 1, Failures: 0, Errors: 0, Skipped: 0, Time elapsed: 2.723 s - in org.apache.commons.compress.OsgiITest
[INFO] 
[INFO] Results:
[INFO] 
[WARNING] Tests run: 1213, Failures: 0, Errors: 0, Skipped: 13
[INFO] 
[INFO] 
[INFO] --- maven-jar-plugin:3.2.0:jar (default-jar) @ commons-compress ---
[INFO] Building jar: ./commons-compress/target/commons-compress-1.21-SNAPSHOT.jar
[INFO] 
[INFO] --- maven-site-plugin:3.9.1:attach-descriptor (attach-descriptor) @ commons-compress ---
[INFO] Skipping because packaging 'jar' is not pom.
[INFO] 
[INFO] --- maven-jar-plugin:3.2.0:test-jar (default) @ commons-compress ---
[INFO] Building jar: ./commons-compress/target/commons-compress-1.21-SNAPSHOT-tests.jar
[INFO] 
[INFO] --- maven-source-plugin:3.2.1:jar-no-fork (create-source-jar) @ commons-compress ---
[INFO] Building jar: ./commons-compress/target/commons-compress-1.21-SNAPSHOT-sources.jar
[INFO] 
[INFO] --- maven-source-plugin:3.2.1:test-jar-no-fork (create-source-jar) @ commons-compress ---
[INFO] Building jar: ./commons-compress/target/commons-compress-1.21-SNAPSHOT-test-sources.jar
[INFO] 
[INFO] --- jacoco-maven-plugin:0.8.5:check (check) @ commons-compress ---
[INFO] Loading execution data file ./commons-compress/target/jacoco.exec
[INFO] Analyzed bundle 'commons-compress' with 309 classes
[WARNING] Rule violated for bundle commons-compress: classes covered ratio is 0.97, but expected minimum is 1.00
[WARNING] Rule violated for bundle commons-compress: instructions covered ratio is 0.85, but expected minimum is 0.90
[WARNING] Rule violated for bundle commons-compress: methods covered ratio is 0.85, but expected minimum is 0.95
[WARNING] Rule violated for bundle commons-compress: branches covered ratio is 0.76, but expected minimum is 0.85
[WARNING] Rule violated for bundle commons-compress: lines covered ratio is 0.87, but expected minimum is 0.90
[WARNING] Rule violated for bundle commons-compress: complexity covered ratio is 0.71, but expected minimum is 0.85
[WARNING] Coverage checks have not been met. See log for details.
[INFO] 
[INFO] --- japicmp-maven-plugin:0.14.3:cmp (default) @ commons-compress ---
[INFO] Written file './commons-compress/target/japicmp/japicmp.diff'.
[INFO] Written file './commons-compress/target/japicmp/japicmp.xml'.
[INFO] Written file './commons-compress/target/japicmp/japicmp.html'.
[INFO] 
[INFO] --- maven-install-plugin:2.5.2:install (default-install) @ commons-compress ---
[INFO] Installing ./commons-compress/target/commons-compress-1.21-SNAPSHOT.jar to ./.m2/repository/org/apache/commons/commons-compress/1.21-SNAPSHOT/commons-compress-1.21-SNAPSHOT.jar
[INFO] Installing ./commons-compress/pom.xml to ./.m2/repository/org/apache/commons/commons-compress/1.21-SNAPSHOT/commons-compress-1.21-SNAPSHOT.pom
[INFO] Installing ./commons-compress/target/commons-compress-1.21-SNAPSHOT-tests.jar to ./.m2/repository/org/apache/commons/commons-compress/1.21-SNAPSHOT/commons-compress-1.21-SNAPSHOT-tests.jar
[INFO] Installing ./commons-compress/target/commons-compress-1.21-SNAPSHOT-sources.jar to ./.m2/repository/org/apache/commons/commons-compress/1.21-SNAPSHOT/commons-compress-1.21-SNAPSHOT-sources.jar
[INFO] Installing ./commons-compress/target/commons-compress-1.21-SNAPSHOT-test-sources.jar to ./.m2/repository/org/apache/commons/commons-compress/1.21-SNAPSHOT/commons-compress-1.21-SNAPSHOT-test-sources.jar
[INFO] ------------------------------------------------------------------------
[INFO] BUILD SUCCESS
[INFO] ------------------------------------------------------------------------
[INFO] Total time:  01:38 min
[INFO] Finished at: 
[INFO] ------------------------------------------------------------------------
