[INFO] Scanning for projects...
[INFO] 
[INFO] ------------------< org.apache.commons:commons-lang3 >------------------
[INFO] Building Apache Commons Lang 3.9
[INFO] --------------------------------[ jar ]---------------------------------
Downloading from central: https://repo.maven.apache.org/maven2/org/jacoco/jacoco-maven-plugin/0.8.2/jacoco-maven-plugin-0.8.2.pom
Progress (1): 1.4/4.9 kB
Progress (1): 2.7/4.9 kB
Progress (1): 4.1/4.9 kB
Progress (1): 4.9 kB    
                    
Downloaded from central: https://repo.maven.apache.org/maven2/org/jacoco/jacoco-maven-plugin/0.8.2/jacoco-maven-plugin-0.8.2.pom (4.9 kB at 19 kB/s)
Downloading from central: https://repo.maven.apache.org/maven2/org/jacoco/org.jacoco.build/0.8.2/org.jacoco.build-0.8.2.pom
Progress (1): 1.4/40 kB
Progress (1): 2.7/40 kB
Progress (1): 4.1/40 kB
Progress (1): 5.5/40 kB
Progress (1): 6.9/40 kB
Progress (1): 8.2/40 kB
Progress (1): 9.6/40 kB
Progress (1): 11/40 kB 
Progress (1): 12/40 kB
Progress (1): 14/40 kB
Progress (1): 15/40 kB
Progress (1): 16/40 kB
Progress (1): 18/40 kB
Progress (1): 19/40 kB
Progress (1): 21/40 kB
Progress (1): 22/40 kB
Progress (1): 23/40 kB
Progress (1): 25/40 kB
Progress (1): 26/40 kB
Progress (1): 27/40 kB
Progress (1): 29/40 kB
Progress (1): 30/40 kB
Progress (1): 32/40 kB
Progress (1): 33/40 kB
Progress (1): 34/40 kB
Progress (1): 36/40 kB
Progress (1): 37/40 kB
Progress (1): 38/40 kB
Progress (1): 40 kB   
                   
Downloaded from central: https://repo.maven.apache.org/maven2/org/jacoco/org.jacoco.build/0.8.2/org.jacoco.build-0.8.2.pom (40 kB at 1.5 MB/s)
Downloading from central: https://repo.maven.apache.org/maven2/org/jacoco/jacoco-maven-plugin/0.8.2/jacoco-maven-plugin-0.8.2.jar
Progress (1): 1.4/54 kB
Progress (1): 2.7/54 kB
Progress (1): 4.1/54 kB
Progress (1): 5.5/54 kB
Progress (1): 6.9/54 kB
Progress (1): 8.2/54 kB
Progress (1): 9.6/54 kB
Progress (1): 11/54 kB 
Progress (1): 12/54 kB
Progress (1): 14/54 kB
Progress (1): 15/54 kB
Progress (1): 16/54 kB
Progress (1): 18/54 kB
Progress (1): 19/54 kB
Progress (1): 21/54 kB
Progress (1): 22/54 kB
Progress (1): 23/54 kB
Progress (1): 25/54 kB
Progress (1): 26/54 kB
Progress (1): 27/54 kB
Progress (1): 29/54 kB
Progress (1): 30/54 kB
Progress (1): 32/54 kB
Progress (1): 33/54 kB
Progress (1): 34/54 kB
Progress (1): 36/54 kB
Progress (1): 37/54 kB
Progress (1): 38/54 kB
Progress (1): 40/54 kB
Progress (1): 41/54 kB
Progress (1): 43/54 kB
Progress (1): 44/54 kB
Progress (1): 45/54 kB
Progress (1): 47/54 kB
Progress (1): 48/54 kB
Progress (1): 49/54 kB
Progress (1): 51/54 kB
Progress (1): 52/54 kB
Progress (1): 53/54 kB
Progress (1): 54 kB   
                   
Downloaded from central: https://repo.maven.apache.org/maven2/org/jacoco/jacoco-maven-plugin/0.8.2/jacoco-maven-plugin-0.8.2.jar (54 kB at 2.2 MB/s)
Downloading from central: https://repo.maven.apache.org/maven2/org/junit/jupiter/junit-jupiter/5.4.0/junit-jupiter-5.4.0.pom
Progress (1): 1.4/2.4 kB
Progress (1): 2.4 kB    
                    
Downloaded from central: https://repo.maven.apache.org/maven2/org/junit/jupiter/junit-jupiter/5.4.0/junit-jupiter-5.4.0.pom (2.4 kB at 159 kB/s)
Downloading from central: https://repo.maven.apache.org/maven2/org/junit/jupiter/junit-jupiter-api/5.4.0/junit-jupiter-api-5.4.0.pom
Progress (1): 1.4/2.4 kB
Progress (1): 2.4 kB    
                    
Downloaded from central: https://repo.maven.apache.org/maven2/org/junit/jupiter/junit-jupiter-api/5.4.0/junit-jupiter-api-5.4.0.pom (2.4 kB at 158 kB/s)
Downloading from central: https://repo.maven.apache.org/maven2/org/junit/platform/junit-platform-commons/1.4.0/junit-platform-commons-1.4.0.pom
Progress (1): 1.4/2.0 kB
Progress (1): 2.0 kB    
                    
Downloaded from central: https://repo.maven.apache.org/maven2/org/junit/platform/junit-platform-commons/1.4.0/junit-platform-commons-1.4.0.pom (2.0 kB at 119 kB/s)
Downloading from central: https://repo.maven.apache.org/maven2/org/junit/jupiter/junit-jupiter-params/5.4.0/junit-jupiter-params-5.4.0.pom
Progress (1): 1.4/2.2 kB
Progress (1): 2.2 kB    
                    
Downloaded from central: https://repo.maven.apache.org/maven2/org/junit/jupiter/junit-jupiter-params/5.4.0/junit-jupiter-params-5.4.0.pom (2.2 kB at 147 kB/s)
Downloading from central: https://repo.maven.apache.org/maven2/org/junit/jupiter/junit-jupiter-engine/5.4.0/junit-jupiter-engine-5.4.0.pom
Progress (1): 1.4/2.4 kB
Progress (1): 2.4 kB    
                    
Downloaded from central: https://repo.maven.apache.org/maven2/org/junit/jupiter/junit-jupiter-engine/5.4.0/junit-jupiter-engine-5.4.0.pom (2.4 kB at 171 kB/s)
Downloading from central: https://repo.maven.apache.org/maven2/org/junit/platform/junit-platform-engine/1.4.0/junit-platform-engine-1.4.0.pom
Progress (1): 1.4/2.4 kB
Progress (1): 2.4 kB    
                    
Downloaded from central: https://repo.maven.apache.org/maven2/org/junit/platform/junit-platform-engine/1.4.0/junit-platform-engine-1.4.0.pom (2.4 kB at 80 kB/s)
Downloading from central: https://repo.maven.apache.org/maven2/org/junit/jupiter/junit-jupiter/5.4.0/junit-jupiter-5.4.0.jar
Downloading from central: https://repo.maven.apache.org/maven2/org/junit/jupiter/junit-jupiter-api/5.4.0/junit-jupiter-api-5.4.0.jar
Downloading from central: https://repo.maven.apache.org/maven2/org/junit/platform/junit-platform-commons/1.4.0/junit-platform-commons-1.4.0.jar
Downloading from central: https://repo.maven.apache.org/maven2/org/junit/jupiter/junit-jupiter-params/5.4.0/junit-jupiter-params-5.4.0.jar
Downloading from central: https://repo.maven.apache.org/maven2/org/junit/jupiter/junit-jupiter-engine/5.4.0/junit-jupiter-engine-5.4.0.jar
Progress (1): 1.4/134 kB
Progress (1): 2.7/134 kB
Progress (1): 4.1/134 kB
Progress (1): 5.5/134 kB
Progress (1): 6.9/134 kB
Progress (1): 8.2/134 kB
Progress (1): 9.6/134 kB
Progress (1): 11/134 kB 
Progress (1): 12/134 kB
Progress (1): 14/134 kB
Progress (1): 15/134 kB
Progress (1): 16/134 kB
Progress (1): 18/134 kB
Progress (1): 19/134 kB
Progress (1): 21/134 kB
Progress (1): 22/134 kB
Progress (1): 23/134 kB
Progress (1): 25/134 kB
Progress (1): 26/134 kB
Progress (1): 27/134 kB
Progress (1): 29/134 kB
Progress (1): 30/134 kB
Progress (1): 32/134 kB
Progress (1): 33/134 kB
Progress (1): 34/134 kB
Progress (1): 36/134 kB
Progress (1): 37/134 kB
Progress (1): 38/134 kB
Progress (1): 40/134 kB
Progress (1): 41/134 kB
Progress (1): 43/134 kB
Progress (1): 44/134 kB
Progress (1): 45/134 kB
Progress (1): 47/134 kB
Progress (1): 48/134 kB
Progress (1): 49/134 kB
Progress (1): 51/134 kB
Progress (1): 52/134 kB
Progress (1): 53/134 kB
Progress (1): 55/134 kB
Progress (1): 56/134 kB
Progress (1): 58/134 kB
Progress (1): 59/134 kB
Progress (1): 60/134 kB
Progress (1): 62/134 kB
Progress (1): 63/134 kB
Progress (1): 64/134 kB
Progress (1): 66/134 kB
Progress (1): 67/134 kB
Progress (1): 69/134 kB
Progress (1): 70/134 kB
Progress (1): 71/134 kB
Progress (1): 73/134 kB
Progress (1): 74/134 kB
Progress (1): 75/134 kB
Progress (1): 77/134 kB
Progress (1): 78/134 kB
Progress (1): 80/134 kB
Progress (1): 81/134 kB
Progress (1): 82/134 kB
Progress (1): 84/134 kB
Progress (1): 85/134 kB
Progress (1): 86/134 kB
Progress (1): 88/134 kB
Progress (1): 89/134 kB
Progress (2): 89/134 kB | 1.4/5.9 kB
Progress (2): 89/134 kB | 2.7/5.9 kB
Progress (2): 89/134 kB | 4.1/5.9 kB
Progress (2): 89/134 kB | 5.5/5.9 kB
Progress (2): 89/134 kB | 5.9 kB    
Progress (2): 90/134 kB | 5.9 kB
Progress (2): 92/134 kB | 5.9 kB
Progress (2): 93/134 kB | 5.9 kB
Progress (2): 95/134 kB | 5.9 kB
Progress (2): 96/134 kB | 5.9 kB
Progress (2): 97/134 kB | 5.9 kB
Progress (2): 99/134 kB | 5.9 kB
Progress (2): 100/134 kB | 5.9 kB
Progress (2): 101/134 kB | 5.9 kB
Progress (2): 103/134 kB | 5.9 kB
Progress (2): 104/134 kB | 5.9 kB
Progress (2): 106/134 kB | 5.9 kB
Progress (2): 107/134 kB | 5.9 kB
Progress (2): 108/134 kB | 5.9 kB
Progress (2): 110/134 kB | 5.9 kB
Progress (2): 111/134 kB | 5.9 kB
Progress (2): 112/134 kB | 5.9 kB
Progress (2): 114/134 kB | 5.9 kB
Progress (2): 115/134 kB | 5.9 kB
Progress (2): 117/134 kB | 5.9 kB
Progress (2): 118/134 kB | 5.9 kB
Progress (2): 119/134 kB | 5.9 kB
Progress (2): 121/134 kB | 5.9 kB
Progress (2): 122/134 kB | 5.9 kB
                                 
Downloaded from central: https://repo.maven.apache.org/maven2/org/junit/jupiter/junit-jupiter/5.4.0/junit-jupiter-5.4.0.jar (5.9 kB at 191 kB/s)
Downloading from central: https://repo.maven.apache.org/maven2/org/junit/platform/junit-platform-engine/1.4.0/junit-platform-engine-1.4.0.jar
Progress (2): 122/134 kB | 1.4/89 kB
Progress (2): 122/134 kB | 2.7/89 kB
Progress (2): 122/134 kB | 4.1/89 kB
Progress (2): 122/134 kB | 5.5/89 kB
Progress (2): 122/134 kB | 6.9/89 kB
Progress (2): 122/134 kB | 8.2/89 kB
Progress (2): 122/134 kB | 9.6/89 kB
Progress (2): 122/134 kB | 11/89 kB 
Progress (2): 122/134 kB | 12/89 kB
Progress (2): 122/134 kB | 14/89 kB
Progress (2): 122/134 kB | 15/89 kB
Progress (2): 122/134 kB | 16/89 kB
Progress (2): 122/134 kB | 18/89 kB
Progress (2): 122/134 kB | 19/89 kB
Progress (2): 122/134 kB | 21/89 kB
Progress (2): 122/134 kB | 22/89 kB
Progress (2): 122/134 kB | 23/89 kB
Progress (2): 122/134 kB | 25/89 kB
Progress (2): 122/134 kB | 26/89 kB
Progress (2): 122/134 kB | 27/89 kB
Progress (2): 122/134 kB | 29/89 kB
Progress (2): 122/134 kB | 30/89 kB
Progress (2): 122/134 kB | 32/89 kB
Progress (2): 122/134 kB | 33/89 kB
Progress (2): 122/134 kB | 34/89 kB
Progress (2): 122/134 kB | 36/89 kB
Progress (2): 122/134 kB | 37/89 kB
Progress (2): 122/134 kB | 38/89 kB
Progress (2): 122/134 kB | 40/89 kB
Progress (2): 122/134 kB | 41/89 kB
Progress (2): 122/134 kB | 43/89 kB
Progress (3): 122/134 kB | 43/89 kB | 1.4/142 kB
Progress (3): 122/134 kB | 43/89 kB | 2.7/142 kB
Progress (3): 122/134 kB | 43/89 kB | 4.1/142 kB
Progress (3): 122/134 kB | 44/89 kB | 4.1/142 kB
Progress (3): 122/134 kB | 44/89 kB | 5.5/142 kB
Progress (4): 122/134 kB | 44/89 kB | 5.5/142 kB | 1.4/178 kB
Progress (4): 122/134 kB | 44/89 kB | 6.9/142 kB | 1.4/178 kB
Progress (4): 122/134 kB | 45/89 kB | 6.9/142 kB | 1.4/178 kB
Progress (4): 122/134 kB | 45/89 kB | 8.2/142 kB | 1.4/178 kB
Progress (4): 123/134 kB | 45/89 kB | 8.2/142 kB | 1.4/178 kB
Progress (4): 123/134 kB | 45/89 kB | 8.2/142 kB | 2.7/178 kB
Progress (4): 123/134 kB | 45/89 kB | 9.6/142 kB | 2.7/178 kB
Progress (4): 123/134 kB | 47/89 kB | 9.6/142 kB | 2.7/178 kB
Progress (4): 123/134 kB | 47/89 kB | 11/142 kB | 2.7/178 kB 
Progress (4): 125/134 kB | 47/89 kB | 11/142 kB | 2.7/178 kB
Progress (4): 125/134 kB | 47/89 kB | 11/142 kB | 4.1/178 kB
Progress (4): 125/134 kB | 47/89 kB | 12/142 kB | 4.1/178 kB
Progress (4): 125/134 kB | 48/89 kB | 12/142 kB | 4.1/178 kB
Progress (4): 125/134 kB | 48/89 kB | 14/142 kB | 4.1/178 kB
Progress (4): 125/134 kB | 48/89 kB | 15/142 kB | 4.1/178 kB
Progress (5): 125/134 kB | 48/89 kB | 15/142 kB | 4.1/178 kB | 1.4/512 kB
Progress (5): 125/134 kB | 48/89 kB | 15/142 kB | 4.1/178 kB | 2.7/512 kB
Progress (5): 125/134 kB | 48/89 kB | 15/142 kB | 4.1/178 kB | 4.1/512 kB
Progress (5): 125/134 kB | 48/89 kB | 15/142 kB | 4.1/178 kB | 5.5/512 kB
Progress (5): 125/134 kB | 48/89 kB | 15/142 kB | 4.1/178 kB | 6.9/512 kB
Progress (5): 125/134 kB | 48/89 kB | 15/142 kB | 4.1/178 kB | 8.2/512 kB
Progress (5): 125/134 kB | 48/89 kB | 15/142 kB | 4.1/178 kB | 9.6/512 kB
Progress (5): 125/134 kB | 48/89 kB | 15/142 kB | 4.1/178 kB | 11/512 kB 
Progress (5): 125/134 kB | 48/89 kB | 15/142 kB | 4.1/178 kB | 12/512 kB
Progress (5): 125/134 kB | 48/89 kB | 15/142 kB | 4.1/178 kB | 14/512 kB
Progress (5): 125/134 kB | 48/89 kB | 15/142 kB | 4.1/178 kB | 15/512 kB
Progress (5): 125/134 kB | 48/89 kB | 15/142 kB | 4.1/178 kB | 16/512 kB
Progress (5): 125/134 kB | 48/89 kB | 15/142 kB | 4.1/178 kB | 18/512 kB
Progress (5): 125/134 kB | 48/89 kB | 15/142 kB | 4.1/178 kB | 19/512 kB
Progress (5): 125/134 kB | 48/89 kB | 15/142 kB | 4.1/178 kB | 21/512 kB
Progress (5): 125/134 kB | 48/89 kB | 15/142 kB | 4.1/178 kB | 22/512 kB
Progress (5): 125/134 kB | 48/89 kB | 15/142 kB | 4.1/178 kB | 23/512 kB
Progress (5): 125/134 kB | 48/89 kB | 15/142 kB | 4.1/178 kB | 25/512 kB
Progress (5): 125/134 kB | 48/89 kB | 15/142 kB | 4.1/178 kB | 26/512 kB
Progress (5): 125/134 kB | 48/89 kB | 15/142 kB | 4.1/178 kB | 27/512 kB
Progress (5): 125/134 kB | 48/89 kB | 15/142 kB | 4.1/178 kB | 29/512 kB
Progress (5): 125/134 kB | 48/89 kB | 15/142 kB | 4.1/178 kB | 30/512 kB
Progress (5): 126/134 kB | 48/89 kB | 15/142 kB | 4.1/178 kB | 30/512 kB
Progress (5): 126/134 kB | 48/89 kB | 15/142 kB | 5.5/178 kB | 30/512 kB
Progress (5): 128/134 kB | 48/89 kB | 15/142 kB | 5.5/178 kB | 30/512 kB
Progress (5): 128/134 kB | 48/89 kB | 15/142 kB | 5.5/178 kB | 32/512 kB
Progress (5): 128/134 kB | 48/89 kB | 16/142 kB | 5.5/178 kB | 32/512 kB
Progress (5): 128/134 kB | 49/89 kB | 16/142 kB | 5.5/178 kB | 32/512 kB
Progress (5): 128/134 kB | 49/89 kB | 18/142 kB | 5.5/178 kB | 32/512 kB
Progress (5): 128/134 kB | 49/89 kB | 18/142 kB | 5.5/178 kB | 33/512 kB
Progress (5): 129/134 kB | 49/89 kB | 18/142 kB | 5.5/178 kB | 33/512 kB
Progress (5): 129/134 kB | 49/89 kB | 18/142 kB | 6.9/178 kB | 33/512 kB
Progress (5): 130/134 kB | 49/89 kB | 18/142 kB | 6.9/178 kB | 33/512 kB
Progress (5): 130/134 kB | 49/89 kB | 18/142 kB | 6.9/178 kB | 34/512 kB
Progress (5): 130/134 kB | 49/89 kB | 19/142 kB | 6.9/178 kB | 34/512 kB
Progress (5): 130/134 kB | 51/89 kB | 19/142 kB | 6.9/178 kB | 34/512 kB
Progress (5): 130/134 kB | 51/89 kB | 21/142 kB | 6.9/178 kB | 34/512 kB
Progress (5): 130/134 kB | 51/89 kB | 21/142 kB | 6.9/178 kB | 36/512 kB
Progress (5): 132/134 kB | 51/89 kB | 21/142 kB | 6.9/178 kB | 36/512 kB
Progress (5): 132/134 kB | 51/89 kB | 21/142 kB | 8.2/178 kB | 36/512 kB
Progress (5): 133/134 kB | 51/89 kB | 21/142 kB | 8.2/178 kB | 36/512 kB
Progress (5): 133/134 kB | 51/89 kB | 21/142 kB | 8.2/178 kB | 37/512 kB
Progress (5): 133/134 kB | 51/89 kB | 22/142 kB | 8.2/178 kB | 37/512 kB
Progress (5): 133/134 kB | 52/89 kB | 22/142 kB | 8.2/178 kB | 37/512 kB
Progress (5): 133/134 kB | 52/89 kB | 23/142 kB | 8.2/178 kB | 37/512 kB
Progress (5): 133/134 kB | 52/89 kB | 23/142 kB | 8.2/178 kB | 38/512 kB
Progress (5): 134 kB | 52/89 kB | 23/142 kB | 8.2/178 kB | 38/512 kB    
Progress (5): 134 kB | 52/89 kB | 23/142 kB | 9.6/178 kB | 38/512 kB
Progress (5): 134 kB | 52/89 kB | 23/142 kB | 11/178 kB | 38/512 kB 
Progress (5): 134 kB | 52/89 kB | 23/142 kB | 12/178 kB | 38/512 kB
Progress (5): 134 kB | 52/89 kB | 23/142 kB | 14/178 kB | 38/512 kB
Progress (5): 134 kB | 52/89 kB | 23/142 kB | 15/178 kB | 38/512 kB
Progress (5): 134 kB | 52/89 kB | 23/142 kB | 16/178 kB | 38/512 kB
Progress (5): 134 kB | 52/89 kB | 23/142 kB | 18/178 kB | 38/512 kB
Progress (5): 134 kB | 52/89 kB | 23/142 kB | 19/178 kB | 38/512 kB
Progress (5): 134 kB | 52/89 kB | 23/142 kB | 21/178 kB | 38/512 kB
Progress (5): 134 kB | 52/89 kB | 23/142 kB | 22/178 kB | 38/512 kB
Progress (5): 134 kB | 52/89 kB | 23/142 kB | 23/178 kB | 38/512 kB
Progress (5): 134 kB | 52/89 kB | 23/142 kB | 25/178 kB | 38/512 kB
Progress (5): 134 kB | 52/89 kB | 23/142 kB | 26/178 kB | 38/512 kB
Progress (5): 134 kB | 52/89 kB | 23/142 kB | 27/178 kB | 38/512 kB
Progress (5): 134 kB | 52/89 kB | 23/142 kB | 29/178 kB | 38/512 kB
Progress (5): 134 kB | 52/89 kB | 23/142 kB | 30/178 kB | 38/512 kB
Progress (5): 134 kB | 52/89 kB | 23/142 kB | 32/178 kB | 38/512 kB
Progress (5): 134 kB | 52/89 kB | 23/142 kB | 33/178 kB | 38/512 kB
Progress (5): 134 kB | 52/89 kB | 23/142 kB | 34/178 kB | 38/512 kB
Progress (5): 134 kB | 52/89 kB | 23/142 kB | 36/178 kB | 38/512 kB
Progress (5): 134 kB | 52/89 kB | 23/142 kB | 37/178 kB | 38/512 kB
Progress (5): 134 kB | 52/89 kB | 23/142 kB | 38/178 kB | 38/512 kB
Progress (5): 134 kB | 52/89 kB | 23/142 kB | 40/178 kB | 38/512 kB
Progress (5): 134 kB | 52/89 kB | 23/142 kB | 41/178 kB | 38/512 kB
Progress (5): 134 kB | 52/89 kB | 23/142 kB | 43/178 kB | 38/512 kB
Progress (5): 134 kB | 52/89 kB | 23/142 kB | 44/178 kB | 38/512 kB
Progress (5): 134 kB | 52/89 kB | 23/142 kB | 45/178 kB | 38/512 kB
Progress (5): 134 kB | 52/89 kB | 23/142 kB | 47/178 kB | 38/512 kB
Progress (5): 134 kB | 52/89 kB | 23/142 kB | 48/178 kB | 38/512 kB
Progress (5): 134 kB | 52/89 kB | 23/142 kB | 49/178 kB | 38/512 kB
Progress (5): 134 kB | 52/89 kB | 23/142 kB | 51/178 kB | 38/512 kB
Progress (5): 134 kB | 52/89 kB | 23/142 kB | 52/178 kB | 38/512 kB
Progress (5): 134 kB | 52/89 kB | 23/142 kB | 53/178 kB | 38/512 kB
Progress (5): 134 kB | 52/89 kB | 23/142 kB | 55/178 kB | 38/512 kB
Progress (5): 134 kB | 52/89 kB | 23/142 kB | 56/178 kB | 38/512 kB
Progress (5): 134 kB | 52/89 kB | 23/142 kB | 58/178 kB | 38/512 kB
Progress (5): 134 kB | 52/89 kB | 23/142 kB | 59/178 kB | 38/512 kB
Progress (5): 134 kB | 52/89 kB | 23/142 kB | 60/178 kB | 38/512 kB
Progress (5): 134 kB | 52/89 kB | 23/142 kB | 62/178 kB | 38/512 kB
                                                                   
Downloaded from central: https://repo.maven.apache.org/maven2/org/junit/jupiter/junit-jupiter-api/5.4.0/junit-jupiter-api-5.4.0.jar (134 kB at 1.9 MB/s)
Progress (4): 52/89 kB | 23/142 kB | 62/178 kB | 40/512 kB
Progress (4): 52/89 kB | 25/142 kB | 62/178 kB | 40/512 kB
Progress (4): 53/89 kB | 25/142 kB | 62/178 kB | 40/512 kB
Progress (4): 53/89 kB | 26/142 kB | 62/178 kB | 40/512 kB
Progress (4): 53/89 kB | 26/142 kB | 62/178 kB | 41/512 kB
Progress (4): 53/89 kB | 26/142 kB | 62/178 kB | 43/512 kB
Progress (4): 53/89 kB | 26/142 kB | 62/178 kB | 44/512 kB
Progress (4): 53/89 kB | 26/142 kB | 62/178 kB | 45/512 kB
Progress (4): 53/89 kB | 26/142 kB | 62/178 kB | 47/512 kB
Progress (4): 53/89 kB | 26/142 kB | 62/178 kB | 48/512 kB
Progress (4): 53/89 kB | 26/142 kB | 62/178 kB | 49/512 kB
Progress (4): 53/89 kB | 26/142 kB | 62/178 kB | 51/512 kB
Progress (4): 53/89 kB | 26/142 kB | 62/178 kB | 52/512 kB
Progress (4): 53/89 kB | 26/142 kB | 62/178 kB | 53/512 kB
Progress (4): 53/89 kB | 26/142 kB | 62/178 kB | 55/512 kB
Progress (4): 53/89 kB | 26/142 kB | 62/178 kB | 56/512 kB
Progress (4): 53/89 kB | 26/142 kB | 62/178 kB | 58/512 kB
Progress (4): 53/89 kB | 26/142 kB | 62/178 kB | 59/512 kB
Progress (4): 53/89 kB | 26/142 kB | 62/178 kB | 60/512 kB
Progress (4): 53/89 kB | 26/142 kB | 62/178 kB | 62/512 kB
Progress (4): 53/89 kB | 26/142 kB | 62/178 kB | 63/512 kB
Progress (4): 53/89 kB | 26/142 kB | 62/178 kB | 64/512 kB
Progress (4): 53/89 kB | 26/142 kB | 62/178 kB | 66/512 kB
Progress (4): 53/89 kB | 26/142 kB | 62/178 kB | 67/512 kB
Progress (4): 53/89 kB | 26/142 kB | 62/178 kB | 69/512 kB
Progress (4): 53/89 kB | 26/142 kB | 62/178 kB | 70/512 kB
Progress (4): 53/89 kB | 26/142 kB | 62/178 kB | 71/512 kB
Progress (4): 53/89 kB | 26/142 kB | 63/178 kB | 71/512 kB
Progress (4): 53/89 kB | 27/142 kB | 63/178 kB | 71/512 kB
Progress (4): 55/89 kB | 27/142 kB | 63/178 kB | 71/512 kB
Progress (4): 55/89 kB | 29/142 kB | 63/178 kB | 71/512 kB
Progress (4): 55/89 kB | 29/142 kB | 63/178 kB | 73/512 kB
Progress (4): 55/89 kB | 30/142 kB | 63/178 kB | 73/512 kB
Progress (4): 55/89 kB | 30/142 kB | 64/178 kB | 73/512 kB
Progress (4): 55/89 kB | 32/142 kB | 64/178 kB | 73/512 kB
Progress (4): 56/89 kB | 32/142 kB | 64/178 kB | 73/512 kB
Progress (4): 56/89 kB | 33/142 kB | 64/178 kB | 73/512 kB
Progress (4): 56/89 kB | 33/142 kB | 64/178 kB | 74/512 kB
Progress (4): 56/89 kB | 33/142 kB | 66/178 kB | 74/512 kB
Progress (4): 56/89 kB | 34/142 kB | 66/178 kB | 74/512 kB
Progress (4): 58/89 kB | 34/142 kB | 66/178 kB | 74/512 kB
Progress (4): 58/89 kB | 36/142 kB | 66/178 kB | 74/512 kB
Progress (4): 58/89 kB | 36/142 kB | 67/178 kB | 74/512 kB
Progress (4): 58/89 kB | 37/142 kB | 67/178 kB | 74/512 kB
Progress (4): 59/89 kB | 37/142 kB | 67/178 kB | 74/512 kB
Progress (4): 59/89 kB | 38/142 kB | 67/178 kB | 74/512 kB
Progress (4): 59/89 kB | 38/142 kB | 67/178 kB | 75/512 kB
Progress (4): 59/89 kB | 38/142 kB | 69/178 kB | 75/512 kB
Progress (4): 59/89 kB | 40/142 kB | 69/178 kB | 75/512 kB
Progress (4): 60/89 kB | 40/142 kB | 69/178 kB | 75/512 kB
Progress (4): 60/89 kB | 41/142 kB | 69/178 kB | 75/512 kB
Progress (4): 60/89 kB | 41/142 kB | 70/178 kB | 75/512 kB
Progress (4): 60/89 kB | 43/142 kB | 70/178 kB | 75/512 kB
Progress (4): 60/89 kB | 43/142 kB | 70/178 kB | 77/512 kB
Progress (4): 62/89 kB | 43/142 kB | 70/178 kB | 77/512 kB
Progress (4): 62/89 kB | 44/142 kB | 70/178 kB | 77/512 kB
Progress (4): 62/89 kB | 44/142 kB | 70/178 kB | 78/512 kB
Progress (4): 62/89 kB | 44/142 kB | 70/178 kB | 80/512 kB
Progress (4): 62/89 kB | 44/142 kB | 70/178 kB | 81/512 kB
Progress (4): 62/89 kB | 44/142 kB | 70/178 kB | 82/512 kB
Progress (4): 62/89 kB | 44/142 kB | 71/178 kB | 82/512 kB
Progress (4): 62/89 kB | 45/142 kB | 71/178 kB | 82/512 kB
Progress (4): 63/89 kB | 45/142 kB | 71/178 kB | 82/512 kB
Progress (4): 63/89 kB | 47/142 kB | 71/178 kB | 82/512 kB
Progress (4): 63/89 kB | 47/142 kB | 73/178 kB | 82/512 kB
Progress (4): 63/89 kB | 48/142 kB | 73/178 kB | 82/512 kB
Progress (4): 63/89 kB | 48/142 kB | 73/178 kB | 84/512 kB
Progress (4): 63/89 kB | 49/142 kB | 73/178 kB | 84/512 kB
Progress (4): 64/89 kB | 49/142 kB | 73/178 kB | 84/512 kB
Progress (4): 64/89 kB | 51/142 kB | 73/178 kB | 84/512 kB
Progress (4): 64/89 kB | 51/142 kB | 73/178 kB | 85/512 kB
Progress (4): 64/89 kB | 51/142 kB | 74/178 kB | 85/512 kB
Progress (4): 64/89 kB | 52/142 kB | 74/178 kB | 85/512 kB
Progress (4): 66/89 kB | 52/142 kB | 74/178 kB | 85/512 kB
Progress (4): 66/89 kB | 53/142 kB | 74/178 kB | 85/512 kB
Progress (4): 66/89 kB | 53/142 kB | 75/178 kB | 85/512 kB
Progress (4): 66/89 kB | 53/142 kB | 77/178 kB | 85/512 kB
Progress (4): 66/89 kB | 53/142 kB | 78/178 kB | 85/512 kB
Progress (4): 66/89 kB | 53/142 kB | 80/178 kB | 85/512 kB
Progress (4): 66/89 kB | 53/142 kB | 81/178 kB | 85/512 kB
Progress (4): 66/89 kB | 53/142 kB | 82/178 kB | 85/512 kB
Progress (4): 66/89 kB | 53/142 kB | 84/178 kB | 85/512 kB
Progress (4): 66/89 kB | 53/142 kB | 85/178 kB | 85/512 kB
Progress (4): 66/89 kB | 53/142 kB | 86/178 kB | 85/512 kB
Progress (4): 66/89 kB | 53/142 kB | 88/178 kB | 85/512 kB
Progress (4): 66/89 kB | 53/142 kB | 89/178 kB | 85/512 kB
Progress (4): 66/89 kB | 53/142 kB | 90/178 kB | 85/512 kB
Progress (4): 66/89 kB | 53/142 kB | 92/178 kB | 85/512 kB
Progress (4): 66/89 kB | 53/142 kB | 93/178 kB | 85/512 kB
Progress (4): 66/89 kB | 53/142 kB | 95/178 kB | 85/512 kB
Progress (4): 66/89 kB | 53/142 kB | 96/178 kB | 85/512 kB
Progress (4): 66/89 kB | 53/142 kB | 97/178 kB | 85/512 kB
Progress (4): 66/89 kB | 53/142 kB | 99/178 kB | 85/512 kB
Progress (4): 66/89 kB | 53/142 kB | 100/178 kB | 85/512 kB
Progress (4): 66/89 kB | 53/142 kB | 101/178 kB | 85/512 kB
Progress (4): 66/89 kB | 53/142 kB | 103/178 kB | 85/512 kB
Progress (4): 66/89 kB | 53/142 kB | 104/178 kB | 85/512 kB
Progress (4): 66/89 kB | 53/142 kB | 106/178 kB | 85/512 kB
Progress (4): 66/89 kB | 53/142 kB | 107/178 kB | 85/512 kB
Progress (4): 66/89 kB | 53/142 kB | 108/178 kB | 85/512 kB
Progress (4): 66/89 kB | 53/142 kB | 110/178 kB | 85/512 kB
Progress (4): 66/89 kB | 53/142 kB | 111/178 kB | 85/512 kB
Progress (4): 66/89 kB | 53/142 kB | 112/178 kB | 85/512 kB
Progress (4): 66/89 kB | 53/142 kB | 114/178 kB | 85/512 kB
Progress (4): 66/89 kB | 53/142 kB | 115/178 kB | 85/512 kB
Progress (4): 66/89 kB | 53/142 kB | 117/178 kB | 85/512 kB
Progress (4): 66/89 kB | 53/142 kB | 118/178 kB | 85/512 kB
Progress (4): 66/89 kB | 53/142 kB | 119/178 kB | 85/512 kB
Progress (4): 66/89 kB | 53/142 kB | 121/178 kB | 85/512 kB
Progress (4): 66/89 kB | 53/142 kB | 121/178 kB | 86/512 kB
Progress (4): 67/89 kB | 53/142 kB | 121/178 kB | 86/512 kB
Progress (4): 67/89 kB | 53/142 kB | 121/178 kB | 88/512 kB
Progress (4): 67/89 kB | 53/142 kB | 122/178 kB | 88/512 kB
Progress (4): 67/89 kB | 55/142 kB | 122/178 kB | 88/512 kB
Progress (4): 67/89 kB | 55/142 kB | 123/178 kB | 88/512 kB
Progress (4): 67/89 kB | 55/142 kB | 123/178 kB | 89/512 kB
Progress (4): 69/89 kB | 55/142 kB | 123/178 kB | 89/512 kB
Progress (4): 69/89 kB | 55/142 kB | 123/178 kB | 90/512 kB
Progress (4): 69/89 kB | 55/142 kB | 125/178 kB | 90/512 kB
Progress (4): 69/89 kB | 56/142 kB | 125/178 kB | 90/512 kB
Progress (4): 69/89 kB | 56/142 kB | 125/178 kB | 92/512 kB
Progress (4): 70/89 kB | 56/142 kB | 125/178 kB | 92/512 kB
Progress (4): 70/89 kB | 58/142 kB | 125/178 kB | 92/512 kB
Progress (4): 71/89 kB | 58/142 kB | 125/178 kB | 92/512 kB
Progress (4): 71/89 kB | 59/142 kB | 125/178 kB | 92/512 kB
Progress (4): 71/89 kB | 59/142 kB | 125/178 kB | 93/512 kB
Progress (4): 71/89 kB | 60/142 kB | 125/178 kB | 93/512 kB
Progress (4): 71/89 kB | 60/142 kB | 126/178 kB | 93/512 kB
Progress (4): 71/89 kB | 62/142 kB | 126/178 kB | 93/512 kB
Progress (4): 73/89 kB | 62/142 kB | 126/178 kB | 93/512 kB
Progress (4): 73/89 kB | 62/142 kB | 126/178 kB | 95/512 kB
Progress (4): 73/89 kB | 62/142 kB | 128/178 kB | 95/512 kB
Progress (4): 74/89 kB | 62/142 kB | 128/178 kB | 95/512 kB
Progress (4): 74/89 kB | 63/142 kB | 128/178 kB | 95/512 kB
Progress (4): 75/89 kB | 63/142 kB | 128/178 kB | 95/512 kB
Progress (4): 75/89 kB | 64/142 kB | 128/178 kB | 95/512 kB
Progress (4): 77/89 kB | 64/142 kB | 128/178 kB | 95/512 kB
Progress (4): 77/89 kB | 66/142 kB | 128/178 kB | 95/512 kB
Progress (4): 78/89 kB | 66/142 kB | 128/178 kB | 95/512 kB
Progress (4): 78/89 kB | 67/142 kB | 128/178 kB | 95/512 kB
Progress (4): 78/89 kB | 67/142 kB | 129/178 kB | 95/512 kB
Progress (4): 78/89 kB | 67/142 kB | 129/178 kB | 96/512 kB
Progress (4): 80/89 kB | 67/142 kB | 129/178 kB | 96/512 kB
Progress (4): 81/89 kB | 67/142 kB | 129/178 kB | 96/512 kB
Progress (4): 81/89 kB | 67/142 kB | 129/178 kB | 97/512 kB
Progress (4): 81/89 kB | 67/142 kB | 129/178 kB | 99/512 kB
Progress (4): 81/89 kB | 67/142 kB | 129/178 kB | 100/512 kB
Progress (4): 81/89 kB | 67/142 kB | 129/178 kB | 101/512 kB
Progress (4): 81/89 kB | 67/142 kB | 129/178 kB | 103/512 kB
Progress (4): 81/89 kB | 67/142 kB | 129/178 kB | 104/512 kB
Progress (4): 81/89 kB | 67/142 kB | 129/178 kB | 106/512 kB
Progress (4): 81/89 kB | 67/142 kB | 129/178 kB | 107/512 kB
Progress (4): 81/89 kB | 67/142 kB | 129/178 kB | 108/512 kB
Progress (4): 81/89 kB | 67/142 kB | 129/178 kB | 110/512 kB
Progress (4): 81/89 kB | 67/142 kB | 129/178 kB | 111/512 kB
Progress (4): 81/89 kB | 67/142 kB | 129/178 kB | 112/512 kB
Progress (4): 81/89 kB | 67/142 kB | 129/178 kB | 114/512 kB
Progress (4): 81/89 kB | 67/142 kB | 129/178 kB | 115/512 kB
Progress (4): 81/89 kB | 67/142 kB | 129/178 kB | 117/512 kB
Progress (4): 81/89 kB | 67/142 kB | 130/178 kB | 117/512 kB
Progress (4): 81/89 kB | 69/142 kB | 130/178 kB | 117/512 kB
Progress (4): 81/89 kB | 69/142 kB | 130/178 kB | 118/512 kB
Progress (4): 81/89 kB | 70/142 kB | 130/178 kB | 118/512 kB
Progress (4): 81/89 kB | 70/142 kB | 132/178 kB | 118/512 kB
Progress (4): 82/89 kB | 70/142 kB | 132/178 kB | 118/512 kB
Progress (4): 82/89 kB | 71/142 kB | 132/178 kB | 118/512 kB
Progress (4): 84/89 kB | 71/142 kB | 132/178 kB | 118/512 kB
Progress (4): 85/89 kB | 71/142 kB | 132/178 kB | 118/512 kB
Progress (4): 86/89 kB | 71/142 kB | 132/178 kB | 118/512 kB
Progress (4): 88/89 kB | 71/142 kB | 132/178 kB | 118/512 kB
Progress (4): 89/89 kB | 71/142 kB | 132/178 kB | 118/512 kB
Progress (4): 89 kB | 71/142 kB | 132/178 kB | 118/512 kB   
Progress (4): 89 kB | 71/142 kB | 133/178 kB | 118/512 kB
Progress (4): 89 kB | 71/142 kB | 134/178 kB | 118/512 kB
Progress (4): 89 kB | 71/142 kB | 136/178 kB | 118/512 kB
Progress (4): 89 kB | 71/142 kB | 137/178 kB | 118/512 kB
Progress (4): 89 kB | 71/142 kB | 138/178 kB | 118/512 kB
Progress (4): 89 kB | 71/142 kB | 140/178 kB | 118/512 kB
Progress (4): 89 kB | 71/142 kB | 141/178 kB | 118/512 kB
Progress (4): 89 kB | 71/142 kB | 143/178 kB | 118/512 kB
Progress (4): 89 kB | 71/142 kB | 144/178 kB | 118/512 kB
Progress (4): 89 kB | 71/142 kB | 145/178 kB | 118/512 kB
Progress (4): 89 kB | 71/142 kB | 147/178 kB | 118/512 kB
Progress (4): 89 kB | 71/142 kB | 148/178 kB | 118/512 kB
Progress (4): 89 kB | 71/142 kB | 149/178 kB | 118/512 kB
Progress (4): 89 kB | 71/142 kB | 151/178 kB | 118/512 kB
Progress (4): 89 kB | 71/142 kB | 152/178 kB | 118/512 kB
Progress (4): 89 kB | 71/142 kB | 154/178 kB | 118/512 kB
Progress (4): 89 kB | 71/142 kB | 155/178 kB | 118/512 kB
Progress (4): 89 kB | 71/142 kB | 156/178 kB | 118/512 kB
Progress (4): 89 kB | 71/142 kB | 158/178 kB | 118/512 kB
Progress (4): 89 kB | 71/142 kB | 159/178 kB | 118/512 kB
Progress (4): 89 kB | 71/142 kB | 160/178 kB | 118/512 kB
Progress (4): 89 kB | 71/142 kB | 162/178 kB | 118/512 kB
Progress (4): 89 kB | 71/142 kB | 162/178 kB | 119/512 kB
Progress (4): 89 kB | 71/142 kB | 163/178 kB | 119/512 kB
Progress (4): 89 kB | 73/142 kB | 163/178 kB | 119/512 kB
Progress (4): 89 kB | 73/142 kB | 165/178 kB | 119/512 kB
Progress (4): 89 kB | 73/142 kB | 165/178 kB | 121/512 kB
Progress (4): 89 kB | 73/142 kB | 166/178 kB | 121/512 kB
Progress (4): 89 kB | 74/142 kB | 166/178 kB | 121/512 kB
Progress (4): 89 kB | 74/142 kB | 167/178 kB | 121/512 kB
Progress (4): 89 kB | 75/142 kB | 167/178 kB | 121/512 kB
Progress (4): 89 kB | 75/142 kB | 169/178 kB | 121/512 kB
Progress (4): 89 kB | 75/142 kB | 169/178 kB | 122/512 kB
Progress (4): 89 kB | 75/142 kB | 170/178 kB | 122/512 kB
Progress (4): 89 kB | 77/142 kB | 170/178 kB | 122/512 kB
Progress (4): 89 kB | 77/142 kB | 171/178 kB | 122/512 kB
Progress (4): 89 kB | 78/142 kB | 171/178 kB | 122/512 kB
Progress (4): 89 kB | 80/142 kB | 171/178 kB | 122/512 kB
Progress (4): 89 kB | 81/142 kB | 171/178 kB | 122/512 kB
Progress (4): 89 kB | 81/142 kB | 171/178 kB | 123/512 kB
Progress (4): 89 kB | 82/142 kB | 171/178 kB | 123/512 kB
Progress (4): 89 kB | 82/142 kB | 173/178 kB | 123/512 kB
Progress (4): 89 kB | 82/142 kB | 173/178 kB | 125/512 kB
Progress (4): 89 kB | 82/142 kB | 174/178 kB | 125/512 kB
Progress (4): 89 kB | 84/142 kB | 174/178 kB | 125/512 kB
Progress (4): 89 kB | 84/142 kB | 175/178 kB | 125/512 kB
Progress (4): 89 kB | 84/142 kB | 175/178 kB | 126/512 kB
Progress (4): 89 kB | 84/142 kB | 177/178 kB | 126/512 kB
Progress (4): 89 kB | 85/142 kB | 177/178 kB | 126/512 kB
Progress (4): 89 kB | 85/142 kB | 178 kB | 126/512 kB    
Progress (4): 89 kB | 85/142 kB | 178 kB | 128/512 kB
Progress (4): 89 kB | 86/142 kB | 178 kB | 128/512 kB
Progress (4): 89 kB | 86/142 kB | 178 kB | 129/512 kB
Progress (4): 89 kB | 88/142 kB | 178 kB | 129/512 kB
Progress (4): 89 kB | 88/142 kB | 178 kB | 130/512 kB
Progress (4): 89 kB | 89/142 kB | 178 kB | 130/512 kB
Progress (4): 89 kB | 89/142 kB | 178 kB | 132/512 kB
Progress (4): 89 kB | 90/142 kB | 178 kB | 132/512 kB
Progress (4): 89 kB | 90/142 kB | 178 kB | 133/512 kB
Progress (4): 89 kB | 92/142 kB | 178 kB | 133/512 kB
Progress (4): 89 kB | 92/142 kB | 178 kB | 134/512 kB
Progress (4): 89 kB | 93/142 kB | 178 kB | 134/512 kB
Progress (4): 89 kB | 93/142 kB | 178 kB | 136/512 kB
Progress (4): 89 kB | 95/142 kB | 178 kB | 136/512 kB
Progress (4): 89 kB | 95/142 kB | 178 kB | 137/512 kB
Progress (4): 89 kB | 96/142 kB | 178 kB | 137/512 kB
Progress (4): 89 kB | 97/142 kB | 178 kB | 137/512 kB
Progress (4): 89 kB | 99/142 kB | 178 kB | 137/512 kB
Progress (4): 89 kB | 100/142 kB | 178 kB | 137/512 kB
Progress (4): 89 kB | 101/142 kB | 178 kB | 137/512 kB
                                                      
Downloaded from central: https://repo.maven.apache.org/maven2/org/junit/platform/junit-platform-commons/1.4.0/junit-platform-commons-1.4.0.jar (89 kB at 835 kB/s)
Progress (3): 103/142 kB | 178 kB | 137/512 kB
Progress (3): 104/142 kB | 178 kB | 137/512 kB
Progress (3): 106/142 kB | 178 kB | 137/512 kB
Progress (3): 107/142 kB | 178 kB | 137/512 kB
Progress (3): 108/142 kB | 178 kB | 137/512 kB
Progress (3): 110/142 kB | 178 kB | 137/512 kB
Progress (3): 111/142 kB | 178 kB | 137/512 kB
Progress (3): 112/142 kB | 178 kB | 137/512 kB
Progress (3): 114/142 kB | 178 kB | 137/512 kB
Progress (3): 115/142 kB | 178 kB | 137/512 kB
Progress (3): 117/142 kB | 178 kB | 137/512 kB
Progress (3): 118/142 kB | 178 kB | 137/512 kB
Progress (3): 119/142 kB | 178 kB | 137/512 kB
Progress (3): 121/142 kB | 178 kB | 137/512 kB
Progress (3): 122/142 kB | 178 kB | 137/512 kB
Progress (3): 123/142 kB | 178 kB | 137/512 kB
Progress (3): 125/142 kB | 178 kB | 137/512 kB
Progress (3): 126/142 kB | 178 kB | 137/512 kB
Progress (3): 128/142 kB | 178 kB | 137/512 kB
Progress (3): 129/142 kB | 178 kB | 137/512 kB
Progress (3): 130/142 kB | 178 kB | 137/512 kB
Progress (3): 132/142 kB | 178 kB | 137/512 kB
Progress (3): 133/142 kB | 178 kB | 137/512 kB
Progress (3): 134/142 kB | 178 kB | 137/512 kB
Progress (3): 136/142 kB | 178 kB | 137/512 kB
Progress (3): 137/142 kB | 178 kB | 137/512 kB
Progress (3): 137/142 kB | 178 kB | 138/512 kB
Progress (3): 137/142 kB | 178 kB | 140/512 kB
Progress (3): 137/142 kB | 178 kB | 141/512 kB
Progress (3): 137/142 kB | 178 kB | 143/512 kB
Progress (3): 137/142 kB | 178 kB | 144/512 kB
Progress (3): 137/142 kB | 178 kB | 145/512 kB
Progress (3): 137/142 kB | 178 kB | 147/512 kB
Progress (3): 137/142 kB | 178 kB | 148/512 kB
Progress (3): 137/142 kB | 178 kB | 149/512 kB
Progress (3): 137/142 kB | 178 kB | 151/512 kB
Progress (3): 137/142 kB | 178 kB | 152/512 kB
Progress (3): 137/142 kB | 178 kB | 154/512 kB
Progress (3): 137/142 kB | 178 kB | 155/512 kB
Progress (3): 137/142 kB | 178 kB | 156/512 kB
Progress (3): 137/142 kB | 178 kB | 158/512 kB
Progress (3): 137/142 kB | 178 kB | 159/512 kB
Progress (3): 137/142 kB | 178 kB | 160/512 kB
Progress (3): 137/142 kB | 178 kB | 162/512 kB
Progress (3): 137/142 kB | 178 kB | 163/512 kB
                                              
Downloaded from central: https://repo.maven.apache.org/maven2/org/junit/jupiter/junit-jupiter-engine/5.4.0/junit-jupiter-engine-5.4.0.jar (178 kB at 1.6 MB/s)
Progress (2): 138/142 kB | 163/512 kB
Progress (2): 138/142 kB | 165/512 kB
Progress (2): 140/142 kB | 165/512 kB
Progress (2): 140/142 kB | 166/512 kB
Progress (2): 141/142 kB | 166/512 kB
Progress (2): 141/142 kB | 167/512 kB
Progress (2): 142 kB | 167/512 kB    
Progress (2): 142 kB | 169/512 kB
Progress (2): 142 kB | 170/512 kB
Progress (2): 142 kB | 171/512 kB
Progress (2): 142 kB | 173/512 kB
Progress (2): 142 kB | 174/512 kB
Progress (2): 142 kB | 175/512 kB
Progress (2): 142 kB | 177/512 kB
Progress (2): 142 kB | 178/512 kB
Progress (2): 142 kB | 180/512 kB
Progress (2): 142 kB | 181/512 kB
Progress (2): 142 kB | 182/512 kB
Progress (2): 142 kB | 184/512 kB
Progress (2): 142 kB | 185/512 kB
Progress (2): 142 kB | 186/512 kB
Progress (2): 142 kB | 188/512 kB
Progress (2): 142 kB | 189/512 kB
Progress (2): 142 kB | 191/512 kB
Progress (2): 142 kB | 192/512 kB
Progress (2): 142 kB | 193/512 kB
Progress (2): 142 kB | 195/512 kB
Progress (2): 142 kB | 196/512 kB
Progress (2): 142 kB | 197/512 kB
Progress (2): 142 kB | 199/512 kB
Progress (2): 142 kB | 200/512 kB
Progress (2): 142 kB | 202/512 kB
Progress (2): 142 kB | 203/512 kB
Progress (2): 142 kB | 204/512 kB
Progress (2): 142 kB | 206/512 kB
Progress (2): 142 kB | 207/512 kB
Progress (2): 142 kB | 208/512 kB
Progress (2): 142 kB | 210/512 kB
Progress (2): 142 kB | 211/512 kB
Progress (2): 142 kB | 213/512 kB
Progress (2): 142 kB | 214/512 kB
Progress (2): 142 kB | 215/512 kB
Progress (2): 142 kB | 217/512 kB
Progress (2): 142 kB | 218/512 kB
Progress (2): 142 kB | 219/512 kB
Progress (2): 142 kB | 221/512 kB
Progress (2): 142 kB | 222/512 kB
Progress (2): 142 kB | 223/512 kB
Progress (2): 142 kB | 225/512 kB
Progress (2): 142 kB | 226/512 kB
Progress (2): 142 kB | 228/512 kB
Progress (2): 142 kB | 229/512 kB
Progress (2): 142 kB | 230/512 kB
Progress (2): 142 kB | 232/512 kB
Progress (2): 142 kB | 233/512 kB
Progress (2): 142 kB | 234/512 kB
Progress (2): 142 kB | 236/512 kB
Progress (2): 142 kB | 237/512 kB
Progress (2): 142 kB | 239/512 kB
Progress (2): 142 kB | 240/512 kB
Progress (2): 142 kB | 241/512 kB
Progress (2): 142 kB | 243/512 kB
Progress (2): 142 kB | 244/512 kB
Progress (2): 142 kB | 245/512 kB
Progress (2): 142 kB | 247/512 kB
Progress (2): 142 kB | 248/512 kB
Progress (2): 142 kB | 250/512 kB
Progress (2): 142 kB | 251/512 kB
Progress (2): 142 kB | 252/512 kB
                                 
Downloaded from central: https://repo.maven.apache.org/maven2/org/junit/platform/junit-platform-engine/1.4.0/junit-platform-engine-1.4.0.jar (142 kB at 1.2 MB/s)
Progress (1): 254/512 kB
Progress (1): 255/512 kB
Progress (1): 255/512 kB
Progress (1): 259/512 kB
Progress (1): 263/512 kB
Progress (1): 268/512 kB
Progress (1): 272/512 kB
Progress (1): 276/512 kB
Progress (1): 280/512 kB
Progress (1): 284/512 kB
Progress (1): 288/512 kB
Progress (1): 292/512 kB
Progress (1): 296/512 kB
Progress (1): 300/512 kB
Progress (1): 304/512 kB
Progress (1): 309/512 kB
Progress (1): 313/512 kB
Progress (1): 317/512 kB
Progress (1): 321/512 kB
Progress (1): 325/512 kB
Progress (1): 329/512 kB
Progress (1): 333/512 kB
Progress (1): 337/512 kB
Progress (1): 341/512 kB
Progress (1): 345/512 kB
Progress (1): 349/512 kB
Progress (1): 354/512 kB
Progress (1): 358/512 kB
Progress (1): 362/512 kB
Progress (1): 366/512 kB
Progress (1): 370/512 kB
Progress (1): 374/512 kB
Progress (1): 378/512 kB
Progress (1): 382/512 kB
Progress (1): 386/512 kB
Progress (1): 390/512 kB
Progress (1): 395/512 kB
Progress (1): 399/512 kB
Progress (1): 403/512 kB
Progress (1): 407/512 kB
Progress (1): 411/512 kB
Progress (1): 415/512 kB
Progress (1): 419/512 kB
Progress (1): 423/512 kB
Progress (1): 427/512 kB
Progress (1): 431/512 kB
Progress (1): 435/512 kB
Progress (1): 440/512 kB
Progress (1): 444/512 kB
Progress (1): 448/512 kB
Progress (1): 452/512 kB
Progress (1): 456/512 kB
Progress (1): 460/512 kB
Progress (1): 464/512 kB
Progress (1): 468/512 kB
Progress (1): 472/512 kB
Progress (1): 476/512 kB
Progress (1): 481/512 kB
Progress (1): 485/512 kB
Progress (1): 489/512 kB
Progress (1): 493/512 kB
Progress (1): 497/512 kB
Progress (1): 501/512 kB
Progress (1): 505/512 kB
Progress (1): 509/512 kB
Progress (1): 512 kB    
                    
Downloaded from central: https://repo.maven.apache.org/maven2/org/junit/jupiter/junit-jupiter-params/5.4.0/junit-jupiter-params-5.4.0.jar (512 kB at 3.6 MB/s)
[INFO] 
[INFO] --- maven-clean-plugin:3.1.0:clean (default-clean) @ commons-lang3 ---
[INFO] Deleting ./commons-lang/target
[INFO] 
[INFO] --- maven-enforcer-plugin:3.0.0-M2:enforce (enforce-maven-version) @ commons-lang3 ---
[INFO] 
[INFO] --- maven-enforcer-plugin:3.0.0-M2:enforce (enforce-maven-3) @ commons-lang3 ---
[INFO] 
[INFO] --- apache-rat-plugin:0.13:check (rat-check) @ commons-lang3 ---
[INFO] Enabled default license matchers.
[INFO] Will parse SCM ignores for exclusions...
[INFO] Parsing exclusions from ./commons-lang/.gitignore
[INFO] Finished adding exclusions from SCM ignore files.
[INFO] 73 implicit excludes (use -debug for more details).
[INFO] 14 explicit excludes (use -debug for more details).
[INFO] 367 resources included (use -debug for more details)
[INFO] Rat check: Summary over all files. Unapproved: 0, unknown: 0, generated: 0, approved: 362 licenses.
[INFO] 
[INFO] --- build-helper-maven-plugin:3.0.0:parse-version (parse-version) @ commons-lang3 ---
[INFO] 
[INFO] --- maven-antrun-plugin:1.8:run (javadoc.resources) @ commons-lang3 ---
[INFO] Executing tasks

main:
     [copy] Copying 2 files to ./commons-lang/target/apidocs/META-INF
[INFO] Executed tasks
[INFO] 
[INFO] --- maven-remote-resources-plugin:1.5:process (process-resource-bundles) @ commons-lang3 ---
[INFO] 
[INFO] --- buildnumber-maven-plugin:1.4:create (default) @ commons-lang3 ---
[INFO] Executing: /bin/sh -c cd './commons-lang' && 'git' 'rev-parse' '--verify' 'HEAD'
[INFO] Working directory: ./commons-lang
[INFO] Storing buildNumber: 6cf08461255e76eb2fc8065ddfa15da28810ac00 at timestamp: 1625600096967
[WARNING] Cannot get the branch information from the git repository: 
Detecting the current branch failed: fatal: ref HEAD is not a symbolic ref

[INFO] Executing: /bin/sh -c cd './commons-lang' && 'git' 'rev-parse' '--verify' 'HEAD'
[INFO] Working directory: ./commons-lang
[INFO] Storing buildScmBranch: UNKNOWN
[INFO] 
[INFO] --- maven-resources-plugin:3.1.0:resources (default-resources) @ commons-lang3 ---
[INFO] Using 'ISO-8859-1' encoding to copy filtered resources.
[INFO] skip non existing resourceDirectory ./commons-lang/src/main/resources
[INFO] Copying 2 resources to META-INF
[INFO] 
[INFO] --- maven-compiler-plugin:3.8.0:compile (default-compile) @ commons-lang3 ---
[INFO] Changes detected - recompiling the module!
[INFO] Compiling 154 source files to ./commons-lang/target/classes
[INFO] ./commons-lang/src/main/java/org/apache/commons/lang3/ObjectUtils.java: Some input files use or override a deprecated API.
[INFO] ./commons-lang/src/main/java/org/apache/commons/lang3/ObjectUtils.java: Recompile with -Xlint:deprecation for details.
[INFO] ./commons-lang/src/main/java/org/apache/commons/lang3/text/StrBuilder.java: Some input files use unchecked or unsafe operations.
[INFO] ./commons-lang/src/main/java/org/apache/commons/lang3/text/StrBuilder.java: Recompile with -Xlint:unchecked for details.
[INFO] 
[INFO] --- maven-bundle-plugin:4.1.0:manifest (bundle-manifest) @ commons-lang3 ---
[INFO] 
[INFO] --- animal-sniffer-maven-plugin:1.17:check (checkAPIcompatibility) @ commons-lang3 ---
[INFO] Checking unresolved references to org.codehaus.mojo.signature:java18:1.0
[INFO] 
[INFO] --- maven-resources-plugin:3.1.0:testResources (default-testResources) @ commons-lang3 ---
[INFO] Using 'ISO-8859-1' encoding to copy filtered resources.
[INFO] Copying 2 resources
[INFO] Copying 2 resources to META-INF
[INFO] 
[INFO] --- maven-compiler-plugin:3.8.0:testCompile (default-testCompile) @ commons-lang3 ---
[INFO] Changes detected - recompiling the module!
[INFO] Compiling 173 source files to ./commons-lang/target/test-classes
[INFO] ./commons-lang/src/test/java/org/apache/commons/lang3/ObjectUtilsTest.java: Some input files use or override a deprecated API.
[INFO] ./commons-lang/src/test/java/org/apache/commons/lang3/ObjectUtilsTest.java: Recompile with -Xlint:deprecation for details.
[INFO] ./commons-lang/src/test/java/org/apache/commons/lang3/EnumUtilsTest.java: ./commons-lang/src/test/java/org/apache/commons/lang3/EnumUtilsTest.java uses unchecked or unsafe operations.
[INFO] ./commons-lang/src/test/java/org/apache/commons/lang3/EnumUtilsTest.java: Recompile with -Xlint:unchecked for details.
[INFO] 
[INFO] --- jacoco-maven-plugin:0.8.2:prepare-agent (prepare-agent) @ commons-lang3 ---
Downloading from central: https://repo.maven.apache.org/maven2/org/jacoco/org.jacoco.agent/0.8.2/org.jacoco.agent-0.8.2.pom
Progress (1): 3.5 kB
                    
Downloaded from central: https://repo.maven.apache.org/maven2/org/jacoco/org.jacoco.agent/0.8.2/org.jacoco.agent-0.8.2.pom (3.5 kB at 160 kB/s)
Downloading from central: https://repo.maven.apache.org/maven2/org/jacoco/org.jacoco.core/0.8.2/org.jacoco.core-0.8.2.pom
Progress (1): 2.1 kB
                    
Downloaded from central: https://repo.maven.apache.org/maven2/org/jacoco/org.jacoco.core/0.8.2/org.jacoco.core-0.8.2.pom (2.1 kB at 132 kB/s)
Downloading from central: https://repo.maven.apache.org/maven2/org/ow2/asm/asm/6.2.1/asm-6.2.1.pom
Progress (1): 2.9 kB
                    
Downloaded from central: https://repo.maven.apache.org/maven2/org/ow2/asm/asm/6.2.1/asm-6.2.1.pom (2.9 kB at 210 kB/s)
Downloading from central: https://repo.maven.apache.org/maven2/org/ow2/asm/asm-commons/6.2.1/asm-commons-6.2.1.pom
Progress (1): 3.7 kB
                    
Downloaded from central: https://repo.maven.apache.org/maven2/org/ow2/asm/asm-commons/6.2.1/asm-commons-6.2.1.pom (3.7 kB at 262 kB/s)
Downloading from central: https://repo.maven.apache.org/maven2/org/ow2/asm/asm-tree/6.2.1/asm-tree-6.2.1.pom
Progress (1): 3.1 kB
                    
Downloaded from central: https://repo.maven.apache.org/maven2/org/ow2/asm/asm-tree/6.2.1/asm-tree-6.2.1.pom (3.1 kB at 241 kB/s)
Downloading from central: https://repo.maven.apache.org/maven2/org/ow2/asm/asm-analysis/6.2.1/asm-analysis-6.2.1.pom
Progress (1): 3.2 kB
                    
Downloaded from central: https://repo.maven.apache.org/maven2/org/ow2/asm/asm-analysis/6.2.1/asm-analysis-6.2.1.pom (3.2 kB at 243 kB/s)
Downloading from central: https://repo.maven.apache.org/maven2/org/jacoco/org.jacoco.report/0.8.2/org.jacoco.report-0.8.2.pom
Progress (1): 1.9 kB
                    
Downloaded from central: https://repo.maven.apache.org/maven2/org/jacoco/org.jacoco.report/0.8.2/org.jacoco.report-0.8.2.pom (1.9 kB at 159 kB/s)
Downloading from central: https://repo.maven.apache.org/maven2/org/jacoco/org.jacoco.core/0.8.2/org.jacoco.core-0.8.2.jar
Downloading from central: https://repo.maven.apache.org/maven2/org/jacoco/org.jacoco.agent/0.8.2/org.jacoco.agent-0.8.2-runtime.jar
Downloading from central: https://repo.maven.apache.org/maven2/org/ow2/asm/asm/6.2.1/asm-6.2.1.jar
Downloading from central: https://repo.maven.apache.org/maven2/org/ow2/asm/asm-commons/6.2.1/asm-commons-6.2.1.jar
Downloading from central: https://repo.maven.apache.org/maven2/org/ow2/asm/asm-analysis/6.2.1/asm-analysis-6.2.1.jar
Progress (1): 4.1/175 kB
Progress (1): 8.2/175 kB
Progress (1): 12/175 kB 
Progress (1): 16/175 kB
Progress (1): 20/175 kB
Progress (1): 25/175 kB
Progress (1): 29/175 kB
Progress (1): 33/175 kB
Progress (1): 37/175 kB
Progress (1): 41/175 kB
Progress (1): 45/175 kB
Progress (1): 49/175 kB
Progress (1): 53/175 kB
Progress (1): 57/175 kB
Progress (1): 61/175 kB
Progress (1): 66/175 kB
Progress (1): 70/175 kB
Progress (1): 74/175 kB
Progress (1): 78/175 kB
Progress (1): 82/175 kB
Progress (1): 86/175 kB
Progress (1): 90/175 kB
Progress (1): 94/175 kB
Progress (1): 98/175 kB
Progress (2): 98/175 kB | 4.1/33 kB
Progress (2): 98/175 kB | 8.2/33 kB
Progress (2): 98/175 kB | 12/33 kB 
Progress (2): 98/175 kB | 16/33 kB
Progress (2): 102/175 kB | 16/33 kB
Progress (2): 106/175 kB | 16/33 kB
Progress (2): 111/175 kB | 16/33 kB
Progress (2): 115/175 kB | 16/33 kB
Progress (2): 119/175 kB | 16/33 kB
Progress (2): 123/175 kB | 16/33 kB
Progress (3): 123/175 kB | 16/33 kB | 1.4/79 kB
Progress (3): 123/175 kB | 16/33 kB | 2.7/79 kB
Progress (3): 123/175 kB | 20/33 kB | 2.7/79 kB
Progress (3): 123/175 kB | 20/33 kB | 4.1/79 kB
Progress (3): 123/175 kB | 25/33 kB | 4.1/79 kB
Progress (3): 123/175 kB | 25/33 kB | 5.5/79 kB
Progress (3): 123/175 kB | 29/33 kB | 5.5/79 kB
Progress (3): 123/175 kB | 29/33 kB | 6.9/79 kB
Progress (3): 123/175 kB | 33 kB | 6.9/79 kB   
Progress (4): 123/175 kB | 33 kB | 6.9/79 kB | 1.4/113 kB
Progress (4): 123/175 kB | 33 kB | 6.9/79 kB | 2.7/113 kB
Progress (4): 123/175 kB | 33 kB | 8.2/79 kB | 2.7/113 kB
Progress (4): 123/175 kB | 33 kB | 8.2/79 kB | 4.1/113 kB
Progress (4): 123/175 kB | 33 kB | 9.6/79 kB | 4.1/113 kB
Progress (4): 123/175 kB | 33 kB | 9.6/79 kB | 5.5/113 kB
Progress (4): 123/175 kB | 33 kB | 11/79 kB | 5.5/113 kB 
Progress (4): 123/175 kB | 33 kB | 11/79 kB | 6.9/113 kB
Progress (4): 123/175 kB | 33 kB | 12/79 kB | 6.9/113 kB
Progress (4): 123/175 kB | 33 kB | 12/79 kB | 8.2/113 kB
Progress (4): 123/175 kB | 33 kB | 14/79 kB | 8.2/113 kB
Progress (4): 123/175 kB | 33 kB | 14/79 kB | 9.6/113 kB
Progress (4): 123/175 kB | 33 kB | 15/79 kB | 9.6/113 kB
Progress (4): 123/175 kB | 33 kB | 15/79 kB | 11/113 kB 
Progress (4): 123/175 kB | 33 kB | 16/79 kB | 11/113 kB
Progress (4): 123/175 kB | 33 kB | 16/79 kB | 12/113 kB
Progress (4): 123/175 kB | 33 kB | 18/79 kB | 12/113 kB
Progress (4): 123/175 kB | 33 kB | 18/79 kB | 14/113 kB
Progress (4): 123/175 kB | 33 kB | 19/79 kB | 14/113 kB
Progress (4): 123/175 kB | 33 kB | 19/79 kB | 15/113 kB
Progress (4): 123/175 kB | 33 kB | 21/79 kB | 15/113 kB
Progress (4): 123/175 kB | 33 kB | 22/79 kB | 15/113 kB
Progress (4): 123/175 kB | 33 kB | 22/79 kB | 16/113 kB
Progress (4): 123/175 kB | 33 kB | 23/79 kB | 16/113 kB
Progress (4): 123/175 kB | 33 kB | 23/79 kB | 18/113 kB
Progress (4): 123/175 kB | 33 kB | 25/79 kB | 18/113 kB
Progress (4): 123/175 kB | 33 kB | 25/79 kB | 19/113 kB
Progress (4): 123/175 kB | 33 kB | 26/79 kB | 19/113 kB
Progress (4): 123/175 kB | 33 kB | 26/79 kB | 21/113 kB
Progress (4): 123/175 kB | 33 kB | 26/79 kB | 22/113 kB
Progress (4): 123/175 kB | 33 kB | 26/79 kB | 23/113 kB
Progress (4): 123/175 kB | 33 kB | 26/79 kB | 25/113 kB
Progress (4): 123/175 kB | 33 kB | 26/79 kB | 26/113 kB
Progress (4): 123/175 kB | 33 kB | 26/79 kB | 27/113 kB
Progress (4): 123/175 kB | 33 kB | 26/79 kB | 29/113 kB
Progress (4): 123/175 kB | 33 kB | 26/79 kB | 30/113 kB
Progress (4): 123/175 kB | 33 kB | 26/79 kB | 32/113 kB
Progress (4): 123/175 kB | 33 kB | 26/79 kB | 33/113 kB
Progress (4): 123/175 kB | 33 kB | 26/79 kB | 34/113 kB
Progress (4): 123/175 kB | 33 kB | 26/79 kB | 36/113 kB
Progress (4): 123/175 kB | 33 kB | 26/79 kB | 37/113 kB
Progress (4): 123/175 kB | 33 kB | 26/79 kB | 38/113 kB
Progress (4): 123/175 kB | 33 kB | 26/79 kB | 40/113 kB
Progress (4): 123/175 kB | 33 kB | 27/79 kB | 40/113 kB
Progress (4): 123/175 kB | 33 kB | 29/79 kB | 40/113 kB
Progress (4): 123/175 kB | 33 kB | 30/79 kB | 40/113 kB
Progress (4): 123/175 kB | 33 kB | 32/79 kB | 40/113 kB
Progress (4): 123/175 kB | 33 kB | 33/79 kB | 40/113 kB
Progress (4): 123/175 kB | 33 kB | 34/79 kB | 40/113 kB
Progress (4): 123/175 kB | 33 kB | 34/79 kB | 41/113 kB
Progress (4): 123/175 kB | 33 kB | 34/79 kB | 43/113 kB
Progress (4): 123/175 kB | 33 kB | 34/79 kB | 44/113 kB
Progress (4): 123/175 kB | 33 kB | 34/79 kB | 45/113 kB
Progress (4): 123/175 kB | 33 kB | 34/79 kB | 47/113 kB
Progress (4): 123/175 kB | 33 kB | 34/79 kB | 48/113 kB
Progress (4): 123/175 kB | 33 kB | 34/79 kB | 49/113 kB
Progress (4): 123/175 kB | 33 kB | 34/79 kB | 51/113 kB
Progress (4): 123/175 kB | 33 kB | 34/79 kB | 52/113 kB
Progress (4): 123/175 kB | 33 kB | 34/79 kB | 53/113 kB
Progress (4): 123/175 kB | 33 kB | 34/79 kB | 55/113 kB
Progress (4): 123/175 kB | 33 kB | 34/79 kB | 56/113 kB
Progress (4): 123/175 kB | 33 kB | 34/79 kB | 58/113 kB
Progress (4): 123/175 kB | 33 kB | 34/79 kB | 59/113 kB
Progress (4): 123/175 kB | 33 kB | 34/79 kB | 60/113 kB
Progress (4): 123/175 kB | 33 kB | 34/79 kB | 62/113 kB
Progress (4): 123/175 kB | 33 kB | 34/79 kB | 63/113 kB
Progress (4): 123/175 kB | 33 kB | 34/79 kB | 64/113 kB
Progress (4): 123/175 kB | 33 kB | 34/79 kB | 66/113 kB
                                                       
Downloaded from central: https://repo.maven.apache.org/maven2/org/ow2/asm/asm-analysis/6.2.1/asm-analysis-6.2.1.jar (33 kB at 1.3 MB/s)
Downloading from central: https://repo.maven.apache.org/maven2/org/ow2/asm/asm-tree/6.2.1/asm-tree-6.2.1.jar
Progress (4): 123/175 kB | 34/79 kB | 66/113 kB | 1.4/270 kB
Progress (4): 123/175 kB | 34/79 kB | 67/113 kB | 1.4/270 kB
Progress (4): 123/175 kB | 34/79 kB | 67/113 kB | 2.7/270 kB
Progress (4): 127/175 kB | 34/79 kB | 67/113 kB | 2.7/270 kB
Progress (4): 131/175 kB | 34/79 kB | 67/113 kB | 2.7/270 kB
Progress (4): 131/175 kB | 36/79 kB | 67/113 kB | 2.7/270 kB
Progress (4): 131/175 kB | 37/79 kB | 67/113 kB | 2.7/270 kB
Progress (4): 135/175 kB | 37/79 kB | 67/113 kB | 2.7/270 kB
Progress (4): 139/175 kB | 37/79 kB | 67/113 kB | 2.7/270 kB
Progress (4): 143/175 kB | 37/79 kB | 67/113 kB | 2.7/270 kB
Progress (4): 147/175 kB | 37/79 kB | 67/113 kB | 2.7/270 kB
Progress (4): 152/175 kB | 37/79 kB | 67/113 kB | 2.7/270 kB
Progress (4): 156/175 kB | 37/79 kB | 67/113 kB | 2.7/270 kB
Progress (4): 160/175 kB | 37/79 kB | 67/113 kB | 2.7/270 kB
Progress (4): 164/175 kB | 37/79 kB | 67/113 kB | 2.7/270 kB
Progress (4): 168/175 kB | 37/79 kB | 67/113 kB | 2.7/270 kB
Progress (4): 172/175 kB | 37/79 kB | 67/113 kB | 2.7/270 kB
Progress (4): 175 kB | 37/79 kB | 67/113 kB | 2.7/270 kB    
Progress (4): 175 kB | 37/79 kB | 67/113 kB | 4.1/270 kB
Progress (4): 175 kB | 37/79 kB | 69/113 kB | 4.1/270 kB
Progress (4): 175 kB | 37/79 kB | 69/113 kB | 5.5/270 kB
Progress (4): 175 kB | 37/79 kB | 70/113 kB | 5.5/270 kB
Progress (4): 175 kB | 38/79 kB | 70/113 kB | 5.5/270 kB
Progress (4): 175 kB | 40/79 kB | 70/113 kB | 5.5/270 kB
Progress (4): 175 kB | 40/79 kB | 71/113 kB | 5.5/270 kB
Progress (4): 175 kB | 40/79 kB | 71/113 kB | 6.9/270 kB
Progress (4): 175 kB | 40/79 kB | 73/113 kB | 6.9/270 kB
Progress (4): 175 kB | 41/79 kB | 73/113 kB | 6.9/270 kB
Progress (4): 175 kB | 41/79 kB | 74/113 kB | 6.9/270 kB
Progress (4): 175 kB | 41/79 kB | 74/113 kB | 8.2/270 kB
Progress (4): 175 kB | 41/79 kB | 75/113 kB | 8.2/270 kB
Progress (4): 175 kB | 43/79 kB | 75/113 kB | 8.2/270 kB
Progress (4): 175 kB | 43/79 kB | 77/113 kB | 8.2/270 kB
Progress (4): 175 kB | 43/79 kB | 77/113 kB | 9.6/270 kB
Progress (4): 175 kB | 43/79 kB | 78/113 kB | 9.6/270 kB
Progress (4): 175 kB | 44/79 kB | 78/113 kB | 9.6/270 kB
Progress (4): 175 kB | 45/79 kB | 78/113 kB | 9.6/270 kB
Progress (4): 175 kB | 47/79 kB | 78/113 kB | 9.6/270 kB
Progress (4): 175 kB | 48/79 kB | 78/113 kB | 9.6/270 kB
Progress (4): 175 kB | 49/79 kB | 78/113 kB | 9.6/270 kB
Progress (4): 175 kB | 51/79 kB | 78/113 kB | 9.6/270 kB
Progress (4): 175 kB | 52/79 kB | 78/113 kB | 9.6/270 kB
Progress (4): 175 kB | 53/79 kB | 78/113 kB | 9.6/270 kB
Progress (4): 175 kB | 55/79 kB | 78/113 kB | 9.6/270 kB
Progress (4): 175 kB | 56/79 kB | 78/113 kB | 9.6/270 kB
Progress (4): 175 kB | 58/79 kB | 78/113 kB | 9.6/270 kB
Progress (4): 175 kB | 59/79 kB | 78/113 kB | 9.6/270 kB
Progress (4): 175 kB | 60/79 kB | 78/113 kB | 9.6/270 kB
Progress (4): 175 kB | 62/79 kB | 78/113 kB | 9.6/270 kB
Progress (4): 175 kB | 63/79 kB | 78/113 kB | 9.6/270 kB
Progress (4): 175 kB | 64/79 kB | 78/113 kB | 9.6/270 kB
Progress (4): 175 kB | 66/79 kB | 78/113 kB | 9.6/270 kB
Progress (4): 175 kB | 67/79 kB | 78/113 kB | 9.6/270 kB
Progress (4): 175 kB | 69/79 kB | 78/113 kB | 9.6/270 kB
Progress (4): 175 kB | 70/79 kB | 78/113 kB | 9.6/270 kB
Progress (4): 175 kB | 71/79 kB | 78/113 kB | 9.6/270 kB
Progress (5): 175 kB | 71/79 kB | 78/113 kB | 9.6/270 kB | 4.1/50 kB
Progress (5): 175 kB | 71/79 kB | 78/113 kB | 11/270 kB | 4.1/50 kB 
Progress (5): 175 kB | 71/79 kB | 78/113 kB | 12/270 kB | 4.1/50 kB
Progress (5): 175 kB | 71/79 kB | 78/113 kB | 14/270 kB | 4.1/50 kB
Progress (5): 175 kB | 71/79 kB | 78/113 kB | 15/270 kB | 4.1/50 kB
Progress (5): 175 kB | 71/79 kB | 78/113 kB | 16/270 kB | 4.1/50 kB
Progress (5): 175 kB | 71/79 kB | 78/113 kB | 18/270 kB | 4.1/50 kB
Progress (5): 175 kB | 71/79 kB | 78/113 kB | 19/270 kB | 4.1/50 kB
Progress (5): 175 kB | 71/79 kB | 78/113 kB | 21/270 kB | 4.1/50 kB
Progress (5): 175 kB | 71/79 kB | 78/113 kB | 22/270 kB | 4.1/50 kB
Progress (5): 175 kB | 71/79 kB | 78/113 kB | 23/270 kB | 4.1/50 kB
Progress (5): 175 kB | 71/79 kB | 78/113 kB | 25/270 kB | 4.1/50 kB
Progress (5): 175 kB | 71/79 kB | 78/113 kB | 26/270 kB | 4.1/50 kB
Progress (5): 175 kB | 71/79 kB | 78/113 kB | 27/270 kB | 4.1/50 kB
Progress (5): 175 kB | 71/79 kB | 78/113 kB | 29/270 kB | 4.1/50 kB
Progress (5): 175 kB | 71/79 kB | 78/113 kB | 30/270 kB | 4.1/50 kB
Progress (5): 175 kB | 71/79 kB | 78/113 kB | 32/270 kB | 4.1/50 kB
Progress (5): 175 kB | 71/79 kB | 78/113 kB | 33/270 kB | 4.1/50 kB
Progress (5): 175 kB | 71/79 kB | 78/113 kB | 34/270 kB | 4.1/50 kB
Progress (5): 175 kB | 71/79 kB | 78/113 kB | 36/270 kB | 4.1/50 kB
Progress (5): 175 kB | 71/79 kB | 78/113 kB | 37/270 kB | 4.1/50 kB
Progress (5): 175 kB | 71/79 kB | 78/113 kB | 38/270 kB | 4.1/50 kB
Progress (5): 175 kB | 71/79 kB | 78/113 kB | 40/270 kB | 4.1/50 kB
Progress (5): 175 kB | 71/79 kB | 78/113 kB | 41/270 kB | 4.1/50 kB
Progress (5): 175 kB | 71/79 kB | 78/113 kB | 43/270 kB | 4.1/50 kB
Progress (5): 175 kB | 71/79 kB | 78/113 kB | 44/270 kB | 4.1/50 kB
Progress (5): 175 kB | 71/79 kB | 78/113 kB | 45/270 kB | 4.1/50 kB
Progress (5): 175 kB | 71/79 kB | 78/113 kB | 47/270 kB | 4.1/50 kB
Progress (5): 175 kB | 71/79 kB | 78/113 kB | 48/270 kB | 4.1/50 kB
Progress (5): 175 kB | 71/79 kB | 78/113 kB | 49/270 kB | 4.1/50 kB
Progress (5): 175 kB | 71/79 kB | 78/113 kB | 51/270 kB | 4.1/50 kB
Progress (5): 175 kB | 71/79 kB | 78/113 kB | 52/270 kB | 4.1/50 kB
Progress (5): 175 kB | 71/79 kB | 78/113 kB | 53/270 kB | 4.1/50 kB
Progress (5): 175 kB | 71/79 kB | 78/113 kB | 55/270 kB | 4.1/50 kB
Progress (5): 175 kB | 71/79 kB | 78/113 kB | 56/270 kB | 4.1/50 kB
Progress (5): 175 kB | 71/79 kB | 78/113 kB | 58/270 kB | 4.1/50 kB
Progress (5): 175 kB | 71/79 kB | 78/113 kB | 59/270 kB | 4.1/50 kB
Progress (5): 175 kB | 71/79 kB | 78/113 kB | 60/270 kB | 4.1/50 kB
Progress (5): 175 kB | 71/79 kB | 78/113 kB | 62/270 kB | 4.1/50 kB
Progress (5): 175 kB | 71/79 kB | 78/113 kB | 63/270 kB | 4.1/50 kB
Progress (5): 175 kB | 71/79 kB | 78/113 kB | 64/270 kB | 4.1/50 kB
Progress (5): 175 kB | 71/79 kB | 78/113 kB | 66/270 kB | 4.1/50 kB
Progress (5): 175 kB | 71/79 kB | 78/113 kB | 67/270 kB | 4.1/50 kB
Progress (5): 175 kB | 71/79 kB | 78/113 kB | 69/270 kB | 4.1/50 kB
Progress (5): 175 kB | 71/79 kB | 78/113 kB | 70/270 kB | 4.1/50 kB
Progress (5): 175 kB | 71/79 kB | 78/113 kB | 71/270 kB | 4.1/50 kB
Progress (5): 175 kB | 71/79 kB | 78/113 kB | 73/270 kB | 4.1/50 kB
Progress (5): 175 kB | 71/79 kB | 78/113 kB | 74/270 kB | 4.1/50 kB
Progress (5): 175 kB | 71/79 kB | 78/113 kB | 75/270 kB | 4.1/50 kB
Progress (5): 175 kB | 71/79 kB | 78/113 kB | 77/270 kB | 4.1/50 kB
Progress (5): 175 kB | 71/79 kB | 78/113 kB | 78/270 kB | 4.1/50 kB
Progress (5): 175 kB | 71/79 kB | 78/113 kB | 80/270 kB | 4.1/50 kB
Progress (5): 175 kB | 71/79 kB | 78/113 kB | 81/270 kB | 4.1/50 kB
Progress (5): 175 kB | 71/79 kB | 78/113 kB | 82/270 kB | 4.1/50 kB
Progress (5): 175 kB | 71/79 kB | 78/113 kB | 84/270 kB | 4.1/50 kB
Progress (5): 175 kB | 71/79 kB | 78/113 kB | 85/270 kB | 4.1/50 kB
Progress (5): 175 kB | 71/79 kB | 78/113 kB | 86/270 kB | 4.1/50 kB
Progress (5): 175 kB | 71/79 kB | 78/113 kB | 88/270 kB | 4.1/50 kB
Progress (5): 175 kB | 71/79 kB | 78/113 kB | 89/270 kB | 4.1/50 kB
Progress (5): 175 kB | 73/79 kB | 78/113 kB | 89/270 kB | 4.1/50 kB
Progress (5): 175 kB | 73/79 kB | 80/113 kB | 89/270 kB | 4.1/50 kB
Progress (5): 175 kB | 74/79 kB | 80/113 kB | 89/270 kB | 4.1/50 kB
Progress (5): 175 kB | 74/79 kB | 80/113 kB | 90/270 kB | 4.1/50 kB
Progress (5): 175 kB | 74/79 kB | 81/113 kB | 90/270 kB | 4.1/50 kB
Progress (5): 175 kB | 74/79 kB | 81/113 kB | 92/270 kB | 4.1/50 kB
Progress (5): 175 kB | 74/79 kB | 82/113 kB | 92/270 kB | 4.1/50 kB
Progress (5): 175 kB | 74/79 kB | 84/113 kB | 92/270 kB | 4.1/50 kB
Progress (5): 175 kB | 74/79 kB | 85/113 kB | 92/270 kB | 4.1/50 kB
Progress (5): 175 kB | 74/79 kB | 86/113 kB | 92/270 kB | 4.1/50 kB
Progress (5): 175 kB | 74/79 kB | 88/113 kB | 92/270 kB | 4.1/50 kB
Progress (5): 175 kB | 74/79 kB | 89/113 kB | 92/270 kB | 4.1/50 kB
Progress (5): 175 kB | 74/79 kB | 90/113 kB | 92/270 kB | 4.1/50 kB
Progress (5): 175 kB | 74/79 kB | 92/113 kB | 92/270 kB | 4.1/50 kB
Progress (5): 175 kB | 74/79 kB | 93/113 kB | 92/270 kB | 4.1/50 kB
Progress (5): 175 kB | 74/79 kB | 95/113 kB | 92/270 kB | 4.1/50 kB
Progress (5): 175 kB | 74/79 kB | 96/113 kB | 92/270 kB | 4.1/50 kB
Progress (5): 175 kB | 74/79 kB | 97/113 kB | 92/270 kB | 4.1/50 kB
Progress (5): 175 kB | 74/79 kB | 99/113 kB | 92/270 kB | 4.1/50 kB
Progress (5): 175 kB | 74/79 kB | 100/113 kB | 92/270 kB | 4.1/50 kB
Progress (5): 175 kB | 74/79 kB | 101/113 kB | 92/270 kB | 4.1/50 kB
Progress (5): 175 kB | 74/79 kB | 103/113 kB | 92/270 kB | 4.1/50 kB
Progress (5): 175 kB | 74/79 kB | 104/113 kB | 92/270 kB | 4.1/50 kB
Progress (5): 175 kB | 74/79 kB | 106/113 kB | 92/270 kB | 4.1/50 kB
Progress (5): 175 kB | 74/79 kB | 107/113 kB | 92/270 kB | 4.1/50 kB
Progress (5): 175 kB | 74/79 kB | 108/113 kB | 92/270 kB | 4.1/50 kB
Progress (5): 175 kB | 74/79 kB | 110/113 kB | 92/270 kB | 4.1/50 kB
Progress (5): 175 kB | 74/79 kB | 111/113 kB | 92/270 kB | 4.1/50 kB
Progress (5): 175 kB | 74/79 kB | 112/113 kB | 92/270 kB | 4.1/50 kB
Progress (5): 175 kB | 74/79 kB | 113 kB | 92/270 kB | 4.1/50 kB    
                                                                
Downloaded from central: https://repo.maven.apache.org/maven2/org/jacoco/org.jacoco.core/0.8.2/org.jacoco.core-0.8.2.jar (175 kB at 4.0 MB/s)
Progress (4): 74/79 kB | 113 kB | 92/270 kB | 8.2/50 kB
Progress (4): 74/79 kB | 113 kB | 92/270 kB | 12/50 kB 
Progress (4): 74/79 kB | 113 kB | 92/270 kB | 16/50 kB
                                                      
Downloading from central: https://repo.maven.apache.org/maven2/org/jacoco/org.jacoco.report/0.8.2/org.jacoco.report-0.8.2.jar
Progress (4): 74/79 kB | 113 kB | 93/270 kB | 16/50 kB
Progress (4): 75/79 kB | 113 kB | 93/270 kB | 16/50 kB
Progress (4): 75/79 kB | 113 kB | 93/270 kB | 20/50 kB
Progress (4): 77/79 kB | 113 kB | 93/270 kB | 20/50 kB
Progress (4): 77/79 kB | 113 kB | 93/270 kB | 25/50 kB
Progress (4): 78/79 kB | 113 kB | 93/270 kB | 25/50 kB
Progress (4): 78/79 kB | 113 kB | 93/270 kB | 29/50 kB
Progress (4): 79 kB | 113 kB | 93/270 kB | 29/50 kB   
Progress (4): 79 kB | 113 kB | 95/270 kB | 29/50 kB
Progress (4): 79 kB | 113 kB | 95/270 kB | 33/50 kB
Progress (4): 79 kB | 113 kB | 96/270 kB | 33/50 kB
Progress (4): 79 kB | 113 kB | 97/270 kB | 33/50 kB
Progress (4): 79 kB | 113 kB | 99/270 kB | 33/50 kB
Progress (4): 79 kB | 113 kB | 100/270 kB | 33/50 kB
Progress (4): 79 kB | 113 kB | 101/270 kB | 33/50 kB
Progress (4): 79 kB | 113 kB | 101/270 kB | 37/50 kB
Progress (4): 79 kB | 113 kB | 103/270 kB | 37/50 kB
Progress (4): 79 kB | 113 kB | 103/270 kB | 41/50 kB
Progress (4): 79 kB | 113 kB | 104/270 kB | 41/50 kB
Progress (4): 79 kB | 113 kB | 104/270 kB | 45/50 kB
Progress (4): 79 kB | 113 kB | 106/270 kB | 45/50 kB
Progress (4): 79 kB | 113 kB | 106/270 kB | 49/50 kB
Progress (4): 79 kB | 113 kB | 107/270 kB | 49/50 kB
Progress (4): 79 kB | 113 kB | 107/270 kB | 50 kB   
Progress (4): 79 kB | 113 kB | 108/270 kB | 50 kB
Progress (4): 79 kB | 113 kB | 110/270 kB | 50 kB
Progress (4): 79 kB | 113 kB | 111/270 kB | 50 kB
Progress (4): 79 kB | 113 kB | 112/270 kB | 50 kB
Progress (4): 79 kB | 113 kB | 114/270 kB | 50 kB
Progress (4): 79 kB | 113 kB | 115/270 kB | 50 kB
Progress (4): 79 kB | 113 kB | 117/270 kB | 50 kB
Progress (4): 79 kB | 113 kB | 118/270 kB | 50 kB
Progress (4): 79 kB | 113 kB | 119/270 kB | 50 kB
Progress (4): 79 kB | 113 kB | 121/270 kB | 50 kB
Progress (4): 79 kB | 113 kB | 122/270 kB | 50 kB
Progress (4): 79 kB | 113 kB | 123/270 kB | 50 kB
Progress (4): 79 kB | 113 kB | 125/270 kB | 50 kB
Progress (4): 79 kB | 113 kB | 126/270 kB | 50 kB
Progress (4): 79 kB | 113 kB | 128/270 kB | 50 kB
Progress (4): 79 kB | 113 kB | 129/270 kB | 50 kB
Progress (4): 79 kB | 113 kB | 130/270 kB | 50 kB
Progress (4): 79 kB | 113 kB | 132/270 kB | 50 kB
Progress (4): 79 kB | 113 kB | 133/270 kB | 50 kB
Progress (4): 79 kB | 113 kB | 134/270 kB | 50 kB
Progress (4): 79 kB | 113 kB | 136/270 kB | 50 kB
Progress (4): 79 kB | 113 kB | 137/270 kB | 50 kB
Progress (4): 79 kB | 113 kB | 138/270 kB | 50 kB
Progress (4): 79 kB | 113 kB | 140/270 kB | 50 kB
Progress (4): 79 kB | 113 kB | 141/270 kB | 50 kB
Progress (4): 79 kB | 113 kB | 143/270 kB | 50 kB
Progress (4): 79 kB | 113 kB | 144/270 kB | 50 kB
Progress (4): 79 kB | 113 kB | 145/270 kB | 50 kB
Progress (4): 79 kB | 113 kB | 147/270 kB | 50 kB
Progress (4): 79 kB | 113 kB | 148/270 kB | 50 kB
Progress (4): 79 kB | 113 kB | 149/270 kB | 50 kB
Progress (4): 79 kB | 113 kB | 151/270 kB | 50 kB
Progress (4): 79 kB | 113 kB | 152/270 kB | 50 kB
Progress (4): 79 kB | 113 kB | 154/270 kB | 50 kB
Progress (4): 79 kB | 113 kB | 155/270 kB | 50 kB
Progress (4): 79 kB | 113 kB | 156/270 kB | 50 kB
Progress (4): 79 kB | 113 kB | 158/270 kB | 50 kB
Progress (4): 79 kB | 113 kB | 159/270 kB | 50 kB
Progress (4): 79 kB | 113 kB | 160/270 kB | 50 kB
Progress (4): 79 kB | 113 kB | 162/270 kB | 50 kB
Progress (4): 79 kB | 113 kB | 163/270 kB | 50 kB
Progress (4): 79 kB | 113 kB | 165/270 kB | 50 kB
Progress (4): 79 kB | 113 kB | 166/270 kB | 50 kB
Progress (4): 79 kB | 113 kB | 167/270 kB | 50 kB
Progress (4): 79 kB | 113 kB | 169/270 kB | 50 kB
Progress (4): 79 kB | 113 kB | 170/270 kB | 50 kB
Progress (4): 79 kB | 113 kB | 171/270 kB | 50 kB
Progress (4): 79 kB | 113 kB | 173/270 kB | 50 kB
Progress (4): 79 kB | 113 kB | 174/270 kB | 50 kB
Progress (4): 79 kB | 113 kB | 175/270 kB | 50 kB
Progress (4): 79 kB | 113 kB | 177/270 kB | 50 kB
Progress (4): 79 kB | 113 kB | 178/270 kB | 50 kB
Progress (4): 79 kB | 113 kB | 180/270 kB | 50 kB
Progress (4): 79 kB | 113 kB | 181/270 kB | 50 kB
Progress (4): 79 kB | 113 kB | 182/270 kB | 50 kB
Progress (4): 79 kB | 113 kB | 184/270 kB | 50 kB
Progress (4): 79 kB | 113 kB | 185/270 kB | 50 kB
Progress (5): 79 kB | 113 kB | 185/270 kB | 50 kB | 4.1/128 kB
Progress (5): 79 kB | 113 kB | 185/270 kB | 50 kB | 8.2/128 kB
Progress (5): 79 kB | 113 kB | 185/270 kB | 50 kB | 12/128 kB 
Progress (5): 79 kB | 113 kB | 185/270 kB | 50 kB | 16/128 kB
Progress (5): 79 kB | 113 kB | 186/270 kB | 50 kB | 16/128 kB
Progress (5): 79 kB | 113 kB | 188/270 kB | 50 kB | 16/128 kB
Progress (5): 79 kB | 113 kB | 188/270 kB | 50 kB | 20/128 kB
Progress (5): 79 kB | 113 kB | 189/270 kB | 50 kB | 20/128 kB
Progress (5): 79 kB | 113 kB | 191/270 kB | 50 kB | 20/128 kB
Progress (5): 79 kB | 113 kB | 191/270 kB | 50 kB | 25/128 kB
                                                             
Downloaded from central: https://repo.maven.apache.org/maven2/org/ow2/asm/asm-commons/6.2.1/asm-commons-6.2.1.jar (79 kB at 1.5 MB/s)
Downloaded from central: https://repo.maven.apache.org/maven2/org/ow2/asm/asm/6.2.1/asm-6.2.1.jar (113 kB at 2.1 MB/s)
Progress (3): 192/270 kB | 50 kB | 25/128 kB
Progress (3): 192/270 kB | 50 kB | 29/128 kB
Progress (3): 193/270 kB | 50 kB | 29/128 kB
Progress (3): 193/270 kB | 50 kB | 33/128 kB
Progress (3): 195/270 kB | 50 kB | 33/128 kB
Progress (3): 196/270 kB | 50 kB | 33/128 kB
Progress (3): 197/270 kB | 50 kB | 33/128 kB
Progress (3): 197/270 kB | 50 kB | 37/128 kB
Progress (3): 197/270 kB | 50 kB | 41/128 kB
Progress (3): 199/270 kB | 50 kB | 41/128 kB
Progress (3): 199/270 kB | 50 kB | 45/128 kB
Progress (3): 199/270 kB | 50 kB | 49/128 kB
Progress (3): 200/270 kB | 50 kB | 49/128 kB
Progress (3): 202/270 kB | 50 kB | 49/128 kB
Progress (3): 203/270 kB | 50 kB | 49/128 kB
Progress (3): 203/270 kB | 50 kB | 53/128 kB
Progress (3): 204/270 kB | 50 kB | 53/128 kB
Progress (3): 204/270 kB | 50 kB | 57/128 kB
Progress (3): 204/270 kB | 50 kB | 61/128 kB
Progress (3): 206/270 kB | 50 kB | 61/128 kB
Progress (3): 206/270 kB | 50 kB | 66/128 kB
Progress (3): 207/270 kB | 50 kB | 66/128 kB
Progress (3): 208/270 kB | 50 kB | 66/128 kB
Progress (3): 210/270 kB | 50 kB | 66/128 kB
Progress (3): 210/270 kB | 50 kB | 70/128 kB
Progress (3): 210/270 kB | 50 kB | 74/128 kB
Progress (3): 211/270 kB | 50 kB | 74/128 kB
Progress (3): 211/270 kB | 50 kB | 78/128 kB
Progress (3): 211/270 kB | 50 kB | 82/128 kB
Progress (3): 213/270 kB | 50 kB | 82/128 kB
Progress (3): 214/270 kB | 50 kB | 82/128 kB
Progress (3): 215/270 kB | 50 kB | 82/128 kB
Progress (3): 215/270 kB | 50 kB | 86/128 kB
Progress (3): 217/270 kB | 50 kB | 86/128 kB
Progress (3): 217/270 kB | 50 kB | 90/128 kB
Progress (3): 217/270 kB | 50 kB | 94/128 kB
Progress (3): 218/270 kB | 50 kB | 94/128 kB
Progress (3): 218/270 kB | 50 kB | 98/128 kB
Progress (3): 219/270 kB | 50 kB | 98/128 kB
Progress (3): 221/270 kB | 50 kB | 98/128 kB
Progress (3): 222/270 kB | 50 kB | 98/128 kB
Progress (3): 222/270 kB | 50 kB | 102/128 kB
Progress (3): 222/270 kB | 50 kB | 106/128 kB
Progress (3): 223/270 kB | 50 kB | 106/128 kB
Progress (3): 223/270 kB | 50 kB | 111/128 kB
Progress (3): 223/270 kB | 50 kB | 115/128 kB
Progress (3): 225/270 kB | 50 kB | 115/128 kB
Progress (3): 226/270 kB | 50 kB | 115/128 kB
Progress (3): 228/270 kB | 50 kB | 115/128 kB
Progress (3): 228/270 kB | 50 kB | 119/128 kB
Progress (3): 228/270 kB | 50 kB | 123/128 kB
Progress (3): 229/270 kB | 50 kB | 123/128 kB
Progress (3): 229/270 kB | 50 kB | 127/128 kB
Progress (3): 229/270 kB | 50 kB | 128 kB    
Progress (3): 230/270 kB | 50 kB | 128 kB
Progress (3): 232/270 kB | 50 kB | 128 kB
Progress (3): 233/270 kB | 50 kB | 128 kB
Progress (3): 234/270 kB | 50 kB | 128 kB
Progress (3): 236/270 kB | 50 kB | 128 kB
Progress (3): 237/270 kB | 50 kB | 128 kB
Progress (3): 239/270 kB | 50 kB | 128 kB
Progress (3): 240/270 kB | 50 kB | 128 kB
Progress (3): 241/270 kB | 50 kB | 128 kB
Progress (3): 243/270 kB | 50 kB | 128 kB
Progress (3): 244/270 kB | 50 kB | 128 kB
Progress (3): 245/270 kB | 50 kB | 128 kB
Progress (3): 247/270 kB | 50 kB | 128 kB
Progress (3): 248/270 kB | 50 kB | 128 kB
Progress (3): 250/270 kB | 50 kB | 128 kB
Progress (3): 251/270 kB | 50 kB | 128 kB
Progress (3): 252/270 kB | 50 kB | 128 kB
Progress (3): 254/270 kB | 50 kB | 128 kB
Progress (3): 255/270 kB | 50 kB | 128 kB
Progress (3): 255/270 kB | 50 kB | 128 kB
Progress (3): 259/270 kB | 50 kB | 128 kB
Progress (3): 263/270 kB | 50 kB | 128 kB
Progress (3): 268/270 kB | 50 kB | 128 kB
Progress (3): 270 kB | 50 kB | 128 kB    
                                     
Downloaded from central: https://repo.maven.apache.org/maven2/org/ow2/asm/asm-tree/6.2.1/asm-tree-6.2.1.jar (50 kB at 840 kB/s)
Downloaded from central: https://repo.maven.apache.org/maven2/org/jacoco/org.jacoco.report/0.8.2/org.jacoco.report-0.8.2.jar (128 kB at 2.1 MB/s)
Downloaded from central: https://repo.maven.apache.org/maven2/org/jacoco/org.jacoco.agent/0.8.2/org.jacoco.agent-0.8.2-runtime.jar (270 kB at 3.9 MB/s)
[INFO] argLine set to -javaagent:./.m2/repository/org/jacoco/org.jacoco.agent/0.8.2/org.jacoco.agent-0.8.2-runtime.jar=destfile=./commons-lang/target/jacoco.exec -Xmx512m
[INFO] 
[INFO] --- maven-surefire-plugin:2.22.1:test (default-test) @ commons-lang3 ---
[INFO] 
[INFO] -------------------------------------------------------
[INFO]  T E S T S
[INFO] -------------------------------------------------------
[INFO] Running org.apache.commons.lang3.CharSetUtilsTest
[INFO] Tests run: 11, Failures: 0, Errors: 0, Skipped: 0, Time elapsed: 0.038 s - in org.apache.commons.lang3.CharSetUtilsTest
[INFO] Running org.apache.commons.lang3.concurrent.MultiBackgroundInitializerTest
[INFO] Tests run: 17, Failures: 0, Errors: 0, Skipped: 0, Time elapsed: 0.498 s - in org.apache.commons.lang3.concurrent.MultiBackgroundInitializerTest
[INFO] Running org.apache.commons.lang3.concurrent.CallableBackgroundInitializerTest
[INFO] Tests run: 4, Failures: 0, Errors: 0, Skipped: 0, Time elapsed: 0 s - in org.apache.commons.lang3.concurrent.CallableBackgroundInitializerTest
[INFO] Running org.apache.commons.lang3.concurrent.MemoizerTest
[INFO] Tests run: 6, Failures: 0, Errors: 0, Skipped: 0, Time elapsed: 0.035 s - in org.apache.commons.lang3.concurrent.MemoizerTest
[INFO] Running org.apache.commons.lang3.concurrent.BasicThreadFactoryTest
[INFO] Tests run: 15, Failures: 0, Errors: 0, Skipped: 0, Time elapsed: 0.016 s - in org.apache.commons.lang3.concurrent.BasicThreadFactoryTest
[INFO] Running org.apache.commons.lang3.concurrent.AtomicInitializerTest
[INFO] Tests run: 3, Failures: 0, Errors: 0, Skipped: 0, Time elapsed: 0.018 s - in org.apache.commons.lang3.concurrent.AtomicInitializerTest
[INFO] Running org.apache.commons.lang3.concurrent.EventCountCircuitBreakerTest
[INFO] Tests run: 18, Failures: 0, Errors: 0, Skipped: 0, Time elapsed: 0.07 s - in org.apache.commons.lang3.concurrent.EventCountCircuitBreakerTest
[INFO] Running org.apache.commons.lang3.concurrent.ConcurrentUtilsTest
[INFO] Tests run: 41, Failures: 0, Errors: 0, Skipped: 0, Time elapsed: 0.025 s - in org.apache.commons.lang3.concurrent.ConcurrentUtilsTest
[INFO] Running org.apache.commons.lang3.concurrent.LazyInitializerTest
[INFO] Tests run: 3, Failures: 0, Errors: 0, Skipped: 0, Time elapsed: 0.013 s - in org.apache.commons.lang3.concurrent.LazyInitializerTest
[INFO] Running org.apache.commons.lang3.concurrent.ConstantInitializerTest
[INFO] Tests run: 7, Failures: 0, Errors: 0, Skipped: 0, Time elapsed: 0.002 s - in org.apache.commons.lang3.concurrent.ConstantInitializerTest
[INFO] Running org.apache.commons.lang3.concurrent.AtomicSafeInitializerTest
[INFO] Tests run: 4, Failures: 0, Errors: 0, Skipped: 0, Time elapsed: 0.019 s - in org.apache.commons.lang3.concurrent.AtomicSafeInitializerTest
[INFO] Running org.apache.commons.lang3.concurrent.TimedSemaphoreTest
[INFO] Tests run: 17, Failures: 0, Errors: 0, Skipped: 0, Time elapsed: 1.205 s - in org.apache.commons.lang3.concurrent.TimedSemaphoreTest
[INFO] Running org.apache.commons.lang3.concurrent.ThresholdCircuitBreakerTest
[INFO] Tests run: 5, Failures: 0, Errors: 0, Skipped: 0, Time elapsed: 0.003 s - in org.apache.commons.lang3.concurrent.ThresholdCircuitBreakerTest
[INFO] Running org.apache.commons.lang3.concurrent.BackgroundInitializerTest
[INFO] Tests run: 15, Failures: 0, Errors: 0, Skipped: 0, Time elapsed: 0.022 s - in org.apache.commons.lang3.concurrent.BackgroundInitializerTest
[INFO] Running org.apache.commons.lang3.concurrent.CircuitBreakingExceptionTest
[INFO] Tests run: 7, Failures: 0, Errors: 0, Skipped: 0, Time elapsed: 0.003 s - in org.apache.commons.lang3.concurrent.CircuitBreakingExceptionTest
[INFO] Running org.apache.commons.lang3.StringUtilsEmptyBlankTest
[INFO] Tests run: 12, Failures: 0, Errors: 0, Skipped: 0, Time elapsed: 0.017 s - in org.apache.commons.lang3.StringUtilsEmptyBlankTest
[INFO] Running org.apache.commons.lang3.tuple.PairTest
[INFO] Tests run: 9, Failures: 0, Errors: 0, Skipped: 0, Time elapsed: 0.022 s - in org.apache.commons.lang3.tuple.PairTest
[INFO] Running org.apache.commons.lang3.tuple.TripleTest
[INFO] Tests run: 10, Failures: 0, Errors: 0, Skipped: 0, Time elapsed: 0.008 s - in org.apache.commons.lang3.tuple.TripleTest
[INFO] Running org.apache.commons.lang3.tuple.MutableTripleTest
[INFO] Tests run: 8, Failures: 0, Errors: 0, Skipped: 0, Time elapsed: 0.011 s - in org.apache.commons.lang3.tuple.MutableTripleTest
[INFO] Running org.apache.commons.lang3.tuple.ImmutableTripleTest
[INFO] Tests run: 14, Failures: 0, Errors: 0, Skipped: 0, Time elapsed: 0.005 s - in org.apache.commons.lang3.tuple.ImmutableTripleTest
[INFO] Running org.apache.commons.lang3.tuple.MutablePairTest
[INFO] Tests run: 8, Failures: 0, Errors: 0, Skipped: 0, Time elapsed: 0.003 s - in org.apache.commons.lang3.tuple.MutablePairTest
[INFO] Running org.apache.commons.lang3.tuple.ImmutablePairTest
[INFO] Tests run: 15, Failures: 0, Errors: 0, Skipped: 0, Time elapsed: 0.006 s - in org.apache.commons.lang3.tuple.ImmutablePairTest
[INFO] Running org.apache.commons.lang3.RangeTest
[INFO] Tests run: 24, Failures: 0, Errors: 0, Skipped: 0, Time elapsed: 0.015 s - in org.apache.commons.lang3.RangeTest
[INFO] Running org.apache.commons.lang3.StringUtilsIsTest
[INFO] Tests run: 8, Failures: 0, Errors: 0, Skipped: 0, Time elapsed: 0.005 s - in org.apache.commons.lang3.StringUtilsIsTest
[INFO] Running org.apache.commons.lang3.builder.NoFieldNamesToStringStyleTest
[INFO] Tests run: 8, Failures: 0, Errors: 0, Skipped: 0, Time elapsed: 0.012 s - in org.apache.commons.lang3.builder.NoFieldNamesToStringStyleTest
[INFO] Running org.apache.commons.lang3.builder.StandardToStringStyleTest
[INFO] Tests run: 12, Failures: 0, Errors: 0, Skipped: 0, Time elapsed: 0.011 s - in org.apache.commons.lang3.builder.StandardToStringStyleTest
[INFO] Running org.apache.commons.lang3.builder.HashCodeBuilderTest
[INFO] Tests run: 45, Failures: 0, Errors: 0, Skipped: 0, Time elapsed: 0.028 s - in org.apache.commons.lang3.builder.HashCodeBuilderTest
[INFO] Running org.apache.commons.lang3.builder.DiffResultTest
[INFO] Tests run: 9, Failures: 0, Errors: 0, Skipped: 0, Time elapsed: 0.022 s - in org.apache.commons.lang3.builder.DiffResultTest
[INFO] Running org.apache.commons.lang3.builder.MultilineRecursiveToStringStyleTest
[INFO] Tests run: 11, Failures: 0, Errors: 0, Skipped: 0, Time elapsed: 0.007 s - in org.apache.commons.lang3.builder.MultilineRecursiveToStringStyleTest
[INFO] Running org.apache.commons.lang3.builder.ToStringStyleTest
[INFO] Tests run: 12, Failures: 0, Errors: 0, Skipped: 0, Time elapsed: 0.006 s - in org.apache.commons.lang3.builder.ToStringStyleTest
[INFO] Running org.apache.commons.lang3.builder.SimpleToStringStyleTest
[INFO] Tests run: 8, Failures: 0, Errors: 0, Skipped: 0, Time elapsed: 0.006 s - in org.apache.commons.lang3.builder.SimpleToStringStyleTest
[INFO] Running org.apache.commons.lang3.builder.ReflectionToStringBuilderExcludeWithAnnotationTest
[INFO] Tests run: 1, Failures: 0, Errors: 0, Skipped: 0, Time elapsed: 0.004 s - in org.apache.commons.lang3.builder.ReflectionToStringBuilderExcludeWithAnnotationTest
[INFO] Running org.apache.commons.lang3.builder.DefaultToStringStyleTest
[INFO] Tests run: 8, Failures: 0, Errors: 0, Skipped: 0, Time elapsed: 0.003 s - in org.apache.commons.lang3.builder.DefaultToStringStyleTest
[INFO] Running org.apache.commons.lang3.builder.DiffBuilderTest
[INFO] Tests run: 31, Failures: 0, Errors: 0, Skipped: 0, Time elapsed: 0.022 s - in org.apache.commons.lang3.builder.DiffBuilderTest
[INFO] Running org.apache.commons.lang3.builder.ToStringStyleConcurrencyTest
[INFO] Tests run: 3, Failures: 0, Errors: 0, Skipped: 0, Time elapsed: 2.804 s - in org.apache.commons.lang3.builder.ToStringStyleConcurrencyTest
[INFO] Running org.apache.commons.lang3.builder.ShortPrefixToStringStyleTest
[INFO] Tests run: 8, Failures: 0, Errors: 0, Skipped: 0, Time elapsed: 0.002 s - in org.apache.commons.lang3.builder.ShortPrefixToStringStyleTest
[INFO] Running org.apache.commons.lang3.builder.JsonToStringStyleTest
[INFO] Tests run: 22, Failures: 0, Errors: 0, Skipped: 0, Time elapsed: 0.039 s - in org.apache.commons.lang3.builder.JsonToStringStyleTest
[INFO] Running org.apache.commons.lang3.builder.ToStringBuilderTest
[INFO] Tests run: 94, Failures: 0, Errors: 0, Skipped: 0, Time elapsed: 0.029 s - in org.apache.commons.lang3.builder.ToStringBuilderTest
[INFO] Running org.apache.commons.lang3.builder.NoClassNameToStringStyleTest
[INFO] Tests run: 8, Failures: 0, Errors: 0, Skipped: 0, Time elapsed: 0 s - in org.apache.commons.lang3.builder.NoClassNameToStringStyleTest
[INFO] Running org.apache.commons.lang3.builder.HashCodeBuilderAndEqualsBuilderTest
[INFO] Tests run: 4, Failures: 0, Errors: 0, Skipped: 0, Time elapsed: 0.002 s - in org.apache.commons.lang3.builder.HashCodeBuilderAndEqualsBuilderTest
[INFO] Running org.apache.commons.lang3.builder.EqualsBuilderTest
[INFO] Tests run: 56, Failures: 0, Errors: 0, Skipped: 0, Time elapsed: 0.015 s - in org.apache.commons.lang3.builder.EqualsBuilderTest
[INFO] Running org.apache.commons.lang3.builder.RecursiveToStringStyleTest
[INFO] Tests run: 8, Failures: 0, Errors: 0, Skipped: 0, Time elapsed: 0.001 s - in org.apache.commons.lang3.builder.RecursiveToStringStyleTest
[INFO] Running org.apache.commons.lang3.builder.ReflectionToStringBuilderMutateInspectConcurrencyTest
[WARNING] Tests run: 1, Failures: 0, Errors: 0, Skipped: 1, Time elapsed: 0.002 s - in org.apache.commons.lang3.builder.ReflectionToStringBuilderMutateInspectConcurrencyTest
[INFO] Running org.apache.commons.lang3.builder.DiffTest
[INFO] Tests run: 4, Failures: 0, Errors: 0, Skipped: 0, Time elapsed: 0.001 s - in org.apache.commons.lang3.builder.DiffTest
[INFO] Running org.apache.commons.lang3.builder.ReflectionToStringBuilderTest
[INFO] Tests run: 1, Failures: 0, Errors: 0, Skipped: 0, Time elapsed: 0 s - in org.apache.commons.lang3.builder.ReflectionToStringBuilderTest
[INFO] Running org.apache.commons.lang3.builder.ReflectionToStringBuilderSummaryTest
[INFO] Tests run: 1, Failures: 0, Errors: 0, Skipped: 0, Time elapsed: 0.001 s - in org.apache.commons.lang3.builder.ReflectionToStringBuilderSummaryTest
[INFO] Running org.apache.commons.lang3.builder.ReflectionToStringBuilderExcludeNullValuesTest
[INFO] Tests run: 5, Failures: 0, Errors: 0, Skipped: 0, Time elapsed: 0.001 s - in org.apache.commons.lang3.builder.ReflectionToStringBuilderExcludeNullValuesTest
[INFO] Running org.apache.commons.lang3.builder.CompareToBuilderTest
[INFO] Tests run: 48, Failures: 0, Errors: 0, Skipped: 0, Time elapsed: 0.01 s - in org.apache.commons.lang3.builder.CompareToBuilderTest
[INFO] Running org.apache.commons.lang3.builder.ReflectionToStringBuilderConcurrencyTest
[WARNING] Tests run: 3, Failures: 0, Errors: 0, Skipped: 3, Time elapsed: 0 s - in org.apache.commons.lang3.builder.ReflectionToStringBuilderConcurrencyTest
[INFO] Running org.apache.commons.lang3.builder.ReflectionToStringBuilderExcludeTest
[INFO] Tests run: 11, Failures: 0, Errors: 0, Skipped: 0, Time elapsed: 0.001 s - in org.apache.commons.lang3.builder.ReflectionToStringBuilderExcludeTest
[INFO] Running org.apache.commons.lang3.builder.MultiLineToStringStyleTest
[INFO] Tests run: 8, Failures: 0, Errors: 0, Skipped: 0, Time elapsed: 0.001 s - in org.apache.commons.lang3.builder.MultiLineToStringStyleTest
[INFO] Running org.apache.commons.lang3.builder.ReflectionDiffBuilderTest
[INFO] Tests run: 6, Failures: 0, Errors: 0, Skipped: 0, Time elapsed: 0.006 s - in org.apache.commons.lang3.builder.ReflectionDiffBuilderTest
[INFO] Running org.apache.commons.lang3.ValidateTest
[INFO] Tests run: 204, Failures: 0, Errors: 0, Skipped: 0, Time elapsed: 0.093 s - in org.apache.commons.lang3.ValidateTest
[INFO] Running org.apache.commons.lang3.ClassUtilsTest
[INFO] Tests run: 62, Failures: 0, Errors: 0, Skipped: 0, Time elapsed: 0.02 s - in org.apache.commons.lang3.ClassUtilsTest
[INFO] Running org.apache.commons.lang3.math.FractionTest
[INFO] Tests run: 25, Failures: 0, Errors: 0, Skipped: 0, Time elapsed: 0.083 s - in org.apache.commons.lang3.math.FractionTest
[INFO] Running org.apache.commons.lang3.math.NumberUtilsTest
[INFO] Tests run: 112, Failures: 0, Errors: 0, Skipped: 0, Time elapsed: 0.05 s - in org.apache.commons.lang3.math.NumberUtilsTest
[INFO] Running org.apache.commons.lang3.math.IEEE754rUtilsTest
[INFO] Tests run: 3, Failures: 0, Errors: 0, Skipped: 0, Time elapsed: 0.001 s - in org.apache.commons.lang3.math.IEEE754rUtilsTest
[INFO] Running org.apache.commons.lang3.StringUtilsEqualsIndexOfTest
[INFO] Tests run: 37, Failures: 0, Errors: 0, Skipped: 0, Time elapsed: 0.009 s - in org.apache.commons.lang3.StringUtilsEqualsIndexOfTest
[INFO] Running org.apache.commons.lang3.mutable.MutableObjectTest
[INFO] Tests run: 5, Failures: 0, Errors: 0, Skipped: 0, Time elapsed: 0.001 s - in org.apache.commons.lang3.mutable.MutableObjectTest
[INFO] Running org.apache.commons.lang3.mutable.MutableIntTest
[INFO] Tests run: 25, Failures: 0, Errors: 0, Skipped: 0, Time elapsed: 0.007 s - in org.apache.commons.lang3.mutable.MutableIntTest
[INFO] Running org.apache.commons.lang3.mutable.MutableBooleanTest
[INFO] Tests run: 9, Failures: 0, Errors: 0, Skipped: 0, Time elapsed: 0.005 s - in org.apache.commons.lang3.mutable.MutableBooleanTest
[INFO] Running org.apache.commons.lang3.mutable.MutableLongTest
[INFO] Tests run: 25, Failures: 0, Errors: 0, Skipped: 0, Time elapsed: 0.006 s - in org.apache.commons.lang3.mutable.MutableLongTest
[INFO] Running org.apache.commons.lang3.mutable.MutableByteTest
[INFO] Tests run: 25, Failures: 0, Errors: 0, Skipped: 0, Time elapsed: 0.005 s - in org.apache.commons.lang3.mutable.MutableByteTest
[INFO] Running org.apache.commons.lang3.mutable.MutableShortTest
[INFO] Tests run: 22, Failures: 0, Errors: 0, Skipped: 0, Time elapsed: 0.006 s - in org.apache.commons.lang3.mutable.MutableShortTest
[INFO] Running org.apache.commons.lang3.mutable.MutableFloatTest
[INFO] Tests run: 26, Failures: 0, Errors: 0, Skipped: 0, Time elapsed: 0.006 s - in org.apache.commons.lang3.mutable.MutableFloatTest
[INFO] Running org.apache.commons.lang3.mutable.MutableDoubleTest
[INFO] Tests run: 26, Failures: 0, Errors: 0, Skipped: 0, Time elapsed: 0.006 s - in org.apache.commons.lang3.mutable.MutableDoubleTest
[INFO] Running org.apache.commons.lang3.ObjectUtilsTest
[INFO] Tests run: 46, Failures: 0, Errors: 0, Skipped: 0, Time elapsed: 0.019 s - in org.apache.commons.lang3.ObjectUtilsTest
[INFO] Running org.apache.commons.lang3.LocaleUtilsTest
[INFO] Tests run: 175, Failures: 0, Errors: 0, Skipped: 0, Time elapsed: 0.312 s - in org.apache.commons.lang3.LocaleUtilsTest
[INFO] Running org.apache.commons.lang3.time.FastDateParser_TimeZoneStrategyTest
[INFO] Tests run: 161, Failures: 0, Errors: 0, Skipped: 0, Time elapsed: 4.245 s - in org.apache.commons.lang3.time.FastDateParser_TimeZoneStrategyTest
[INFO] Running org.apache.commons.lang3.time.FastDateFormat_ParserTest
[INFO] Tests run: 38, Failures: 0, Errors: 0, Skipped: 0, Time elapsed: 0.734 s - in org.apache.commons.lang3.time.FastDateFormat_ParserTest
[INFO] Running org.apache.commons.lang3.time.DateUtilsTest
[INFO] Tests run: 63, Failures: 0, Errors: 0, Skipped: 0, Time elapsed: 0.059 s - in org.apache.commons.lang3.time.DateUtilsTest
[INFO] Running org.apache.commons.lang3.time.DateUtilsFragmentTest
[INFO] Tests run: 57, Failures: 0, Errors: 0, Skipped: 0, Time elapsed: 0.015 s - in org.apache.commons.lang3.time.DateUtilsFragmentTest
[INFO] Running org.apache.commons.lang3.time.FastDatePrinterTest
[INFO] Tests run: 22, Failures: 0, Errors: 0, Skipped: 0, Time elapsed: 0.009 s - in org.apache.commons.lang3.time.FastDatePrinterTest
[INFO] Running org.apache.commons.lang3.time.StopWatchTest
[INFO] Tests run: 10, Failures: 0, Errors: 0, Skipped: 0, Time elapsed: 4.763 s - in org.apache.commons.lang3.time.StopWatchTest
[INFO] Running org.apache.commons.lang3.time.FastDateParser_MoreOrLessTest
[INFO] Tests run: 7, Failures: 0, Errors: 0, Skipped: 0, Time elapsed: 0.003 s - in org.apache.commons.lang3.time.FastDateParser_MoreOrLessTest
[INFO] Running org.apache.commons.lang3.time.FastDateFormatTest
>>FastDateFormatTest: FastDatePrinter:1848  SimpleDateFormat:1736
>>FastDateFormatTest: FastDateParser:1422  SimpleDateFormat:1669
[INFO] Tests run: 16, Failures: 0, Errors: 0, Skipped: 0, Time elapsed: 0.814 s - in org.apache.commons.lang3.time.FastDateFormatTest
[INFO] Running org.apache.commons.lang3.time.DurationFormatUtilsTest
[INFO] Tests run: 25, Failures: 0, Errors: 0, Skipped: 0, Time elapsed: 0.344 s - in org.apache.commons.lang3.time.DurationFormatUtilsTest
[INFO] Running org.apache.commons.lang3.time.FastDatePrinterTimeZonesTest
[INFO] Tests run: 627, Failures: 0, Errors: 0, Skipped: 0, Time elapsed: 0.226 s - in org.apache.commons.lang3.time.FastDatePrinterTimeZonesTest
[INFO] Running org.apache.commons.lang3.time.DateFormatUtilsTest
[INFO] Tests run: 12, Failures: 0, Errors: 0, Skipped: 0, Time elapsed: 0.005 s - in org.apache.commons.lang3.time.DateFormatUtilsTest
[INFO] Running org.apache.commons.lang3.time.FastTimeZoneTest
[INFO] Tests run: 10, Failures: 0, Errors: 0, Skipped: 0, Time elapsed: 0.001 s - in org.apache.commons.lang3.time.FastTimeZoneTest
[INFO] Running org.apache.commons.lang3.time.FastDateParserTest
[INFO] Tests run: 38, Failures: 0, Errors: 0, Skipped: 0, Time elapsed: 0.16 s - in org.apache.commons.lang3.time.FastDateParserTest
[INFO] Running org.apache.commons.lang3.time.WeekYearTest
[INFO] Tests run: 32, Failures: 0, Errors: 0, Skipped: 0, Time elapsed: 0.018 s - in org.apache.commons.lang3.time.WeekYearTest
[INFO] Running org.apache.commons.lang3.time.FastDateFormat_PrinterTest
[INFO] Tests run: 22, Failures: 0, Errors: 0, Skipped: 0, Time elapsed: 0.005 s - in org.apache.commons.lang3.time.FastDateFormat_PrinterTest
[INFO] Running org.apache.commons.lang3.time.FastDateParserSDFTest
[INFO] Tests run: 276, Failures: 0, Errors: 0, Skipped: 0, Time elapsed: 0.087 s - in org.apache.commons.lang3.time.FastDateParserSDFTest
[INFO] Running org.apache.commons.lang3.time.DateUtilsRoundingTest
[INFO] Tests run: 22, Failures: 0, Errors: 0, Skipped: 0, Time elapsed: 0.009 s - in org.apache.commons.lang3.time.DateUtilsRoundingTest
[INFO] Running org.apache.commons.lang3.time.GmtTimeZoneTest
[INFO] Tests run: 12, Failures: 0, Errors: 0, Skipped: 0, Time elapsed: 0.001 s - in org.apache.commons.lang3.time.GmtTimeZoneTest
[INFO] Running org.apache.commons.lang3.EnumUtilsTest
[INFO] Tests run: 41, Failures: 0, Errors: 0, Skipped: 0, Time elapsed: 0.02 s - in org.apache.commons.lang3.EnumUtilsTest
[INFO] Running org.apache.commons.lang3.BitFieldTest
[INFO] Tests run: 15, Failures: 0, Errors: 0, Skipped: 0, Time elapsed: 0.003 s - in org.apache.commons.lang3.BitFieldTest
[INFO] Running org.apache.commons.lang3.NotImplementedExceptionTest
[INFO] Tests run: 1, Failures: 0, Errors: 0, Skipped: 0, Time elapsed: 0.003 s - in org.apache.commons.lang3.NotImplementedExceptionTest
[INFO] Running org.apache.commons.lang3.StringUtilsContainsTest
[INFO] Tests run: 22, Failures: 0, Errors: 0, Skipped: 0, Time elapsed: 0.001 s - in org.apache.commons.lang3.StringUtilsContainsTest
[INFO] Running org.apache.commons.lang3.ConversionTest
[INFO] Tests run: 42, Failures: 0, Errors: 0, Skipped: 0, Time elapsed: 0.006 s - in org.apache.commons.lang3.ConversionTest
[INFO] Running org.apache.commons.lang3.ArrayUtilsTest
[INFO] Tests run: 308, Failures: 0, Errors: 0, Skipped: 0, Time elapsed: 0.048 s - in org.apache.commons.lang3.ArrayUtilsTest
[INFO] Running org.apache.commons.lang3.StringUtilsStartsEndsWithTest
[INFO] Tests run: 6, Failures: 0, Errors: 0, Skipped: 0, Time elapsed: 0 s - in org.apache.commons.lang3.StringUtilsStartsEndsWithTest
[INFO] Running org.apache.commons.lang3.JavaVersionTest
[INFO] Tests run: 3, Failures: 0, Errors: 0, Skipped: 0, Time elapsed: 0 s - in org.apache.commons.lang3.JavaVersionTest
[INFO] Running org.apache.commons.lang3.ArrayUtilsInsertTest
[INFO] Tests run: 9, Failures: 0, Errors: 0, Skipped: 0, Time elapsed: 0.003 s - in org.apache.commons.lang3.ArrayUtilsInsertTest
[INFO] Running org.apache.commons.lang3.CharRangeTest
[INFO] Tests run: 17, Failures: 0, Errors: 0, Skipped: 0, Time elapsed: 0.019 s - in org.apache.commons.lang3.CharRangeTest
[INFO] Running org.apache.commons.lang3.ArrayUtilsRemoveMultipleTest
[INFO] Tests run: 55, Failures: 0, Errors: 0, Skipped: 0, Time elapsed: 0.013 s - in org.apache.commons.lang3.ArrayUtilsRemoveMultipleTest
[INFO] Running org.apache.commons.lang3.ClassPathUtilsTest
[INFO] Tests run: 13, Failures: 0, Errors: 0, Skipped: 0, Time elapsed: 0.003 s - in org.apache.commons.lang3.ClassPathUtilsTest
[INFO] Running org.apache.commons.lang3.StringUtilsTest
[INFO] Tests run: 145, Failures: 0, Errors: 0, Skipped: 0, Time elapsed: 0.055 s - in org.apache.commons.lang3.StringUtilsTest
[INFO] Running org.apache.commons.lang3.exception.ExceptionUtilsTest
[INFO] Tests run: 34, Failures: 0, Errors: 0, Skipped: 0, Time elapsed: 0.018 s - in org.apache.commons.lang3.exception.ExceptionUtilsTest
[INFO] Running org.apache.commons.lang3.exception.ContextedExceptionTest
[INFO] Tests run: 14, Failures: 0, Errors: 0, Skipped: 0, Time elapsed: 0.02 s - in org.apache.commons.lang3.exception.ContextedExceptionTest
[INFO] Running org.apache.commons.lang3.exception.CloneFailedExceptionTest
[INFO] Tests run: 6, Failures: 0, Errors: 0, Skipped: 0, Time elapsed: 0.001 s - in org.apache.commons.lang3.exception.CloneFailedExceptionTest
[INFO] Running org.apache.commons.lang3.exception.ContextedRuntimeExceptionTest
[INFO] Tests run: 14, Failures: 0, Errors: 0, Skipped: 0, Time elapsed: 0.009 s - in org.apache.commons.lang3.exception.ContextedRuntimeExceptionTest
[INFO] Running org.apache.commons.lang3.exception.DefaultExceptionContextTest
[INFO] Tests run: 8, Failures: 0, Errors: 0, Skipped: 0, Time elapsed: 0.002 s - in org.apache.commons.lang3.exception.DefaultExceptionContextTest
[INFO] Running org.apache.commons.lang3.RandomUtilsTest
[INFO] Tests run: 29, Failures: 0, Errors: 0, Skipped: 0, Time elapsed: 0.005 s - in org.apache.commons.lang3.RandomUtilsTest
[INFO] Running org.apache.commons.lang3.BooleanUtilsTest
[INFO] Tests run: 72, Failures: 0, Errors: 0, Skipped: 0, Time elapsed: 0.012 s - in org.apache.commons.lang3.BooleanUtilsTest
[INFO] Running org.apache.commons.lang3.RandomStringUtilsTest
[INFO] Tests run: 18, Failures: 0, Errors: 0, Skipped: 0, Time elapsed: 0.059 s - in org.apache.commons.lang3.RandomStringUtilsTest
[INFO] Running org.apache.commons.lang3.StringUtilsValueOfTest
[INFO] Tests run: 3, Failures: 0, Errors: 0, Skipped: 0, Time elapsed: 0 s - in org.apache.commons.lang3.StringUtilsValueOfTest
[INFO] Running org.apache.commons.lang3.AnnotationUtilsTest
[INFO] Tests run: 10, Failures: 0, Errors: 0, Skipped: 0, Time elapsed: 0.013 s - in org.apache.commons.lang3.AnnotationUtilsTest
[INFO] Running org.apache.commons.lang3.RegExUtilsTest
[INFO] Tests run: 10, Failures: 0, Errors: 0, Skipped: 0, Time elapsed: 0.002 s - in org.apache.commons.lang3.RegExUtilsTest
[INFO] Running org.apache.commons.lang3.CharEncodingTest
[INFO] Tests run: 5, Failures: 0, Errors: 0, Skipped: 0, Time elapsed: 0.004 s - in org.apache.commons.lang3.CharEncodingTest
[INFO] Running org.apache.commons.lang3.ThreadUtilsTest
[INFO] Tests run: 27, Failures: 0, Errors: 0, Skipped: 0, Time elapsed: 0.059 s - in org.apache.commons.lang3.ThreadUtilsTest
[INFO] Running org.apache.commons.lang3.event.EventUtilsTest
[INFO] Tests run: 8, Failures: 0, Errors: 0, Skipped: 0, Time elapsed: 0.004 s - in org.apache.commons.lang3.event.EventUtilsTest
[INFO] Running org.apache.commons.lang3.event.EventListenerSupportTest
[INFO] Tests run: 10, Failures: 0, Errors: 0, Skipped: 0, Time elapsed: 0.012 s - in org.apache.commons.lang3.event.EventListenerSupportTest
[INFO] Running org.apache.commons.lang3.SystemUtilsTest
[INFO] Tests run: 18, Failures: 0, Errors: 0, Skipped: 0, Time elapsed: 0.002 s - in org.apache.commons.lang3.SystemUtilsTest
[INFO] Running org.apache.commons.lang3.CharUtilsTest
[INFO] Tests run: 24, Failures: 0, Errors: 0, Skipped: 0, Time elapsed: 0.004 s - in org.apache.commons.lang3.CharUtilsTest
[INFO] Running org.apache.commons.lang3.ArchUtilsTest
[INFO] Tests run: 4, Failures: 0, Errors: 0, Skipped: 0, Time elapsed: 0.001 s - in org.apache.commons.lang3.ArchUtilsTest
[INFO] Running org.apache.commons.lang3.StringUtilsTrimStripTest
[INFO] Tests run: 11, Failures: 0, Errors: 0, Skipped: 0, Time elapsed: 0.003 s - in org.apache.commons.lang3.StringUtilsTrimStripTest
[INFO] Running org.apache.commons.lang3.text.StrMatcherTest
[INFO] Tests run: 14, Failures: 0, Errors: 0, Skipped: 0, Time elapsed: 0.003 s - in org.apache.commons.lang3.text.StrMatcherTest
[INFO] Running org.apache.commons.lang3.text.WordUtilsTest
[INFO] Tests run: 16, Failures: 0, Errors: 0, Skipped: 0, Time elapsed: 0.002 s - in org.apache.commons.lang3.text.WordUtilsTest
[INFO] Running org.apache.commons.lang3.text.translate.EntityArraysTest
[INFO] Tests run: 3, Failures: 0, Errors: 0, Skipped: 0, Time elapsed: 0 s - in org.apache.commons.lang3.text.translate.EntityArraysTest
[INFO] Running org.apache.commons.lang3.text.translate.OctalUnescaperTest
[INFO] Tests run: 1, Failures: 0, Errors: 0, Skipped: 0, Time elapsed: 0.001 s - in org.apache.commons.lang3.text.translate.OctalUnescaperTest
[INFO] Running org.apache.commons.lang3.text.translate.LookupTranslatorTest
[INFO] Tests run: 2, Failures: 0, Errors: 0, Skipped: 0, Time elapsed: 0 s - in org.apache.commons.lang3.text.translate.LookupTranslatorTest
[INFO] Running org.apache.commons.lang3.text.translate.UnicodeUnpairedSurrogateRemoverTest
[INFO] Tests run: 2, Failures: 0, Errors: 0, Skipped: 0, Time elapsed: 0 s - in org.apache.commons.lang3.text.translate.UnicodeUnpairedSurrogateRemoverTest
[INFO] Running org.apache.commons.lang3.text.translate.NumericEntityEscaperTest
[INFO] Tests run: 4, Failures: 0, Errors: 0, Skipped: 0, Time elapsed: 0 s - in org.apache.commons.lang3.text.translate.NumericEntityEscaperTest
[INFO] Running org.apache.commons.lang3.text.translate.UnicodeUnescaperTest
[INFO] Tests run: 3, Failures: 0, Errors: 0, Skipped: 0, Time elapsed: 0 s - in org.apache.commons.lang3.text.translate.UnicodeUnescaperTest
[INFO] Running org.apache.commons.lang3.text.translate.UnicodeEscaperTest
[INFO] Tests run: 3, Failures: 0, Errors: 0, Skipped: 0, Time elapsed: 0.001 s - in org.apache.commons.lang3.text.translate.UnicodeEscaperTest
[INFO] Running org.apache.commons.lang3.text.translate.NumericEntityUnescaperTest
[INFO] Tests run: 3, Failures: 0, Errors: 0, Skipped: 0, Time elapsed: 0 s - in org.apache.commons.lang3.text.translate.NumericEntityUnescaperTest
[INFO] Running org.apache.commons.lang3.text.StrBuilderTest
[INFO] Tests run: 91, Failures: 0, Errors: 0, Skipped: 0, Time elapsed: 0.012 s - in org.apache.commons.lang3.text.StrBuilderTest
[INFO] Running org.apache.commons.lang3.text.CompositeFormatTest
[INFO] Tests run: 2, Failures: 0, Errors: 0, Skipped: 0, Time elapsed: 0 s - in org.apache.commons.lang3.text.CompositeFormatTest
[INFO] Running org.apache.commons.lang3.text.StrLookupTest
[INFO] Tests run: 6, Failures: 0, Errors: 0, Skipped: 0, Time elapsed: 0 s - in org.apache.commons.lang3.text.StrLookupTest
[INFO] Running org.apache.commons.lang3.text.FormattableUtilsTest
[INFO] Tests run: 5, Failures: 0, Errors: 0, Skipped: 0, Time elapsed: 0.001 s - in org.apache.commons.lang3.text.FormattableUtilsTest
[INFO] Running org.apache.commons.lang3.text.StrSubstitutorTest
[INFO] Tests run: 41, Failures: 0, Errors: 0, Skipped: 0, Time elapsed: 0.013 s - in org.apache.commons.lang3.text.StrSubstitutorTest
[INFO] Running org.apache.commons.lang3.text.StrTokenizerTest
[INFO] Tests run: 55, Failures: 0, Errors: 0, Skipped: 0, Time elapsed: 0.01 s - in org.apache.commons.lang3.text.StrTokenizerTest
[INFO] Running org.apache.commons.lang3.text.StrBuilderAppendInsertTest
[INFO] Tests run: 51, Failures: 0, Errors: 0, Skipped: 0, Time elapsed: 0.017 s - in org.apache.commons.lang3.text.StrBuilderAppendInsertTest
[INFO] Running org.apache.commons.lang3.text.ExtendedMessageFormatTest
[INFO] Tests run: 10, Failures: 0, Errors: 0, Skipped: 0, Time elapsed: 0.219 s - in org.apache.commons.lang3.text.ExtendedMessageFormatTest
[INFO] Running org.apache.commons.lang3.reflect.InheritanceUtilsTest
[INFO] Tests run: 9, Failures: 0, Errors: 0, Skipped: 0, Time elapsed: 0.001 s - in org.apache.commons.lang3.reflect.InheritanceUtilsTest
[INFO] Running org.apache.commons.lang3.reflect.ConstructorUtilsTest
[INFO] Tests run: 8, Failures: 0, Errors: 0, Skipped: 0, Time elapsed: 0.005 s - in org.apache.commons.lang3.reflect.ConstructorUtilsTest
[INFO] Running org.apache.commons.lang3.reflect.MethodUtilsTest
[INFO] Tests run: 40, Failures: 0, Errors: 0, Skipped: 0, Time elapsed: 0.019 s - in org.apache.commons.lang3.reflect.MethodUtilsTest
[INFO] Running org.apache.commons.lang3.reflect.FieldUtilsTest
[INFO] Tests run: 64, Failures: 0, Errors: 0, Skipped: 0, Time elapsed: 0.036 s - in org.apache.commons.lang3.reflect.FieldUtilsTest
[INFO] Running org.apache.commons.lang3.reflect.TypeUtilsTest
[INFO] Tests run: 24, Failures: 0, Errors: 0, Skipped: 0, Time elapsed: 0.01 s - in org.apache.commons.lang3.reflect.TypeUtilsTest
[INFO] Running org.apache.commons.lang3.reflect.TypeLiteralTest
[INFO] Tests run: 4, Failures: 0, Errors: 0, Skipped: 0, Time elapsed: 0.004 s - in org.apache.commons.lang3.reflect.TypeLiteralTest
[INFO] Running org.apache.commons.lang3.CharSetTest
[INFO] Tests run: 15, Failures: 0, Errors: 0, Skipped: 0, Time elapsed: 0.004 s - in org.apache.commons.lang3.CharSetTest
[INFO] Running org.apache.commons.lang3.CharSequenceUtilsTest
[INFO] Tests run: 6, Failures: 0, Errors: 0, Skipped: 0, Time elapsed: 0.002 s - in org.apache.commons.lang3.CharSequenceUtilsTest
[INFO] Running org.apache.commons.lang3.StringUtilsSubstringTest
[INFO] Tests run: 14, Failures: 0, Errors: 0, Skipped: 0, Time elapsed: 0.001 s - in org.apache.commons.lang3.StringUtilsSubstringTest
[INFO] Running org.apache.commons.lang3.ArrayUtilsRemoveTest
[INFO] Tests run: 28, Failures: 0, Errors: 0, Skipped: 0, Time elapsed: 0.007 s - in org.apache.commons.lang3.ArrayUtilsRemoveTest
[INFO] Running org.apache.commons.lang3.SerializationUtilsTest
[INFO] Tests run: 26, Failures: 0, Errors: 0, Skipped: 0, Time elapsed: 0.012 s - in org.apache.commons.lang3.SerializationUtilsTest
[INFO] Running org.apache.commons.lang3.FunctionsTest
[INFO] Tests run: 7, Failures: 0, Errors: 0, Skipped: 0, Time elapsed: 0.009 s - in org.apache.commons.lang3.FunctionsTest
[INFO] Running org.apache.commons.lang3.ArrayUtilsAddTest
[INFO] Tests run: 13, Failures: 0, Errors: 0, Skipped: 0, Time elapsed: 0.005 s - in org.apache.commons.lang3.ArrayUtilsAddTest
[INFO] Running org.apache.commons.lang3.StringEscapeUtilsTest
[INFO] Tests run: 32, Failures: 0, Errors: 0, Skipped: 0, Time elapsed: 0.293 s - in org.apache.commons.lang3.StringEscapeUtilsTest
[INFO] 
[INFO] Results:
[INFO] 
[WARNING] Tests run: 4598, Failures: 0, Errors: 0, Skipped: 4
[INFO] 
[INFO] 
[INFO] --- maven-jar-plugin:3.1.1:jar (default-jar) @ commons-lang3 ---
[INFO] Building jar: ./commons-lang/target/commons-lang3-3.9.jar
[INFO] 
[INFO] --- maven-site-plugin:3.7.1:attach-descriptor (attach-descriptor) @ commons-lang3 ---
[INFO] Skipping because packaging 'jar' is not pom.
[INFO] 
[INFO] --- maven-jar-plugin:3.1.1:test-jar (default) @ commons-lang3 ---
[INFO] Building jar: ./commons-lang/target/commons-lang3-3.9-tests.jar
[INFO] 
[INFO] --- maven-source-plugin:3.0.1:jar-no-fork (create-source-jar) @ commons-lang3 ---
[INFO] Building jar: ./commons-lang/target/commons-lang3-3.9-sources.jar
[INFO] 
[INFO] --- maven-source-plugin:3.0.1:test-jar-no-fork (create-source-jar) @ commons-lang3 ---
[INFO] Building jar: ./commons-lang/target/commons-lang3-3.9-test-sources.jar
[INFO] 
[INFO] --- jacoco-maven-plugin:0.8.2:check (check) @ commons-lang3 ---
[INFO] Loading execution data file ./commons-lang/target/jacoco.exec
[INFO] Analyzed bundle 'commons-lang3' with 245 classes
[WARNING] Rule violated for bundle commons-lang3: classes covered ratio is 0.99, but expected minimum is 1.00
[WARNING] Coverage checks have not been met. See log for details.
[INFO] 
[INFO] --- maven-install-plugin:2.5.2:install (default-install) @ commons-lang3 ---
[INFO] Installing ./commons-lang/target/commons-lang3-3.9.jar to ./.m2/repository/org/apache/commons/commons-lang3/3.9/commons-lang3-3.9.jar
[INFO] Installing ./commons-lang/pom.xml to ./.m2/repository/org/apache/commons/commons-lang3/3.9/commons-lang3-3.9.pom
[INFO] Installing ./commons-lang/target/commons-lang3-3.9-tests.jar to ./.m2/repository/org/apache/commons/commons-lang3/3.9/commons-lang3-3.9-tests.jar
[INFO] Installing ./commons-lang/target/commons-lang3-3.9-sources.jar to ./.m2/repository/org/apache/commons/commons-lang3/3.9/commons-lang3-3.9-sources.jar
[INFO] Installing ./commons-lang/target/commons-lang3-3.9-test-sources.jar to ./.m2/repository/org/apache/commons/commons-lang3/3.9/commons-lang3-3.9-test-sources.jar
[INFO] ------------------------------------------------------------------------
[INFO] BUILD SUCCESS
[INFO] ------------------------------------------------------------------------
[INFO] Total time:  37.283 s
[INFO] Finished at: 
[INFO] ------------------------------------------------------------------------
