[INFO] Scanning for projects...
[INFO] 
[INFO] ------------------< org.apache.commons:commons-lang3 >------------------
[INFO] Building Apache Commons Lang 3.9-SNAPSHOT
[INFO] --------------------------------[ jar ]---------------------------------
Downloading from central: https://repo.maven.apache.org/maven2/org/junit/jupiter/junit-jupiter-params/5.3.0/junit-jupiter-params-5.3.0.pom
Progress (1): 1.4/2.2 kB
Progress (1): 2.2 kB    
                    
Downloaded from central: https://repo.maven.apache.org/maven2/org/junit/jupiter/junit-jupiter-params/5.3.0/junit-jupiter-params-5.3.0.pom (2.2 kB at 6.2 kB/s)
Downloading from central: https://repo.maven.apache.org/maven2/org/junit/jupiter/junit-jupiter-params/5.3.0/junit-jupiter-params-5.3.0.jar
Progress (1): 1.4/501 kB
Progress (1): 2.7/501 kB
Progress (1): 4.1/501 kB
Progress (1): 5.5/501 kB
Progress (1): 6.9/501 kB
Progress (1): 8.2/501 kB
Progress (1): 9.6/501 kB
Progress (1): 11/501 kB 
Progress (1): 12/501 kB
Progress (1): 14/501 kB
Progress (1): 15/501 kB
Progress (1): 16/501 kB
Progress (1): 18/501 kB
Progress (1): 19/501 kB
Progress (1): 21/501 kB
Progress (1): 22/501 kB
Progress (1): 23/501 kB
Progress (1): 25/501 kB
Progress (1): 26/501 kB
Progress (1): 27/501 kB
Progress (1): 29/501 kB
Progress (1): 30/501 kB
Progress (1): 32/501 kB
Progress (1): 33/501 kB
Progress (1): 34/501 kB
Progress (1): 36/501 kB
Progress (1): 37/501 kB
Progress (1): 38/501 kB
Progress (1): 40/501 kB
Progress (1): 41/501 kB
Progress (1): 43/501 kB
Progress (1): 44/501 kB
Progress (1): 45/501 kB
Progress (1): 47/501 kB
Progress (1): 48/501 kB
Progress (1): 49/501 kB
Progress (1): 51/501 kB
Progress (1): 52/501 kB
Progress (1): 53/501 kB
Progress (1): 55/501 kB
Progress (1): 56/501 kB
Progress (1): 58/501 kB
Progress (1): 59/501 kB
Progress (1): 60/501 kB
Progress (1): 62/501 kB
Progress (1): 63/501 kB
Progress (1): 64/501 kB
Progress (1): 66/501 kB
Progress (1): 67/501 kB
Progress (1): 69/501 kB
Progress (1): 70/501 kB
Progress (1): 71/501 kB
Progress (1): 73/501 kB
Progress (1): 74/501 kB
Progress (1): 75/501 kB
Progress (1): 77/501 kB
Progress (1): 78/501 kB
Progress (1): 80/501 kB
Progress (1): 81/501 kB
Progress (1): 82/501 kB
Progress (1): 84/501 kB
Progress (1): 85/501 kB
Progress (1): 86/501 kB
Progress (1): 88/501 kB
Progress (1): 89/501 kB
Progress (1): 90/501 kB
Progress (1): 92/501 kB
Progress (1): 93/501 kB
Progress (1): 95/501 kB
Progress (1): 96/501 kB
Progress (1): 97/501 kB
Progress (1): 99/501 kB
Progress (1): 100/501 kB
Progress (1): 101/501 kB
Progress (1): 103/501 kB
Progress (1): 104/501 kB
Progress (1): 106/501 kB
Progress (1): 107/501 kB
Progress (1): 108/501 kB
Progress (1): 110/501 kB
Progress (1): 111/501 kB
Progress (1): 112/501 kB
Progress (1): 114/501 kB
Progress (1): 115/501 kB
Progress (1): 117/501 kB
Progress (1): 118/501 kB
Progress (1): 119/501 kB
Progress (1): 121/501 kB
Progress (1): 122/501 kB
Progress (1): 123/501 kB
Progress (1): 125/501 kB
Progress (1): 126/501 kB
Progress (1): 128/501 kB
Progress (1): 129/501 kB
Progress (1): 130/501 kB
Progress (1): 132/501 kB
Progress (1): 133/501 kB
Progress (1): 134/501 kB
Progress (1): 136/501 kB
Progress (1): 137/501 kB
Progress (1): 138/501 kB
Progress (1): 140/501 kB
Progress (1): 141/501 kB
Progress (1): 143/501 kB
Progress (1): 144/501 kB
Progress (1): 145/501 kB
Progress (1): 147/501 kB
Progress (1): 148/501 kB
Progress (1): 149/501 kB
Progress (1): 151/501 kB
Progress (1): 152/501 kB
Progress (1): 154/501 kB
Progress (1): 155/501 kB
Progress (1): 156/501 kB
Progress (1): 158/501 kB
Progress (1): 159/501 kB
Progress (1): 160/501 kB
Progress (1): 162/501 kB
Progress (1): 163/501 kB
Progress (1): 165/501 kB
Progress (1): 166/501 kB
Progress (1): 167/501 kB
Progress (1): 169/501 kB
Progress (1): 170/501 kB
Progress (1): 171/501 kB
Progress (1): 173/501 kB
Progress (1): 174/501 kB
Progress (1): 175/501 kB
Progress (1): 177/501 kB
Progress (1): 178/501 kB
Progress (1): 180/501 kB
Progress (1): 181/501 kB
Progress (1): 182/501 kB
Progress (1): 184/501 kB
Progress (1): 185/501 kB
Progress (1): 186/501 kB
Progress (1): 188/501 kB
Progress (1): 189/501 kB
Progress (1): 191/501 kB
Progress (1): 192/501 kB
Progress (1): 193/501 kB
Progress (1): 195/501 kB
Progress (1): 196/501 kB
Progress (1): 197/501 kB
Progress (1): 199/501 kB
Progress (1): 200/501 kB
Progress (1): 202/501 kB
Progress (1): 203/501 kB
Progress (1): 204/501 kB
Progress (1): 206/501 kB
Progress (1): 207/501 kB
Progress (1): 208/501 kB
Progress (1): 210/501 kB
Progress (1): 211/501 kB
Progress (1): 213/501 kB
Progress (1): 214/501 kB
Progress (1): 215/501 kB
Progress (1): 217/501 kB
Progress (1): 218/501 kB
Progress (1): 219/501 kB
Progress (1): 221/501 kB
Progress (1): 222/501 kB
Progress (1): 223/501 kB
Progress (1): 225/501 kB
Progress (1): 226/501 kB
Progress (1): 228/501 kB
Progress (1): 229/501 kB
Progress (1): 230/501 kB
Progress (1): 232/501 kB
Progress (1): 233/501 kB
Progress (1): 234/501 kB
Progress (1): 236/501 kB
Progress (1): 237/501 kB
Progress (1): 239/501 kB
Progress (1): 240/501 kB
Progress (1): 241/501 kB
Progress (1): 243/501 kB
Progress (1): 244/501 kB
Progress (1): 245/501 kB
Progress (1): 247/501 kB
Progress (1): 248/501 kB
Progress (1): 250/501 kB
Progress (1): 251/501 kB
Progress (1): 252/501 kB
Progress (1): 254/501 kB
Progress (1): 255/501 kB
Progress (1): 256/501 kB
Progress (1): 258/501 kB
Progress (1): 259/501 kB
Progress (1): 260/501 kB
Progress (1): 262/501 kB
Progress (1): 263/501 kB
Progress (1): 265/501 kB
Progress (1): 266/501 kB
Progress (1): 267/501 kB
Progress (1): 269/501 kB
Progress (1): 270/501 kB
Progress (1): 271/501 kB
Progress (1): 273/501 kB
Progress (1): 274/501 kB
Progress (1): 276/501 kB
Progress (1): 277/501 kB
Progress (1): 278/501 kB
Progress (1): 280/501 kB
Progress (1): 281/501 kB
Progress (1): 282/501 kB
Progress (1): 284/501 kB
Progress (1): 285/501 kB
Progress (1): 287/501 kB
Progress (1): 288/501 kB
Progress (1): 289/501 kB
Progress (1): 291/501 kB
Progress (1): 292/501 kB
Progress (1): 293/501 kB
Progress (1): 295/501 kB
Progress (1): 296/501 kB
Progress (1): 298/501 kB
Progress (1): 299/501 kB
Progress (1): 300/501 kB
Progress (1): 302/501 kB
Progress (1): 303/501 kB
Progress (1): 304/501 kB
Progress (1): 306/501 kB
Progress (1): 307/501 kB
Progress (1): 308/501 kB
Progress (1): 310/501 kB
Progress (1): 311/501 kB
Progress (1): 313/501 kB
Progress (1): 314/501 kB
Progress (1): 315/501 kB
Progress (1): 317/501 kB
Progress (1): 318/501 kB
Progress (1): 319/501 kB
Progress (1): 321/501 kB
Progress (1): 322/501 kB
Progress (1): 324/501 kB
Progress (1): 325/501 kB
Progress (1): 326/501 kB
Progress (1): 328/501 kB
Progress (1): 329/501 kB
Progress (1): 330/501 kB
Progress (1): 332/501 kB
Progress (1): 333/501 kB
Progress (1): 335/501 kB
Progress (1): 336/501 kB
Progress (1): 337/501 kB
Progress (1): 339/501 kB
Progress (1): 340/501 kB
Progress (1): 341/501 kB
Progress (1): 343/501 kB
Progress (1): 344/501 kB
Progress (1): 345/501 kB
Progress (1): 347/501 kB
Progress (1): 348/501 kB
Progress (1): 350/501 kB
Progress (1): 351/501 kB
Progress (1): 352/501 kB
Progress (1): 354/501 kB
Progress (1): 355/501 kB
Progress (1): 356/501 kB
Progress (1): 358/501 kB
Progress (1): 359/501 kB
Progress (1): 361/501 kB
Progress (1): 362/501 kB
Progress (1): 363/501 kB
Progress (1): 365/501 kB
Progress (1): 366/501 kB
Progress (1): 367/501 kB
Progress (1): 369/501 kB
Progress (1): 370/501 kB
Progress (1): 372/501 kB
Progress (1): 373/501 kB
Progress (1): 374/501 kB
Progress (1): 376/501 kB
Progress (1): 377/501 kB
Progress (1): 378/501 kB
Progress (1): 380/501 kB
Progress (1): 381/501 kB
Progress (1): 383/501 kB
Progress (1): 384/501 kB
Progress (1): 385/501 kB
Progress (1): 387/501 kB
Progress (1): 388/501 kB
Progress (1): 389/501 kB
Progress (1): 391/501 kB
Progress (1): 392/501 kB
Progress (1): 393/501 kB
Progress (1): 395/501 kB
Progress (1): 396/501 kB
Progress (1): 398/501 kB
Progress (1): 399/501 kB
Progress (1): 400/501 kB
Progress (1): 402/501 kB
Progress (1): 403/501 kB
Progress (1): 404/501 kB
Progress (1): 406/501 kB
Progress (1): 407/501 kB
Progress (1): 409/501 kB
Progress (1): 410/501 kB
Progress (1): 411/501 kB
Progress (1): 413/501 kB
Progress (1): 414/501 kB
Progress (1): 415/501 kB
Progress (1): 417/501 kB
Progress (1): 418/501 kB
Progress (1): 420/501 kB
Progress (1): 421/501 kB
Progress (1): 422/501 kB
Progress (1): 424/501 kB
Progress (1): 425/501 kB
Progress (1): 426/501 kB
Progress (1): 428/501 kB
Progress (1): 429/501 kB
Progress (1): 430/501 kB
Progress (1): 432/501 kB
Progress (1): 433/501 kB
Progress (1): 435/501 kB
Progress (1): 436/501 kB
Progress (1): 437/501 kB
Progress (1): 439/501 kB
Progress (1): 440/501 kB
Progress (1): 441/501 kB
Progress (1): 443/501 kB
Progress (1): 444/501 kB
Progress (1): 446/501 kB
Progress (1): 447/501 kB
Progress (1): 448/501 kB
Progress (1): 450/501 kB
Progress (1): 451/501 kB
Progress (1): 452/501 kB
Progress (1): 454/501 kB
Progress (1): 455/501 kB
Progress (1): 457/501 kB
Progress (1): 458/501 kB
Progress (1): 459/501 kB
Progress (1): 461/501 kB
Progress (1): 462/501 kB
Progress (1): 463/501 kB
Progress (1): 465/501 kB
Progress (1): 466/501 kB
Progress (1): 468/501 kB
Progress (1): 469/501 kB
Progress (1): 470/501 kB
Progress (1): 472/501 kB
Progress (1): 473/501 kB
Progress (1): 474/501 kB
Progress (1): 476/501 kB
Progress (1): 477/501 kB
Progress (1): 478/501 kB
Progress (1): 480/501 kB
Progress (1): 481/501 kB
Progress (1): 483/501 kB
Progress (1): 484/501 kB
Progress (1): 485/501 kB
Progress (1): 487/501 kB
Progress (1): 488/501 kB
Progress (1): 489/501 kB
Progress (1): 491/501 kB
Progress (1): 492/501 kB
Progress (1): 494/501 kB
Progress (1): 495/501 kB
Progress (1): 496/501 kB
Progress (1): 498/501 kB
Progress (1): 499/501 kB
Progress (1): 500/501 kB
Progress (1): 501 kB    
                    
Downloaded from central: https://repo.maven.apache.org/maven2/org/junit/jupiter/junit-jupiter-params/5.3.0/junit-jupiter-params-5.3.0.jar (501 kB at 4.7 MB/s)
[INFO] 
[INFO] --- maven-clean-plugin:3.0.0:clean (default-clean) @ commons-lang3 ---
[INFO] Deleting ./commons-lang/target
[INFO] 
[INFO] --- maven-enforcer-plugin:3.0.0-M2:enforce (enforce-maven-version) @ commons-lang3 ---
[INFO] 
[INFO] --- maven-enforcer-plugin:3.0.0-M2:enforce (enforce-maven-3) @ commons-lang3 ---
[INFO] 
[INFO] --- build-helper-maven-plugin:3.0.0:parse-version (parse-version) @ commons-lang3 ---
[INFO] 
[INFO] --- maven-antrun-plugin:1.8:run (javadoc.resources) @ commons-lang3 ---
[INFO] Executing tasks

main:
     [copy] Copying 2 files to ./commons-lang/target/apidocs/META-INF
[INFO] Executed tasks
[INFO] 
[INFO] --- maven-remote-resources-plugin:1.5:process (process-resource-bundles) @ commons-lang3 ---
[INFO] 
[INFO] --- buildnumber-maven-plugin:1.4:create (default) @ commons-lang3 ---
[INFO] Executing: /bin/sh -c cd './commons-lang' && 'git' 'rev-parse' '--verify' 'HEAD'
[INFO] Working directory: ./commons-lang
[INFO] Storing buildNumber: 7e440785d9ccdafc84ae7a50022097dc3dd422e8 at timestamp: 1625606892801
[WARNING] Cannot get the branch information from the git repository: 
Detecting the current branch failed: fatal: ref HEAD is not a symbolic ref

[INFO] Executing: /bin/sh -c cd './commons-lang' && 'git' 'rev-parse' '--verify' 'HEAD'
[INFO] Working directory: ./commons-lang
[INFO] Storing buildScmBranch: UNKNOWN
[INFO] 
[INFO] --- maven-resources-plugin:3.0.2:resources (default-resources) @ commons-lang3 ---
[INFO] Using 'ISO-8859-1' encoding to copy filtered resources.
[INFO] skip non existing resourceDirectory ./commons-lang/src/main/resources
[INFO] Copying 2 resources to META-INF
[INFO] 
[INFO] --- maven-compiler-plugin:3.7.0:compile (default-compile) @ commons-lang3 ---
[INFO] Changes detected - recompiling the module!
[INFO] Compiling 153 source files to ./commons-lang/target/classes
[INFO] ./commons-lang/src/main/java/org/apache/commons/lang3/ObjectUtils.java: Some input files use or override a deprecated API.
[INFO] ./commons-lang/src/main/java/org/apache/commons/lang3/ObjectUtils.java: Recompile with -Xlint:deprecation for details.
[INFO] ./commons-lang/src/main/java/org/apache/commons/lang3/text/StrBuilder.java: Some input files use unchecked or unsafe operations.
[INFO] ./commons-lang/src/main/java/org/apache/commons/lang3/text/StrBuilder.java: Recompile with -Xlint:unchecked for details.
[INFO] 
[INFO] --- maven-bundle-plugin:3.5.0:manifest (bundle-manifest) @ commons-lang3 ---
[INFO] 
[INFO] --- animal-sniffer-maven-plugin:1.16:check (checkAPIcompatibility) @ commons-lang3 ---
[INFO] Checking unresolved references to org.codehaus.mojo.signature:java18:1.0
[INFO] 
[INFO] --- maven-resources-plugin:3.0.2:testResources (default-testResources) @ commons-lang3 ---
[INFO] Using 'ISO-8859-1' encoding to copy filtered resources.
[INFO] Copying 2 resources
[INFO] Copying 2 resources to META-INF
[INFO] 
[INFO] --- maven-compiler-plugin:3.7.0:testCompile (default-testCompile) @ commons-lang3 ---
[INFO] Changes detected - recompiling the module!
[INFO] Compiling 174 source files to ./commons-lang/target/test-classes
[INFO] ./commons-lang/src/test/java/org/apache/commons/lang3/ObjectUtilsTest.java: Some input files use or override a deprecated API.
[INFO] ./commons-lang/src/test/java/org/apache/commons/lang3/ObjectUtilsTest.java: Recompile with -Xlint:deprecation for details.
[INFO] ./commons-lang/src/test/java/org/apache/commons/lang3/EnumUtilsTest.java: ./commons-lang/src/test/java/org/apache/commons/lang3/EnumUtilsTest.java uses unchecked or unsafe operations.
[INFO] ./commons-lang/src/test/java/org/apache/commons/lang3/EnumUtilsTest.java: Recompile with -Xlint:unchecked for details.
[INFO] 
[INFO] --- maven-surefire-plugin:2.22.0:test (default-test) @ commons-lang3 ---
[INFO] 
[INFO] -------------------------------------------------------
[INFO]  T E S T S
[INFO] -------------------------------------------------------
[INFO] Running org.apache.commons.lang3.ValidateTest
[INFO] Tests run: 67, Failures: 0, Errors: 0, Skipped: 0, Time elapsed: 0.062 s - in org.apache.commons.lang3.ValidateTest
[INFO] Running org.apache.commons.lang3.time.FastDateParser_TimeZoneStrategyTest
[INFO] Tests run: 161, Failures: 0, Errors: 0, Skipped: 0, Time elapsed: 4.654 s - in org.apache.commons.lang3.time.FastDateParser_TimeZoneStrategyTest
[INFO] Running CharSetUtilsTest
[INFO] Tests run: 11, Failures: 0, Errors: 0, Skipped: 0, Time elapsed: 0.001 s - in CharSetUtilsTest
[INFO] Running MultiBackgroundInitializerTest
[INFO] Tests run: 17, Failures: 0, Errors: 0, Skipped: 0, Time elapsed: 0.111 s - in MultiBackgroundInitializerTest
[INFO] Running CallableBackgroundInitializerTest
[INFO] Tests run: 4, Failures: 0, Errors: 0, Skipped: 0, Time elapsed: 0 s - in CallableBackgroundInitializerTest
[INFO] Running MemoizerTest
[INFO] Tests run: 6, Failures: 0, Errors: 0, Skipped: 0, Time elapsed: 0.021 s - in MemoizerTest
[INFO] Running BasicThreadFactoryTest
[INFO] Tests run: 15, Failures: 0, Errors: 0, Skipped: 0, Time elapsed: 0.004 s - in BasicThreadFactoryTest
[INFO] Running AtomicInitializerTest
[INFO] Tests run: 3, Failures: 0, Errors: 0, Skipped: 0, Time elapsed: 0.012 s - in AtomicInitializerTest
[INFO] Running EventCountCircuitBreakerTest
[INFO] Tests run: 18, Failures: 0, Errors: 0, Skipped: 0, Time elapsed: 0.044 s - in EventCountCircuitBreakerTest
[INFO] Running ConcurrentUtilsTest
[INFO] Tests run: 41, Failures: 0, Errors: 0, Skipped: 0, Time elapsed: 0.007 s - in ConcurrentUtilsTest
[INFO] Running LazyInitializerTest
[INFO] Tests run: 3, Failures: 0, Errors: 0, Skipped: 0, Time elapsed: 0.024 s - in LazyInitializerTest
[INFO] Running ConstantInitializerTest
[INFO] Tests run: 7, Failures: 0, Errors: 0, Skipped: 0, Time elapsed: 0 s - in ConstantInitializerTest
[INFO] Running AtomicSafeInitializerTest
[INFO] Tests run: 4, Failures: 0, Errors: 0, Skipped: 0, Time elapsed: 0.01 s - in AtomicSafeInitializerTest
[INFO] Running TimedSemaphoreTest
[INFO] Tests run: 17, Failures: 0, Errors: 0, Skipped: 0, Time elapsed: 1.2 s - in TimedSemaphoreTest
[INFO] Running ThresholdCircuitBreakerTest
[INFO] Tests run: 5, Failures: 0, Errors: 0, Skipped: 0, Time elapsed: 0 s - in ThresholdCircuitBreakerTest
[INFO] Running BackgroundInitializerTest
[INFO] Tests run: 15, Failures: 0, Errors: 0, Skipped: 0, Time elapsed: 0.019 s - in BackgroundInitializerTest
[INFO] Running CircuitBreakingExceptionTest
[INFO] Tests run: 7, Failures: 0, Errors: 0, Skipped: 0, Time elapsed: 0.001 s - in CircuitBreakingExceptionTest
[INFO] Running StringUtilsEmptyBlankTest
[INFO] Tests run: 12, Failures: 0, Errors: 0, Skipped: 0, Time elapsed: 0.004 s - in StringUtilsEmptyBlankTest
[INFO] Running PairTest
[INFO] Tests run: 9, Failures: 0, Errors: 0, Skipped: 0, Time elapsed: 0 s - in PairTest
[INFO] Running TripleTest
[INFO] Tests run: 10, Failures: 0, Errors: 0, Skipped: 0, Time elapsed: 0.001 s - in TripleTest
[INFO] Running MutableTripleTest
[INFO] Tests run: 8, Failures: 0, Errors: 0, Skipped: 0, Time elapsed: 0.018 s - in MutableTripleTest
[INFO] Running ImmutableTripleTest
[INFO] Tests run: 12, Failures: 0, Errors: 0, Skipped: 0, Time elapsed: 0 s - in ImmutableTripleTest
[INFO] Running MutablePairTest
[INFO] Tests run: 8, Failures: 0, Errors: 0, Skipped: 0, Time elapsed: 0.001 s - in MutablePairTest
[INFO] Running ImmutablePairTest
[INFO] Tests run: 13, Failures: 0, Errors: 0, Skipped: 0, Time elapsed: 0 s - in ImmutablePairTest
[INFO] Running RangeTest
[INFO] Tests run: 24, Failures: 0, Errors: 0, Skipped: 0, Time elapsed: 0.007 s - in RangeTest
[INFO] Running StringUtilsIsTest
[INFO] Tests run: 8, Failures: 0, Errors: 0, Skipped: 0, Time elapsed: 0.001 s - in StringUtilsIsTest
[INFO] Running NoFieldNamesToStringStyleTest
[INFO] Tests run: 8, Failures: 0, Errors: 0, Skipped: 0, Time elapsed: 0.005 s - in NoFieldNamesToStringStyleTest
[INFO] Running StandardToStringStyleTest
[INFO] Tests run: 8, Failures: 0, Errors: 0, Skipped: 0, Time elapsed: 0 s - in StandardToStringStyleTest
[INFO] Running HashCodeBuilderTest
[INFO] Tests run: 45, Failures: 0, Errors: 0, Skipped: 0, Time elapsed: 0.002 s - in HashCodeBuilderTest
[INFO] Running DiffResultTest
[INFO] Tests run: 9, Failures: 0, Errors: 0, Skipped: 0, Time elapsed: 0.005 s - in DiffResultTest
[INFO] Running MultilineRecursiveToStringStyleTest
[INFO] Tests run: 11, Failures: 0, Errors: 0, Skipped: 0, Time elapsed: 0.003 s - in MultilineRecursiveToStringStyleTest
[INFO] Running ToStringStyleTest
[INFO] Tests run: 12, Failures: 0, Errors: 0, Skipped: 0, Time elapsed: 0 s - in ToStringStyleTest
[INFO] Running SimpleToStringStyleTest
[INFO] Tests run: 8, Failures: 0, Errors: 0, Skipped: 0, Time elapsed: 0.001 s - in SimpleToStringStyleTest
[INFO] Running ReflectionToStringBuilderExcludeWithAnnotationTest
[INFO] Tests run: 1, Failures: 0, Errors: 0, Skipped: 0, Time elapsed: 0.001 s - in ReflectionToStringBuilderExcludeWithAnnotationTest
[INFO] Running DefaultToStringStyleTest
[INFO] Tests run: 8, Failures: 0, Errors: 0, Skipped: 0, Time elapsed: 0 s - in DefaultToStringStyleTest
[INFO] Running DiffBuilderTest
[INFO] Tests run: 31, Failures: 0, Errors: 0, Skipped: 0, Time elapsed: 0.003 s - in DiffBuilderTest
[INFO] Running ToStringStyleConcurrencyTest
[INFO] Tests run: 3, Failures: 0, Errors: 0, Skipped: 0, Time elapsed: 2.611 s - in ToStringStyleConcurrencyTest
[INFO] Running ShortPrefixToStringStyleTest
[INFO] Tests run: 8, Failures: 0, Errors: 0, Skipped: 0, Time elapsed: 0 s - in ShortPrefixToStringStyleTest
[INFO] Running JsonToStringStyleTest
[INFO] Tests run: 15, Failures: 0, Errors: 0, Skipped: 0, Time elapsed: 0.007 s - in JsonToStringStyleTest
[INFO] Running ToStringBuilderTest
[WARNING] Tests run: 94, Failures: 0, Errors: 0, Skipped: 1, Time elapsed: 0.016 s - in ToStringBuilderTest
[INFO] Running NoClassNameToStringStyleTest
[INFO] Tests run: 8, Failures: 0, Errors: 0, Skipped: 0, Time elapsed: 0 s - in NoClassNameToStringStyleTest
[INFO] Running HashCodeBuilderAndEqualsBuilderTest
[INFO] Tests run: 4, Failures: 0, Errors: 0, Skipped: 0, Time elapsed: 0 s - in HashCodeBuilderAndEqualsBuilderTest
[INFO] Running EqualsBuilderTest
[INFO] Tests run: 56, Failures: 0, Errors: 0, Skipped: 0, Time elapsed: 0.005 s - in EqualsBuilderTest
[INFO] Running RecursiveToStringStyleTest
[INFO] Tests run: 8, Failures: 0, Errors: 0, Skipped: 0, Time elapsed: 0.001 s - in RecursiveToStringStyleTest
[INFO] Running ReflectionToStringBuilderMutateInspectConcurrencyTest
[WARNING] Tests run: 1, Failures: 0, Errors: 0, Skipped: 1, Time elapsed: 0 s - in ReflectionToStringBuilderMutateInspectConcurrencyTest
[INFO] Running DiffTest
[INFO] Tests run: 4, Failures: 0, Errors: 0, Skipped: 0, Time elapsed: 0 s - in DiffTest
[INFO] Running ReflectionToStringBuilderTest
[INFO] Tests run: 1, Failures: 0, Errors: 0, Skipped: 0, Time elapsed: 0 s - in ReflectionToStringBuilderTest
[INFO] Running ReflectionToStringBuilderSummaryTest
[INFO] Tests run: 1, Failures: 0, Errors: 0, Skipped: 0, Time elapsed: 0 s - in ReflectionToStringBuilderSummaryTest
[INFO] Running ReflectionToStringBuilderExcludeNullValuesTest
[INFO] Tests run: 5, Failures: 0, Errors: 0, Skipped: 0, Time elapsed: 0 s - in ReflectionToStringBuilderExcludeNullValuesTest
[INFO] Running CompareToBuilderTest
[INFO] Tests run: 48, Failures: 0, Errors: 0, Skipped: 0, Time elapsed: 0.002 s - in CompareToBuilderTest
[INFO] Running ReflectionToStringBuilderConcurrencyTest
[WARNING] Tests run: 3, Failures: 0, Errors: 0, Skipped: 3, Time elapsed: 0 s - in ReflectionToStringBuilderConcurrencyTest
[INFO] Running ReflectionToStringBuilderExcludeTest
[INFO] Tests run: 11, Failures: 0, Errors: 0, Skipped: 0, Time elapsed: 0 s - in ReflectionToStringBuilderExcludeTest
[INFO] Running MultiLineToStringStyleTest
[INFO] Tests run: 8, Failures: 0, Errors: 0, Skipped: 0, Time elapsed: 0 s - in MultiLineToStringStyleTest
[INFO] Running ReflectionDiffBuilderTest
[INFO] Tests run: 6, Failures: 0, Errors: 0, Skipped: 0, Time elapsed: 0.001 s - in ReflectionDiffBuilderTest
[INFO] Running ClassUtilsTest
[INFO] Tests run: 62, Failures: 0, Errors: 0, Skipped: 0, Time elapsed: 0.009 s - in ClassUtilsTest
[INFO] Running FractionTest
[INFO] Tests run: 25, Failures: 0, Errors: 0, Skipped: 0, Time elapsed: 0.058 s - in FractionTest
[INFO] Running NumberUtilsTest
[INFO] Tests run: 112, Failures: 0, Errors: 0, Skipped: 0, Time elapsed: 0.013 s - in NumberUtilsTest
[INFO] Running IEEE754rUtilsTest
[INFO] Tests run: 3, Failures: 0, Errors: 0, Skipped: 0, Time elapsed: 0 s - in IEEE754rUtilsTest
[INFO] Running StringUtilsEqualsIndexOfTest
[INFO] Tests run: 37, Failures: 0, Errors: 0, Skipped: 0, Time elapsed: 0.001 s - in StringUtilsEqualsIndexOfTest
[INFO] Running MutableObjectTest
[INFO] Tests run: 5, Failures: 0, Errors: 0, Skipped: 0, Time elapsed: 0 s - in MutableObjectTest
[INFO] Running MutableIntTest
[INFO] Tests run: 25, Failures: 0, Errors: 0, Skipped: 0, Time elapsed: 0 s - in MutableIntTest
[INFO] Running MutableBooleanTest
[INFO] Tests run: 9, Failures: 0, Errors: 0, Skipped: 0, Time elapsed: 0.007 s - in MutableBooleanTest
[INFO] Running MutableLongTest
[INFO] Tests run: 25, Failures: 0, Errors: 0, Skipped: 0, Time elapsed: 0 s - in MutableLongTest
[INFO] Running MutableByteTest
[INFO] Tests run: 25, Failures: 0, Errors: 0, Skipped: 0, Time elapsed: 0 s - in MutableByteTest
[INFO] Running MutableShortTest
[INFO] Tests run: 22, Failures: 0, Errors: 0, Skipped: 0, Time elapsed: 0 s - in MutableShortTest
[INFO] Running MutableFloatTest
[INFO] Tests run: 26, Failures: 0, Errors: 0, Skipped: 0, Time elapsed: 0.001 s - in MutableFloatTest
[INFO] Running MutableDoubleTest
[INFO] Tests run: 26, Failures: 0, Errors: 0, Skipped: 0, Time elapsed: 0 s - in MutableDoubleTest
[INFO] Running ObjectUtilsTest
[INFO] Tests run: 46, Failures: 0, Errors: 0, Skipped: 0, Time elapsed: 0.008 s - in ObjectUtilsTest
[INFO] Running LocaleUtilsTest
[INFO] Tests run: 16, Failures: 0, Errors: 0, Skipped: 0, Time elapsed: 0.003 s - in LocaleUtilsTest
[INFO] Running FastDateFormat_ParserTest
[INFO] Tests run: 38, Failures: 0, Errors: 0, Skipped: 0, Time elapsed: 0.415 s - in FastDateFormat_ParserTest
[INFO] Running DateUtilsTest
[INFO] Tests run: 63, Failures: 0, Errors: 0, Skipped: 0, Time elapsed: 0.039 s - in DateUtilsTest
[INFO] Running DateUtilsFragmentTest
[INFO] Tests run: 57, Failures: 0, Errors: 0, Skipped: 0, Time elapsed: 0.006 s - in DateUtilsFragmentTest
[INFO] Running FastDatePrinterTest
[INFO] Tests run: 22, Failures: 0, Errors: 0, Skipped: 0, Time elapsed: 0.006 s - in FastDatePrinterTest
[INFO] Running StopWatchTest
[INFO] Tests run: 10, Failures: 0, Errors: 0, Skipped: 0, Time elapsed: 4.756 s - in StopWatchTest
[INFO] Running FastDateParser_MoreOrLessTest
[INFO] Tests run: 7, Failures: 0, Errors: 0, Skipped: 0, Time elapsed: 0 s - in FastDateParser_MoreOrLessTest
[INFO] Running FastDateFormatTest
>>FastDateFormatTest: FastDatePrinter:1601  SimpleDateFormat:2493
>>FastDateFormatTest: FastDateParser:2442  SimpleDateFormat:1966
[INFO] Tests run: 16, Failures: 0, Errors: 0, Skipped: 0, Time elapsed: 0.975 s - in FastDateFormatTest
[INFO] Running DurationFormatUtilsTest
[INFO] Tests run: 25, Failures: 0, Errors: 0, Skipped: 0, Time elapsed: 0.346 s - in DurationFormatUtilsTest
[INFO] Running FastDatePrinterTimeZonesTest
[INFO] Tests run: 627, Failures: 0, Errors: 0, Skipped: 0, Time elapsed: 0.107 s - in FastDatePrinterTimeZonesTest
[INFO] Running DateFormatUtilsTest
[INFO] Tests run: 12, Failures: 0, Errors: 0, Skipped: 0, Time elapsed: 0.001 s - in DateFormatUtilsTest
[INFO] Running FastTimeZoneTest
[INFO] Tests run: 10, Failures: 0, Errors: 0, Skipped: 0, Time elapsed: 0.006 s - in FastTimeZoneTest
[INFO] Running FastDateParserTest
[INFO] Tests run: 38, Failures: 0, Errors: 0, Skipped: 0, Time elapsed: 0.147 s - in FastDateParserTest
[INFO] Running WeekYearTest
[INFO] Tests run: 32, Failures: 0, Errors: 0, Skipped: 0, Time elapsed: 0.001 s - in WeekYearTest
[INFO] Running FastDateFormat_PrinterTest
[INFO] Tests run: 22, Failures: 0, Errors: 0, Skipped: 0, Time elapsed: 0.001 s - in FastDateFormat_PrinterTest
[INFO] Running FastDateParserSDFTest
[INFO] Tests run: 276, Failures: 0, Errors: 0, Skipped: 0, Time elapsed: 0.018 s - in FastDateParserSDFTest
[INFO] Running DateUtilsRoundingTest
[INFO] Tests run: 22, Failures: 0, Errors: 0, Skipped: 0, Time elapsed: 0 s - in DateUtilsRoundingTest
[INFO] Running GmtTimeZoneTest
[INFO] Tests run: 12, Failures: 0, Errors: 0, Skipped: 0, Time elapsed: 0.001 s - in GmtTimeZoneTest
[INFO] Running EnumUtilsTest
[INFO] Tests run: 41, Failures: 0, Errors: 0, Skipped: 0, Time elapsed: 0.006 s - in EnumUtilsTest
[INFO] Running BitFieldTest
[INFO] Tests run: 15, Failures: 0, Errors: 0, Skipped: 0, Time elapsed: 0 s - in BitFieldTest
[INFO] Running NotImplementedExceptionTest
[INFO] Tests run: 1, Failures: 0, Errors: 0, Skipped: 0, Time elapsed: 0 s - in NotImplementedExceptionTest
[INFO] Running StringUtilsContainsTest
[INFO] Tests run: 22, Failures: 0, Errors: 0, Skipped: 0, Time elapsed: 0 s - in StringUtilsContainsTest
[INFO] Running ConversionTest
[INFO] Tests run: 42, Failures: 0, Errors: 0, Skipped: 0, Time elapsed: 0 s - in ConversionTest
[INFO] Running ArrayUtilsTest
[INFO] Tests run: 308, Failures: 0, Errors: 0, Skipped: 0, Time elapsed: 0.01 s - in ArrayUtilsTest
[INFO] Running StringUtilsStartsEndsWithTest
[INFO] Tests run: 6, Failures: 0, Errors: 0, Skipped: 0, Time elapsed: 0 s - in StringUtilsStartsEndsWithTest
[INFO] Running JavaVersionTest
[INFO] Tests run: 3, Failures: 0, Errors: 0, Skipped: 0, Time elapsed: 0 s - in JavaVersionTest
[INFO] Running ArrayUtilsInsertTest
[INFO] Tests run: 9, Failures: 0, Errors: 0, Skipped: 0, Time elapsed: 0 s - in ArrayUtilsInsertTest
[INFO] Running CharRangeTest
[INFO] Tests run: 17, Failures: 0, Errors: 0, Skipped: 0, Time elapsed: 0.015 s - in CharRangeTest
[INFO] Running SystemDefaultsSwitchTest
[INFO] Tests run: 4, Failures: 0, Errors: 0, Skipped: 0, Time elapsed: 0 s - in SystemDefaultsSwitchTest
[INFO] Running ArrayUtilsRemoveMultipleTest
[INFO] Tests run: 55, Failures: 0, Errors: 0, Skipped: 0, Time elapsed: 0.011 s - in ArrayUtilsRemoveMultipleTest
[INFO] Running ClassPathUtilsTest
[INFO] Tests run: 13, Failures: 0, Errors: 0, Skipped: 0, Time elapsed: 0.005 s - in ClassPathUtilsTest
[INFO] Running StringUtilsTest
[INFO] Tests run: 145, Failures: 0, Errors: 0, Skipped: 0, Time elapsed: 0.077 s - in StringUtilsTest
[INFO] Running ExceptionUtilsTest
[INFO] Tests run: 34, Failures: 0, Errors: 0, Skipped: 0, Time elapsed: 0.013 s - in ExceptionUtilsTest
[INFO] Running ContextedExceptionTest
[INFO] Tests run: 14, Failures: 0, Errors: 0, Skipped: 0, Time elapsed: 0.024 s - in ContextedExceptionTest
[INFO] Running CloneFailedExceptionTest
[INFO] Tests run: 6, Failures: 0, Errors: 0, Skipped: 0, Time elapsed: 0 s - in CloneFailedExceptionTest
[INFO] Running ContextedRuntimeExceptionTest
[INFO] Tests run: 14, Failures: 0, Errors: 0, Skipped: 0, Time elapsed: 0.011 s - in ContextedRuntimeExceptionTest
[INFO] Running DefaultExceptionContextTest
[INFO] Tests run: 8, Failures: 0, Errors: 0, Skipped: 0, Time elapsed: 0.003 s - in DefaultExceptionContextTest
[INFO] Running RandomUtilsTest
[INFO] Tests run: 29, Failures: 0, Errors: 0, Skipped: 0, Time elapsed: 0.001 s - in RandomUtilsTest
[INFO] Running BooleanUtilsTest
[INFO] Tests run: 72, Failures: 0, Errors: 0, Skipped: 0, Time elapsed: 0.005 s - in BooleanUtilsTest
[INFO] Running RandomStringUtilsTest
[INFO] Tests run: 18, Failures: 0, Errors: 0, Skipped: 0, Time elapsed: 0.058 s - in RandomStringUtilsTest
[INFO] Running AnnotationUtilsTest
[INFO] Tests run: 10, Failures: 0, Errors: 0, Skipped: 0, Time elapsed: 0.017 s - in AnnotationUtilsTest
[INFO] Running RegExUtilsTest
[INFO] Tests run: 10, Failures: 0, Errors: 0, Skipped: 0, Time elapsed: 0 s - in RegExUtilsTest
[INFO] Running CharEncodingTest
[INFO] Tests run: 5, Failures: 0, Errors: 0, Skipped: 0, Time elapsed: 0.007 s - in CharEncodingTest
[INFO] Running ThreadUtilsTest
[INFO] Tests run: 27, Failures: 0, Errors: 0, Skipped: 0, Time elapsed: 0.061 s - in ThreadUtilsTest
[INFO] Running EventUtilsTest
[INFO] Tests run: 8, Failures: 0, Errors: 0, Skipped: 0, Time elapsed: 0.008 s - in EventUtilsTest
[INFO] Running EventListenerSupportTest
[INFO] Tests run: 10, Failures: 0, Errors: 0, Skipped: 0, Time elapsed: 0.016 s - in EventListenerSupportTest
[INFO] Running SystemUtilsTest
[INFO] Tests run: 17, Failures: 0, Errors: 0, Skipped: 0, Time elapsed: 0.003 s - in SystemUtilsTest
[INFO] Running CharUtilsTest
[INFO] Tests run: 24, Failures: 0, Errors: 0, Skipped: 0, Time elapsed: 0.005 s - in CharUtilsTest
[INFO] Running ArchUtilsTest
[INFO] Tests run: 4, Failures: 0, Errors: 0, Skipped: 0, Time elapsed: 0.002 s - in ArchUtilsTest
[INFO] Running StringUtilsTrimStripTest
[INFO] Tests run: 11, Failures: 0, Errors: 0, Skipped: 0, Time elapsed: 0.004 s - in StringUtilsTrimStripTest
[INFO] Running StrMatcherTest
[INFO] Tests run: 14, Failures: 0, Errors: 0, Skipped: 0, Time elapsed: 0.002 s - in StrMatcherTest
[INFO] Running WordUtilsTest
[INFO] Tests run: 16, Failures: 0, Errors: 0, Skipped: 0, Time elapsed: 0 s - in WordUtilsTest
[INFO] Running EntityArraysTest
[INFO] Tests run: 3, Failures: 0, Errors: 0, Skipped: 0, Time elapsed: 0 s - in EntityArraysTest
[INFO] Running OctalUnescaperTest
[INFO] Tests run: 1, Failures: 0, Errors: 0, Skipped: 0, Time elapsed: 0 s - in OctalUnescaperTest
[INFO] Running LookupTranslatorTest
[INFO] Tests run: 2, Failures: 0, Errors: 0, Skipped: 0, Time elapsed: 0 s - in LookupTranslatorTest
[INFO] Running UnicodeUnpairedSurrogateRemoverTest
[INFO] Tests run: 2, Failures: 0, Errors: 0, Skipped: 0, Time elapsed: 0 s - in UnicodeUnpairedSurrogateRemoverTest
[INFO] Running NumericEntityEscaperTest
[INFO] Tests run: 4, Failures: 0, Errors: 0, Skipped: 0, Time elapsed: 0 s - in NumericEntityEscaperTest
[INFO] Running UnicodeUnescaperTest
[INFO] Tests run: 3, Failures: 0, Errors: 0, Skipped: 0, Time elapsed: 0 s - in UnicodeUnescaperTest
[INFO] Running UnicodeEscaperTest
[INFO] Tests run: 3, Failures: 0, Errors: 0, Skipped: 0, Time elapsed: 0 s - in UnicodeEscaperTest
[INFO] Running NumericEntityUnescaperTest
[INFO] Tests run: 3, Failures: 0, Errors: 0, Skipped: 0, Time elapsed: 0 s - in NumericEntityUnescaperTest
[INFO] Running StrBuilderTest
[INFO] Tests run: 91, Failures: 0, Errors: 0, Skipped: 0, Time elapsed: 0.007 s - in StrBuilderTest
[INFO] Running CompositeFormatTest
[INFO] Tests run: 2, Failures: 0, Errors: 0, Skipped: 0, Time elapsed: 0 s - in CompositeFormatTest
[INFO] Running StrLookupTest
[INFO] Tests run: 6, Failures: 0, Errors: 0, Skipped: 0, Time elapsed: 0 s - in StrLookupTest
[INFO] Running FormattableUtilsTest
[INFO] Tests run: 5, Failures: 0, Errors: 0, Skipped: 0, Time elapsed: 0 s - in FormattableUtilsTest
[INFO] Running StrSubstitutorTest
[INFO] Tests run: 41, Failures: 0, Errors: 0, Skipped: 0, Time elapsed: 0.001 s - in StrSubstitutorTest
[INFO] Running StrTokenizerTest
[INFO] Tests run: 55, Failures: 0, Errors: 0, Skipped: 0, Time elapsed: 0.011 s - in StrTokenizerTest
[INFO] Running StrBuilderAppendInsertTest
[INFO] Tests run: 51, Failures: 0, Errors: 0, Skipped: 0, Time elapsed: 0 s - in StrBuilderAppendInsertTest
[INFO] Running ExtendedMessageFormatTest
[INFO] Tests run: 10, Failures: 0, Errors: 0, Skipped: 0, Time elapsed: 0.2 s - in ExtendedMessageFormatTest
[INFO] Running InheritanceUtilsTest
[INFO] Tests run: 9, Failures: 0, Errors: 0, Skipped: 0, Time elapsed: 0 s - in InheritanceUtilsTest
[INFO] Running ConstructorUtilsTest
[INFO] Tests run: 8, Failures: 0, Errors: 0, Skipped: 0, Time elapsed: 0.001 s - in ConstructorUtilsTest
[INFO] Running MethodUtilsTest
[INFO] Tests run: 40, Failures: 0, Errors: 0, Skipped: 0, Time elapsed: 0.008 s - in MethodUtilsTest
[INFO] Running FieldUtilsTest
[INFO] Tests run: 64, Failures: 0, Errors: 0, Skipped: 0, Time elapsed: 0.007 s - in FieldUtilsTest
[INFO] Running TypeUtilsTest
[INFO] Tests run: 24, Failures: 0, Errors: 0, Skipped: 0, Time elapsed: 0.013 s - in TypeUtilsTest
[INFO] Running TypeLiteralTest
[INFO] Tests run: 4, Failures: 0, Errors: 0, Skipped: 0, Time elapsed: 0.003 s - in TypeLiteralTest
[INFO] Running CharSetTest
[INFO] Tests run: 15, Failures: 0, Errors: 0, Skipped: 0, Time elapsed: 0.002 s - in CharSetTest
[INFO] Running CharSequenceUtilsTest
[INFO] Tests run: 6, Failures: 0, Errors: 0, Skipped: 0, Time elapsed: 0.001 s - in CharSequenceUtilsTest
[INFO] Running StringUtilsSubstringTest
[INFO] Tests run: 14, Failures: 0, Errors: 0, Skipped: 0, Time elapsed: 0.006 s - in StringUtilsSubstringTest
[INFO] Running ArrayUtilsRemoveTest
[INFO] Tests run: 28, Failures: 0, Errors: 0, Skipped: 0, Time elapsed: 0.004 s - in ArrayUtilsRemoveTest
[INFO] Running SerializationUtilsTest
[INFO] Tests run: 26, Failures: 0, Errors: 0, Skipped: 0, Time elapsed: 0.015 s - in SerializationUtilsTest
[INFO] Running ArrayUtilsAddTest
[INFO] Tests run: 13, Failures: 0, Errors: 0, Skipped: 0, Time elapsed: 0.002 s - in ArrayUtilsAddTest
[INFO] Running StringEscapeUtilsTest
[INFO] Tests run: 32, Failures: 0, Errors: 0, Skipped: 0, Time elapsed: 0.215 s - in StringEscapeUtilsTest
[INFO] 
[INFO] Results:
[INFO] 
[WARNING] Tests run: 4280, Failures: 0, Errors: 0, Skipped: 5
[INFO] 
[INFO] 
[INFO] --- maven-jar-plugin:3.1.0:jar (default-jar) @ commons-lang3 ---
[INFO] Building jar: ./commons-lang/target/commons-lang3-3.9-SNAPSHOT.jar
[INFO] 
[INFO] --- maven-site-plugin:3.7.1:attach-descriptor (attach-descriptor) @ commons-lang3 ---
[INFO] Skipping because packaging 'jar' is not pom.
[INFO] 
[INFO] --- maven-jar-plugin:3.1.0:test-jar (default) @ commons-lang3 ---
[INFO] Building jar: ./commons-lang/target/commons-lang3-3.9-SNAPSHOT-tests.jar
[INFO] 
[INFO] --- maven-source-plugin:3.0.1:jar-no-fork (create-source-jar) @ commons-lang3 ---
[INFO] Building jar: ./commons-lang/target/commons-lang3-3.9-SNAPSHOT-sources.jar
[INFO] 
[INFO] --- maven-source-plugin:3.0.1:test-jar-no-fork (create-source-jar) @ commons-lang3 ---
[INFO] Building jar: ./commons-lang/target/commons-lang3-3.9-SNAPSHOT-test-sources.jar
[INFO] 
[INFO] --- maven-install-plugin:2.5.2:install (default-install) @ commons-lang3 ---
[INFO] Installing ./commons-lang/target/commons-lang3-3.9-SNAPSHOT.jar to ./.m2/repository/org/apache/commons/commons-lang3/3.9-SNAPSHOT/commons-lang3-3.9-SNAPSHOT.jar
[INFO] Installing ./commons-lang/pom.xml to ./.m2/repository/org/apache/commons/commons-lang3/3.9-SNAPSHOT/commons-lang3-3.9-SNAPSHOT.pom
[INFO] Installing ./commons-lang/target/commons-lang3-3.9-SNAPSHOT-tests.jar to ./.m2/repository/org/apache/commons/commons-lang3/3.9-SNAPSHOT/commons-lang3-3.9-SNAPSHOT-tests.jar
[INFO] Installing ./commons-lang/target/commons-lang3-3.9-SNAPSHOT-sources.jar to ./.m2/repository/org/apache/commons/commons-lang3/3.9-SNAPSHOT/commons-lang3-3.9-SNAPSHOT-sources.jar
[INFO] Installing ./commons-lang/target/commons-lang3-3.9-SNAPSHOT-test-sources.jar to ./.m2/repository/org/apache/commons/commons-lang3/3.9-SNAPSHOT/commons-lang3-3.9-SNAPSHOT-test-sources.jar
[INFO] ------------------------------------------------------------------------
[INFO] BUILD SUCCESS
[INFO] ------------------------------------------------------------------------
[INFO] Total time:  30.291 s
[INFO] Finished at: 
[INFO] ------------------------------------------------------------------------
