[INFO] Scanning for projects...
Downloading from central: https://repo.maven.apache.org/maven2/org/apache/commons/commons-parent/46/commons-parent-46.pom
Progress (1): 1.4/75 kB
Progress (1): 2.7/75 kB
Progress (1): 4.1/75 kB
Progress (1): 5.5/75 kB
Progress (1): 6.9/75 kB
Progress (1): 8.2/75 kB
Progress (1): 9.6/75 kB
Progress (1): 11/75 kB 
Progress (1): 12/75 kB
Progress (1): 14/75 kB
Progress (1): 15/75 kB
Progress (1): 16/75 kB
Progress (1): 18/75 kB
Progress (1): 19/75 kB
Progress (1): 21/75 kB
Progress (1): 22/75 kB
Progress (1): 23/75 kB
Progress (1): 25/75 kB
Progress (1): 26/75 kB
Progress (1): 27/75 kB
Progress (1): 29/75 kB
Progress (1): 30/75 kB
Progress (1): 32/75 kB
Progress (1): 33/75 kB
Progress (1): 34/75 kB
Progress (1): 36/75 kB
Progress (1): 37/75 kB
Progress (1): 38/75 kB
Progress (1): 40/75 kB
Progress (1): 41/75 kB
Progress (1): 43/75 kB
Progress (1): 44/75 kB
Progress (1): 45/75 kB
Progress (1): 47/75 kB
Progress (1): 48/75 kB
Progress (1): 49/75 kB
Progress (1): 51/75 kB
Progress (1): 52/75 kB
Progress (1): 53/75 kB
Progress (1): 55/75 kB
Progress (1): 56/75 kB
Progress (1): 58/75 kB
Progress (1): 59/75 kB
Progress (1): 60/75 kB
Progress (1): 62/75 kB
Progress (1): 63/75 kB
Progress (1): 64/75 kB
Progress (1): 66/75 kB
Progress (1): 67/75 kB
Progress (1): 69/75 kB
Progress (1): 70/75 kB
Progress (1): 71/75 kB
Progress (1): 73/75 kB
Progress (1): 74/75 kB
Progress (1): 75 kB   
                   
Downloaded from central: https://repo.maven.apache.org/maven2/org/apache/commons/commons-parent/46/commons-parent-46.pom (75 kB at 247 kB/s)
[INFO] 
[INFO] ------------------< org.apache.commons:commons-lang3 >------------------
[INFO] Building Apache Commons Lang 3.8-SNAPSHOT
[INFO] --------------------------------[ jar ]---------------------------------
Downloading from central: https://repo.maven.apache.org/maven2/org/apache/maven/plugins/maven-site-plugin/3.7/maven-site-plugin-3.7.pom
Progress (1): 1.4/19 kB
Progress (1): 2.7/19 kB
Progress (1): 4.1/19 kB
Progress (1): 5.5/19 kB
Progress (1): 6.9/19 kB
Progress (1): 8.2/19 kB
Progress (1): 9.6/19 kB
Progress (1): 11/19 kB 
Progress (1): 12/19 kB
Progress (1): 14/19 kB
Progress (1): 15/19 kB
Progress (1): 16/19 kB
Progress (1): 18/19 kB
Progress (1): 19/19 kB
Progress (1): 19 kB   
                   
Downloaded from central: https://repo.maven.apache.org/maven2/org/apache/maven/plugins/maven-site-plugin/3.7/maven-site-plugin-3.7.pom (19 kB at 836 kB/s)
Downloading from central: https://repo.maven.apache.org/maven2/org/apache/maven/plugins/maven-site-plugin/3.7/maven-site-plugin-3.7.jar
Progress (1): 1.4/134 kB
Progress (1): 2.7/134 kB
Progress (1): 4.1/134 kB
Progress (1): 5.5/134 kB
Progress (1): 6.9/134 kB
Progress (1): 8.2/134 kB
Progress (1): 9.6/134 kB
Progress (1): 11/134 kB 
Progress (1): 12/134 kB
Progress (1): 14/134 kB
Progress (1): 15/134 kB
Progress (1): 16/134 kB
Progress (1): 18/134 kB
Progress (1): 19/134 kB
Progress (1): 21/134 kB
Progress (1): 22/134 kB
Progress (1): 23/134 kB
Progress (1): 25/134 kB
Progress (1): 26/134 kB
Progress (1): 27/134 kB
Progress (1): 29/134 kB
Progress (1): 30/134 kB
Progress (1): 32/134 kB
Progress (1): 33/134 kB
Progress (1): 34/134 kB
Progress (1): 36/134 kB
Progress (1): 37/134 kB
Progress (1): 38/134 kB
Progress (1): 40/134 kB
Progress (1): 41/134 kB
Progress (1): 43/134 kB
Progress (1): 44/134 kB
Progress (1): 45/134 kB
Progress (1): 47/134 kB
Progress (1): 48/134 kB
Progress (1): 49/134 kB
Progress (1): 51/134 kB
Progress (1): 52/134 kB
Progress (1): 53/134 kB
Progress (1): 55/134 kB
Progress (1): 56/134 kB
Progress (1): 58/134 kB
Progress (1): 59/134 kB
Progress (1): 60/134 kB
Progress (1): 62/134 kB
Progress (1): 63/134 kB
Progress (1): 64/134 kB
Progress (1): 66/134 kB
Progress (1): 67/134 kB
Progress (1): 69/134 kB
Progress (1): 70/134 kB
Progress (1): 71/134 kB
Progress (1): 73/134 kB
Progress (1): 74/134 kB
Progress (1): 75/134 kB
Progress (1): 77/134 kB
Progress (1): 78/134 kB
Progress (1): 80/134 kB
Progress (1): 81/134 kB
Progress (1): 82/134 kB
Progress (1): 84/134 kB
Progress (1): 85/134 kB
Progress (1): 86/134 kB
Progress (1): 88/134 kB
Progress (1): 89/134 kB
Progress (1): 90/134 kB
Progress (1): 92/134 kB
Progress (1): 93/134 kB
Progress (1): 95/134 kB
Progress (1): 96/134 kB
Progress (1): 97/134 kB
Progress (1): 99/134 kB
Progress (1): 100/134 kB
Progress (1): 101/134 kB
Progress (1): 103/134 kB
Progress (1): 104/134 kB
Progress (1): 106/134 kB
Progress (1): 107/134 kB
Progress (1): 108/134 kB
Progress (1): 110/134 kB
Progress (1): 111/134 kB
Progress (1): 112/134 kB
Progress (1): 114/134 kB
Progress (1): 115/134 kB
Progress (1): 117/134 kB
Progress (1): 118/134 kB
Progress (1): 119/134 kB
Progress (1): 121/134 kB
Progress (1): 122/134 kB
Progress (1): 123/134 kB
Progress (1): 125/134 kB
Progress (1): 126/134 kB
Progress (1): 128/134 kB
Progress (1): 129/134 kB
Progress (1): 130/134 kB
Progress (1): 132/134 kB
Progress (1): 133/134 kB
Progress (1): 134 kB    
                    
Downloaded from central: https://repo.maven.apache.org/maven2/org/apache/maven/plugins/maven-site-plugin/3.7/maven-site-plugin-3.7.jar (134 kB at 3.4 MB/s)
Downloading from central: https://repo.maven.apache.org/maven2/org/apache/maven/plugins/maven-surefire-plugin/2.21.0/maven-surefire-plugin-2.21.0.pom
Progress (1): 4.1/5.2 kB
Progress (1): 5.2 kB    
                    
Downloaded from central: https://repo.maven.apache.org/maven2/org/apache/maven/plugins/maven-surefire-plugin/2.21.0/maven-surefire-plugin-2.21.0.pom (5.2 kB at 326 kB/s)
Downloading from central: https://repo.maven.apache.org/maven2/org/apache/maven/surefire/surefire/2.21.0/surefire-2.21.0.pom
Progress (1): 4.1/28 kB
Progress (1): 8.2/28 kB
Progress (1): 12/28 kB 
Progress (1): 16/28 kB
Progress (1): 20/28 kB
Progress (1): 25/28 kB
Progress (1): 28 kB   
                   
Downloaded from central: https://repo.maven.apache.org/maven2/org/apache/maven/surefire/surefire/2.21.0/surefire-2.21.0.pom (28 kB at 1.5 MB/s)
Downloading from central: https://repo.maven.apache.org/maven2/org/apache/maven/plugins/maven-surefire-plugin/2.21.0/maven-surefire-plugin-2.21.0.jar
Progress (1): 4.1/40 kB
Progress (1): 8.2/40 kB
Progress (1): 12/40 kB 
Progress (1): 16/40 kB
Progress (1): 20/40 kB
Progress (1): 25/40 kB
Progress (1): 29/40 kB
Progress (1): 33/40 kB
Progress (1): 37/40 kB
Progress (1): 40 kB   
                   
Downloaded from central: https://repo.maven.apache.org/maven2/org/apache/maven/plugins/maven-surefire-plugin/2.21.0/maven-surefire-plugin-2.21.0.jar (40 kB at 2.1 MB/s)
Downloading from central: https://repo.maven.apache.org/maven2/org/easymock/easymock/3.5.1/easymock-3.5.1.pom
Progress (1): 4.1/8.2 kB
Progress (1): 8.2/8.2 kB
Progress (1): 8.2 kB    
                    
Downloaded from central: https://repo.maven.apache.org/maven2/org/easymock/easymock/3.5.1/easymock-3.5.1.pom (8.2 kB at 456 kB/s)
Downloading from central: https://repo.maven.apache.org/maven2/org/easymock/easymock-parent/3.5.1/easymock-parent-3.5.1.pom
Progress (1): 4.1/18 kB
Progress (1): 8.2/18 kB
Progress (1): 12/18 kB 
Progress (1): 16/18 kB
Progress (1): 18 kB   
                   
Downloaded from central: https://repo.maven.apache.org/maven2/org/easymock/easymock-parent/3.5.1/easymock-parent-3.5.1.pom (18 kB at 1.0 MB/s)
Downloading from central: https://repo.maven.apache.org/maven2/org/openjdk/jmh/jmh-core/1.19/jmh-core-1.19.pom
Progress (1): 4.1/10 kB
Progress (1): 8.2/10 kB
Progress (1): 10 kB    
                   
Downloaded from central: https://repo.maven.apache.org/maven2/org/openjdk/jmh/jmh-core/1.19/jmh-core-1.19.pom (10 kB at 588 kB/s)
Downloading from central: https://repo.maven.apache.org/maven2/org/openjdk/jmh/jmh-parent/1.19/jmh-parent-1.19.pom
Progress (1): 4.1/6.7 kB
Progress (1): 6.7 kB    
                    
Downloaded from central: https://repo.maven.apache.org/maven2/org/openjdk/jmh/jmh-parent/1.19/jmh-parent-1.19.pom (6.7 kB at 416 kB/s)
Downloading from central: https://repo.maven.apache.org/maven2/org/openjdk/jmh/jmh-generator-annprocess/1.19/jmh-generator-annprocess-1.19.pom
Progress (1): 4.0 kB
                    
Downloaded from central: https://repo.maven.apache.org/maven2/org/openjdk/jmh/jmh-generator-annprocess/1.19/jmh-generator-annprocess-1.19.pom (4.0 kB at 264 kB/s)
Downloading from central: https://repo.maven.apache.org/maven2/org/easymock/easymock/3.5.1/easymock-3.5.1.jar
Downloading from central: https://repo.maven.apache.org/maven2/org/openjdk/jmh/jmh-core/1.19/jmh-core-1.19.jar
Downloading from central: https://repo.maven.apache.org/maven2/org/openjdk/jmh/jmh-generator-annprocess/1.19/jmh-generator-annprocess-1.19.jar
Progress (1): 4.1/540 kB
Progress (1): 8.2/540 kB
Progress (1): 12/540 kB 
Progress (1): 16/540 kB
Progress (1): 20/540 kB
Progress (1): 25/540 kB
Progress (1): 29/540 kB
Progress (1): 33/540 kB
Progress (1): 37/540 kB
Progress (1): 41/540 kB
Progress (1): 45/540 kB
Progress (1): 49/540 kB
Progress (1): 53/540 kB
Progress (1): 57/540 kB
Progress (1): 61/540 kB
Progress (1): 66/540 kB
Progress (1): 70/540 kB
Progress (1): 74/540 kB
Progress (1): 78/540 kB
Progress (1): 82/540 kB
Progress (1): 86/540 kB
Progress (1): 90/540 kB
Progress (1): 94/540 kB
Progress (1): 98/540 kB
Progress (1): 102/540 kB
Progress (1): 106/540 kB
Progress (1): 111/540 kB
Progress (1): 115/540 kB
Progress (1): 119/540 kB
Progress (1): 123/540 kB
Progress (1): 127/540 kB
Progress (1): 131/540 kB
Progress (1): 135/540 kB
Progress (1): 139/540 kB
Progress (1): 143/540 kB
Progress (1): 147/540 kB
Progress (1): 152/540 kB
Progress (1): 156/540 kB
Progress (1): 160/540 kB
Progress (1): 164/540 kB
Progress (1): 168/540 kB
Progress (1): 172/540 kB
Progress (1): 176/540 kB
Progress (1): 180/540 kB
Progress (1): 184/540 kB
Progress (1): 188/540 kB
Progress (1): 193/540 kB
Progress (1): 197/540 kB
Progress (2): 197/540 kB | 1.4/31 kB
Progress (2): 197/540 kB | 2.7/31 kB
Progress (2): 197/540 kB | 4.1/31 kB
Progress (2): 197/540 kB | 5.5/31 kB
Progress (2): 197/540 kB | 6.9/31 kB
Progress (2): 197/540 kB | 8.2/31 kB
Progress (2): 197/540 kB | 9.6/31 kB
Progress (2): 197/540 kB | 11/31 kB 
Progress (2): 197/540 kB | 12/31 kB
Progress (2): 197/540 kB | 14/31 kB
Progress (2): 197/540 kB | 15/31 kB
Progress (2): 197/540 kB | 16/31 kB
Progress (2): 197/540 kB | 18/31 kB
Progress (2): 197/540 kB | 19/31 kB
Progress (2): 201/540 kB | 19/31 kB
Progress (2): 201/540 kB | 21/31 kB
Progress (2): 205/540 kB | 21/31 kB
Progress (2): 205/540 kB | 22/31 kB
Progress (2): 209/540 kB | 22/31 kB
Progress (2): 209/540 kB | 23/31 kB
Progress (2): 213/540 kB | 23/31 kB
Progress (2): 213/540 kB | 25/31 kB
Progress (2): 213/540 kB | 26/31 kB
Progress (2): 213/540 kB | 27/31 kB
Progress (2): 217/540 kB | 27/31 kB
Progress (2): 217/540 kB | 29/31 kB
Progress (2): 221/540 kB | 29/31 kB
Progress (2): 225/540 kB | 29/31 kB
Progress (2): 229/540 kB | 29/31 kB
Progress (2): 233/540 kB | 29/31 kB
Progress (2): 238/540 kB | 29/31 kB
Progress (2): 242/540 kB | 29/31 kB
Progress (2): 246/540 kB | 29/31 kB
Progress (2): 246/540 kB | 30/31 kB
Progress (2): 246/540 kB | 31 kB   
Progress (2): 250/540 kB | 31 kB
Progress (2): 254/540 kB | 31 kB
Progress (2): 258/540 kB | 31 kB
Progress (2): 262/540 kB | 31 kB
Progress (2): 266/540 kB | 31 kB
Progress (2): 270/540 kB | 31 kB
Progress (2): 274/540 kB | 31 kB
Progress (2): 279/540 kB | 31 kB
Progress (2): 283/540 kB | 31 kB
Progress (2): 287/540 kB | 31 kB
Progress (2): 291/540 kB | 31 kB
Progress (2): 295/540 kB | 31 kB
Progress (2): 299/540 kB | 31 kB
Progress (2): 303/540 kB | 31 kB
Progress (2): 307/540 kB | 31 kB
Progress (2): 311/540 kB | 31 kB
Progress (2): 315/540 kB | 31 kB
Progress (2): 319/540 kB | 31 kB
Progress (2): 324/540 kB | 31 kB
Progress (2): 328/540 kB | 31 kB
                                
Downloaded from central: https://repo.maven.apache.org/maven2/org/openjdk/jmh/jmh-generator-annprocess/1.19/jmh-generator-annprocess-1.19.jar (31 kB at 686 kB/s)
Progress (1): 332/540 kB
Progress (1): 336/540 kB
Progress (1): 340/540 kB
Progress (1): 344/540 kB
Progress (1): 348/540 kB
Progress (1): 352/540 kB
Progress (1): 356/540 kB
Progress (1): 360/540 kB
Progress (1): 365/540 kB
Progress (1): 369/540 kB
Progress (1): 373/540 kB
Progress (1): 377/540 kB
Progress (1): 381/540 kB
Progress (1): 385/540 kB
Progress (1): 389/540 kB
Progress (1): 393/540 kB
Progress (1): 397/540 kB
Progress (1): 401/540 kB
Progress (1): 406/540 kB
Progress (1): 410/540 kB
Progress (1): 414/540 kB
Progress (1): 418/540 kB
Progress (1): 422/540 kB
Progress (1): 426/540 kB
Progress (1): 430/540 kB
Progress (1): 434/540 kB
Progress (1): 438/540 kB
Progress (1): 442/540 kB
Progress (1): 446/540 kB
Progress (1): 451/540 kB
Progress (1): 455/540 kB
Progress (1): 459/540 kB
Progress (1): 463/540 kB
Progress (1): 467/540 kB
Progress (1): 471/540 kB
Progress (1): 475/540 kB
Progress (1): 479/540 kB
Progress (1): 483/540 kB
Progress (1): 487/540 kB
Progress (1): 492/540 kB
Progress (1): 496/540 kB
Progress (1): 500/540 kB
Progress (1): 504/540 kB
Progress (1): 508/540 kB
Progress (1): 512/540 kB
Progress (1): 516/540 kB
Progress (1): 520/540 kB
Progress (1): 524/540 kB
Progress (1): 528/540 kB
Progress (1): 532/540 kB
Progress (1): 537/540 kB
Progress (1): 540 kB    
                    
Downloaded from central: https://repo.maven.apache.org/maven2/org/easymock/easymock/3.5.1/easymock-3.5.1.jar (540 kB at 7.4 MB/s)
Progress (1): 1.4/502 kB
Progress (1): 2.7/502 kB
Progress (1): 4.1/502 kB
Progress (1): 5.5/502 kB
Progress (1): 6.9/502 kB
Progress (1): 8.2/502 kB
Progress (1): 9.6/502 kB
Progress (1): 11/502 kB 
Progress (1): 12/502 kB
Progress (1): 14/502 kB
Progress (1): 15/502 kB
Progress (1): 16/502 kB
Progress (1): 18/502 kB
Progress (1): 19/502 kB
Progress (1): 21/502 kB
Progress (1): 22/502 kB
Progress (1): 23/502 kB
Progress (1): 25/502 kB
Progress (1): 26/502 kB
Progress (1): 27/502 kB
Progress (1): 29/502 kB
Progress (1): 30/502 kB
Progress (1): 32/502 kB
Progress (1): 33/502 kB
Progress (1): 34/502 kB
Progress (1): 36/502 kB
Progress (1): 37/502 kB
Progress (1): 38/502 kB
Progress (1): 40/502 kB
Progress (1): 41/502 kB
Progress (1): 43/502 kB
Progress (1): 44/502 kB
Progress (1): 45/502 kB
Progress (1): 47/502 kB
Progress (1): 48/502 kB
Progress (1): 49/502 kB
Progress (1): 51/502 kB
Progress (1): 52/502 kB
Progress (1): 53/502 kB
Progress (1): 55/502 kB
Progress (1): 56/502 kB
Progress (1): 58/502 kB
Progress (1): 59/502 kB
Progress (1): 60/502 kB
Progress (1): 62/502 kB
Progress (1): 63/502 kB
Progress (1): 64/502 kB
Progress (1): 66/502 kB
Progress (1): 67/502 kB
Progress (1): 69/502 kB
Progress (1): 70/502 kB
Progress (1): 71/502 kB
Progress (1): 73/502 kB
Progress (1): 74/502 kB
Progress (1): 75/502 kB
Progress (1): 77/502 kB
Progress (1): 78/502 kB
Progress (1): 80/502 kB
Progress (1): 81/502 kB
Progress (1): 82/502 kB
Progress (1): 84/502 kB
Progress (1): 85/502 kB
Progress (1): 86/502 kB
Progress (1): 88/502 kB
Progress (1): 89/502 kB
Progress (1): 90/502 kB
Progress (1): 92/502 kB
Progress (1): 93/502 kB
Progress (1): 95/502 kB
Progress (1): 96/502 kB
Progress (1): 97/502 kB
Progress (1): 99/502 kB
Progress (1): 100/502 kB
Progress (1): 101/502 kB
Progress (1): 103/502 kB
Progress (1): 104/502 kB
Progress (1): 106/502 kB
Progress (1): 107/502 kB
Progress (1): 108/502 kB
Progress (1): 110/502 kB
Progress (1): 111/502 kB
Progress (1): 112/502 kB
Progress (1): 114/502 kB
Progress (1): 115/502 kB
Progress (1): 117/502 kB
Progress (1): 118/502 kB
Progress (1): 119/502 kB
Progress (1): 121/502 kB
Progress (1): 122/502 kB
Progress (1): 123/502 kB
Progress (1): 125/502 kB
Progress (1): 126/502 kB
Progress (1): 128/502 kB
Progress (1): 129/502 kB
Progress (1): 130/502 kB
Progress (1): 132/502 kB
Progress (1): 133/502 kB
Progress (1): 134/502 kB
Progress (1): 136/502 kB
Progress (1): 137/502 kB
Progress (1): 138/502 kB
Progress (1): 140/502 kB
Progress (1): 141/502 kB
Progress (1): 143/502 kB
Progress (1): 144/502 kB
Progress (1): 145/502 kB
Progress (1): 147/502 kB
Progress (1): 148/502 kB
Progress (1): 149/502 kB
Progress (1): 151/502 kB
Progress (1): 152/502 kB
Progress (1): 154/502 kB
Progress (1): 155/502 kB
Progress (1): 156/502 kB
Progress (1): 158/502 kB
Progress (1): 159/502 kB
Progress (1): 160/502 kB
Progress (1): 162/502 kB
Progress (1): 163/502 kB
Progress (1): 165/502 kB
Progress (1): 166/502 kB
Progress (1): 167/502 kB
Progress (1): 169/502 kB
Progress (1): 170/502 kB
Progress (1): 171/502 kB
Progress (1): 173/502 kB
Progress (1): 174/502 kB
Progress (1): 175/502 kB
Progress (1): 177/502 kB
Progress (1): 178/502 kB
Progress (1): 180/502 kB
Progress (1): 181/502 kB
Progress (1): 182/502 kB
Progress (1): 184/502 kB
Progress (1): 185/502 kB
Progress (1): 186/502 kB
Progress (1): 188/502 kB
Progress (1): 189/502 kB
Progress (1): 191/502 kB
Progress (1): 192/502 kB
Progress (1): 193/502 kB
Progress (1): 195/502 kB
Progress (1): 196/502 kB
Progress (1): 197/502 kB
Progress (1): 199/502 kB
Progress (1): 200/502 kB
Progress (1): 202/502 kB
Progress (1): 203/502 kB
Progress (1): 204/502 kB
Progress (1): 206/502 kB
Progress (1): 207/502 kB
Progress (1): 208/502 kB
Progress (1): 210/502 kB
Progress (1): 211/502 kB
Progress (1): 213/502 kB
Progress (1): 214/502 kB
Progress (1): 215/502 kB
Progress (1): 217/502 kB
Progress (1): 218/502 kB
Progress (1): 219/502 kB
Progress (1): 221/502 kB
Progress (1): 222/502 kB
Progress (1): 223/502 kB
Progress (1): 225/502 kB
Progress (1): 226/502 kB
Progress (1): 228/502 kB
Progress (1): 229/502 kB
Progress (1): 230/502 kB
Progress (1): 232/502 kB
Progress (1): 233/502 kB
Progress (1): 234/502 kB
Progress (1): 236/502 kB
Progress (1): 237/502 kB
Progress (1): 239/502 kB
Progress (1): 240/502 kB
Progress (1): 241/502 kB
Progress (1): 243/502 kB
Progress (1): 244/502 kB
Progress (1): 245/502 kB
Progress (1): 247/502 kB
Progress (1): 248/502 kB
Progress (1): 250/502 kB
Progress (1): 251/502 kB
Progress (1): 252/502 kB
Progress (1): 254/502 kB
Progress (1): 255/502 kB
Progress (1): 256/502 kB
Progress (1): 258/502 kB
Progress (1): 259/502 kB
Progress (1): 260/502 kB
Progress (1): 262/502 kB
Progress (1): 263/502 kB
Progress (1): 265/502 kB
Progress (1): 266/502 kB
Progress (1): 267/502 kB
Progress (1): 269/502 kB
Progress (1): 270/502 kB
Progress (1): 271/502 kB
Progress (1): 273/502 kB
Progress (1): 274/502 kB
Progress (1): 276/502 kB
Progress (1): 277/502 kB
Progress (1): 278/502 kB
Progress (1): 280/502 kB
Progress (1): 281/502 kB
Progress (1): 282/502 kB
Progress (1): 284/502 kB
Progress (1): 285/502 kB
Progress (1): 287/502 kB
Progress (1): 288/502 kB
Progress (1): 289/502 kB
Progress (1): 291/502 kB
Progress (1): 292/502 kB
Progress (1): 293/502 kB
Progress (1): 295/502 kB
Progress (1): 296/502 kB
Progress (1): 298/502 kB
Progress (1): 299/502 kB
Progress (1): 300/502 kB
Progress (1): 302/502 kB
Progress (1): 303/502 kB
Progress (1): 304/502 kB
Progress (1): 306/502 kB
Progress (1): 307/502 kB
Progress (1): 308/502 kB
Progress (1): 310/502 kB
Progress (1): 311/502 kB
Progress (1): 313/502 kB
Progress (1): 314/502 kB
Progress (1): 315/502 kB
Progress (1): 317/502 kB
Progress (1): 318/502 kB
Progress (1): 319/502 kB
Progress (1): 321/502 kB
Progress (1): 322/502 kB
Progress (1): 324/502 kB
Progress (1): 325/502 kB
Progress (1): 326/502 kB
Progress (1): 328/502 kB
Progress (1): 329/502 kB
Progress (1): 330/502 kB
Progress (1): 332/502 kB
Progress (1): 333/502 kB
Progress (1): 335/502 kB
Progress (1): 336/502 kB
Progress (1): 337/502 kB
Progress (1): 339/502 kB
Progress (1): 340/502 kB
Progress (1): 341/502 kB
Progress (1): 343/502 kB
Progress (1): 344/502 kB
Progress (1): 345/502 kB
Progress (1): 347/502 kB
Progress (1): 348/502 kB
Progress (1): 350/502 kB
Progress (1): 351/502 kB
Progress (1): 352/502 kB
Progress (1): 354/502 kB
Progress (1): 355/502 kB
Progress (1): 356/502 kB
Progress (1): 358/502 kB
Progress (1): 359/502 kB
Progress (1): 361/502 kB
Progress (1): 362/502 kB
Progress (1): 363/502 kB
Progress (1): 365/502 kB
Progress (1): 366/502 kB
Progress (1): 367/502 kB
Progress (1): 369/502 kB
Progress (1): 370/502 kB
Progress (1): 372/502 kB
Progress (1): 373/502 kB
Progress (1): 374/502 kB
Progress (1): 376/502 kB
Progress (1): 377/502 kB
Progress (1): 378/502 kB
Progress (1): 380/502 kB
Progress (1): 381/502 kB
Progress (1): 383/502 kB
Progress (1): 384/502 kB
Progress (1): 385/502 kB
Progress (1): 387/502 kB
Progress (1): 388/502 kB
Progress (1): 389/502 kB
Progress (1): 391/502 kB
Progress (1): 392/502 kB
Progress (1): 393/502 kB
Progress (1): 395/502 kB
Progress (1): 396/502 kB
Progress (1): 398/502 kB
Progress (1): 399/502 kB
Progress (1): 400/502 kB
Progress (1): 402/502 kB
Progress (1): 403/502 kB
Progress (1): 404/502 kB
Progress (1): 406/502 kB
Progress (1): 407/502 kB
Progress (1): 409/502 kB
Progress (1): 410/502 kB
Progress (1): 411/502 kB
Progress (1): 413/502 kB
Progress (1): 414/502 kB
Progress (1): 415/502 kB
Progress (1): 417/502 kB
Progress (1): 418/502 kB
Progress (1): 420/502 kB
Progress (1): 421/502 kB
Progress (1): 422/502 kB
Progress (1): 424/502 kB
Progress (1): 425/502 kB
Progress (1): 426/502 kB
Progress (1): 428/502 kB
Progress (1): 429/502 kB
Progress (1): 430/502 kB
Progress (1): 432/502 kB
Progress (1): 433/502 kB
Progress (1): 435/502 kB
Progress (1): 436/502 kB
Progress (1): 437/502 kB
Progress (1): 439/502 kB
Progress (1): 440/502 kB
Progress (1): 441/502 kB
Progress (1): 443/502 kB
Progress (1): 444/502 kB
Progress (1): 446/502 kB
Progress (1): 447/502 kB
Progress (1): 448/502 kB
Progress (1): 450/502 kB
Progress (1): 451/502 kB
Progress (1): 452/502 kB
Progress (1): 454/502 kB
Progress (1): 455/502 kB
Progress (1): 457/502 kB
Progress (1): 458/502 kB
Progress (1): 459/502 kB
Progress (1): 461/502 kB
Progress (1): 462/502 kB
Progress (1): 463/502 kB
Progress (1): 465/502 kB
Progress (1): 466/502 kB
Progress (1): 468/502 kB
Progress (1): 469/502 kB
Progress (1): 470/502 kB
Progress (1): 472/502 kB
Progress (1): 473/502 kB
Progress (1): 474/502 kB
Progress (1): 476/502 kB
Progress (1): 477/502 kB
Progress (1): 478/502 kB
Progress (1): 480/502 kB
Progress (1): 481/502 kB
Progress (1): 483/502 kB
Progress (1): 484/502 kB
Progress (1): 485/502 kB
Progress (1): 487/502 kB
Progress (1): 488/502 kB
Progress (1): 489/502 kB
Progress (1): 491/502 kB
Progress (1): 492/502 kB
Progress (1): 494/502 kB
Progress (1): 495/502 kB
Progress (1): 496/502 kB
Progress (1): 498/502 kB
Progress (1): 499/502 kB
Progress (1): 500/502 kB
Progress (1): 502/502 kB
Progress (1): 502 kB    
                    
Downloaded from central: https://repo.maven.apache.org/maven2/org/openjdk/jmh/jmh-core/1.19/jmh-core-1.19.jar (502 kB at 2.7 MB/s)
[INFO] 
[INFO] --- maven-clean-plugin:3.0.0:clean (default-clean) @ commons-lang3 ---
[INFO] Deleting ./commons-lang/target
[INFO] 
[INFO] --- maven-enforcer-plugin:3.0.0-M1:enforce (enforce-maven-version) @ commons-lang3 ---
[INFO] 
[INFO] --- maven-enforcer-plugin:3.0.0-M1:enforce (enforce-maven-3) @ commons-lang3 ---
[INFO] 
[INFO] --- build-helper-maven-plugin:3.0.0:parse-version (parse-version) @ commons-lang3 ---
[INFO] 
[INFO] --- maven-antrun-plugin:1.8:run (javadoc.resources) @ commons-lang3 ---
[INFO] Executing tasks

main:
     [copy] Copying 2 files to ./commons-lang/target/apidocs/META-INF
[INFO] Executed tasks
[INFO] 
[INFO] --- maven-remote-resources-plugin:1.5:process (process-resource-bundles) @ commons-lang3 ---
[INFO] 
[INFO] --- buildnumber-maven-plugin:1.4:create (default) @ commons-lang3 ---
[INFO] Executing: /bin/sh -c cd './commons-lang' && 'git' 'rev-parse' '--verify' 'HEAD'
[INFO] Working directory: ./commons-lang
[INFO] Storing buildNumber: f56931c176fef5e164b681c740746aebdccccec3 at timestamp: 1625598913483
[WARNING] Cannot get the branch information from the git repository: 
Detecting the current branch failed: fatal: ref HEAD is not a symbolic ref

[INFO] Executing: /bin/sh -c cd './commons-lang' && 'git' 'rev-parse' '--verify' 'HEAD'
[INFO] Working directory: ./commons-lang
[INFO] Storing buildScmBranch: UNKNOWN
[INFO] 
[INFO] --- maven-resources-plugin:3.0.2:resources (default-resources) @ commons-lang3 ---
[INFO] Using 'ISO-8859-1' encoding to copy filtered resources.
[INFO] skip non existing resourceDirectory ./commons-lang/src/main/resources
[INFO] Copying 2 resources to META-INF
[INFO] 
[INFO] --- maven-compiler-plugin:3.7.0:compile (default-compile) @ commons-lang3 ---
[INFO] Changes detected - recompiling the module!
[INFO] Compiling 153 source files to ./commons-lang/target/classes
[INFO] ./commons-lang/src/main/java/org/apache/commons/lang3/ObjectUtils.java: Some input files use or override a deprecated API.
[INFO] ./commons-lang/src/main/java/org/apache/commons/lang3/ObjectUtils.java: Recompile with -Xlint:deprecation for details.
[INFO] ./commons-lang/src/main/java/org/apache/commons/lang3/text/StrBuilder.java: Some input files use unchecked or unsafe operations.
[INFO] ./commons-lang/src/main/java/org/apache/commons/lang3/text/StrBuilder.java: Recompile with -Xlint:unchecked for details.
[INFO] 
[INFO] --- maven-bundle-plugin:3.5.0:manifest (bundle-manifest) @ commons-lang3 ---
[INFO] 
[INFO] --- animal-sniffer-maven-plugin:1.16:check (checkAPIcompatibility) @ commons-lang3 ---
[INFO] Checking unresolved references to org.codehaus.mojo.signature:java17:1.0
[INFO] 
[INFO] --- maven-resources-plugin:3.0.2:testResources (default-testResources) @ commons-lang3 ---
[INFO] Using 'ISO-8859-1' encoding to copy filtered resources.
[INFO] Copying 2 resources
[INFO] Copying 2 resources to META-INF
[INFO] 
[INFO] --- maven-compiler-plugin:3.7.0:testCompile (default-testCompile) @ commons-lang3 ---
[INFO] Changes detected - recompiling the module!
[INFO] Compiling 174 source files to ./commons-lang/target/test-classes
[INFO] ./commons-lang/src/test/java/org/apache/commons/lang3/ObjectUtilsTest.java: Some input files use or override a deprecated API.
[INFO] ./commons-lang/src/test/java/org/apache/commons/lang3/ObjectUtilsTest.java: Recompile with -Xlint:deprecation for details.
[INFO] ./commons-lang/src/test/java/org/apache/commons/lang3/EnumUtilsTest.java: ./commons-lang/src/test/java/org/apache/commons/lang3/EnumUtilsTest.java uses unchecked or unsafe operations.
[INFO] ./commons-lang/src/test/java/org/apache/commons/lang3/EnumUtilsTest.java: Recompile with -Xlint:unchecked for details.
[INFO] 
[INFO] --- maven-surefire-plugin:2.21.0:test (default-test) @ commons-lang3 ---
Downloading from central: https://repo.maven.apache.org/maven2/org/apache/maven/surefire/maven-surefire-common/2.21.0/maven-surefire-common-2.21.0.pom
Progress (1): 4.1/11 kB
Progress (1): 8.2/11 kB
Progress (1): 11 kB    
                   
Downloaded from central: https://repo.maven.apache.org/maven2/org/apache/maven/surefire/maven-surefire-common/2.21.0/maven-surefire-common-2.21.0.pom (11 kB at 598 kB/s)
Downloading from central: https://repo.maven.apache.org/maven2/org/apache/maven/surefire/surefire-api/2.21.0/surefire-api-2.21.0.pom
Progress (1): 3.5 kB
                    
Downloaded from central: https://repo.maven.apache.org/maven2/org/apache/maven/surefire/surefire-api/2.21.0/surefire-api-2.21.0.pom (3.5 kB at 197 kB/s)
Downloading from central: https://repo.maven.apache.org/maven2/org/apache/maven/surefire/surefire-logger-api/2.21.0/surefire-logger-api-2.21.0.pom
Progress (1): 2.0 kB
                    
Downloaded from central: https://repo.maven.apache.org/maven2/org/apache/maven/surefire/surefire-logger-api/2.21.0/surefire-logger-api-2.21.0.pom (2.0 kB at 118 kB/s)
Downloading from central: https://repo.maven.apache.org/maven2/org/apache/maven/surefire/surefire-booter/2.21.0/surefire-booter-2.21.0.pom
Progress (1): 4.1/7.4 kB
Progress (1): 7.4 kB    
                    
Downloaded from central: https://repo.maven.apache.org/maven2/org/apache/maven/surefire/surefire-booter/2.21.0/surefire-booter-2.21.0.pom (7.4 kB at 433 kB/s)
Downloading from central: https://repo.maven.apache.org/maven2/org/codehaus/plexus/plexus-java/0.9.3/plexus-java-0.9.3.pom
Progress (1): 2.4 kB
                    
Downloaded from central: https://repo.maven.apache.org/maven2/org/codehaus/plexus/plexus-java/0.9.3/plexus-java-0.9.3.pom (2.4 kB at 157 kB/s)
Downloading from central: https://repo.maven.apache.org/maven2/org/codehaus/plexus/plexus-languages/0.9.3/plexus-languages-0.9.3.pom
Progress (1): 2.2 kB
                    
Downloaded from central: https://repo.maven.apache.org/maven2/org/codehaus/plexus/plexus-languages/0.9.3/plexus-languages-0.9.3.pom (2.2 kB at 79 kB/s)
Downloading from central: https://repo.maven.apache.org/maven2/org/apache/maven/surefire/maven-surefire-common/2.21.0/maven-surefire-common-2.21.0.jar
Downloading from central: https://repo.maven.apache.org/maven2/org/apache/maven/surefire/surefire-api/2.21.0/surefire-api-2.21.0.jar
Downloading from central: https://repo.maven.apache.org/maven2/org/apache/maven/surefire/surefire-logger-api/2.21.0/surefire-logger-api-2.21.0.jar
Downloading from central: https://repo.maven.apache.org/maven2/org/apache/maven/surefire/surefire-booter/2.21.0/surefire-booter-2.21.0.jar
Downloading from central: https://repo.maven.apache.org/maven2/org/codehaus/plexus/plexus-java/0.9.3/plexus-java-0.9.3.jar
Progress (1): 4.1/185 kB
Progress (1): 8.2/185 kB
Progress (1): 12/185 kB 
Progress (1): 16/185 kB
Progress (1): 20/185 kB
Progress (1): 25/185 kB
Progress (1): 29/185 kB
Progress (1): 33/185 kB
Progress (1): 37/185 kB
Progress (1): 41/185 kB
Progress (1): 45/185 kB
Progress (1): 49/185 kB
Progress (1): 53/185 kB
Progress (1): 57/185 kB
Progress (1): 61/185 kB
Progress (1): 66/185 kB
Progress (2): 66/185 kB | 1.4/273 kB
Progress (2): 66/185 kB | 2.7/273 kB
Progress (2): 66/185 kB | 4.1/273 kB
Progress (2): 66/185 kB | 5.5/273 kB
Progress (2): 66/185 kB | 6.9/273 kB
Progress (2): 66/185 kB | 8.2/273 kB
Progress (2): 66/185 kB | 9.6/273 kB
Progress (2): 66/185 kB | 11/273 kB 
Progress (2): 66/185 kB | 12/273 kB
Progress (2): 66/185 kB | 14/273 kB
Progress (2): 66/185 kB | 15/273 kB
Progress (2): 66/185 kB | 16/273 kB
Progress (2): 66/185 kB | 18/273 kB
Progress (2): 66/185 kB | 19/273 kB
Progress (2): 66/185 kB | 21/273 kB
Progress (2): 66/185 kB | 22/273 kB
Progress (2): 66/185 kB | 23/273 kB
Progress (2): 66/185 kB | 25/273 kB
Progress (2): 66/185 kB | 26/273 kB
Progress (2): 66/185 kB | 27/273 kB
Progress (2): 66/185 kB | 29/273 kB
Progress (2): 66/185 kB | 30/273 kB
Progress (2): 66/185 kB | 32/273 kB
Progress (2): 66/185 kB | 33/273 kB
Progress (2): 70/185 kB | 33/273 kB
Progress (2): 74/185 kB | 33/273 kB
Progress (2): 78/185 kB | 33/273 kB
Progress (2): 82/185 kB | 33/273 kB
Progress (2): 86/185 kB | 33/273 kB
Progress (2): 90/185 kB | 33/273 kB
Progress (2): 94/185 kB | 33/273 kB
Progress (2): 98/185 kB | 33/273 kB
Progress (2): 102/185 kB | 33/273 kB
Progress (2): 106/185 kB | 33/273 kB
Progress (2): 111/185 kB | 33/273 kB
Progress (2): 115/185 kB | 33/273 kB
Progress (2): 119/185 kB | 33/273 kB
Progress (2): 123/185 kB | 33/273 kB
Progress (2): 127/185 kB | 33/273 kB
Progress (2): 131/185 kB | 33/273 kB
Progress (2): 135/185 kB | 33/273 kB
Progress (2): 139/185 kB | 33/273 kB
Progress (2): 143/185 kB | 33/273 kB
Progress (2): 147/185 kB | 33/273 kB
Progress (2): 152/185 kB | 33/273 kB
Progress (2): 156/185 kB | 33/273 kB
Progress (2): 160/185 kB | 33/273 kB
Progress (2): 164/185 kB | 33/273 kB
Progress (2): 168/185 kB | 33/273 kB
Progress (2): 172/185 kB | 33/273 kB
Progress (2): 176/185 kB | 33/273 kB
Progress (2): 180/185 kB | 33/273 kB
Progress (2): 184/185 kB | 33/273 kB
Progress (3): 184/185 kB | 33/273 kB | 4.1/521 kB
Progress (3): 184/185 kB | 34/273 kB | 4.1/521 kB
Progress (3): 184/185 kB | 34/273 kB | 8.2/521 kB
Progress (3): 185 kB | 34/273 kB | 8.2/521 kB    
Progress (3): 185 kB | 34/273 kB | 12/521 kB 
Progress (3): 185 kB | 34/273 kB | 16/521 kB
Progress (3): 185 kB | 34/273 kB | 20/521 kB
Progress (3): 185 kB | 34/273 kB | 25/521 kB
Progress (3): 185 kB | 34/273 kB | 29/521 kB
Progress (3): 185 kB | 36/273 kB | 29/521 kB
Progress (3): 185 kB | 37/273 kB | 29/521 kB
Progress (3): 185 kB | 37/273 kB | 33/521 kB
Progress (3): 185 kB | 38/273 kB | 33/521 kB
Progress (3): 185 kB | 40/273 kB | 33/521 kB
Progress (3): 185 kB | 41/273 kB | 33/521 kB
Progress (3): 185 kB | 41/273 kB | 37/521 kB
Progress (3): 185 kB | 41/273 kB | 41/521 kB
Progress (3): 185 kB | 41/273 kB | 45/521 kB
Progress (3): 185 kB | 41/273 kB | 49/521 kB
Progress (3): 185 kB | 43/273 kB | 49/521 kB
Progress (3): 185 kB | 44/273 kB | 49/521 kB
Progress (3): 185 kB | 45/273 kB | 49/521 kB
Progress (3): 185 kB | 47/273 kB | 49/521 kB
Progress (3): 185 kB | 47/273 kB | 53/521 kB
Progress (3): 185 kB | 48/273 kB | 53/521 kB
Progress (3): 185 kB | 49/273 kB | 53/521 kB
Progress (3): 185 kB | 49/273 kB | 57/521 kB
Progress (3): 185 kB | 51/273 kB | 57/521 kB
Progress (3): 185 kB | 51/273 kB | 61/521 kB
Progress (3): 185 kB | 52/273 kB | 61/521 kB
Progress (3): 185 kB | 53/273 kB | 61/521 kB
Progress (3): 185 kB | 53/273 kB | 66/521 kB
Progress (3): 185 kB | 55/273 kB | 66/521 kB
Progress (3): 185 kB | 56/273 kB | 66/521 kB
Progress (3): 185 kB | 58/273 kB | 66/521 kB
Progress (3): 185 kB | 59/273 kB | 66/521 kB
Progress (3): 185 kB | 60/273 kB | 66/521 kB
Progress (3): 185 kB | 62/273 kB | 66/521 kB
Progress (3): 185 kB | 63/273 kB | 66/521 kB
Progress (3): 185 kB | 64/273 kB | 66/521 kB
Progress (3): 185 kB | 66/273 kB | 66/521 kB
Progress (3): 185 kB | 67/273 kB | 66/521 kB
Progress (3): 185 kB | 69/273 kB | 66/521 kB
Progress (3): 185 kB | 69/273 kB | 70/521 kB
Progress (3): 185 kB | 70/273 kB | 70/521 kB
Progress (3): 185 kB | 71/273 kB | 70/521 kB
Progress (3): 185 kB | 71/273 kB | 74/521 kB
Progress (3): 185 kB | 73/273 kB | 74/521 kB
Progress (3): 185 kB | 74/273 kB | 74/521 kB
Progress (3): 185 kB | 74/273 kB | 78/521 kB
Progress (3): 185 kB | 75/273 kB | 78/521 kB
Progress (3): 185 kB | 77/273 kB | 78/521 kB
Progress (3): 185 kB | 77/273 kB | 82/521 kB
Progress (3): 185 kB | 78/273 kB | 82/521 kB
Progress (3): 185 kB | 80/273 kB | 82/521 kB
Progress (3): 185 kB | 81/273 kB | 82/521 kB
Progress (3): 185 kB | 82/273 kB | 82/521 kB
Progress (3): 185 kB | 84/273 kB | 82/521 kB
Progress (3): 185 kB | 85/273 kB | 82/521 kB
Progress (3): 185 kB | 86/273 kB | 82/521 kB
Progress (3): 185 kB | 88/273 kB | 82/521 kB
Progress (3): 185 kB | 88/273 kB | 86/521 kB
Progress (3): 185 kB | 89/273 kB | 86/521 kB
Progress (3): 185 kB | 89/273 kB | 90/521 kB
Progress (3): 185 kB | 90/273 kB | 90/521 kB
Progress (3): 185 kB | 92/273 kB | 90/521 kB
Progress (3): 185 kB | 92/273 kB | 94/521 kB
Progress (3): 185 kB | 92/273 kB | 98/521 kB
Progress (3): 185 kB | 92/273 kB | 102/521 kB
Progress (3): 185 kB | 92/273 kB | 106/521 kB
Progress (3): 185 kB | 93/273 kB | 106/521 kB
                                             
Downloaded from central: https://repo.maven.apache.org/maven2/org/apache/maven/surefire/surefire-api/2.21.0/surefire-api-2.21.0.jar (185 kB at 6.0 MB/s)
Progress (2): 95/273 kB | 106/521 kB
Progress (2): 96/273 kB | 106/521 kB
Progress (2): 97/273 kB | 106/521 kB
Progress (2): 99/273 kB | 106/521 kB
Progress (2): 100/273 kB | 106/521 kB
Progress (2): 101/273 kB | 106/521 kB
Progress (2): 103/273 kB | 106/521 kB
Progress (2): 104/273 kB | 106/521 kB
Progress (2): 106/273 kB | 106/521 kB
Progress (2): 107/273 kB | 106/521 kB
Progress (2): 108/273 kB | 106/521 kB
Progress (2): 110/273 kB | 106/521 kB
Progress (2): 111/273 kB | 106/521 kB
Progress (2): 112/273 kB | 106/521 kB
Progress (2): 114/273 kB | 106/521 kB
Progress (2): 115/273 kB | 106/521 kB
Progress (2): 117/273 kB | 106/521 kB
Progress (2): 118/273 kB | 106/521 kB
Progress (2): 119/273 kB | 106/521 kB
Progress (2): 121/273 kB | 106/521 kB
Progress (2): 122/273 kB | 106/521 kB
Progress (2): 123/273 kB | 106/521 kB
Progress (2): 125/273 kB | 106/521 kB
Progress (2): 126/273 kB | 106/521 kB
Progress (2): 128/273 kB | 106/521 kB
Progress (2): 129/273 kB | 106/521 kB
Progress (2): 130/273 kB | 106/521 kB
Progress (2): 132/273 kB | 106/521 kB
Progress (2): 133/273 kB | 106/521 kB
Progress (2): 134/273 kB | 106/521 kB
Progress (2): 136/273 kB | 106/521 kB
Progress (2): 137/273 kB | 106/521 kB
Progress (2): 138/273 kB | 106/521 kB
Progress (2): 140/273 kB | 106/521 kB
Progress (2): 141/273 kB | 106/521 kB
Progress (2): 141/273 kB | 111/521 kB
Progress (2): 143/273 kB | 111/521 kB
Progress (2): 143/273 kB | 115/521 kB
Progress (2): 144/273 kB | 115/521 kB
Progress (2): 144/273 kB | 119/521 kB
Progress (2): 145/273 kB | 119/521 kB
Progress (2): 147/273 kB | 119/521 kB
Progress (2): 148/273 kB | 119/521 kB
Progress (2): 149/273 kB | 119/521 kB
Progress (2): 149/273 kB | 123/521 kB
Progress (2): 151/273 kB | 123/521 kB
Progress (2): 151/273 kB | 127/521 kB
Progress (2): 152/273 kB | 127/521 kB
Progress (3): 152/273 kB | 127/521 kB | 1.4/32 kB
Progress (3): 152/273 kB | 127/521 kB | 2.7/32 kB
Progress (3): 152/273 kB | 127/521 kB | 4.1/32 kB
Progress (3): 152/273 kB | 127/521 kB | 5.5/32 kB
Progress (3): 152/273 kB | 127/521 kB | 6.9/32 kB
Progress (3): 152/273 kB | 127/521 kB | 8.2/32 kB
Progress (3): 152/273 kB | 127/521 kB | 9.6/32 kB
Progress (3): 152/273 kB | 127/521 kB | 11/32 kB 
Progress (3): 152/273 kB | 127/521 kB | 12/32 kB
Progress (3): 152/273 kB | 127/521 kB | 14/32 kB
Progress (3): 152/273 kB | 127/521 kB | 15/32 kB
Progress (3): 152/273 kB | 127/521 kB | 16/32 kB
Progress (3): 152/273 kB | 131/521 kB | 16/32 kB
Progress (3): 154/273 kB | 131/521 kB | 16/32 kB
Progress (4): 154/273 kB | 131/521 kB | 16/32 kB | 1.4/13 kB
Progress (4): 154/273 kB | 131/521 kB | 16/32 kB | 2.7/13 kB
Progress (4): 154/273 kB | 131/521 kB | 16/32 kB | 4.1/13 kB
Progress (4): 154/273 kB | 131/521 kB | 16/32 kB | 5.5/13 kB
Progress (4): 154/273 kB | 131/521 kB | 16/32 kB | 6.9/13 kB
Progress (4): 154/273 kB | 131/521 kB | 16/32 kB | 8.2/13 kB
Progress (4): 154/273 kB | 131/521 kB | 16/32 kB | 9.6/13 kB
Progress (4): 154/273 kB | 131/521 kB | 16/32 kB | 11/13 kB 
Progress (4): 154/273 kB | 131/521 kB | 16/32 kB | 12/13 kB
Progress (4): 154/273 kB | 131/521 kB | 18/32 kB | 12/13 kB
Progress (4): 154/273 kB | 131/521 kB | 18/32 kB | 13 kB   
Progress (4): 155/273 kB | 131/521 kB | 18/32 kB | 13 kB
Progress (4): 156/273 kB | 131/521 kB | 18/32 kB | 13 kB
Progress (4): 156/273 kB | 131/521 kB | 19/32 kB | 13 kB
Progress (4): 158/273 kB | 131/521 kB | 19/32 kB | 13 kB
Progress (4): 158/273 kB | 131/521 kB | 21/32 kB | 13 kB
Progress (4): 159/273 kB | 131/521 kB | 21/32 kB | 13 kB
Progress (4): 159/273 kB | 131/521 kB | 22/32 kB | 13 kB
Progress (4): 159/273 kB | 135/521 kB | 22/32 kB | 13 kB
Progress (4): 159/273 kB | 139/521 kB | 22/32 kB | 13 kB
Progress (4): 159/273 kB | 139/521 kB | 23/32 kB | 13 kB
Progress (4): 160/273 kB | 139/521 kB | 23/32 kB | 13 kB
Progress (4): 160/273 kB | 139/521 kB | 25/32 kB | 13 kB
Progress (4): 162/273 kB | 139/521 kB | 25/32 kB | 13 kB
Progress (4): 162/273 kB | 143/521 kB | 25/32 kB | 13 kB
Progress (4): 163/273 kB | 143/521 kB | 25/32 kB | 13 kB
Progress (4): 163/273 kB | 143/521 kB | 26/32 kB | 13 kB
Progress (4): 163/273 kB | 147/521 kB | 26/32 kB | 13 kB
Progress (4): 163/273 kB | 152/521 kB | 26/32 kB | 13 kB
Progress (4): 165/273 kB | 152/521 kB | 26/32 kB | 13 kB
Progress (4): 165/273 kB | 152/521 kB | 27/32 kB | 13 kB
Progress (4): 165/273 kB | 152/521 kB | 29/32 kB | 13 kB
Progress (4): 166/273 kB | 152/521 kB | 29/32 kB | 13 kB
Progress (4): 167/273 kB | 152/521 kB | 29/32 kB | 13 kB
Progress (4): 167/273 kB | 152/521 kB | 30/32 kB | 13 kB
Progress (4): 169/273 kB | 152/521 kB | 30/32 kB | 13 kB
Progress (4): 169/273 kB | 152/521 kB | 32/32 kB | 13 kB
Progress (4): 169/273 kB | 156/521 kB | 32/32 kB | 13 kB
Progress (4): 170/273 kB | 156/521 kB | 32/32 kB | 13 kB
Progress (4): 170/273 kB | 156/521 kB | 32 kB | 13 kB   
Progress (4): 171/273 kB | 156/521 kB | 32 kB | 13 kB
Progress (4): 171/273 kB | 160/521 kB | 32 kB | 13 kB
Progress (4): 171/273 kB | 164/521 kB | 32 kB | 13 kB
Progress (4): 173/273 kB | 164/521 kB | 32 kB | 13 kB
Progress (4): 174/273 kB | 164/521 kB | 32 kB | 13 kB
Progress (4): 175/273 kB | 164/521 kB | 32 kB | 13 kB
Progress (4): 177/273 kB | 164/521 kB | 32 kB | 13 kB
Progress (4): 178/273 kB | 164/521 kB | 32 kB | 13 kB
Progress (4): 180/273 kB | 164/521 kB | 32 kB | 13 kB
Progress (4): 180/273 kB | 168/521 kB | 32 kB | 13 kB
Progress (4): 180/273 kB | 172/521 kB | 32 kB | 13 kB
Progress (4): 181/273 kB | 172/521 kB | 32 kB | 13 kB
Progress (4): 181/273 kB | 176/521 kB | 32 kB | 13 kB
Progress (4): 182/273 kB | 176/521 kB | 32 kB | 13 kB
Progress (4): 184/273 kB | 176/521 kB | 32 kB | 13 kB
Progress (4): 184/273 kB | 180/521 kB | 32 kB | 13 kB
Progress (4): 185/273 kB | 180/521 kB | 32 kB | 13 kB
Progress (4): 185/273 kB | 184/521 kB | 32 kB | 13 kB
Progress (4): 186/273 kB | 184/521 kB | 32 kB | 13 kB
Progress (4): 188/273 kB | 184/521 kB | 32 kB | 13 kB
Progress (4): 189/273 kB | 184/521 kB | 32 kB | 13 kB
Progress (4): 191/273 kB | 184/521 kB | 32 kB | 13 kB
Progress (4): 192/273 kB | 184/521 kB | 32 kB | 13 kB
Progress (4): 192/273 kB | 188/521 kB | 32 kB | 13 kB
Progress (4): 193/273 kB | 188/521 kB | 32 kB | 13 kB
Progress (4): 193/273 kB | 193/521 kB | 32 kB | 13 kB
Progress (4): 193/273 kB | 197/521 kB | 32 kB | 13 kB
Progress (4): 195/273 kB | 197/521 kB | 32 kB | 13 kB
Progress (4): 195/273 kB | 201/521 kB | 32 kB | 13 kB
Progress (4): 196/273 kB | 201/521 kB | 32 kB | 13 kB
Progress (4): 197/273 kB | 201/521 kB | 32 kB | 13 kB
Progress (4): 199/273 kB | 201/521 kB | 32 kB | 13 kB
Progress (4): 200/273 kB | 201/521 kB | 32 kB | 13 kB
Progress (4): 202/273 kB | 201/521 kB | 32 kB | 13 kB
Progress (4): 202/273 kB | 205/521 kB | 32 kB | 13 kB
Progress (4): 202/273 kB | 209/521 kB | 32 kB | 13 kB
Progress (4): 203/273 kB | 209/521 kB | 32 kB | 13 kB
Progress (4): 203/273 kB | 213/521 kB | 32 kB | 13 kB
Progress (4): 204/273 kB | 213/521 kB | 32 kB | 13 kB
Progress (4): 204/273 kB | 217/521 kB | 32 kB | 13 kB
Progress (4): 204/273 kB | 221/521 kB | 32 kB | 13 kB
Progress (4): 206/273 kB | 221/521 kB | 32 kB | 13 kB
Progress (4): 207/273 kB | 221/521 kB | 32 kB | 13 kB
Progress (4): 208/273 kB | 221/521 kB | 32 kB | 13 kB
Progress (4): 210/273 kB | 221/521 kB | 32 kB | 13 kB
Progress (4): 211/273 kB | 221/521 kB | 32 kB | 13 kB
Progress (4): 213/273 kB | 221/521 kB | 32 kB | 13 kB
Progress (4): 213/273 kB | 225/521 kB | 32 kB | 13 kB
Progress (4): 214/273 kB | 225/521 kB | 32 kB | 13 kB
Progress (4): 214/273 kB | 229/521 kB | 32 kB | 13 kB
Progress (4): 215/273 kB | 229/521 kB | 32 kB | 13 kB
Progress (4): 215/273 kB | 233/521 kB | 32 kB | 13 kB
Progress (4): 217/273 kB | 233/521 kB | 32 kB | 13 kB
Progress (4): 218/273 kB | 233/521 kB | 32 kB | 13 kB
Progress (4): 219/273 kB | 233/521 kB | 32 kB | 13 kB
Progress (4): 221/273 kB | 233/521 kB | 32 kB | 13 kB
Progress (4): 221/273 kB | 238/521 kB | 32 kB | 13 kB
Progress (4): 221/273 kB | 242/521 kB | 32 kB | 13 kB
Progress (4): 222/273 kB | 242/521 kB | 32 kB | 13 kB
Progress (4): 223/273 kB | 242/521 kB | 32 kB | 13 kB
Progress (4): 223/273 kB | 246/521 kB | 32 kB | 13 kB
                                                     
Downloaded from central: https://repo.maven.apache.org/maven2/org/codehaus/plexus/plexus-java/0.9.3/plexus-java-0.9.3.jar (32 kB at 634 kB/s)
Downloaded from central: https://repo.maven.apache.org/maven2/org/apache/maven/surefire/surefire-logger-api/2.21.0/surefire-logger-api-2.21.0.jar (13 kB at 220 kB/s)
Progress (2): 223/273 kB | 250/521 kB
Progress (2): 223/273 kB | 254/521 kB
Progress (2): 225/273 kB | 254/521 kB
Progress (2): 226/273 kB | 254/521 kB
Progress (2): 228/273 kB | 254/521 kB
Progress (2): 229/273 kB | 254/521 kB
Progress (2): 230/273 kB | 254/521 kB
Progress (2): 232/273 kB | 254/521 kB
Progress (2): 232/273 kB | 258/521 kB
Progress (2): 232/273 kB | 262/521 kB
Progress (2): 233/273 kB | 262/521 kB
Progress (2): 234/273 kB | 262/521 kB
Progress (2): 234/273 kB | 266/521 kB
Progress (2): 236/273 kB | 266/521 kB
Progress (2): 237/273 kB | 266/521 kB
Progress (2): 239/273 kB | 266/521 kB
Progress (2): 240/273 kB | 266/521 kB
Progress (2): 240/273 kB | 270/521 kB
Progress (2): 241/273 kB | 270/521 kB
Progress (2): 241/273 kB | 274/521 kB
Progress (2): 243/273 kB | 274/521 kB
Progress (2): 243/273 kB | 279/521 kB
Progress (2): 244/273 kB | 279/521 kB
Progress (2): 244/273 kB | 283/521 kB
Progress (2): 245/273 kB | 283/521 kB
Progress (2): 247/273 kB | 283/521 kB
Progress (2): 248/273 kB | 283/521 kB
Progress (2): 250/273 kB | 283/521 kB
Progress (2): 250/273 kB | 287/521 kB
Progress (2): 251/273 kB | 287/521 kB
Progress (2): 251/273 kB | 291/521 kB
Progress (2): 252/273 kB | 291/521 kB
Progress (2): 252/273 kB | 295/521 kB
Progress (2): 254/273 kB | 295/521 kB
Progress (2): 255/273 kB | 295/521 kB
Progress (2): 255/273 kB | 299/521 kB
Progress (2): 256/273 kB | 299/521 kB
Progress (2): 258/273 kB | 299/521 kB
Progress (2): 259/273 kB | 299/521 kB
Progress (2): 260/273 kB | 299/521 kB
Progress (2): 262/273 kB | 299/521 kB
Progress (2): 262/273 kB | 303/521 kB
Progress (2): 262/273 kB | 307/521 kB
Progress (2): 263/273 kB | 307/521 kB
Progress (2): 263/273 kB | 311/521 kB
Progress (2): 265/273 kB | 311/521 kB
Progress (2): 265/273 kB | 315/521 kB
Progress (2): 266/273 kB | 315/521 kB
Progress (2): 267/273 kB | 315/521 kB
Progress (2): 269/273 kB | 315/521 kB
Progress (2): 270/273 kB | 315/521 kB
Progress (2): 271/273 kB | 315/521 kB
Progress (2): 271/273 kB | 319/521 kB
Progress (2): 271/273 kB | 324/521 kB
Progress (2): 271/273 kB | 328/521 kB
Progress (2): 273 kB | 328/521 kB    
Progress (2): 273 kB | 328/521 kB
Progress (2): 273 kB | 332/521 kB
Progress (2): 273 kB | 337/521 kB
Progress (2): 273 kB | 341/521 kB
Progress (2): 273 kB | 345/521 kB
Progress (2): 273 kB | 349/521 kB
Progress (2): 273 kB | 353/521 kB
Progress (2): 273 kB | 357/521 kB
Progress (2): 273 kB | 361/521 kB
Progress (2): 273 kB | 365/521 kB
Progress (2): 273 kB | 369/521 kB
Progress (2): 273 kB | 373/521 kB
Progress (2): 273 kB | 378/521 kB
Progress (2): 273 kB | 382/521 kB
Progress (2): 273 kB | 386/521 kB
Progress (2): 273 kB | 390/521 kB
Progress (2): 273 kB | 394/521 kB
Progress (2): 273 kB | 398/521 kB
Progress (2): 273 kB | 402/521 kB
Progress (2): 273 kB | 406/521 kB
Progress (2): 273 kB | 410/521 kB
Progress (2): 273 kB | 414/521 kB
Progress (2): 273 kB | 418/521 kB
Progress (2): 273 kB | 423/521 kB
Progress (2): 273 kB | 427/521 kB
Progress (2): 273 kB | 431/521 kB
Progress (2): 273 kB | 435/521 kB
Progress (2): 273 kB | 439/521 kB
Progress (2): 273 kB | 443/521 kB
Progress (2): 273 kB | 447/521 kB
Progress (2): 273 kB | 451/521 kB
Progress (2): 273 kB | 455/521 kB
Progress (2): 273 kB | 459/521 kB
Progress (2): 273 kB | 464/521 kB
Progress (2): 273 kB | 468/521 kB
Progress (2): 273 kB | 472/521 kB
Progress (2): 273 kB | 476/521 kB
Progress (2): 273 kB | 480/521 kB
                                 
Downloaded from central: https://repo.maven.apache.org/maven2/org/apache/maven/surefire/surefire-booter/2.21.0/surefire-booter-2.21.0.jar (273 kB at 3.7 MB/s)
Progress (1): 484/521 kB
Progress (1): 488/521 kB
Progress (1): 492/521 kB
Progress (1): 496/521 kB
Progress (1): 500/521 kB
Progress (1): 504/521 kB
Progress (1): 509/521 kB
Progress (1): 513/521 kB
Progress (1): 517/521 kB
Progress (1): 521/521 kB
Progress (1): 521 kB    
                    
Downloaded from central: https://repo.maven.apache.org/maven2/org/apache/maven/surefire/maven-surefire-common/2.21.0/maven-surefire-common-2.21.0.jar (521 kB at 6.1 MB/s)
Downloading from central: https://repo.maven.apache.org/maven2/org/apache/maven/surefire/surefire-junit4/2.21.0/surefire-junit4-2.21.0.pom
Progress (1): 3.1 kB
                    
Downloaded from central: https://repo.maven.apache.org/maven2/org/apache/maven/surefire/surefire-junit4/2.21.0/surefire-junit4-2.21.0.pom (3.1 kB at 28 kB/s)
Downloading from central: https://repo.maven.apache.org/maven2/org/apache/maven/surefire/surefire-providers/2.21.0/surefire-providers-2.21.0.pom
Progress (1): 2.5 kB
                    
Downloaded from central: https://repo.maven.apache.org/maven2/org/apache/maven/surefire/surefire-providers/2.21.0/surefire-providers-2.21.0.pom (2.5 kB at 140 kB/s)
Downloading from central: https://repo.maven.apache.org/maven2/org/apache/maven/surefire/surefire-junit4/2.21.0/surefire-junit4-2.21.0.jar
Progress (1): 4.1/85 kB
Progress (1): 8.2/85 kB
Progress (1): 12/85 kB 
Progress (1): 16/85 kB
Progress (1): 20/85 kB
Progress (1): 25/85 kB
Progress (1): 29/85 kB
Progress (1): 33/85 kB
Progress (1): 37/85 kB
Progress (1): 41/85 kB
Progress (1): 45/85 kB
Progress (1): 49/85 kB
Progress (1): 53/85 kB
Progress (1): 57/85 kB
Progress (1): 61/85 kB
Progress (1): 66/85 kB
Progress (1): 70/85 kB
Progress (1): 74/85 kB
Progress (1): 78/85 kB
Progress (1): 82/85 kB
Progress (1): 85 kB   
                   
Downloaded from central: https://repo.maven.apache.org/maven2/org/apache/maven/surefire/surefire-junit4/2.21.0/surefire-junit4-2.21.0.jar (85 kB at 3.3 MB/s)
[INFO] 
[INFO] -------------------------------------------------------
[INFO]  T E S T S
[INFO] -------------------------------------------------------
[INFO] Running org.apache.commons.lang3.CharSetUtilsTest
[INFO] Tests run: 11, Failures: 0, Errors: 0, Skipped: 0, Time elapsed: 0.027 s - in org.apache.commons.lang3.CharSetUtilsTest
[INFO] Running org.apache.commons.lang3.concurrent.MultiBackgroundInitializerTest
[INFO] Tests run: 17, Failures: 0, Errors: 0, Skipped: 0, Time elapsed: 0.052 s - in org.apache.commons.lang3.concurrent.MultiBackgroundInitializerTest
[INFO] Running org.apache.commons.lang3.concurrent.CallableBackgroundInitializerTest
[INFO] Tests run: 4, Failures: 0, Errors: 0, Skipped: 0, Time elapsed: 0.004 s - in org.apache.commons.lang3.concurrent.CallableBackgroundInitializerTest
[INFO] Running org.apache.commons.lang3.concurrent.MemoizerTest
[INFO] Tests run: 6, Failures: 0, Errors: 0, Skipped: 0, Time elapsed: 0.018 s - in org.apache.commons.lang3.concurrent.MemoizerTest
[INFO] Running org.apache.commons.lang3.concurrent.BasicThreadFactoryTest
[INFO] Tests run: 15, Failures: 0, Errors: 0, Skipped: 0, Time elapsed: 0.007 s - in org.apache.commons.lang3.concurrent.BasicThreadFactoryTest
[INFO] Running org.apache.commons.lang3.concurrent.AtomicInitializerTest
[INFO] Tests run: 3, Failures: 0, Errors: 0, Skipped: 0, Time elapsed: 0.008 s - in org.apache.commons.lang3.concurrent.AtomicInitializerTest
[INFO] Running org.apache.commons.lang3.concurrent.EventCountCircuitBreakerTest
[INFO] Tests run: 18, Failures: 0, Errors: 0, Skipped: 0, Time elapsed: 0.042 s - in org.apache.commons.lang3.concurrent.EventCountCircuitBreakerTest
[INFO] Running org.apache.commons.lang3.concurrent.ConcurrentUtilsTest
[INFO] Tests run: 41, Failures: 0, Errors: 0, Skipped: 0, Time elapsed: 0.009 s - in org.apache.commons.lang3.concurrent.ConcurrentUtilsTest
[INFO] Running org.apache.commons.lang3.concurrent.LazyInitializerTest
[INFO] Tests run: 3, Failures: 0, Errors: 0, Skipped: 0, Time elapsed: 0.005 s - in org.apache.commons.lang3.concurrent.LazyInitializerTest
[INFO] Running org.apache.commons.lang3.concurrent.ConstantInitializerTest
[INFO] Tests run: 7, Failures: 0, Errors: 0, Skipped: 0, Time elapsed: 0.001 s - in org.apache.commons.lang3.concurrent.ConstantInitializerTest
[INFO] Running org.apache.commons.lang3.concurrent.AtomicSafeInitializerTest
[INFO] Tests run: 4, Failures: 0, Errors: 0, Skipped: 0, Time elapsed: 0.023 s - in org.apache.commons.lang3.concurrent.AtomicSafeInitializerTest
[INFO] Running org.apache.commons.lang3.concurrent.TimedSemaphoreTest
[INFO] Tests run: 17, Failures: 0, Errors: 0, Skipped: 0, Time elapsed: 1.184 s - in org.apache.commons.lang3.concurrent.TimedSemaphoreTest
[INFO] Running org.apache.commons.lang3.concurrent.ThresholdCircuitBreakerTest
[INFO] Tests run: 5, Failures: 0, Errors: 0, Skipped: 0, Time elapsed: 0.001 s - in org.apache.commons.lang3.concurrent.ThresholdCircuitBreakerTest
[INFO] Running org.apache.commons.lang3.concurrent.BackgroundInitializerTest
[INFO] Tests run: 15, Failures: 0, Errors: 0, Skipped: 0, Time elapsed: 0.015 s - in org.apache.commons.lang3.concurrent.BackgroundInitializerTest
[INFO] Running org.apache.commons.lang3.concurrent.CircuitBreakingExceptionTest
[INFO] Tests run: 7, Failures: 0, Errors: 0, Skipped: 0, Time elapsed: 0 s - in org.apache.commons.lang3.concurrent.CircuitBreakingExceptionTest
[INFO] Running org.apache.commons.lang3.StringUtilsEmptyBlankTest
[INFO] Tests run: 12, Failures: 0, Errors: 0, Skipped: 0, Time elapsed: 0.005 s - in org.apache.commons.lang3.StringUtilsEmptyBlankTest
[INFO] Running org.apache.commons.lang3.tuple.PairTest
[INFO] Tests run: 9, Failures: 0, Errors: 0, Skipped: 0, Time elapsed: 0.01 s - in org.apache.commons.lang3.tuple.PairTest
[INFO] Running org.apache.commons.lang3.tuple.TripleTest
[INFO] Tests run: 10, Failures: 0, Errors: 0, Skipped: 0, Time elapsed: 0.001 s - in org.apache.commons.lang3.tuple.TripleTest
[INFO] Running org.apache.commons.lang3.tuple.MutableTripleTest
[INFO] Tests run: 8, Failures: 0, Errors: 0, Skipped: 0, Time elapsed: 0.007 s - in org.apache.commons.lang3.tuple.MutableTripleTest
[INFO] Running org.apache.commons.lang3.tuple.ImmutableTripleTest
[INFO] Tests run: 12, Failures: 0, Errors: 0, Skipped: 0, Time elapsed: 0.002 s - in org.apache.commons.lang3.tuple.ImmutableTripleTest
[INFO] Running org.apache.commons.lang3.tuple.MutablePairTest
[INFO] Tests run: 8, Failures: 0, Errors: 0, Skipped: 0, Time elapsed: 0.002 s - in org.apache.commons.lang3.tuple.MutablePairTest
[INFO] Running org.apache.commons.lang3.tuple.ImmutablePairTest
[INFO] Tests run: 13, Failures: 0, Errors: 0, Skipped: 0, Time elapsed: 0.001 s - in org.apache.commons.lang3.tuple.ImmutablePairTest
[INFO] Running org.apache.commons.lang3.RangeTest
[INFO] Tests run: 24, Failures: 0, Errors: 0, Skipped: 0, Time elapsed: 0.006 s - in org.apache.commons.lang3.RangeTest
[INFO] Running org.apache.commons.lang3.StringUtilsIsTest
[INFO] Tests run: 8, Failures: 0, Errors: 0, Skipped: 0, Time elapsed: 0.002 s - in org.apache.commons.lang3.StringUtilsIsTest
[INFO] Running org.apache.commons.lang3.builder.NoFieldNamesToStringStyleTest
[INFO] Tests run: 8, Failures: 0, Errors: 0, Skipped: 0, Time elapsed: 0.009 s - in org.apache.commons.lang3.builder.NoFieldNamesToStringStyleTest
[INFO] Running org.apache.commons.lang3.builder.StandardToStringStyleTest
[INFO] Tests run: 8, Failures: 0, Errors: 0, Skipped: 0, Time elapsed: 0.002 s - in org.apache.commons.lang3.builder.StandardToStringStyleTest
[INFO] Running org.apache.commons.lang3.builder.HashCodeBuilderTest
[INFO] Tests run: 45, Failures: 0, Errors: 0, Skipped: 0, Time elapsed: 0.01 s - in org.apache.commons.lang3.builder.HashCodeBuilderTest
[INFO] Running org.apache.commons.lang3.builder.DiffResultTest
[INFO] Tests run: 9, Failures: 0, Errors: 0, Skipped: 0, Time elapsed: 0.01 s - in org.apache.commons.lang3.builder.DiffResultTest
[INFO] Running org.apache.commons.lang3.builder.MultilineRecursiveToStringStyleTest
[INFO] Tests run: 11, Failures: 0, Errors: 0, Skipped: 0, Time elapsed: 0.005 s - in org.apache.commons.lang3.builder.MultilineRecursiveToStringStyleTest
[INFO] Running org.apache.commons.lang3.builder.ToStringStyleTest
[INFO] Tests run: 12, Failures: 0, Errors: 0, Skipped: 0, Time elapsed: 0.001 s - in org.apache.commons.lang3.builder.ToStringStyleTest
[INFO] Running org.apache.commons.lang3.builder.SimpleToStringStyleTest
[INFO] Tests run: 8, Failures: 0, Errors: 0, Skipped: 0, Time elapsed: 0.001 s - in org.apache.commons.lang3.builder.SimpleToStringStyleTest
[INFO] Running org.apache.commons.lang3.builder.ReflectionToStringBuilderExcludeWithAnnotationTest
[INFO] Tests run: 1, Failures: 0, Errors: 0, Skipped: 0, Time elapsed: 0.004 s - in org.apache.commons.lang3.builder.ReflectionToStringBuilderExcludeWithAnnotationTest
[INFO] Running org.apache.commons.lang3.builder.DefaultToStringStyleTest
[INFO] Tests run: 8, Failures: 0, Errors: 0, Skipped: 0, Time elapsed: 0.001 s - in org.apache.commons.lang3.builder.DefaultToStringStyleTest
[INFO] Running org.apache.commons.lang3.builder.DiffBuilderTest
[INFO] Tests run: 31, Failures: 0, Errors: 0, Skipped: 0, Time elapsed: 0.021 s - in org.apache.commons.lang3.builder.DiffBuilderTest
[INFO] Running org.apache.commons.lang3.builder.ToStringStyleConcurrencyTest
[INFO] Tests run: 3, Failures: 0, Errors: 0, Skipped: 0, Time elapsed: 2.588 s - in org.apache.commons.lang3.builder.ToStringStyleConcurrencyTest
[INFO] Running org.apache.commons.lang3.builder.ShortPrefixToStringStyleTest
[INFO] Tests run: 8, Failures: 0, Errors: 0, Skipped: 0, Time elapsed: 0.002 s - in org.apache.commons.lang3.builder.ShortPrefixToStringStyleTest
[INFO] Running org.apache.commons.lang3.builder.JsonToStringStyleTest
[INFO] Tests run: 15, Failures: 0, Errors: 0, Skipped: 0, Time elapsed: 0.011 s - in org.apache.commons.lang3.builder.JsonToStringStyleTest
[INFO] Running org.apache.commons.lang3.builder.ToStringBuilderTest
[WARNING] Tests run: 94, Failures: 0, Errors: 0, Skipped: 1, Time elapsed: 0.017 s - in org.apache.commons.lang3.builder.ToStringBuilderTest
[INFO] Running org.apache.commons.lang3.builder.NoClassNameToStringStyleTest
[INFO] Tests run: 8, Failures: 0, Errors: 0, Skipped: 0, Time elapsed: 0 s - in org.apache.commons.lang3.builder.NoClassNameToStringStyleTest
[INFO] Running org.apache.commons.lang3.builder.HashCodeBuilderAndEqualsBuilderTest
[INFO] Tests run: 4, Failures: 0, Errors: 0, Skipped: 0, Time elapsed: 0.001 s - in org.apache.commons.lang3.builder.HashCodeBuilderAndEqualsBuilderTest
[INFO] Running org.apache.commons.lang3.builder.EqualsBuilderTest
[INFO] Tests run: 56, Failures: 0, Errors: 0, Skipped: 0, Time elapsed: 0.013 s - in org.apache.commons.lang3.builder.EqualsBuilderTest
[INFO] Running org.apache.commons.lang3.builder.RecursiveToStringStyleTest
[INFO] Tests run: 8, Failures: 0, Errors: 0, Skipped: 0, Time elapsed: 0 s - in org.apache.commons.lang3.builder.RecursiveToStringStyleTest
[INFO] Running org.apache.commons.lang3.builder.ReflectionToStringBuilderMutateInspectConcurrencyTest
[WARNING] Tests run: 1, Failures: 0, Errors: 0, Skipped: 1, Time elapsed: 0 s - in org.apache.commons.lang3.builder.ReflectionToStringBuilderMutateInspectConcurrencyTest
[INFO] Running org.apache.commons.lang3.builder.DiffTest
[INFO] Tests run: 4, Failures: 0, Errors: 0, Skipped: 0, Time elapsed: 0.001 s - in org.apache.commons.lang3.builder.DiffTest
[INFO] Running org.apache.commons.lang3.builder.ReflectionToStringBuilderTest
[INFO] Tests run: 1, Failures: 0, Errors: 0, Skipped: 0, Time elapsed: 0 s - in org.apache.commons.lang3.builder.ReflectionToStringBuilderTest
[INFO] Running org.apache.commons.lang3.builder.ReflectionToStringBuilderSummaryTest
[INFO] Tests run: 1, Failures: 0, Errors: 0, Skipped: 0, Time elapsed: 0 s - in org.apache.commons.lang3.builder.ReflectionToStringBuilderSummaryTest
[INFO] Running org.apache.commons.lang3.builder.ReflectionToStringBuilderExcludeNullValuesTest
[INFO] Tests run: 5, Failures: 0, Errors: 0, Skipped: 0, Time elapsed: 0.001 s - in org.apache.commons.lang3.builder.ReflectionToStringBuilderExcludeNullValuesTest
[INFO] Running org.apache.commons.lang3.builder.CompareToBuilderTest
[INFO] Tests run: 48, Failures: 0, Errors: 0, Skipped: 0, Time elapsed: 0.006 s - in org.apache.commons.lang3.builder.CompareToBuilderTest
[INFO] Running org.apache.commons.lang3.builder.ReflectionToStringBuilderConcurrencyTest
[WARNING] Tests run: 3, Failures: 0, Errors: 0, Skipped: 3, Time elapsed: 0 s - in org.apache.commons.lang3.builder.ReflectionToStringBuilderConcurrencyTest
[INFO] Running org.apache.commons.lang3.builder.ReflectionToStringBuilderExcludeTest
[INFO] Tests run: 11, Failures: 0, Errors: 0, Skipped: 0, Time elapsed: 0 s - in org.apache.commons.lang3.builder.ReflectionToStringBuilderExcludeTest
[INFO] Running org.apache.commons.lang3.builder.MultiLineToStringStyleTest
[INFO] Tests run: 8, Failures: 0, Errors: 0, Skipped: 0, Time elapsed: 0.001 s - in org.apache.commons.lang3.builder.MultiLineToStringStyleTest
[INFO] Running org.apache.commons.lang3.builder.ReflectionDiffBuilderTest
[INFO] Tests run: 6, Failures: 0, Errors: 0, Skipped: 0, Time elapsed: 0 s - in org.apache.commons.lang3.builder.ReflectionDiffBuilderTest
[INFO] Running org.apache.commons.lang3.ValidateTest
[INFO] Tests run: 67, Failures: 0, Errors: 0, Skipped: 0, Time elapsed: 0.004 s - in org.apache.commons.lang3.ValidateTest
[INFO] Running org.apache.commons.lang3.ClassUtilsTest
[INFO] Tests run: 62, Failures: 0, Errors: 0, Skipped: 0, Time elapsed: 0.013 s - in org.apache.commons.lang3.ClassUtilsTest
[INFO] Running org.apache.commons.lang3.math.FractionTest
[INFO] Tests run: 25, Failures: 0, Errors: 0, Skipped: 0, Time elapsed: 0.059 s - in org.apache.commons.lang3.math.FractionTest
[INFO] Running org.apache.commons.lang3.math.NumberUtilsTest
[INFO] Tests run: 102, Failures: 0, Errors: 0, Skipped: 0, Time elapsed: 0.015 s - in org.apache.commons.lang3.math.NumberUtilsTest
[INFO] Running org.apache.commons.lang3.math.IEEE754rUtilsTest
[INFO] Tests run: 3, Failures: 0, Errors: 0, Skipped: 0, Time elapsed: 0.001 s - in org.apache.commons.lang3.math.IEEE754rUtilsTest
[INFO] Running org.apache.commons.lang3.StringUtilsEqualsIndexOfTest
[INFO] Tests run: 37, Failures: 0, Errors: 0, Skipped: 0, Time elapsed: 0.002 s - in org.apache.commons.lang3.StringUtilsEqualsIndexOfTest
[INFO] Running org.apache.commons.lang3.mutable.MutableObjectTest
[INFO] Tests run: 5, Failures: 0, Errors: 0, Skipped: 0, Time elapsed: 0 s - in org.apache.commons.lang3.mutable.MutableObjectTest
[INFO] Running org.apache.commons.lang3.mutable.MutableIntTest
[INFO] Tests run: 25, Failures: 0, Errors: 0, Skipped: 0, Time elapsed: 0 s - in org.apache.commons.lang3.mutable.MutableIntTest
[INFO] Running org.apache.commons.lang3.mutable.MutableBooleanTest
[INFO] Tests run: 9, Failures: 0, Errors: 0, Skipped: 0, Time elapsed: 0 s - in org.apache.commons.lang3.mutable.MutableBooleanTest
[INFO] Running org.apache.commons.lang3.mutable.MutableLongTest
[INFO] Tests run: 25, Failures: 0, Errors: 0, Skipped: 0, Time elapsed: 0 s - in org.apache.commons.lang3.mutable.MutableLongTest
[INFO] Running org.apache.commons.lang3.mutable.MutableByteTest
[INFO] Tests run: 25, Failures: 0, Errors: 0, Skipped: 0, Time elapsed: 0.004 s - in org.apache.commons.lang3.mutable.MutableByteTest
[INFO] Running org.apache.commons.lang3.mutable.MutableShortTest
[INFO] Tests run: 22, Failures: 0, Errors: 0, Skipped: 0, Time elapsed: 0.001 s - in org.apache.commons.lang3.mutable.MutableShortTest
[INFO] Running org.apache.commons.lang3.mutable.MutableFloatTest
[INFO] Tests run: 26, Failures: 0, Errors: 0, Skipped: 0, Time elapsed: 0 s - in org.apache.commons.lang3.mutable.MutableFloatTest
[INFO] Running org.apache.commons.lang3.mutable.MutableDoubleTest
[INFO] Tests run: 26, Failures: 0, Errors: 0, Skipped: 0, Time elapsed: 0.001 s - in org.apache.commons.lang3.mutable.MutableDoubleTest
[INFO] Running org.apache.commons.lang3.ObjectUtilsTest
[INFO] Tests run: 44, Failures: 0, Errors: 0, Skipped: 0, Time elapsed: 0.001 s - in org.apache.commons.lang3.ObjectUtilsTest
[INFO] Running org.apache.commons.lang3.LocaleUtilsTest
[INFO] Tests run: 16, Failures: 0, Errors: 0, Skipped: 0, Time elapsed: 0.009 s - in org.apache.commons.lang3.LocaleUtilsTest
[INFO] Running org.apache.commons.lang3.time.FastDateParser_TimeZoneStrategyTest
[INFO] Tests run: 2, Failures: 0, Errors: 0, Skipped: 0, Time elapsed: 4.381 s - in org.apache.commons.lang3.time.FastDateParser_TimeZoneStrategyTest
[INFO] Running org.apache.commons.lang3.time.FastDateFormat_ParserTest
[INFO] Tests run: 38, Failures: 0, Errors: 0, Skipped: 0, Time elapsed: 0.492 s - in org.apache.commons.lang3.time.FastDateFormat_ParserTest
[INFO] Running org.apache.commons.lang3.time.DateUtilsTest
[INFO] Tests run: 63, Failures: 0, Errors: 0, Skipped: 0, Time elapsed: 0.037 s - in org.apache.commons.lang3.time.DateUtilsTest
[INFO] Running org.apache.commons.lang3.time.DateUtilsFragmentTest
[INFO] Tests run: 57, Failures: 0, Errors: 0, Skipped: 0, Time elapsed: 0.004 s - in org.apache.commons.lang3.time.DateUtilsFragmentTest
[INFO] Running org.apache.commons.lang3.time.FastDatePrinterTest
[INFO] Tests run: 22, Failures: 0, Errors: 0, Skipped: 0, Time elapsed: 0.008 s - in org.apache.commons.lang3.time.FastDatePrinterTest
[INFO] Running org.apache.commons.lang3.time.StopWatchTest
[INFO] Tests run: 10, Failures: 0, Errors: 0, Skipped: 0, Time elapsed: 4.768 s - in org.apache.commons.lang3.time.StopWatchTest
[INFO] Running org.apache.commons.lang3.time.FastDateParser_MoreOrLessTest
[INFO] Tests run: 7, Failures: 0, Errors: 0, Skipped: 0, Time elapsed: 0 s - in org.apache.commons.lang3.time.FastDateParser_MoreOrLessTest
[INFO] Running org.apache.commons.lang3.time.FastDateFormatTest
>>FastDateFormatTest: FastDatePrinter:795  SimpleDateFormat:3922
>>FastDateFormatTest: FastDateParser:639  SimpleDateFormat:3130
[INFO] Tests run: 16, Failures: 0, Errors: 0, Skipped: 0, Time elapsed: 0.96 s - in org.apache.commons.lang3.time.FastDateFormatTest
[INFO] Running org.apache.commons.lang3.time.DurationFormatUtilsTest
[INFO] Tests run: 25, Failures: 0, Errors: 0, Skipped: 0, Time elapsed: 0.28 s - in org.apache.commons.lang3.time.DurationFormatUtilsTest
[INFO] Running org.apache.commons.lang3.time.FastDatePrinterTimeZonesTest
[INFO] Tests run: 627, Failures: 0, Errors: 0, Skipped: 0, Time elapsed: 0.101 s - in org.apache.commons.lang3.time.FastDatePrinterTimeZonesTest
[INFO] Running org.apache.commons.lang3.time.DateFormatUtilsTest
[INFO] Tests run: 12, Failures: 0, Errors: 0, Skipped: 0, Time elapsed: 0 s - in org.apache.commons.lang3.time.DateFormatUtilsTest
[INFO] Running org.apache.commons.lang3.time.FastTimeZoneTest
[INFO] Tests run: 10, Failures: 0, Errors: 0, Skipped: 0, Time elapsed: 0 s - in org.apache.commons.lang3.time.FastTimeZoneTest
[INFO] Running org.apache.commons.lang3.time.FastDateParserTest
[INFO] Tests run: 38, Failures: 0, Errors: 0, Skipped: 0, Time elapsed: 0.052 s - in org.apache.commons.lang3.time.FastDateParserTest
[INFO] Running org.apache.commons.lang3.time.WeekYearTest
[INFO] Tests run: 32, Failures: 0, Errors: 0, Skipped: 0, Time elapsed: 0.01 s - in org.apache.commons.lang3.time.WeekYearTest
[INFO] Running org.apache.commons.lang3.time.FastDateFormat_PrinterTest
[INFO] Tests run: 22, Failures: 0, Errors: 0, Skipped: 0, Time elapsed: 0 s - in org.apache.commons.lang3.time.FastDateFormat_PrinterTest
[INFO] Running org.apache.commons.lang3.time.FastDateParserSDFTest
[INFO] Tests run: 276, Failures: 0, Errors: 0, Skipped: 0, Time elapsed: 0.02 s - in org.apache.commons.lang3.time.FastDateParserSDFTest
[INFO] Running org.apache.commons.lang3.time.DateUtilsRoundingTest
[INFO] Tests run: 22, Failures: 0, Errors: 0, Skipped: 0, Time elapsed: 0.006 s - in org.apache.commons.lang3.time.DateUtilsRoundingTest
[INFO] Running org.apache.commons.lang3.time.GmtTimeZoneTest
[INFO] Tests run: 12, Failures: 0, Errors: 0, Skipped: 0, Time elapsed: 0 s - in org.apache.commons.lang3.time.GmtTimeZoneTest
[INFO] Running org.apache.commons.lang3.EnumUtilsTest
[INFO] Tests run: 40, Failures: 0, Errors: 0, Skipped: 0, Time elapsed: 0.006 s - in org.apache.commons.lang3.EnumUtilsTest
[INFO] Running org.apache.commons.lang3.BitFieldTest
[INFO] Tests run: 15, Failures: 0, Errors: 0, Skipped: 0, Time elapsed: 0.001 s - in org.apache.commons.lang3.BitFieldTest
[INFO] Running org.apache.commons.lang3.NotImplementedExceptionTest
[INFO] Tests run: 1, Failures: 0, Errors: 0, Skipped: 0, Time elapsed: 0 s - in org.apache.commons.lang3.NotImplementedExceptionTest
[INFO] Running org.apache.commons.lang3.StringUtilsContainsTest
[INFO] Tests run: 22, Failures: 0, Errors: 0, Skipped: 0, Time elapsed: 0.011 s - in org.apache.commons.lang3.StringUtilsContainsTest
[INFO] Running org.apache.commons.lang3.ConversionTest
[INFO] Tests run: 42, Failures: 0, Errors: 0, Skipped: 0, Time elapsed: 0.001 s - in org.apache.commons.lang3.ConversionTest
[INFO] Running org.apache.commons.lang3.ArrayUtilsTest
[INFO] Tests run: 307, Failures: 0, Errors: 0, Skipped: 0, Time elapsed: 0.028 s - in org.apache.commons.lang3.ArrayUtilsTest
[INFO] Running org.apache.commons.lang3.StringUtilsStartsEndsWithTest
[INFO] Tests run: 6, Failures: 0, Errors: 0, Skipped: 0, Time elapsed: 0 s - in org.apache.commons.lang3.StringUtilsStartsEndsWithTest
[INFO] Running org.apache.commons.lang3.JavaVersionTest
[INFO] Tests run: 3, Failures: 0, Errors: 0, Skipped: 0, Time elapsed: 0 s - in org.apache.commons.lang3.JavaVersionTest
[INFO] Running org.apache.commons.lang3.ArrayUtilsInsertTest
[INFO] Tests run: 9, Failures: 0, Errors: 0, Skipped: 0, Time elapsed: 0 s - in org.apache.commons.lang3.ArrayUtilsInsertTest
[INFO] Running org.apache.commons.lang3.CharRangeTest
[INFO] Tests run: 17, Failures: 0, Errors: 0, Skipped: 0, Time elapsed: 0.014 s - in org.apache.commons.lang3.CharRangeTest
[INFO] Running org.apache.commons.lang3.test.SystemDefaultsSwitchTest
[INFO] Tests run: 4, Failures: 0, Errors: 0, Skipped: 0, Time elapsed: 0 s - in org.apache.commons.lang3.test.SystemDefaultsSwitchTest
[INFO] Running org.apache.commons.lang3.ArrayUtilsRemoveMultipleTest
[INFO] Tests run: 55, Failures: 0, Errors: 0, Skipped: 0, Time elapsed: 0.009 s - in org.apache.commons.lang3.ArrayUtilsRemoveMultipleTest
[INFO] Running org.apache.commons.lang3.ClassPathUtilsTest
[INFO] Tests run: 13, Failures: 0, Errors: 0, Skipped: 0, Time elapsed: 0 s - in org.apache.commons.lang3.ClassPathUtilsTest
[INFO] Running org.apache.commons.lang3.StringUtilsTest
[INFO] Tests run: 145, Failures: 0, Errors: 0, Skipped: 0, Time elapsed: 0.036 s - in org.apache.commons.lang3.StringUtilsTest
[INFO] Running org.apache.commons.lang3.exception.ExceptionUtilsTest
[INFO] Tests run: 34, Failures: 0, Errors: 0, Skipped: 0, Time elapsed: 0.006 s - in org.apache.commons.lang3.exception.ExceptionUtilsTest
[INFO] Running org.apache.commons.lang3.exception.ContextedExceptionTest
[INFO] Tests run: 14, Failures: 0, Errors: 0, Skipped: 0, Time elapsed: 0.017 s - in org.apache.commons.lang3.exception.ContextedExceptionTest
[INFO] Running org.apache.commons.lang3.exception.CloneFailedExceptionTest
[INFO] Tests run: 6, Failures: 0, Errors: 0, Skipped: 0, Time elapsed: 0 s - in org.apache.commons.lang3.exception.CloneFailedExceptionTest
[INFO] Running org.apache.commons.lang3.exception.ContextedRuntimeExceptionTest
[INFO] Tests run: 14, Failures: 0, Errors: 0, Skipped: 0, Time elapsed: 0.004 s - in org.apache.commons.lang3.exception.ContextedRuntimeExceptionTest
[INFO] Running org.apache.commons.lang3.exception.DefaultExceptionContextTest
[INFO] Tests run: 8, Failures: 0, Errors: 0, Skipped: 0, Time elapsed: 0 s - in org.apache.commons.lang3.exception.DefaultExceptionContextTest
[INFO] Running org.apache.commons.lang3.RandomUtilsTest
[INFO] Tests run: 29, Failures: 0, Errors: 0, Skipped: 0, Time elapsed: 0.001 s - in org.apache.commons.lang3.RandomUtilsTest
[INFO] Running org.apache.commons.lang3.BooleanUtilsTest
[INFO] Tests run: 72, Failures: 0, Errors: 0, Skipped: 0, Time elapsed: 0.003 s - in org.apache.commons.lang3.BooleanUtilsTest
[INFO] Running org.apache.commons.lang3.RandomStringUtilsTest
[INFO] Tests run: 18, Failures: 0, Errors: 0, Skipped: 0, Time elapsed: 0.045 s - in org.apache.commons.lang3.RandomStringUtilsTest
[INFO] Running org.apache.commons.lang3.AnnotationUtilsTest
[INFO] Tests run: 10, Failures: 0, Errors: 0, Skipped: 0, Time elapsed: 0.013 s - in org.apache.commons.lang3.AnnotationUtilsTest
[INFO] Running org.apache.commons.lang3.RegExUtilsTest
[INFO] Tests run: 10, Failures: 0, Errors: 0, Skipped: 0, Time elapsed: 0.001 s - in org.apache.commons.lang3.RegExUtilsTest
[INFO] Running org.apache.commons.lang3.CharEncodingTest
[INFO] Tests run: 5, Failures: 0, Errors: 0, Skipped: 0, Time elapsed: 0.002 s - in org.apache.commons.lang3.CharEncodingTest
[INFO] Running org.apache.commons.lang3.ThreadUtilsTest
[INFO] Tests run: 27, Failures: 0, Errors: 0, Skipped: 0, Time elapsed: 0.05 s - in org.apache.commons.lang3.ThreadUtilsTest
[INFO] Running org.apache.commons.lang3.event.EventUtilsTest
[INFO] Tests run: 8, Failures: 0, Errors: 0, Skipped: 0, Time elapsed: 0.008 s - in org.apache.commons.lang3.event.EventUtilsTest
[INFO] Running org.apache.commons.lang3.event.EventListenerSupportTest
[INFO] Tests run: 10, Failures: 0, Errors: 0, Skipped: 0, Time elapsed: 0.008 s - in org.apache.commons.lang3.event.EventListenerSupportTest
[INFO] Running org.apache.commons.lang3.SystemUtilsTest
[INFO] Tests run: 17, Failures: 0, Errors: 0, Skipped: 0, Time elapsed: 0.001 s - in org.apache.commons.lang3.SystemUtilsTest
[INFO] Running org.apache.commons.lang3.CharUtilsTest
[INFO] Tests run: 24, Failures: 0, Errors: 0, Skipped: 0, Time elapsed: 0 s - in org.apache.commons.lang3.CharUtilsTest
[INFO] Running org.apache.commons.lang3.ArchUtilsTest
[INFO] Tests run: 4, Failures: 0, Errors: 0, Skipped: 0, Time elapsed: 0 s - in org.apache.commons.lang3.ArchUtilsTest
[INFO] Running org.apache.commons.lang3.StringUtilsTrimStripTest
[INFO] Tests run: 11, Failures: 0, Errors: 0, Skipped: 0, Time elapsed: 0.004 s - in org.apache.commons.lang3.StringUtilsTrimStripTest
[INFO] Running org.apache.commons.lang3.text.StrMatcherTest
[INFO] Tests run: 14, Failures: 0, Errors: 0, Skipped: 0, Time elapsed: 0.007 s - in org.apache.commons.lang3.text.StrMatcherTest
[INFO] Running org.apache.commons.lang3.text.WordUtilsTest
[INFO] Tests run: 16, Failures: 0, Errors: 0, Skipped: 0, Time elapsed: 0.004 s - in org.apache.commons.lang3.text.WordUtilsTest
[INFO] Running org.apache.commons.lang3.text.translate.EntityArraysTest
[INFO] Tests run: 3, Failures: 0, Errors: 0, Skipped: 0, Time elapsed: 0 s - in org.apache.commons.lang3.text.translate.EntityArraysTest
[INFO] Running org.apache.commons.lang3.text.translate.OctalUnescaperTest
[INFO] Tests run: 1, Failures: 0, Errors: 0, Skipped: 0, Time elapsed: 0 s - in org.apache.commons.lang3.text.translate.OctalUnescaperTest
[INFO] Running org.apache.commons.lang3.text.translate.LookupTranslatorTest
[INFO] Tests run: 2, Failures: 0, Errors: 0, Skipped: 0, Time elapsed: 0 s - in org.apache.commons.lang3.text.translate.LookupTranslatorTest
[INFO] Running org.apache.commons.lang3.text.translate.UnicodeUnpairedSurrogateRemoverTest
[INFO] Tests run: 2, Failures: 0, Errors: 0, Skipped: 0, Time elapsed: 0 s - in org.apache.commons.lang3.text.translate.UnicodeUnpairedSurrogateRemoverTest
[INFO] Running org.apache.commons.lang3.text.translate.NumericEntityEscaperTest
[INFO] Tests run: 4, Failures: 0, Errors: 0, Skipped: 0, Time elapsed: 0.001 s - in org.apache.commons.lang3.text.translate.NumericEntityEscaperTest
[INFO] Running org.apache.commons.lang3.text.translate.UnicodeUnescaperTest
[INFO] Tests run: 3, Failures: 0, Errors: 0, Skipped: 0, Time elapsed: 0 s - in org.apache.commons.lang3.text.translate.UnicodeUnescaperTest
[INFO] Running org.apache.commons.lang3.text.translate.UnicodeEscaperTest
[INFO] Tests run: 3, Failures: 0, Errors: 0, Skipped: 0, Time elapsed: 0 s - in org.apache.commons.lang3.text.translate.UnicodeEscaperTest
[INFO] Running org.apache.commons.lang3.text.translate.NumericEntityUnescaperTest
[INFO] Tests run: 3, Failures: 0, Errors: 0, Skipped: 0, Time elapsed: 0.003 s - in org.apache.commons.lang3.text.translate.NumericEntityUnescaperTest
[INFO] Running org.apache.commons.lang3.text.StrBuilderTest
[INFO] Tests run: 91, Failures: 0, Errors: 0, Skipped: 0, Time elapsed: 0.021 s - in org.apache.commons.lang3.text.StrBuilderTest
[INFO] Running org.apache.commons.lang3.text.CompositeFormatTest
[INFO] Tests run: 2, Failures: 0, Errors: 0, Skipped: 0, Time elapsed: 0 s - in org.apache.commons.lang3.text.CompositeFormatTest
[INFO] Running org.apache.commons.lang3.text.StrLookupTest
[INFO] Tests run: 6, Failures: 0, Errors: 0, Skipped: 0, Time elapsed: 0 s - in org.apache.commons.lang3.text.StrLookupTest
[INFO] Running org.apache.commons.lang3.text.FormattableUtilsTest
[INFO] Tests run: 5, Failures: 0, Errors: 0, Skipped: 0, Time elapsed: 0.001 s - in org.apache.commons.lang3.text.FormattableUtilsTest
[INFO] Running org.apache.commons.lang3.text.StrSubstitutorTest
[INFO] Tests run: 41, Failures: 0, Errors: 0, Skipped: 0, Time elapsed: 0.007 s - in org.apache.commons.lang3.text.StrSubstitutorTest
[INFO] Running org.apache.commons.lang3.text.StrTokenizerTest
[INFO] Tests run: 55, Failures: 0, Errors: 0, Skipped: 0, Time elapsed: 0.002 s - in org.apache.commons.lang3.text.StrTokenizerTest
[INFO] Running org.apache.commons.lang3.text.StrBuilderAppendInsertTest
[INFO] Tests run: 51, Failures: 0, Errors: 0, Skipped: 0, Time elapsed: 0.001 s - in org.apache.commons.lang3.text.StrBuilderAppendInsertTest
[INFO] Running org.apache.commons.lang3.text.ExtendedMessageFormatTest
[INFO] Tests run: 10, Failures: 0, Errors: 0, Skipped: 0, Time elapsed: 0.223 s - in org.apache.commons.lang3.text.ExtendedMessageFormatTest
[INFO] Running org.apache.commons.lang3.reflect.InheritanceUtilsTest
[INFO] Tests run: 9, Failures: 0, Errors: 0, Skipped: 0, Time elapsed: 0 s - in org.apache.commons.lang3.reflect.InheritanceUtilsTest
[INFO] Running org.apache.commons.lang3.reflect.ConstructorUtilsTest
[INFO] Tests run: 8, Failures: 0, Errors: 0, Skipped: 0, Time elapsed: 0.003 s - in org.apache.commons.lang3.reflect.ConstructorUtilsTest
[INFO] Running org.apache.commons.lang3.reflect.MethodUtilsTest
[INFO] Tests run: 40, Failures: 0, Errors: 0, Skipped: 0, Time elapsed: 0.01 s - in org.apache.commons.lang3.reflect.MethodUtilsTest
[INFO] Running org.apache.commons.lang3.reflect.FieldUtilsTest
[INFO] Tests run: 64, Failures: 0, Errors: 0, Skipped: 0, Time elapsed: 0.02 s - in org.apache.commons.lang3.reflect.FieldUtilsTest
[INFO] Running org.apache.commons.lang3.reflect.TypeUtilsTest
[INFO] Tests run: 24, Failures: 0, Errors: 0, Skipped: 0, Time elapsed: 0.01 s - in org.apache.commons.lang3.reflect.TypeUtilsTest
[INFO] Running org.apache.commons.lang3.reflect.TypeLiteralTest
[INFO] Tests run: 4, Failures: 0, Errors: 0, Skipped: 0, Time elapsed: 0.003 s - in org.apache.commons.lang3.reflect.TypeLiteralTest
[INFO] Running org.apache.commons.lang3.CharSetTest
[INFO] Tests run: 15, Failures: 0, Errors: 0, Skipped: 0, Time elapsed: 0.003 s - in org.apache.commons.lang3.CharSetTest
[INFO] Running org.apache.commons.lang3.CharSequenceUtilsTest
[INFO] Tests run: 6, Failures: 0, Errors: 0, Skipped: 0, Time elapsed: 0.002 s - in org.apache.commons.lang3.CharSequenceUtilsTest
[INFO] Running org.apache.commons.lang3.StringUtilsSubstringTest
[INFO] Tests run: 14, Failures: 0, Errors: 0, Skipped: 0, Time elapsed: 0 s - in org.apache.commons.lang3.StringUtilsSubstringTest
[INFO] Running org.apache.commons.lang3.ArrayUtilsRemoveTest
[INFO] Tests run: 28, Failures: 0, Errors: 0, Skipped: 0, Time elapsed: 0.002 s - in org.apache.commons.lang3.ArrayUtilsRemoveTest
[INFO] Running org.apache.commons.lang3.SerializationUtilsTest
[INFO] Tests run: 26, Failures: 0, Errors: 0, Skipped: 0, Time elapsed: 0.007 s - in org.apache.commons.lang3.SerializationUtilsTest
[INFO] Running org.apache.commons.lang3.ArrayUtilsAddTest
[INFO] Tests run: 13, Failures: 0, Errors: 0, Skipped: 0, Time elapsed: 0 s - in org.apache.commons.lang3.ArrayUtilsAddTest
[INFO] Running org.apache.commons.lang3.StringEscapeUtilsTest
[INFO] Tests run: 32, Failures: 0, Errors: 0, Skipped: 0, Time elapsed: 0.249 s - in org.apache.commons.lang3.StringEscapeUtilsTest
[INFO] 
[INFO] Results:
[INFO] 
[WARNING] Tests run: 4107, Failures: 0, Errors: 0, Skipped: 5
[INFO] 
[INFO] 
[INFO] --- maven-jar-plugin:3.1.0:jar (default-jar) @ commons-lang3 ---
[INFO] Building jar: ./commons-lang/target/commons-lang3-3.8-SNAPSHOT.jar
[INFO] 
[INFO] --- maven-site-plugin:3.7:attach-descriptor (attach-descriptor) @ commons-lang3 ---
Downloading from central: https://repo.maven.apache.org/maven2/org/apache/maven/wagon/wagon-ssh/3.0.0/wagon-ssh-3.0.0.pom
Progress (1): 4.1/6.3 kB
Progress (1): 6.3 kB    
                    
Downloaded from central: https://repo.maven.apache.org/maven2/org/apache/maven/wagon/wagon-ssh/3.0.0/wagon-ssh-3.0.0.pom (6.3 kB at 350 kB/s)
Downloading from central: https://repo.maven.apache.org/maven2/org/apache/maven/wagon/wagon-providers/3.0.0/wagon-providers-3.0.0.pom
Progress (1): 2.7 kB
                    
Downloaded from central: https://repo.maven.apache.org/maven2/org/apache/maven/wagon/wagon-providers/3.0.0/wagon-providers-3.0.0.pom (2.7 kB at 227 kB/s)
Downloading from central: https://repo.maven.apache.org/maven2/org/apache/maven/wagon/wagon/3.0.0/wagon-3.0.0.pom
Progress (1): 4.1/21 kB
Progress (1): 8.2/21 kB
Progress (1): 12/21 kB 
Progress (1): 16/21 kB
Progress (1): 20/21 kB
Progress (1): 21 kB   
                   
Downloaded from central: https://repo.maven.apache.org/maven2/org/apache/maven/wagon/wagon/3.0.0/wagon-3.0.0.pom (21 kB at 1.5 MB/s)
Downloading from central: https://repo.maven.apache.org/maven2/org/apache/maven/wagon/wagon-ssh-common/3.0.0/wagon-ssh-common-3.0.0.pom
Progress (1): 2.0 kB
                    
Downloaded from central: https://repo.maven.apache.org/maven2/org/apache/maven/wagon/wagon-ssh-common/3.0.0/wagon-ssh-common-3.0.0.pom (2.0 kB at 123 kB/s)
Downloading from central: https://repo.maven.apache.org/maven2/org/apache/maven/wagon/wagon-provider-api/3.0.0/wagon-provider-api-3.0.0.pom
Progress (1): 1.9 kB
                    
Downloaded from central: https://repo.maven.apache.org/maven2/org/apache/maven/wagon/wagon-provider-api/3.0.0/wagon-provider-api-3.0.0.pom (1.9 kB at 143 kB/s)
Downloading from central: https://repo.maven.apache.org/maven2/org/apache/maven/doxia/doxia-decoration-model/1.8/doxia-decoration-model-1.8.pom
Progress (1): 3.3 kB
                    
Downloaded from central: https://repo.maven.apache.org/maven2/org/apache/maven/doxia/doxia-decoration-model/1.8/doxia-decoration-model-1.8.pom (3.3 kB at 220 kB/s)
Downloading from central: https://repo.maven.apache.org/maven2/org/apache/maven/doxia/doxia-sitetools/1.8/doxia-sitetools-1.8.pom
Progress (1): 4.1/14 kB
Progress (1): 8.2/14 kB
Progress (1): 12/14 kB 
Progress (1): 14 kB   
                   
Downloaded from central: https://repo.maven.apache.org/maven2/org/apache/maven/doxia/doxia-sitetools/1.8/doxia-sitetools-1.8.pom (14 kB at 722 kB/s)
Downloading from central: https://repo.maven.apache.org/maven2/org/apache/maven/doxia/doxia-site-renderer/1.8/doxia-site-renderer-1.8.pom
Progress (1): 4.1/6.5 kB
Progress (1): 6.5 kB    
                    
Downloaded from central: https://repo.maven.apache.org/maven2/org/apache/maven/doxia/doxia-site-renderer/1.8/doxia-site-renderer-1.8.pom (6.5 kB at 464 kB/s)
Downloading from central: https://repo.maven.apache.org/maven2/org/apache/maven/doxia/doxia-skin-model/1.8/doxia-skin-model-1.8.pom
Progress (1): 2.9 kB
                    
Downloaded from central: https://repo.maven.apache.org/maven2/org/apache/maven/doxia/doxia-skin-model/1.8/doxia-skin-model-1.8.pom (2.9 kB at 210 kB/s)
Downloading from central: https://repo.maven.apache.org/maven2/org/apache/maven/doxia/doxia-integration-tools/1.8/doxia-integration-tools-1.8.pom
Progress (1): 4.1/5.9 kB
Progress (1): 5.9 kB    
                    
Downloaded from central: https://repo.maven.apache.org/maven2/org/apache/maven/doxia/doxia-integration-tools/1.8/doxia-integration-tools-1.8.pom (5.9 kB at 424 kB/s)
Downloading from central: https://repo.maven.apache.org/maven2/org/apache/maven/wagon/wagon-ssh/3.0.0/wagon-ssh-3.0.0.jar
Downloading from central: https://repo.maven.apache.org/maven2/org/apache/maven/wagon/wagon-ssh-common/3.0.0/wagon-ssh-common-3.0.0.jar
Downloading from central: https://repo.maven.apache.org/maven2/org/apache/maven/doxia/doxia-decoration-model/1.8/doxia-decoration-model-1.8.jar
Downloading from central: https://repo.maven.apache.org/maven2/org/apache/maven/doxia/doxia-site-renderer/1.8/doxia-site-renderer-1.8.jar
Downloading from central: https://repo.maven.apache.org/maven2/org/apache/maven/doxia/doxia-skin-model/1.8/doxia-skin-model-1.8.jar
Progress (1): 4.1/27 kB
Progress (1): 8.2/27 kB
Progress (1): 12/27 kB 
Progress (1): 16/27 kB
Progress (1): 20/27 kB
Progress (1): 25/27 kB
Progress (1): 27 kB   
Progress (2): 27 kB | 4.1/32 kB
Progress (3): 27 kB | 4.1/32 kB | 1.4/61 kB
Progress (3): 27 kB | 4.1/32 kB | 2.7/61 kB
Progress (3): 27 kB | 4.1/32 kB | 4.1/61 kB
Progress (3): 27 kB | 4.1/32 kB | 5.5/61 kB
Progress (3): 27 kB | 4.1/32 kB | 6.9/61 kB
Progress (3): 27 kB | 4.1/32 kB | 8.2/61 kB
Progress (3): 27 kB | 4.1/32 kB | 9.6/61 kB
Progress (3): 27 kB | 4.1/32 kB | 11/61 kB 
Progress (3): 27 kB | 4.1/32 kB | 12/61 kB
Progress (3): 27 kB | 4.1/32 kB | 14/61 kB
Progress (3): 27 kB | 4.1/32 kB | 15/61 kB
Progress (3): 27 kB | 4.1/32 kB | 16/61 kB
Progress (3): 27 kB | 8.2/32 kB | 16/61 kB
Progress (3): 27 kB | 8.2/32 kB | 18/61 kB
Progress (3): 27 kB | 12/32 kB | 18/61 kB 
Progress (3): 27 kB | 12/32 kB | 19/61 kB
Progress (3): 27 kB | 12/32 kB | 21/61 kB
Progress (3): 27 kB | 16/32 kB | 21/61 kB
Progress (3): 27 kB | 16/32 kB | 22/61 kB
Progress (3): 27 kB | 16/32 kB | 23/61 kB
Progress (3): 27 kB | 16/32 kB | 25/61 kB
Progress (4): 27 kB | 16/32 kB | 25/61 kB | 4.1/16 kB
Progress (4): 27 kB | 16/32 kB | 25/61 kB | 8.2/16 kB
Progress (4): 27 kB | 16/32 kB | 25/61 kB | 12/16 kB 
Progress (4): 27 kB | 16/32 kB | 25/61 kB | 16 kB   
Progress (4): 27 kB | 20/32 kB | 25/61 kB | 16 kB
Progress (4): 27 kB | 20/32 kB | 26/61 kB | 16 kB
Progress (4): 27 kB | 20/32 kB | 27/61 kB | 16 kB
Progress (4): 27 kB | 25/32 kB | 27/61 kB | 16 kB
                                                 
Downloaded from central: https://repo.maven.apache.org/maven2/org/apache/maven/wagon/wagon-ssh-common/3.0.0/wagon-ssh-common-3.0.0.jar (27 kB at 1.1 MB/s)
Downloading from central: https://repo.maven.apache.org/maven2/org/apache/maven/doxia/doxia-integration-tools/1.8/doxia-integration-tools-1.8.jar
Progress (3): 29/32 kB | 27/61 kB | 16 kB
Progress (3): 32 kB | 27/61 kB | 16 kB   
Progress (3): 32 kB | 29/61 kB | 16 kB
Progress (3): 32 kB | 30/61 kB | 16 kB
Progress (3): 32 kB | 32/61 kB | 16 kB
Progress (3): 32 kB | 33/61 kB | 16 kB
Progress (3): 32 kB | 34/61 kB | 16 kB
Progress (3): 32 kB | 36/61 kB | 16 kB
Progress (3): 32 kB | 37/61 kB | 16 kB
Progress (3): 32 kB | 38/61 kB | 16 kB
Progress (3): 32 kB | 40/61 kB | 16 kB
Progress (3): 32 kB | 41/61 kB | 16 kB
Progress (3): 32 kB | 43/61 kB | 16 kB
Progress (3): 32 kB | 44/61 kB | 16 kB
Progress (3): 32 kB | 45/61 kB | 16 kB
Progress (3): 32 kB | 47/61 kB | 16 kB
Progress (3): 32 kB | 48/61 kB | 16 kB
Progress (3): 32 kB | 49/61 kB | 16 kB
Progress (3): 32 kB | 51/61 kB | 16 kB
Progress (4): 32 kB | 51/61 kB | 16 kB | 1.4/65 kB
Progress (4): 32 kB | 52/61 kB | 16 kB | 1.4/65 kB
Progress (4): 32 kB | 53/61 kB | 16 kB | 1.4/65 kB
Progress (4): 32 kB | 53/61 kB | 16 kB | 2.7/65 kB
Progress (4): 32 kB | 55/61 kB | 16 kB | 2.7/65 kB
Progress (4): 32 kB | 56/61 kB | 16 kB | 2.7/65 kB
Progress (4): 32 kB | 56/61 kB | 16 kB | 4.1/65 kB
Progress (4): 32 kB | 58/61 kB | 16 kB | 4.1/65 kB
Progress (4): 32 kB | 59/61 kB | 16 kB | 4.1/65 kB
Progress (4): 32 kB | 60/61 kB | 16 kB | 4.1/65 kB
Progress (4): 32 kB | 60/61 kB | 16 kB | 5.5/65 kB
Progress (4): 32 kB | 61 kB | 16 kB | 5.5/65 kB   
Progress (4): 32 kB | 61 kB | 16 kB | 6.9/65 kB
Progress (4): 32 kB | 61 kB | 16 kB | 8.2/65 kB
Progress (4): 32 kB | 61 kB | 16 kB | 9.6/65 kB
Progress (4): 32 kB | 61 kB | 16 kB | 11/65 kB 
Progress (4): 32 kB | 61 kB | 16 kB | 12/65 kB
Progress (4): 32 kB | 61 kB | 16 kB | 14/65 kB
Progress (4): 32 kB | 61 kB | 16 kB | 15/65 kB
Progress (4): 32 kB | 61 kB | 16 kB | 16/65 kB
                                              
Downloaded from central: https://repo.maven.apache.org/maven2/org/apache/maven/doxia/doxia-skin-model/1.8/doxia-skin-model-1.8.jar (16 kB at 551 kB/s)
Progress (3): 32 kB | 61 kB | 18/65 kB
Progress (3): 32 kB | 61 kB | 19/65 kB
Progress (3): 32 kB | 61 kB | 21/65 kB
Progress (3): 32 kB | 61 kB | 22/65 kB
Progress (3): 32 kB | 61 kB | 23/65 kB
Progress (3): 32 kB | 61 kB | 25/65 kB
Progress (3): 32 kB | 61 kB | 26/65 kB
Progress (3): 32 kB | 61 kB | 27/65 kB
Progress (3): 32 kB | 61 kB | 29/65 kB
Progress (3): 32 kB | 61 kB | 30/65 kB
Progress (4): 32 kB | 61 kB | 30/65 kB | 4.1/47 kB
Progress (4): 32 kB | 61 kB | 32/65 kB | 4.1/47 kB
Progress (4): 32 kB | 61 kB | 32/65 kB | 8.2/47 kB
Progress (4): 32 kB | 61 kB | 33/65 kB | 8.2/47 kB
Progress (4): 32 kB | 61 kB | 33/65 kB | 12/47 kB 
Progress (4): 32 kB | 61 kB | 34/65 kB | 12/47 kB
Progress (4): 32 kB | 61 kB | 34/65 kB | 16/47 kB
Progress (4): 32 kB | 61 kB | 36/65 kB | 16/47 kB
Progress (4): 32 kB | 61 kB | 37/65 kB | 16/47 kB
Progress (4): 32 kB | 61 kB | 38/65 kB | 16/47 kB
Progress (4): 32 kB | 61 kB | 40/65 kB | 16/47 kB
Progress (4): 32 kB | 61 kB | 40/65 kB | 20/47 kB
Progress (4): 32 kB | 61 kB | 41/65 kB | 20/47 kB
Progress (4): 32 kB | 61 kB | 41/65 kB | 25/47 kB
Progress (4): 32 kB | 61 kB | 43/65 kB | 25/47 kB
Progress (4): 32 kB | 61 kB | 43/65 kB | 29/47 kB
Progress (4): 32 kB | 61 kB | 44/65 kB | 29/47 kB
Progress (4): 32 kB | 61 kB | 44/65 kB | 33/47 kB
Progress (4): 32 kB | 61 kB | 45/65 kB | 33/47 kB
Progress (4): 32 kB | 61 kB | 47/65 kB | 33/47 kB
Progress (4): 32 kB | 61 kB | 48/65 kB | 33/47 kB
Progress (4): 32 kB | 61 kB | 49/65 kB | 33/47 kB
Progress (4): 32 kB | 61 kB | 49/65 kB | 37/47 kB
Progress (4): 32 kB | 61 kB | 51/65 kB | 37/47 kB
Progress (4): 32 kB | 61 kB | 51/65 kB | 41/47 kB
Progress (4): 32 kB | 61 kB | 52/65 kB | 41/47 kB
Progress (4): 32 kB | 61 kB | 52/65 kB | 45/47 kB
Progress (4): 32 kB | 61 kB | 53/65 kB | 45/47 kB
Progress (4): 32 kB | 61 kB | 53/65 kB | 47 kB   
Progress (4): 32 kB | 61 kB | 55/65 kB | 47 kB
Progress (4): 32 kB | 61 kB | 56/65 kB | 47 kB
Progress (4): 32 kB | 61 kB | 58/65 kB | 47 kB
Progress (4): 32 kB | 61 kB | 59/65 kB | 47 kB
Progress (4): 32 kB | 61 kB | 60/65 kB | 47 kB
Progress (4): 32 kB | 61 kB | 62/65 kB | 47 kB
Progress (4): 32 kB | 61 kB | 63/65 kB | 47 kB
Progress (4): 32 kB | 61 kB | 64/65 kB | 47 kB
                                              
Downloaded from central: https://repo.maven.apache.org/maven2/org/apache/maven/doxia/doxia-decoration-model/1.8/doxia-decoration-model-1.8.jar (61 kB at 1.7 MB/s)
Progress (3): 32 kB | 65 kB | 47 kB
                                   
Downloaded from central: https://repo.maven.apache.org/maven2/org/apache/maven/doxia/doxia-integration-tools/1.8/doxia-integration-tools-1.8.jar (47 kB at 1.1 MB/s)
Downloaded from central: https://repo.maven.apache.org/maven2/org/apache/maven/doxia/doxia-site-renderer/1.8/doxia-site-renderer-1.8.jar (65 kB at 1.5 MB/s)
Downloaded from central: https://repo.maven.apache.org/maven2/org/apache/maven/wagon/wagon-ssh/3.0.0/wagon-ssh-3.0.0.jar (32 kB at 631 kB/s)
[INFO] Skipping because packaging 'jar' is not pom.
[INFO] 
[INFO] --- maven-jar-plugin:3.1.0:test-jar (default) @ commons-lang3 ---
[INFO] Building jar: ./commons-lang/target/commons-lang3-3.8-SNAPSHOT-tests.jar
[INFO] 
[INFO] --- maven-source-plugin:3.0.1:jar-no-fork (create-source-jar) @ commons-lang3 ---
[INFO] Building jar: ./commons-lang/target/commons-lang3-3.8-SNAPSHOT-sources.jar
[INFO] 
[INFO] --- maven-source-plugin:3.0.1:test-jar-no-fork (create-source-jar) @ commons-lang3 ---
[INFO] Building jar: ./commons-lang/target/commons-lang3-3.8-SNAPSHOT-test-sources.jar
[INFO] 
[INFO] --- maven-install-plugin:2.5.2:install (default-install) @ commons-lang3 ---
[INFO] Installing ./commons-lang/target/commons-lang3-3.8-SNAPSHOT.jar to ./.m2/repository/org/apache/commons/commons-lang3/3.8-SNAPSHOT/commons-lang3-3.8-SNAPSHOT.jar
[INFO] Installing ./commons-lang/pom.xml to ./.m2/repository/org/apache/commons/commons-lang3/3.8-SNAPSHOT/commons-lang3-3.8-SNAPSHOT.pom
[INFO] Installing ./commons-lang/target/commons-lang3-3.8-SNAPSHOT-tests.jar to ./.m2/repository/org/apache/commons/commons-lang3/3.8-SNAPSHOT/commons-lang3-3.8-SNAPSHOT-tests.jar
[INFO] Installing ./commons-lang/target/commons-lang3-3.8-SNAPSHOT-sources.jar to ./.m2/repository/org/apache/commons/commons-lang3/3.8-SNAPSHOT/commons-lang3-3.8-SNAPSHOT-sources.jar
[INFO] Installing ./commons-lang/target/commons-lang3-3.8-SNAPSHOT-test-sources.jar to ./.m2/repository/org/apache/commons/commons-lang3/3.8-SNAPSHOT/commons-lang3-3.8-SNAPSHOT-test-sources.jar
[INFO] ------------------------------------------------------------------------
[INFO] BUILD SUCCESS
[INFO] ------------------------------------------------------------------------
[INFO] Total time:  29.364 s
[INFO] Finished at: 
[INFO] ------------------------------------------------------------------------
