[INFO] Scanning for projects...
[INFO] 
[INFO] --------------< org.apache.commons:commons-collections4 >---------------
[INFO] Building Apache Commons Collections 4.5-SNAPSHOT
[INFO] --------------------------------[ jar ]---------------------------------
[INFO] 
[INFO] --- maven-clean-plugin:3.1.0:clean (default-clean) @ commons-collections4 ---
[INFO] Deleting ./commons-collections/target
[INFO] 
[INFO] --- maven-enforcer-plugin:3.0.0-M2:enforce (enforce-maven-version) @ commons-collections4 ---
[INFO] 
[INFO] --- maven-enforcer-plugin:3.0.0-M2:enforce (enforce-maven-3) @ commons-collections4 ---
[INFO] 
[INFO] --- apache-rat-plugin:0.13:check (rat-check) @ commons-collections4 ---
[INFO] Enabled default license matchers.
[INFO] Will parse SCM ignores for exclusions...
[INFO] Parsing exclusions from ./commons-collections/.gitignore
[INFO] Finished adding exclusions from SCM ignore files.
[INFO] 72 implicit excludes (use -debug for more details).
[INFO] 11 explicit excludes (use -debug for more details).
[INFO] 637 resources included (use -debug for more details)
[INFO] Rat check: Summary over all files. Unapproved: 0, unknown: 0, generated: 0, approved: 632 licenses.
[INFO] 
[INFO] --- build-helper-maven-plugin:3.0.0:parse-version (parse-version) @ commons-collections4 ---
[INFO] 
[INFO] --- maven-antrun-plugin:1.8:run (javadoc.resources) @ commons-collections4 ---
[INFO] Executing tasks

main:
     [copy] Copying 2 files to ./commons-collections/target/apidocs/META-INF
[INFO] Executed tasks
[INFO] 
[INFO] --- maven-remote-resources-plugin:1.5:process (process-resource-bundles) @ commons-collections4 ---
[INFO] 
[INFO] --- buildnumber-maven-plugin:1.4:create (default) @ commons-collections4 ---
[INFO] Executing: /bin/sh -c cd './commons-collections' && 'git' 'rev-parse' '--verify' 'HEAD'
[INFO] Working directory: ./commons-collections
[INFO] Storing buildNumber: 1b2690e280cd766c300274af6cfc2ffed7b57742 at timestamp: 1625610469735
[WARNING] Cannot get the branch information from the git repository: 
Detecting the current branch failed: fatal: ref HEAD is not a symbolic ref

[INFO] Executing: /bin/sh -c cd './commons-collections' && 'git' 'rev-parse' '--verify' 'HEAD'
[INFO] Working directory: ./commons-collections
[INFO] Storing buildScmBranch: UNKNOWN
[INFO] 
[INFO] --- maven-resources-plugin:3.1.0:resources (default-resources) @ commons-collections4 ---
[INFO] Using 'UTF-8' encoding to copy filtered resources.
[INFO] skip non existing resourceDirectory ./commons-collections/src/main/resources
[INFO] Copying 2 resources to META-INF
[INFO] 
[INFO] --- maven-compiler-plugin:3.8.1:compile (default-compile) @ commons-collections4 ---
[INFO] Changes detected - recompiling the module!
[INFO] Compiling 351 source files to ./commons-collections/target/classes
[INFO] ./commons-collections/src/main/java/org/apache/commons/collections4/MapUtils.java: Some input files use or override a deprecated API.
[INFO] ./commons-collections/src/main/java/org/apache/commons/collections4/MapUtils.java: Recompile with -Xlint:deprecation for details.
[INFO] ./commons-collections/src/main/java/org/apache/commons/collections4/CollectionUtils.java: Some input files use unchecked or unsafe operations.
[INFO] ./commons-collections/src/main/java/org/apache/commons/collections4/CollectionUtils.java: Recompile with -Xlint:unchecked for details.
[INFO] 
[INFO] --- maven-bundle-plugin:4.2.1:manifest (bundle-manifest) @ commons-collections4 ---
[INFO] 
[INFO] --- animal-sniffer-maven-plugin:1.18:check (checkAPIcompatibility) @ commons-collections4 ---
[INFO] Checking unresolved references to org.codehaus.mojo.signature:java18:1.0
[INFO] 
[INFO] --- maven-resources-plugin:3.1.0:testResources (default-testResources) @ commons-collections4 ---
[INFO] Using 'UTF-8' encoding to copy filtered resources.
[INFO] Copying 180 resources
[INFO] Copying 2 resources to META-INF
[INFO] 
[INFO] --- maven-compiler-plugin:3.8.1:testCompile (default-testCompile) @ commons-collections4 ---
[INFO] Changes detected - recompiling the module!
[INFO] Compiling 239 source files to ./commons-collections/target/test-classes
[INFO] ./commons-collections/src/test/java/org/apache/commons/collections4/MapUtilsTest.java: Some input files use or override a deprecated API.
[INFO] ./commons-collections/src/test/java/org/apache/commons/collections4/MapUtilsTest.java: Recompile with -Xlint:deprecation for details.
[INFO] ./commons-collections/src/test/java/org/apache/commons/collections4/multimap/AbstractMultiValuedMapTest.java: Some input files use unchecked or unsafe operations.
[INFO] ./commons-collections/src/test/java/org/apache/commons/collections4/multimap/AbstractMultiValuedMapTest.java: Recompile with -Xlint:unchecked for details.
[INFO] 
[INFO] --- jacoco-maven-plugin:0.8.5:prepare-agent (prepare-agent) @ commons-collections4 ---
[INFO] argLine set to -javaagent:./.m2/repository/org/jacoco/org.jacoco.agent/0.8.5/org.jacoco.agent-0.8.5-runtime.jar=destfile=./commons-collections/target/jacoco.exec
[INFO] 
[INFO] --- maven-surefire-plugin:2.22.2:test (default-test) @ commons-collections4 ---
[INFO] 
[INFO] -------------------------------------------------------
[INFO]  T E S T S
[INFO] -------------------------------------------------------
[INFO] Running org.apache.commons.collections4.MapUtilsTest
[INFO] Tests run: 65, Failures: 0, Errors: 0, Skipped: 0, Time elapsed: 0.265 s - in org.apache.commons.collections4.MapUtilsTest
[INFO] Running org.apache.commons.collections4.bloomfilter.HasherBloomFilterTest
[INFO] Tests run: 28, Failures: 0, Errors: 0, Skipped: 0, Time elapsed: 0.097 s - in org.apache.commons.collections4.bloomfilter.HasherBloomFilterTest
[INFO] Running org.apache.commons.collections4.bloomfilter.hasher.function.MD5CyclicTest
[INFO] Tests run: 2, Failures: 0, Errors: 0, Skipped: 0, Time elapsed: 0.001 s - in org.apache.commons.collections4.bloomfilter.hasher.function.MD5CyclicTest
[INFO] Running org.apache.commons.collections4.bloomfilter.hasher.function.Murmur128x64CyclicTest
[INFO] Tests run: 2, Failures: 0, Errors: 0, Skipped: 0, Time elapsed: 0.006 s - in org.apache.commons.collections4.bloomfilter.hasher.function.Murmur128x64CyclicTest
[INFO] Running org.apache.commons.collections4.bloomfilter.hasher.function.Murmur32x86IterativeTest
[INFO] Tests run: 2, Failures: 0, Errors: 0, Skipped: 0, Time elapsed: 0.006 s - in org.apache.commons.collections4.bloomfilter.hasher.function.Murmur32x86IterativeTest
[INFO] Running org.apache.commons.collections4.bloomfilter.hasher.function.ObjectsHashIterativeTest
[INFO] Tests run: 2, Failures: 0, Errors: 0, Skipped: 0, Time elapsed: 0.001 s - in org.apache.commons.collections4.bloomfilter.hasher.function.ObjectsHashIterativeTest
[INFO] Running org.apache.commons.collections4.bloomfilter.hasher.DynamicHasherBuilderTest
[INFO] Tests run: 5, Failures: 0, Errors: 0, Skipped: 0, Time elapsed: 0.013 s - in org.apache.commons.collections4.bloomfilter.hasher.DynamicHasherBuilderTest
[INFO] Running org.apache.commons.collections4.bloomfilter.hasher.StaticHasherTest
[INFO] Tests run: 10, Failures: 0, Errors: 0, Skipped: 0, Time elapsed: 0.019 s - in org.apache.commons.collections4.bloomfilter.hasher.StaticHasherTest
[INFO] Running org.apache.commons.collections4.bloomfilter.hasher.HashFunctionIdentityImplTest
[INFO] Tests run: 2, Failures: 0, Errors: 0, Skipped: 0, Time elapsed: 0.001 s - in org.apache.commons.collections4.bloomfilter.hasher.HashFunctionIdentityImplTest
[INFO] Running org.apache.commons.collections4.bloomfilter.hasher.ShapeTest
[INFO] Tests run: 23, Failures: 0, Errors: 0, Skipped: 0, Time elapsed: 0.007 s - in org.apache.commons.collections4.bloomfilter.hasher.ShapeTest
[INFO] Running org.apache.commons.collections4.bloomfilter.hasher.DynamicHasherTest
[INFO] Tests run: 3, Failures: 0, Errors: 0, Skipped: 0, Time elapsed: 0.018 s - in org.apache.commons.collections4.bloomfilter.hasher.DynamicHasherTest
[INFO] Running org.apache.commons.collections4.bloomfilter.hasher.HashFunctionValidatorTest
[INFO] Tests run: 6, Failures: 0, Errors: 0, Skipped: 0, Time elapsed: 0.001 s - in org.apache.commons.collections4.bloomfilter.hasher.HashFunctionValidatorTest
[INFO] Running org.apache.commons.collections4.bloomfilter.hasher.HasherBuilderTest
[INFO] Tests run: 2, Failures: 0, Errors: 0, Skipped: 0, Time elapsed: 0.004 s - in org.apache.commons.collections4.bloomfilter.hasher.HasherBuilderTest
[INFO] Running org.apache.commons.collections4.bloomfilter.BitSetBloomFilterTest
[INFO] Tests run: 25, Failures: 0, Errors: 0, Skipped: 0, Time elapsed: 0.003 s - in org.apache.commons.collections4.bloomfilter.BitSetBloomFilterTest
[INFO] Running org.apache.commons.collections4.bloomfilter.SetOperationsTest
[INFO] Tests run: 13, Failures: 0, Errors: 0, Skipped: 0, Time elapsed: 0.021 s - in org.apache.commons.collections4.bloomfilter.SetOperationsTest
[INFO] Running org.apache.commons.collections4.bloomfilter.IndexFilterTest
[INFO] Tests run: 3, Failures: 0, Errors: 0, Skipped: 0, Time elapsed: 0.007 s - in org.apache.commons.collections4.bloomfilter.IndexFilterTest
[INFO] Running org.apache.commons.collections4.bloomfilter.DefaultBloomFilterMethodsTest
[INFO] Tests run: 25, Failures: 0, Errors: 0, Skipped: 0, Time elapsed: 0.009 s - in org.apache.commons.collections4.bloomfilter.DefaultBloomFilterMethodsTest
[INFO] Running org.apache.commons.collections4.bloomfilter.ArrayCountingBloomFilterTest
[INFO] Tests run: 47, Failures: 0, Errors: 0, Skipped: 0, Time elapsed: 0.05 s - in org.apache.commons.collections4.bloomfilter.ArrayCountingBloomFilterTest
[INFO] Running org.apache.commons.collections4.bloomfilter.BloomFilterIndexerTest
[INFO] Tests run: 3, Failures: 0, Errors: 0, Skipped: 0, Time elapsed: 0.002 s - in org.apache.commons.collections4.bloomfilter.BloomFilterIndexerTest
[INFO] Running org.apache.commons.collections4.PredicateUtilsTest
[INFO] Tests run: 65, Failures: 0, Errors: 0, Skipped: 0, Time elapsed: 0.064 s - in org.apache.commons.collections4.PredicateUtilsTest
[INFO] Running org.apache.commons.collections4.TransformerUtilsTest
[INFO] Tests run: 18, Failures: 0, Errors: 0, Skipped: 0, Time elapsed: 0.016 s - in org.apache.commons.collections4.TransformerUtilsTest
[INFO] Running PredicatedMultiSetTest
[INFO] Tests run: 80, Failures: 0, Errors: 0, Skipped: 0, Time elapsed: 0.127 s - in PredicatedMultiSetTest
[INFO] Running UnmodifiableMultiSetTest
[INFO] Tests run: 83, Failures: 0, Errors: 0, Skipped: 0, Time elapsed: 0.044 s - in UnmodifiableMultiSetTest
[INFO] Running SynchronizedMultiSetTest
[INFO] Tests run: 77, Failures: 0, Errors: 0, Skipped: 0, Time elapsed: 0.086 s - in SynchronizedMultiSetTest
[INFO] Running HashMultiSetTest
[INFO] Tests run: 77, Failures: 0, Errors: 0, Skipped: 0, Time elapsed: 0.022 s - in HashMultiSetTest
[INFO] Running org.apache.commons.collections4.FactoryUtilsTest
[INFO] Tests run: 16, Failures: 0, Errors: 0, Skipped: 0, Time elapsed: 0.016 s - in org.apache.commons.collections4.FactoryUtilsTest
[INFO] Running PredicatedBagTest
[INFO] Tests run: 79, Failures: 0, Errors: 0, Skipped: 0, Time elapsed: 0.024 s - in PredicatedBagTest
[INFO] Running HashBagTest
[INFO] Tests run: 76, Failures: 0, Errors: 0, Skipped: 0, Time elapsed: 0.006 s - in HashBagTest
[INFO] Running org.apache.commons.collections4.bag.CollectionBagTest
[INFO] Tests run: 29, Failures: 0, Errors: 0, Skipped: 0, Time elapsed: 0.014 s - in org.apache.commons.collections4.bag.CollectionBagTest
[INFO] Running PredicatedSortedBagTest
[INFO] Tests run: 78, Failures: 0, Errors: 0, Skipped: 0, Time elapsed: 0.048 s - in PredicatedSortedBagTest
[INFO] Running SynchronizedBagTest
[INFO] Tests run: 76, Failures: 0, Errors: 0, Skipped: 0, Time elapsed: 0.06 s - in SynchronizedBagTest
[INFO] Running TreeBagTest
[INFO] Tests run: 79, Failures: 0, Errors: 0, Skipped: 0, Time elapsed: 0.048 s - in TreeBagTest
[INFO] Running TransformedSortedBagTest
[INFO] Tests run: 78, Failures: 0, Errors: 0, Skipped: 0, Time elapsed: 0.042 s - in TransformedSortedBagTest
[INFO] Running UnmodifiableSortedBagTest
[INFO] Tests run: 78, Failures: 0, Errors: 0, Skipped: 0, Time elapsed: 0.017 s - in UnmodifiableSortedBagTest
[INFO] Running org.apache.commons.collections4.bag.CollectionSortedBagTest
[INFO] Tests run: 29, Failures: 0, Errors: 0, Skipped: 0, Time elapsed: 0.035 s - in org.apache.commons.collections4.bag.CollectionSortedBagTest
[INFO] Running TransformedBagTest
[INFO] Tests run: 78, Failures: 0, Errors: 0, Skipped: 0, Time elapsed: 0.024 s - in TransformedBagTest
[INFO] Running UnmodifiableBagTest
[INFO] Tests run: 78, Failures: 0, Errors: 0, Skipped: 0, Time elapsed: 0.008 s - in UnmodifiableBagTest
[INFO] Running org.apache.commons.collections4.IteratorUtilsTest
[INFO] Tests run: 48, Failures: 0, Errors: 0, Skipped: 0, Time elapsed: 0.736 s - in org.apache.commons.collections4.IteratorUtilsTest
[INFO] Running org.apache.commons.collections4.properties.SortedPropertiesFactoryTest
[WARNING] Tests run: 20, Failures: 0, Errors: 0, Skipped: 2, Time elapsed: 0.162 s - in org.apache.commons.collections4.properties.SortedPropertiesFactoryTest
[INFO] Running org.apache.commons.collections4.properties.SortedPropertiesTest
[INFO] Tests run: 1, Failures: 0, Errors: 0, Skipped: 0, Time elapsed: 0 s - in org.apache.commons.collections4.properties.SortedPropertiesTest
[INFO] Running org.apache.commons.collections4.properties.EmptyPropertiesTest
[INFO] Tests run: 45, Failures: 0, Errors: 0, Skipped: 0, Time elapsed: 0.062 s - in org.apache.commons.collections4.properties.EmptyPropertiesTest
[INFO] Running org.apache.commons.collections4.properties.PropertiesFactoryTest
[WARNING] Tests run: 20, Failures: 0, Errors: 0, Skipped: 2, Time elapsed: 0.031 s - in org.apache.commons.collections4.properties.PropertiesFactoryTest
[INFO] Running HashSetValuedHashMapTest
[INFO] Tests run: 345, Failures: 0, Errors: 0, Skipped: 0, Time elapsed: 0.194 s - in HashSetValuedHashMapTest
[INFO] Running ArrayListValuedHashMapTest
[INFO] Tests run: 349, Failures: 0, Errors: 0, Skipped: 0, Time elapsed: 0.144 s - in ArrayListValuedHashMapTest
[INFO] Running UnmodifiableMultiValuedMapTest
[INFO] Tests run: 352, Failures: 0, Errors: 0, Skipped: 0, Time elapsed: 0.11 s - in UnmodifiableMultiValuedMapTest
[INFO] Running TransformedMultiValuedMapTest
[INFO] Tests run: 342, Failures: 0, Errors: 0, Skipped: 0, Time elapsed: 0.051 s - in TransformedMultiValuedMapTest
[INFO] Running UnmodifiableOrderedBidiMapTest
[INFO] Tests run: 391, Failures: 0, Errors: 0, Skipped: 0, Time elapsed: 0.348 s - in UnmodifiableOrderedBidiMapTest
[INFO] Running DualLinkedHashBidiMapTest
[INFO] Tests run: 368, Failures: 0, Errors: 0, Skipped: 0, Time elapsed: 0.186 s - in DualLinkedHashBidiMapTest
[INFO] Running TreeBidiMapTest
[INFO] Tests run: 389, Failures: 0, Errors: 0, Skipped: 0, Time elapsed: 0.193 s - in TreeBidiMapTest
[INFO] Running DualTreeBidiMapTest
[INFO] Tests run: 818, Failures: 0, Errors: 0, Skipped: 0, Time elapsed: 0.51 s - in DualTreeBidiMapTest
[INFO] Running UnmodifiableBidiMapTest
[INFO] Tests run: 370, Failures: 0, Errors: 0, Skipped: 0, Time elapsed: 0.155 s - in UnmodifiableBidiMapTest
[INFO] Running UnmodifiableSortedBidiMapTest
[INFO] Tests run: 820, Failures: 0, Errors: 0, Skipped: 0, Time elapsed: 0.191 s - in UnmodifiableSortedBidiMapTest
[INFO] Running DualTreeBidiMap2Test
[INFO] Tests run: 823, Failures: 0, Errors: 0, Skipped: 0, Time elapsed: 0.309 s - in DualTreeBidiMap2Test
[INFO] Running DualHashBidiMapTest
[INFO] Tests run: 368, Failures: 0, Errors: 0, Skipped: 0, Time elapsed: 0.159 s - in DualHashBidiMapTest
[INFO] Running ArrayStackTest
[INFO] Tests run: 156, Failures: 0, Errors: 0, Skipped: 0, Time elapsed: 0.048 s - in ArrayStackTest
[INFO] Running org.apache.commons.collections4.IterableUtilsTest
[INFO] Tests run: 19, Failures: 0, Errors: 0, Skipped: 0, Time elapsed: 0.008 s - in org.apache.commons.collections4.IterableUtilsTest
[INFO] Running org.apache.commons.collections4.MultiSetUtilsTest
[INFO] Tests run: 4, Failures: 0, Errors: 0, Skipped: 0, Time elapsed: 0.001 s - in org.apache.commons.collections4.MultiSetUtilsTest
[INFO] Running org.apache.commons.collections4.BagUtilsTest
[INFO] Tests run: 8, Failures: 0, Errors: 0, Skipped: 0, Time elapsed: 0.002 s - in org.apache.commons.collections4.BagUtilsTest
[INFO] Running org.apache.commons.collections4.ListUtilsTest
[INFO] Tests run: 23, Failures: 0, Errors: 0, Skipped: 0, Time elapsed: 0.018 s - in org.apache.commons.collections4.ListUtilsTest
[INFO] Running org.apache.commons.collections4.splitmap.TransformedSplitMapTest
[INFO] Tests run: 4, Failures: 0, Errors: 0, Skipped: 0, Time elapsed: 0.001 s - in org.apache.commons.collections4.splitmap.TransformedSplitMapTest
[INFO] Running org.apache.commons.collections4.MultiMapUtilsTest
[INFO] Tests run: 10, Failures: 0, Errors: 0, Skipped: 0, Time elapsed: 0.001 s - in org.apache.commons.collections4.MultiMapUtilsTest
[INFO] Running org.apache.commons.collections4.FluentIterableTest
[INFO] Tests run: 26, Failures: 0, Errors: 0, Skipped: 0, Time elapsed: 0.017 s - in org.apache.commons.collections4.FluentIterableTest
[INFO] Running org.apache.commons.collections4.queue.CircularFifoQueueTest
[INFO] Tests run: 55, Failures: 0, Errors: 0, Skipped: 0, Time elapsed: 0.015 s - in org.apache.commons.collections4.queue.CircularFifoQueueTest
[INFO] Running org.apache.commons.collections4.queue.UnmodifiableQueueTest
[INFO] Tests run: 40, Failures: 0, Errors: 0, Skipped: 0, Time elapsed: 0.014 s - in org.apache.commons.collections4.queue.UnmodifiableQueueTest
[INFO] Running SynchronizedQueueTest
[INFO] Tests run: 37, Failures: 0, Errors: 0, Skipped: 0, Time elapsed: 0.012 s - in SynchronizedQueueTest
[INFO] Running org.apache.commons.collections4.queue.TransformedQueueTest
[INFO] Tests run: 38, Failures: 0, Errors: 0, Skipped: 0, Time elapsed: 0.009 s - in org.apache.commons.collections4.queue.TransformedQueueTest
[INFO] Running org.apache.commons.collections4.queue.PredicatedQueueTest
[INFO] Tests run: 38, Failures: 0, Errors: 0, Skipped: 0, Time elapsed: 0.007 s - in org.apache.commons.collections4.queue.PredicatedQueueTest
[INFO] Running org.apache.commons.collections4.comparators.FixedOrderComparatorTest
[INFO] Tests run: 19, Failures: 0, Errors: 0, Skipped: 0, Time elapsed: 0.004 s - in org.apache.commons.collections4.comparators.FixedOrderComparatorTest
[INFO] Running org.apache.commons.collections4.comparators.BooleanComparatorTest
[INFO] Tests run: 16, Failures: 0, Errors: 0, Skipped: 0, Time elapsed: 0.001 s - in org.apache.commons.collections4.comparators.BooleanComparatorTest
[INFO] Running org.apache.commons.collections4.comparators.ComparableComparatorTest
[INFO] Tests run: 13, Failures: 0, Errors: 0, Skipped: 0, Time elapsed: 0.001 s - in org.apache.commons.collections4.comparators.ComparableComparatorTest
[INFO] Running org.apache.commons.collections4.comparators.ReverseComparatorTest
[INFO] Tests run: 13, Failures: 0, Errors: 0, Skipped: 0, Time elapsed: 0.002 s - in org.apache.commons.collections4.comparators.ReverseComparatorTest
[INFO] Running org.apache.commons.collections4.comparators.ComparatorChainTest
[INFO] Tests run: 18, Failures: 0, Errors: 0, Skipped: 0, Time elapsed: 0.006 s - in org.apache.commons.collections4.comparators.ComparatorChainTest
[INFO] Running org.apache.commons.collections4.comparators.TransformingComparatorTest
[INFO] Tests run: 14, Failures: 0, Errors: 0, Skipped: 0, Time elapsed: 0.001 s - in org.apache.commons.collections4.comparators.TransformingComparatorTest
[INFO] Running org.apache.commons.collections4.SetUtilsTest
[INFO] Tests run: 12, Failures: 0, Errors: 0, Skipped: 0, Time elapsed: 0.003 s - in org.apache.commons.collections4.SetUtilsTest
[INFO] Running org.apache.commons.collections4.collection.UnmodifiableCollectionTest
[INFO] Tests run: 29, Failures: 0, Errors: 0, Skipped: 0, Time elapsed: 0.003 s - in org.apache.commons.collections4.collection.UnmodifiableCollectionTest
[INFO] Running org.apache.commons.collections4.collection.PredicatedCollectionBuilderTest
[INFO] Tests run: 5, Failures: 0, Errors: 0, Skipped: 0, Time elapsed: 0 s - in org.apache.commons.collections4.collection.PredicatedCollectionBuilderTest
[INFO] Running org.apache.commons.collections4.collection.IndexedCollectionTest
[INFO] Tests run: 31, Failures: 0, Errors: 0, Skipped: 0, Time elapsed: 0.013 s - in org.apache.commons.collections4.collection.IndexedCollectionTest
[INFO] Running org.apache.commons.collections4.collection.TransformedCollectionTest
[INFO] Tests run: 29, Failures: 0, Errors: 0, Skipped: 0, Time elapsed: 0.006 s - in org.apache.commons.collections4.collection.TransformedCollectionTest
[INFO] Running org.apache.commons.collections4.collection.CompositeCollectionTest
[INFO] Tests run: 45, Failures: 0, Errors: 0, Skipped: 0, Time elapsed: 0.007 s - in org.apache.commons.collections4.collection.CompositeCollectionTest
[INFO] Running org.apache.commons.collections4.collection.UnmodifiableBoundedCollectionTest
[INFO] Tests run: 29, Failures: 0, Errors: 0, Skipped: 0, Time elapsed: 0.004 s - in org.apache.commons.collections4.collection.UnmodifiableBoundedCollectionTest
[INFO] Running org.apache.commons.collections4.collection.PredicatedCollectionTest
[INFO] Tests run: 29, Failures: 0, Errors: 0, Skipped: 0, Time elapsed: 0.001 s - in org.apache.commons.collections4.collection.PredicatedCollectionTest
[INFO] Running org.apache.commons.collections4.collection.SynchronizedCollectionTest
[INFO] Tests run: 27, Failures: 0, Errors: 0, Skipped: 0, Time elapsed: 0.003 s - in org.apache.commons.collections4.collection.SynchronizedCollectionTest
[INFO] Running PatriciaTrie2Test
[INFO] Tests run: 177, Failures: 0, Errors: 0, Skipped: 0, Time elapsed: 0.157 s - in PatriciaTrie2Test
[INFO] Running PatriciaTrieTest
[INFO] Tests run: 562, Failures: 0, Errors: 0, Skipped: 0, Time elapsed: 0.364 s - in PatriciaTrieTest
[INFO] Running UnmodifiableTrieTest
[INFO] Tests run: 557, Failures: 0, Errors: 0, Skipped: 0, Time elapsed: 0.27 s - in UnmodifiableTrieTest
[INFO] Running org.apache.commons.collections4.iterators.ListIteratorWrapper2Test
[INFO] Tests run: 13, Failures: 0, Errors: 0, Skipped: 0, Time elapsed: 0.001 s - in org.apache.commons.collections4.iterators.ListIteratorWrapper2Test
[INFO] Running org.apache.commons.collections4.iterators.FilterIteratorTest
[INFO] Tests run: 16, Failures: 0, Errors: 0, Skipped: 0, Time elapsed: 0 s - in org.apache.commons.collections4.iterators.FilterIteratorTest
[INFO] Running org.apache.commons.collections4.iterators.BoundedIteratorTest
[INFO] Tests run: 24, Failures: 0, Errors: 0, Skipped: 0, Time elapsed: 0.003 s - in org.apache.commons.collections4.iterators.BoundedIteratorTest
[INFO] Running org.apache.commons.collections4.iterators.ReverseListIteratorTest
[INFO] Tests run: 20, Failures: 0, Errors: 0, Skipped: 0, Time elapsed: 0.009 s - in org.apache.commons.collections4.iterators.ReverseListIteratorTest
[INFO] Running org.apache.commons.collections4.iterators.LazyIteratorChainTest
[INFO] Tests run: 15, Failures: 0, Errors: 0, Skipped: 0, Time elapsed: 0 s - in org.apache.commons.collections4.iterators.LazyIteratorChainTest
[INFO] Running org.apache.commons.collections4.iterators.SingletonListIteratorTest
[INFO] Tests run: 20, Failures: 0, Errors: 0, Skipped: 0, Time elapsed: 0.001 s - in org.apache.commons.collections4.iterators.SingletonListIteratorTest
[INFO] Running org.apache.commons.collections4.iterators.ZippingIteratorTest
[INFO] Tests run: 18, Failures: 0, Errors: 0, Skipped: 0, Time elapsed: 0.004 s - in org.apache.commons.collections4.iterators.ZippingIteratorTest
[INFO] Running org.apache.commons.collections4.iterators.ArrayIterator2Test
[INFO] Tests run: 13, Failures: 0, Errors: 0, Skipped: 0, Time elapsed: 0.002 s - in org.apache.commons.collections4.iterators.ArrayIterator2Test
[INFO] Running org.apache.commons.collections4.iterators.SingletonIterator2Test
[INFO] Tests run: 13, Failures: 0, Errors: 0, Skipped: 0, Time elapsed: 0 s - in org.apache.commons.collections4.iterators.SingletonIterator2Test
[INFO] Running org.apache.commons.collections4.iterators.ArrayListIterator2Test
[INFO] Tests run: 13, Failures: 0, Errors: 0, Skipped: 0, Time elapsed: 0.001 s - in org.apache.commons.collections4.iterators.ArrayListIterator2Test
[INFO] Running org.apache.commons.collections4.iterators.UnmodifiableIteratorTest
[INFO] Tests run: 13, Failures: 0, Errors: 0, Skipped: 0, Time elapsed: 0 s - in org.apache.commons.collections4.iterators.UnmodifiableIteratorTest
[INFO] Running org.apache.commons.collections4.iterators.UnmodifiableOrderedMapIteratorTest
[INFO] Tests run: 20, Failures: 0, Errors: 0, Skipped: 0, Time elapsed: 0.009 s - in org.apache.commons.collections4.iterators.UnmodifiableOrderedMapIteratorTest
[INFO] Running org.apache.commons.collections4.iterators.UniqueFilterIteratorTest
[INFO] Tests run: 12, Failures: 0, Errors: 0, Skipped: 0, Time elapsed: 0 s - in org.apache.commons.collections4.iterators.UniqueFilterIteratorTest
[INFO] Running org.apache.commons.collections4.iterators.FilterListIteratorTest
[INFO] Tests run: 15, Failures: 0, Errors: 0, Skipped: 0, Time elapsed: 0.021 s - in org.apache.commons.collections4.iterators.FilterListIteratorTest
[INFO] Running org.apache.commons.collections4.iterators.IteratorEnumerationTest
[INFO] Tests run: 1, Failures: 0, Errors: 0, Skipped: 0, Time elapsed: 0 s - in org.apache.commons.collections4.iterators.IteratorEnumerationTest
[INFO] Running org.apache.commons.collections4.iterators.ObjectArrayIteratorTest
[INFO] Tests run: 14, Failures: 0, Errors: 0, Skipped: 0, Time elapsed: 0 s - in org.apache.commons.collections4.iterators.ObjectArrayIteratorTest
[INFO] Running org.apache.commons.collections4.iterators.IteratorChainTest
[INFO] Tests run: 15, Failures: 0, Errors: 0, Skipped: 0, Time elapsed: 0 s - in org.apache.commons.collections4.iterators.IteratorChainTest
[INFO] Running org.apache.commons.collections4.iterators.ObjectGraphIteratorTest
[INFO] Tests run: 26, Failures: 0, Errors: 0, Skipped: 0, Time elapsed: 0 s - in org.apache.commons.collections4.iterators.ObjectGraphIteratorTest
[INFO] Running org.apache.commons.collections4.iterators.ObjectArrayListIterator2Test
[INFO] Tests run: 18, Failures: 0, Errors: 0, Skipped: 0, Time elapsed: 0 s - in org.apache.commons.collections4.iterators.ObjectArrayListIterator2Test
[INFO] Running org.apache.commons.collections4.iterators.SkippingIteratorTest
[INFO] Tests run: 21, Failures: 0, Errors: 0, Skipped: 0, Time elapsed: 0 s - in org.apache.commons.collections4.iterators.SkippingIteratorTest
[INFO] Running org.apache.commons.collections4.iterators.NodeListIteratorTest
[INFO] Tests run: 14, Failures: 0, Errors: 0, Skipped: 0, Time elapsed: 0.018 s - in org.apache.commons.collections4.iterators.NodeListIteratorTest
[INFO] Running org.apache.commons.collections4.iterators.PeekingIteratorTest
[INFO] Tests run: 16, Failures: 0, Errors: 0, Skipped: 0, Time elapsed: 0 s - in org.apache.commons.collections4.iterators.PeekingIteratorTest
[INFO] Running org.apache.commons.collections4.iterators.UnmodifiableListIteratorTest
[INFO] Tests run: 20, Failures: 0, Errors: 0, Skipped: 0, Time elapsed: 0.001 s - in org.apache.commons.collections4.iterators.UnmodifiableListIteratorTest
[INFO] Running org.apache.commons.collections4.iterators.PushbackIteratorTest
[INFO] Tests run: 15, Failures: 0, Errors: 0, Skipped: 0, Time elapsed: 0.001 s - in org.apache.commons.collections4.iterators.PushbackIteratorTest
[INFO] Running org.apache.commons.collections4.iterators.LoopingIteratorTest
[INFO] Tests run: 8, Failures: 0, Errors: 0, Skipped: 0, Time elapsed: 0 s - in org.apache.commons.collections4.iterators.LoopingIteratorTest
[INFO] Running org.apache.commons.collections4.iterators.CollatingIteratorTest
[INFO] Tests run: 20, Failures: 0, Errors: 0, Skipped: 0, Time elapsed: 0.001 s - in org.apache.commons.collections4.iterators.CollatingIteratorTest
[INFO] Running org.apache.commons.collections4.iterators.ListIteratorWrapperTest
[INFO] Tests run: 13, Failures: 0, Errors: 0, Skipped: 0, Time elapsed: 0 s - in org.apache.commons.collections4.iterators.ListIteratorWrapperTest
[INFO] Running org.apache.commons.collections4.iterators.LoopingListIteratorTest
[INFO] Tests run: 12, Failures: 0, Errors: 0, Skipped: 0, Time elapsed: 0 s - in org.apache.commons.collections4.iterators.LoopingListIteratorTest
[INFO] Running org.apache.commons.collections4.iterators.UnmodifiableMapIteratorTest
[INFO] Tests run: 19, Failures: 0, Errors: 0, Skipped: 0, Time elapsed: 0 s - in org.apache.commons.collections4.iterators.UnmodifiableMapIteratorTest
[INFO] Running org.apache.commons.collections4.iterators.PermutationIteratorTest
[INFO] Tests run: 17, Failures: 0, Errors: 0, Skipped: 0, Time elapsed: 0.002 s - in org.apache.commons.collections4.iterators.PermutationIteratorTest
[INFO] Running org.apache.commons.collections4.iterators.ArrayListIteratorTest
[INFO] Tests run: 16, Failures: 0, Errors: 0, Skipped: 0, Time elapsed: 0 s - in org.apache.commons.collections4.iterators.ArrayListIteratorTest
[INFO] Running org.apache.commons.collections4.iterators.ObjectArrayListIteratorTest
[INFO] Tests run: 16, Failures: 0, Errors: 0, Skipped: 0, Time elapsed: 0 s - in org.apache.commons.collections4.iterators.ObjectArrayListIteratorTest
[INFO] Running IteratorIterableTest
[INFO] Tests run: 2, Failures: 0, Errors: 0, Skipped: 0, Time elapsed: 0 s - in IteratorIterableTest
[INFO] Running org.apache.commons.collections4.iterators.ArrayIteratorTest
[INFO] Tests run: 14, Failures: 0, Errors: 0, Skipped: 0, Time elapsed: 0 s - in org.apache.commons.collections4.iterators.ArrayIteratorTest
[INFO] Running org.apache.commons.collections4.iterators.SingletonIteratorTest
[INFO] Tests run: 14, Failures: 0, Errors: 0, Skipped: 0, Time elapsed: 0.001 s - in org.apache.commons.collections4.iterators.SingletonIteratorTest
[INFO] Running org.apache.commons.collections4.sequence.SequencesComparatorTest
[INFO] Tests run: 4, Failures: 0, Errors: 0, Skipped: 0, Time elapsed: 0.322 s - in org.apache.commons.collections4.sequence.SequencesComparatorTest
[INFO] Running org.apache.commons.collections4.keyvalue.UnmodifiableMapEntryTest
[INFO] Tests run: 6, Failures: 0, Errors: 0, Skipped: 0, Time elapsed: 0 s - in org.apache.commons.collections4.keyvalue.UnmodifiableMapEntryTest
[INFO] Running org.apache.commons.collections4.keyvalue.MultiKeyTest
[INFO] Tests run: 13, Failures: 0, Errors: 0, Skipped: 0, Time elapsed: 0.003 s - in org.apache.commons.collections4.keyvalue.MultiKeyTest
[INFO] Running org.apache.commons.collections4.keyvalue.DefaultKeyValueTest
[INFO] Tests run: 6, Failures: 0, Errors: 0, Skipped: 0, Time elapsed: 0 s - in org.apache.commons.collections4.keyvalue.DefaultKeyValueTest
[INFO] Running org.apache.commons.collections4.keyvalue.TiedMapEntryTest
[INFO] Tests run: 6, Failures: 0, Errors: 0, Skipped: 0, Time elapsed: 0 s - in org.apache.commons.collections4.keyvalue.TiedMapEntryTest
[INFO] Running org.apache.commons.collections4.keyvalue.DefaultMapEntryTest
[INFO] Tests run: 5, Failures: 0, Errors: 0, Skipped: 0, Time elapsed: 0 s - in org.apache.commons.collections4.keyvalue.DefaultMapEntryTest
[INFO] Running org.apache.commons.collections4.map.LazyMapTest
[INFO] Tests run: 50, Failures: 0, Errors: 0, Skipped: 0, Time elapsed: 0.008 s - in org.apache.commons.collections4.map.LazyMapTest
[INFO] Running org.apache.commons.collections4.map.UnmodifiableOrderedMapTest
[INFO] Tests run: 56, Failures: 0, Errors: 0, Skipped: 0, Time elapsed: 0.014 s - in org.apache.commons.collections4.map.UnmodifiableOrderedMapTest
[INFO] Running HashedMapTest
[INFO] Tests run: 158, Failures: 0, Errors: 0, Skipped: 0, Time elapsed: 0.077 s - in HashedMapTest
[INFO] Running org.apache.commons.collections4.map.TransformedMapTest
[INFO] Tests run: 53, Failures: 0, Errors: 0, Skipped: 0, Time elapsed: 0.017 s - in org.apache.commons.collections4.map.TransformedMapTest
[INFO] Running org.apache.commons.collections4.map.MultiValueMapTest
[INFO] Tests run: 36, Failures: 0, Errors: 0, Skipped: 0, Time elapsed: 0.019 s - in org.apache.commons.collections4.map.MultiValueMapTest
[INFO] Running org.apache.commons.collections4.map.PredicatedSortedMapTest
[INFO] Tests run: 54, Failures: 0, Errors: 0, Skipped: 0, Time elapsed: 0.021 s - in org.apache.commons.collections4.map.PredicatedSortedMapTest
[INFO] Running org.apache.commons.collections4.map.CompositeMapTest
[INFO] Tests run: 58, Failures: 0, Errors: 0, Skipped: 0, Time elapsed: 0.021 s - in org.apache.commons.collections4.map.CompositeMapTest
[INFO] Running SingletonMapTest
[INFO] Tests run: 178, Failures: 0, Errors: 0, Skipped: 0, Time elapsed: 0.035 s - in SingletonMapTest
[INFO] Running org.apache.commons.collections4.map.UnmodifiableMapTest
[INFO] Tests run: 52, Failures: 0, Errors: 0, Skipped: 0, Time elapsed: 0.005 s - in org.apache.commons.collections4.map.UnmodifiableMapTest
[INFO] Running LRUMapTest
[INFO] Tests run: 193, Failures: 0, Errors: 0, Skipped: 0, Time elapsed: 4.563 s - in LRUMapTest
[INFO] Running org.apache.commons.collections4.map.UnmodifiableSortedMapTest
[INFO] Tests run: 55, Failures: 0, Errors: 0, Skipped: 0, Time elapsed: 0.011 s - in org.apache.commons.collections4.map.UnmodifiableSortedMapTest
[INFO] Running org.apache.commons.collections4.map.LazySortedMapTest
[INFO] Tests run: 53, Failures: 0, Errors: 0, Skipped: 0, Time elapsed: 0.013 s - in org.apache.commons.collections4.map.LazySortedMapTest
[INFO] Running Flat3MapTest
[INFO] Tests run: 200, Failures: 0, Errors: 0, Skipped: 0, Time elapsed: 0.06 s - in Flat3MapTest
[INFO] Running ReferenceIdentityMapTest
[INFO] Tests run: 159, Failures: 0, Errors: 0, Skipped: 0, Time elapsed: 2.199 s - in ReferenceIdentityMapTest
[INFO] Running MultiKeyMapTest
[INFO] Tests run: 167, Failures: 0, Errors: 0, Skipped: 0, Time elapsed: 0.103 s - in MultiKeyMapTest
[INFO] Running ReferenceMapTest
[INFO] Tests run: 159, Failures: 0, Errors: 0, Skipped: 0, Time elapsed: 1.282 s - in ReferenceMapTest
[INFO] Running LinkedMapTest
[INFO] Tests run: 337, Failures: 0, Errors: 0, Skipped: 0, Time elapsed: 0.114 s - in LinkedMapTest
[INFO] Running ListOrderedMapTest
[INFO] Tests run: 494, Failures: 0, Errors: 0, Skipped: 0, Time elapsed: 0.125 s - in ListOrderedMapTest
[INFO] Running FixedSizeSortedMapTest
[INFO] Tests run: 555, Failures: 0, Errors: 0, Skipped: 0, Time elapsed: 0.144 s - in FixedSizeSortedMapTest
[INFO] Running StaticBucketMapTest
[INFO] Tests run: 155, Failures: 0, Errors: 0, Skipped: 0, Time elapsed: 0.114 s - in StaticBucketMapTest
[INFO] Running org.apache.commons.collections4.map.PredicatedMapTest
[INFO] Tests run: 52, Failures: 0, Errors: 0, Skipped: 0, Time elapsed: 0.012 s - in org.apache.commons.collections4.map.PredicatedMapTest
[INFO] Running org.apache.commons.collections4.map.DefaultedMapTest
[INFO] Tests run: 54, Failures: 0, Errors: 0, Skipped: 0, Time elapsed: 0.016 s - in org.apache.commons.collections4.map.DefaultedMapTest
[INFO] Running org.apache.commons.collections4.map.FixedSizeMapTest
[INFO] Tests run: 50, Failures: 0, Errors: 0, Skipped: 0, Time elapsed: 0.017 s - in org.apache.commons.collections4.map.FixedSizeMapTest
[INFO] Running ListOrderedMap2Test
[INFO] Tests run: 333, Failures: 0, Errors: 0, Skipped: 0, Time elapsed: 0.108 s - in ListOrderedMap2Test
[INFO] Running TransformedSortedMapTest
[INFO] Tests run: 558, Failures: 0, Errors: 0, Skipped: 0, Time elapsed: 0.123 s - in TransformedSortedMapTest
[INFO] Running PassiveExpiringMapTest
[INFO] Tests run: 148, Failures: 0, Errors: 0, Skipped: 0, Time elapsed: 6.036 s - in PassiveExpiringMapTest
[INFO] Running CaseInsensitiveMapTest
[INFO] Tests run: 161, Failures: 0, Errors: 0, Skipped: 0, Time elapsed: 0.051 s - in CaseInsensitiveMapTest
[INFO] Running org.apache.commons.collections4.QueueUtilsTest
[INFO] Tests run: 5, Failures: 0, Errors: 0, Skipped: 0, Time elapsed: 0 s - in org.apache.commons.collections4.QueueUtilsTest
[INFO] Running org.apache.commons.collections4.functors.NullPredicateTest
[INFO] Tests run: 3, Failures: 0, Errors: 0, Skipped: 0, Time elapsed: 0 s - in org.apache.commons.collections4.functors.NullPredicateTest
[INFO] Running org.apache.commons.collections4.functors.ComparatorPredicateTest
[INFO] Tests run: 6, Failures: 0, Errors: 0, Skipped: 0, Time elapsed: 0 s - in org.apache.commons.collections4.functors.ComparatorPredicateTest
[INFO] Running org.apache.commons.collections4.functors.CatchAndRethrowClosureTest
[INFO] Tests run: 2, Failures: 0, Errors: 0, Skipped: 0, Time elapsed: 0 s - in org.apache.commons.collections4.functors.CatchAndRethrowClosureTest
[INFO] Running org.apache.commons.collections4.functors.EqualPredicateTest
[INFO] Tests run: 4, Failures: 0, Errors: 0, Skipped: 0, Time elapsed: 0 s - in org.apache.commons.collections4.functors.EqualPredicateTest
[INFO] Running org.apache.commons.collections4.functors.AllPredicateTest
[INFO] Tests run: 13, Failures: 0, Errors: 0, Skipped: 0, Time elapsed: 0.001 s - in org.apache.commons.collections4.functors.AllPredicateTest
[INFO] Running TransformedSortedSetTest
[INFO] Tests run: 118, Failures: 0, Errors: 0, Skipped: 0, Time elapsed: 0.019 s - in TransformedSortedSetTest
[INFO] Running org.apache.commons.collections4.set.CompositeSetTest
[INFO] Tests run: 37, Failures: 0, Errors: 0, Skipped: 0, Time elapsed: 0.003 s - in org.apache.commons.collections4.set.CompositeSetTest
[INFO] Running org.apache.commons.collections4.set.ListOrderedSet2Test
[INFO] Tests run: 32, Failures: 0, Errors: 0, Skipped: 0, Time elapsed: 0.007 s - in org.apache.commons.collections4.set.ListOrderedSet2Test
[INFO] Running org.apache.commons.collections4.set.MapBackedSetTest
[INFO] Tests run: 29, Failures: 0, Errors: 0, Skipped: 0, Time elapsed: 0.008 s - in org.apache.commons.collections4.set.MapBackedSetTest
[INFO] Running UnmodifiableSetTest
[INFO] Tests run: 31, Failures: 0, Errors: 0, Skipped: 0, Time elapsed: 0.001 s - in UnmodifiableSetTest
[INFO] Running org.apache.commons.collections4.set.TransformedSetTest
[INFO] Tests run: 31, Failures: 0, Errors: 0, Skipped: 0, Time elapsed: 0.007 s - in org.apache.commons.collections4.set.TransformedSetTest
[INFO] Running UnmodifiableSortedSetTest
[INFO] Tests run: 119, Failures: 0, Errors: 0, Skipped: 0, Time elapsed: 0.013 s - in UnmodifiableSortedSetTest
[INFO] Running TransformedNavigableSetTest
[INFO] Tests run: 205, Failures: 0, Errors: 0, Skipped: 0, Time elapsed: 0.071 s - in TransformedNavigableSetTest
[INFO] Running PredicatedNavigableSetTest
[INFO] Tests run: 207, Failures: 0, Errors: 0, Skipped: 0, Time elapsed: 0.079 s - in PredicatedNavigableSetTest
[INFO] Running org.apache.commons.collections4.set.PredicatedSetTest
[INFO] Tests run: 32, Failures: 0, Errors: 0, Skipped: 0, Time elapsed: 0 s - in org.apache.commons.collections4.set.PredicatedSetTest
[INFO] Running org.apache.commons.collections4.set.MapBackedSet2Test
[INFO] Tests run: 30, Failures: 0, Errors: 0, Skipped: 0, Time elapsed: 0.002 s - in org.apache.commons.collections4.set.MapBackedSet2Test
[INFO] Running org.apache.commons.collections4.set.ListOrderedSetTest
[INFO] Tests run: 36, Failures: 0, Errors: 0, Skipped: 0, Time elapsed: 0.01 s - in org.apache.commons.collections4.set.ListOrderedSetTest
[INFO] Running PredicatedSortedSetTest
[INFO] Tests run: 120, Failures: 0, Errors: 0, Skipped: 0, Time elapsed: 0.012 s - in PredicatedSortedSetTest
[INFO] Running UnmodifiableNavigableSetTest
[INFO] Tests run: 206, Failures: 0, Errors: 0, Skipped: 0, Time elapsed: 0.032 s - in UnmodifiableNavigableSetTest
[INFO] Running org.apache.commons.collections4.ComparatorUtilsTest
[INFO] Tests run: 6, Failures: 0, Errors: 0, Skipped: 0, Time elapsed: 0.001 s - in org.apache.commons.collections4.ComparatorUtilsTest
[INFO] Running org.apache.commons.collections4.SplitMapUtilsTest
[INFO] Tests run: 4, Failures: 0, Errors: 0, Skipped: 0, Time elapsed: 0 s - in org.apache.commons.collections4.SplitMapUtilsTest
[INFO] Running org.apache.commons.collections4.ClosureUtilsTest
[INFO] Tests run: 12, Failures: 0, Errors: 0, Skipped: 0, Time elapsed: 0 s - in org.apache.commons.collections4.ClosureUtilsTest
[INFO] Running org.apache.commons.collections4.TrieUtilsTest
[INFO] Tests run: 1, Failures: 0, Errors: 0, Skipped: 0, Time elapsed: 0 s - in org.apache.commons.collections4.TrieUtilsTest
[INFO] Running org.apache.commons.collections4.CollectionUtilsTest
[INFO] Tests run: 154, Failures: 0, Errors: 0, Skipped: 0, Time elapsed: 0.041 s - in org.apache.commons.collections4.CollectionUtilsTest
[INFO] Running org.apache.commons.collections4.list.PredicatedListTest
[INFO] Tests run: 63, Failures: 0, Errors: 0, Skipped: 0, Time elapsed: 0.019 s - in org.apache.commons.collections4.list.PredicatedListTest
[INFO] Running org.apache.commons.collections4.list.LazyListTest
[INFO] Tests run: 15, Failures: 0, Errors: 0, Skipped: 0, Time elapsed: 0.005 s - in org.apache.commons.collections4.list.LazyListTest
[INFO] Running TreeListTest
[INFO] Tests run: 160, Failures: 0, Errors: 0, Skipped: 0, Time elapsed: 0.27 s - in TreeListTest
[INFO] Running CursorableLinkedListTest
[INFO] Tests run: 198, Failures: 0, Errors: 0, Skipped: 0, Time elapsed: 0.124 s - in CursorableLinkedListTest
[INFO] Running org.apache.commons.collections4.list.Collections701Test
[INFO] Tests run: 3, Failures: 0, Errors: 0, Skipped: 0, Time elapsed: 0 s - in org.apache.commons.collections4.list.Collections701Test
[INFO] Running org.apache.commons.collections4.list.GrowthListTest
[INFO] Tests run: 63, Failures: 0, Errors: 0, Skipped: 0, Time elapsed: 0.024 s - in org.apache.commons.collections4.list.GrowthListTest
[INFO] Running org.apache.commons.collections4.list.SetUniqueListTest
[INFO] Tests run: 76, Failures: 0, Errors: 0, Skipped: 0, Time elapsed: 0.02 s - in org.apache.commons.collections4.list.SetUniqueListTest
[INFO] Running org.apache.commons.collections4.list.UnmodifiableListTest
[INFO] Tests run: 61, Failures: 0, Errors: 0, Skipped: 0, Time elapsed: 0.025 s - in org.apache.commons.collections4.list.UnmodifiableListTest
[INFO] Running NodeCachingLinkedListTest
[INFO] Tests run: 158, Failures: 0, Errors: 0, Skipped: 0, Time elapsed: 0.017 s - in NodeCachingLinkedListTest
[INFO] Running org.apache.commons.collections4.list.FixedSizeListTest
[INFO] Tests run: 65, Failures: 0, Errors: 0, Skipped: 0, Time elapsed: 0.005 s - in org.apache.commons.collections4.list.FixedSizeListTest
[INFO] Running org.apache.commons.collections4.list.TransformedListTest
[INFO] Tests run: 61, Failures: 0, Errors: 0, Skipped: 0, Time elapsed: 0.009 s - in org.apache.commons.collections4.list.TransformedListTest
[INFO] Running org.apache.commons.collections4.EnumerationUtilsTest
[INFO] Tests run: 5, Failures: 0, Errors: 0, Skipped: 0, Time elapsed: 0 s - in org.apache.commons.collections4.EnumerationUtilsTest
[INFO] 
[INFO] Results:
[INFO] 
[WARNING] Tests run: 16919, Failures: 0, Errors: 0, Skipped: 4
[INFO] 
[INFO] 
[INFO] --- maven-jar-plugin:3.2.0:jar (default-jar) @ commons-collections4 ---
[INFO] Building jar: ./commons-collections/target/commons-collections4-4.5-SNAPSHOT.jar
[INFO] 
[INFO] --- maven-site-plugin:3.8.2:attach-descriptor (attach-descriptor) @ commons-collections4 ---
[INFO] Skipping because packaging 'jar' is not pom.
[INFO] 
[INFO] --- maven-jar-plugin:3.2.0:test-jar (default) @ commons-collections4 ---
[INFO] Building jar: ./commons-collections/target/commons-collections4-4.5-SNAPSHOT-tests.jar
[INFO] 
[INFO] --- maven-source-plugin:3.2.0:jar-no-fork (create-source-jar) @ commons-collections4 ---
[INFO] Building jar: ./commons-collections/target/commons-collections4-4.5-SNAPSHOT-sources.jar
[INFO] 
[INFO] --- maven-source-plugin:3.2.0:test-jar-no-fork (create-source-jar) @ commons-collections4 ---
[INFO] Building jar: ./commons-collections/target/commons-collections4-4.5-SNAPSHOT-test-sources.jar
[INFO] 
[INFO] --- jacoco-maven-plugin:0.8.5:check (check) @ commons-collections4 ---
[INFO] Loading execution data file ./commons-collections/target/jacoco.exec
[INFO] Analyzed bundle 'commons-collections4' with 492 classes
[WARNING] Rule violated for bundle commons-collections4: classes covered ratio is 0.98, but expected minimum is 1.00
[WARNING] Rule violated for bundle commons-collections4: instructions covered ratio is 0.89, but expected minimum is 0.90
[WARNING] Rule violated for bundle commons-collections4: methods covered ratio is 0.89, but expected minimum is 0.95
[WARNING] Rule violated for bundle commons-collections4: branches covered ratio is 0.82, but expected minimum is 0.85
[WARNING] Rule violated for bundle commons-collections4: complexity covered ratio is 0.82, but expected minimum is 0.85
[WARNING] Coverage checks have not been met. See log for details.
[INFO] 
[INFO] --- maven-install-plugin:2.5.2:install (default-install) @ commons-collections4 ---
[INFO] Installing ./commons-collections/target/commons-collections4-4.5-SNAPSHOT.jar to ./.m2/repository/org/apache/commons/commons-collections4/4.5-SNAPSHOT/commons-collections4-4.5-SNAPSHOT.jar
[INFO] Installing ./commons-collections/pom.xml to ./.m2/repository/org/apache/commons/commons-collections4/4.5-SNAPSHOT/commons-collections4-4.5-SNAPSHOT.pom
[INFO] Installing ./commons-collections/target/commons-collections4-4.5-SNAPSHOT-tests.jar to ./.m2/repository/org/apache/commons/commons-collections4/4.5-SNAPSHOT/commons-collections4-4.5-SNAPSHOT-tests.jar
[INFO] Installing ./commons-collections/target/commons-collections4-4.5-SNAPSHOT-sources.jar to ./.m2/repository/org/apache/commons/commons-collections4/4.5-SNAPSHOT/commons-collections4-4.5-SNAPSHOT-sources.jar
[INFO] Installing ./commons-collections/target/commons-collections4-4.5-SNAPSHOT-test-sources.jar to ./.m2/repository/org/apache/commons/commons-collections4/4.5-SNAPSHOT/commons-collections4-4.5-SNAPSHOT-test-sources.jar
[INFO] ------------------------------------------------------------------------
[INFO] BUILD SUCCESS
[INFO] ------------------------------------------------------------------------
[INFO] Total time:  49.277 s
[INFO] Finished at: 
[INFO] ------------------------------------------------------------------------
