[INFO] Scanning for projects...
[INFO] 
[INFO] ------< com.fasterxml.jackson.dataformat:jackson-dataformat-xml >-------
[INFO] Building Jackson-dataformat-XML 2.8.9-SNAPSHOT
[INFO] -------------------------------[ bundle ]-------------------------------
Downloading from central: https://repo.maven.apache.org/maven2/com/fasterxml/jackson/core/jackson-databind/2.8.8/jackson-databind-2.8.8.pom
Progress (1): 1.4/5.4 kB
Progress (1): 2.7/5.4 kB
Progress (1): 4.1/5.4 kB
Progress (1): 5.4 kB    
                    
Downloaded from central: https://repo.maven.apache.org/maven2/com/fasterxml/jackson/core/jackson-databind/2.8.8/jackson-databind-2.8.8.pom (5.4 kB at 2.4 kB/s)
Downloading from central: https://repo.maven.apache.org/maven2/com/fasterxml/jackson/module/jackson-module-jaxb-annotations/2.8.8/jackson-module-jaxb-annotations-2.8.8.pom
Progress (1): 1.4/3.5 kB
Progress (1): 2.7/3.5 kB
Progress (1): 3.5 kB    
                    
Downloaded from central: https://repo.maven.apache.org/maven2/com/fasterxml/jackson/module/jackson-module-jaxb-annotations/2.8.8/jackson-module-jaxb-annotations-2.8.8.pom (3.5 kB at 8.0 kB/s)
Downloading from central: https://repo.maven.apache.org/maven2/com/fasterxml/jackson/jackson-bom/2.8.8/jackson-bom-2.8.8.pom
Progress (1): 1.4/10 kB
Progress (1): 2.7/10 kB
Progress (1): 4.1/10 kB
Progress (1): 5.5/10 kB
Progress (1): 6.9/10 kB
Progress (1): 8.2/10 kB
Progress (1): 9.6/10 kB
Progress (1): 10 kB    
                   
Downloaded from central: https://repo.maven.apache.org/maven2/com/fasterxml/jackson/jackson-bom/2.8.8/jackson-bom-2.8.8.pom (10 kB at 11 kB/s)
Downloading from central: https://repo.maven.apache.org/maven2/com/fasterxml/jackson/core/jackson-databind/2.8.8/jackson-databind-2.8.8.jar
Downloading from central: https://repo.maven.apache.org/maven2/com/fasterxml/jackson/module/jackson-module-jaxb-annotations/2.8.8/jackson-module-jaxb-annotations-2.8.8.jar
Progress (1): 1.4/35 kB
Progress (1): 2.7/35 kB
Progress (1): 4.1/35 kB
Progress (1): 5.5/35 kB
Progress (1): 6.9/35 kB
Progress (1): 8.2/35 kB
Progress (1): 9.6/35 kB
Progress (1): 11/35 kB 
Progress (1): 12/35 kB
Progress (1): 14/35 kB
Progress (1): 15/35 kB
Progress (1): 16/35 kB
Progress (1): 17/35 kB
Progress (1): 19/35 kB
Progress (1): 20/35 kB
Progress (1): 21/35 kB
Progress (1): 23/35 kB
Progress (1): 24/35 kB
Progress (1): 25/35 kB
Progress (1): 27/35 kB
Progress (1): 28/35 kB
Progress (1): 30/35 kB
Progress (1): 31/35 kB
Progress (1): 32/35 kB
Progress (1): 34/35 kB
Progress (1): 35 kB   
Progress (2): 35 kB | 0/1.2 MB
Progress (2): 35 kB | 0/1.2 MB
Progress (2): 35 kB | 0/1.2 MB
Progress (2): 35 kB | 0/1.2 MB
Progress (2): 35 kB | 0/1.2 MB
Progress (2): 35 kB | 0/1.2 MB
Progress (2): 35 kB | 0/1.2 MB
Progress (2): 35 kB | 0/1.2 MB
Progress (2): 35 kB | 0/1.2 MB
Progress (2): 35 kB | 0/1.2 MB
                              
Downloaded from central: https://repo.maven.apache.org/maven2/com/fasterxml/jackson/module/jackson-module-jaxb-annotations/2.8.8/jackson-module-jaxb-annotations-2.8.8.jar (35 kB at 54 kB/s)
Progress (1): 0/1.2 MB
Progress (1): 0/1.2 MB
Progress (1): 0/1.2 MB
Progress (1): 0/1.2 MB
Progress (1): 0/1.2 MB
Progress (1): 0/1.2 MB
Progress (1): 0/1.2 MB
Progress (1): 0/1.2 MB
Progress (1): 0/1.2 MB
Progress (1): 0/1.2 MB
Progress (1): 0/1.2 MB
Progress (1): 0/1.2 MB
Progress (1): 0/1.2 MB
Progress (1): 0/1.2 MB
Progress (1): 0/1.2 MB
Progress (1): 0/1.2 MB
Progress (1): 0/1.2 MB
Progress (1): 0/1.2 MB
Progress (1): 0/1.2 MB
Progress (1): 0/1.2 MB
Progress (1): 0/1.2 MB
Progress (1): 0/1.2 MB
Progress (1): 0/1.2 MB
Progress (1): 0/1.2 MB
Progress (1): 0/1.2 MB
Progress (1): 0/1.2 MB
Progress (1): 0.1/1.2 MB
Progress (1): 0.1/1.2 MB
Progress (1): 0.1/1.2 MB
Progress (1): 0.1/1.2 MB
Progress (1): 0.1/1.2 MB
Progress (1): 0.1/1.2 MB
Progress (1): 0.1/1.2 MB
Progress (1): 0.1/1.2 MB
Progress (1): 0.1/1.2 MB
Progress (1): 0.1/1.2 MB
Progress (1): 0.1/1.2 MB
Progress (1): 0.1/1.2 MB
Progress (1): 0.1/1.2 MB
Progress (1): 0.1/1.2 MB
Progress (1): 0.1/1.2 MB
Progress (1): 0.1/1.2 MB
Progress (1): 0.1/1.2 MB
Progress (1): 0.1/1.2 MB
Progress (1): 0.1/1.2 MB
Progress (1): 0.1/1.2 MB
Progress (1): 0.1/1.2 MB
Progress (1): 0.1/1.2 MB
Progress (1): 0.1/1.2 MB
Progress (1): 0.1/1.2 MB
Progress (1): 0.2/1.2 MB
Progress (1): 0.2/1.2 MB
Progress (1): 0.2/1.2 MB
Progress (1): 0.2/1.2 MB
Progress (1): 0.2/1.2 MB
Progress (1): 0.2/1.2 MB
Progress (1): 0.2/1.2 MB
Progress (1): 0.2/1.2 MB
Progress (1): 0.2/1.2 MB
Progress (1): 0.2/1.2 MB
Progress (1): 0.2/1.2 MB
Progress (1): 0.2/1.2 MB
Progress (1): 0.2/1.2 MB
Progress (1): 0.2/1.2 MB
Progress (1): 0.2/1.2 MB
Progress (1): 0.2/1.2 MB
Progress (1): 0.2/1.2 MB
Progress (1): 0.2/1.2 MB
Progress (1): 0.2/1.2 MB
Progress (1): 0.2/1.2 MB
Progress (1): 0.2/1.2 MB
Progress (1): 0.2/1.2 MB
Progress (1): 0.2/1.2 MB
Progress (1): 0.2/1.2 MB
Progress (1): 0.2/1.2 MB
Progress (1): 0.3/1.2 MB
Progress (1): 0.3/1.2 MB
Progress (1): 0.3/1.2 MB
Progress (1): 0.3/1.2 MB
Progress (1): 0.3/1.2 MB
Progress (1): 0.3/1.2 MB
Progress (1): 0.3/1.2 MB
Progress (1): 0.3/1.2 MB
Progress (1): 0.3/1.2 MB
Progress (1): 0.3/1.2 MB
Progress (1): 0.3/1.2 MB
Progress (1): 0.3/1.2 MB
Progress (1): 0.3/1.2 MB
Progress (1): 0.3/1.2 MB
Progress (1): 0.3/1.2 MB
Progress (1): 0.3/1.2 MB
Progress (1): 0.3/1.2 MB
Progress (1): 0.3/1.2 MB
Progress (1): 0.3/1.2 MB
Progress (1): 0.3/1.2 MB
Progress (1): 0.3/1.2 MB
Progress (1): 0.3/1.2 MB
Progress (1): 0.3/1.2 MB
Progress (1): 0.3/1.2 MB
Progress (1): 0.4/1.2 MB
Progress (1): 0.4/1.2 MB
Progress (1): 0.4/1.2 MB
Progress (1): 0.4/1.2 MB
Progress (1): 0.4/1.2 MB
Progress (1): 0.4/1.2 MB
Progress (1): 0.4/1.2 MB
Progress (1): 0.4/1.2 MB
Progress (1): 0.4/1.2 MB
Progress (1): 0.4/1.2 MB
Progress (1): 0.4/1.2 MB
Progress (1): 0.4/1.2 MB
Progress (1): 0.4/1.2 MB
Progress (1): 0.4/1.2 MB
Progress (1): 0.4/1.2 MB
Progress (1): 0.4/1.2 MB
Progress (1): 0.4/1.2 MB
Progress (1): 0.4/1.2 MB
Progress (1): 0.4/1.2 MB
Progress (1): 0.4/1.2 MB
Progress (1): 0.4/1.2 MB
Progress (1): 0.4/1.2 MB
Progress (1): 0.4/1.2 MB
Progress (1): 0.4/1.2 MB
Progress (1): 0.4/1.2 MB
Progress (1): 0.5/1.2 MB
Progress (1): 0.5/1.2 MB
Progress (1): 0.5/1.2 MB
Progress (1): 0.5/1.2 MB
Progress (1): 0.5/1.2 MB
Progress (1): 0.5/1.2 MB
Progress (1): 0.5/1.2 MB
Progress (1): 0.5/1.2 MB
Progress (1): 0.5/1.2 MB
Progress (1): 0.5/1.2 MB
Progress (1): 0.5/1.2 MB
Progress (1): 0.5/1.2 MB
Progress (1): 0.5/1.2 MB
Progress (1): 0.5/1.2 MB
Progress (1): 0.5/1.2 MB
Progress (1): 0.5/1.2 MB
Progress (1): 0.5/1.2 MB
Progress (1): 0.5/1.2 MB
Progress (1): 0.5/1.2 MB
Progress (1): 0.5/1.2 MB
Progress (1): 0.5/1.2 MB
Progress (1): 0.5/1.2 MB
Progress (1): 0.5/1.2 MB
Progress (1): 0.5/1.2 MB
Progress (1): 0.6/1.2 MB
Progress (1): 0.6/1.2 MB
Progress (1): 0.6/1.2 MB
Progress (1): 0.6/1.2 MB
Progress (1): 0.6/1.2 MB
Progress (1): 0.6/1.2 MB
Progress (1): 0.6/1.2 MB
Progress (1): 0.6/1.2 MB
Progress (1): 0.6/1.2 MB
Progress (1): 0.6/1.2 MB
Progress (1): 0.6/1.2 MB
Progress (1): 0.6/1.2 MB
Progress (1): 0.6/1.2 MB
Progress (1): 0.6/1.2 MB
Progress (1): 0.6/1.2 MB
Progress (1): 0.6/1.2 MB
Progress (1): 0.6/1.2 MB
Progress (1): 0.6/1.2 MB
Progress (1): 0.6/1.2 MB
Progress (1): 0.6/1.2 MB
Progress (1): 0.6/1.2 MB
Progress (1): 0.6/1.2 MB
Progress (1): 0.6/1.2 MB
Progress (1): 0.6/1.2 MB
Progress (1): 0.7/1.2 MB
Progress (1): 0.7/1.2 MB
Progress (1): 0.7/1.2 MB
Progress (1): 0.7/1.2 MB
Progress (1): 0.7/1.2 MB
Progress (1): 0.7/1.2 MB
Progress (1): 0.7/1.2 MB
Progress (1): 0.7/1.2 MB
Progress (1): 0.7/1.2 MB
Progress (1): 0.7/1.2 MB
Progress (1): 0.7/1.2 MB
Progress (1): 0.7/1.2 MB
Progress (1): 0.7/1.2 MB
Progress (1): 0.7/1.2 MB
Progress (1): 0.7/1.2 MB
Progress (1): 0.7/1.2 MB
Progress (1): 0.7/1.2 MB
Progress (1): 0.7/1.2 MB
Progress (1): 0.7/1.2 MB
Progress (1): 0.7/1.2 MB
Progress (1): 0.7/1.2 MB
Progress (1): 0.7/1.2 MB
Progress (1): 0.7/1.2 MB
Progress (1): 0.7/1.2 MB
Progress (1): 0.7/1.2 MB
Progress (1): 0.8/1.2 MB
Progress (1): 0.8/1.2 MB
Progress (1): 0.8/1.2 MB
Progress (1): 0.8/1.2 MB
Progress (1): 0.8/1.2 MB
Progress (1): 0.8/1.2 MB
Progress (1): 0.8/1.2 MB
Progress (1): 0.8/1.2 MB
Progress (1): 0.8/1.2 MB
Progress (1): 0.8/1.2 MB
Progress (1): 0.8/1.2 MB
Progress (1): 0.8/1.2 MB
Progress (1): 0.8/1.2 MB
Progress (1): 0.8/1.2 MB
Progress (1): 0.8/1.2 MB
Progress (1): 0.8/1.2 MB
Progress (1): 0.8/1.2 MB
Progress (1): 0.8/1.2 MB
Progress (1): 0.8/1.2 MB
Progress (1): 0.8/1.2 MB
Progress (1): 0.8/1.2 MB
Progress (1): 0.8/1.2 MB
Progress (1): 0.8/1.2 MB
Progress (1): 0.8/1.2 MB
Progress (1): 0.9/1.2 MB
Progress (1): 0.9/1.2 MB
Progress (1): 0.9/1.2 MB
Progress (1): 0.9/1.2 MB
Progress (1): 0.9/1.2 MB
Progress (1): 0.9/1.2 MB
Progress (1): 0.9/1.2 MB
Progress (1): 0.9/1.2 MB
Progress (1): 0.9/1.2 MB
Progress (1): 0.9/1.2 MB
Progress (1): 0.9/1.2 MB
Progress (1): 0.9/1.2 MB
Progress (1): 0.9/1.2 MB
Progress (1): 0.9/1.2 MB
Progress (1): 0.9/1.2 MB
Progress (1): 0.9/1.2 MB
Progress (1): 0.9/1.2 MB
Progress (1): 0.9/1.2 MB
Progress (1): 0.9/1.2 MB
Progress (1): 0.9/1.2 MB
Progress (1): 0.9/1.2 MB
Progress (1): 0.9/1.2 MB
Progress (1): 0.9/1.2 MB
Progress (1): 0.9/1.2 MB
Progress (1): 0.9/1.2 MB
Progress (1): 1.0/1.2 MB
Progress (1): 1.0/1.2 MB
Progress (1): 1.0/1.2 MB
Progress (1): 1.0/1.2 MB
Progress (1): 1.0/1.2 MB
Progress (1): 1.0/1.2 MB
Progress (1): 1.0/1.2 MB
Progress (1): 1.0/1.2 MB
Progress (1): 1.0/1.2 MB
Progress (1): 1.0/1.2 MB
Progress (1): 1.0/1.2 MB
Progress (1): 1.0/1.2 MB
Progress (1): 1.0/1.2 MB
Progress (1): 1.0/1.2 MB
Progress (1): 1.0/1.2 MB
Progress (1): 1.0/1.2 MB
Progress (1): 1.0/1.2 MB
Progress (1): 1.0/1.2 MB
Progress (1): 1.0/1.2 MB
Progress (1): 1.0/1.2 MB
Progress (1): 1.0/1.2 MB
Progress (1): 1.0/1.2 MB
Progress (1): 1.0/1.2 MB
Progress (1): 1.0/1.2 MB
Progress (1): 1.1/1.2 MB
Progress (1): 1.1/1.2 MB
Progress (1): 1.1/1.2 MB
Progress (1): 1.1/1.2 MB
Progress (1): 1.1/1.2 MB
Progress (1): 1.1/1.2 MB
Progress (1): 1.1/1.2 MB
Progress (1): 1.1/1.2 MB
Progress (1): 1.1/1.2 MB
Progress (1): 1.1/1.2 MB
Progress (1): 1.1/1.2 MB
Progress (1): 1.1/1.2 MB
Progress (1): 1.1/1.2 MB
Progress (1): 1.1/1.2 MB
Progress (1): 1.1/1.2 MB
Progress (1): 1.1/1.2 MB
Progress (1): 1.1/1.2 MB
Progress (1): 1.1/1.2 MB
Progress (1): 1.1/1.2 MB
Progress (1): 1.1/1.2 MB
Progress (1): 1.1/1.2 MB
Progress (1): 1.1/1.2 MB
Progress (1): 1.1/1.2 MB
Progress (1): 1.1/1.2 MB
Progress (1): 1.2/1.2 MB
Progress (1): 1.2/1.2 MB
Progress (1): 1.2/1.2 MB
Progress (1): 1.2/1.2 MB
Progress (1): 1.2/1.2 MB
Progress (1): 1.2/1.2 MB
Progress (1): 1.2/1.2 MB
Progress (1): 1.2/1.2 MB
Progress (1): 1.2/1.2 MB
Progress (1): 1.2/1.2 MB
Progress (1): 1.2/1.2 MB
Progress (1): 1.2/1.2 MB
Progress (1): 1.2/1.2 MB
Progress (1): 1.2/1.2 MB
Progress (1): 1.2/1.2 MB
Progress (1): 1.2/1.2 MB
Progress (1): 1.2/1.2 MB
Progress (1): 1.2/1.2 MB
Progress (1): 1.2/1.2 MB
Progress (1): 1.2/1.2 MB
Progress (1): 1.2/1.2 MB
Progress (1): 1.2/1.2 MB
Progress (1): 1.2 MB    
                    
Downloaded from central: https://repo.maven.apache.org/maven2/com/fasterxml/jackson/core/jackson-databind/2.8.8/jackson-databind-2.8.8.jar (1.2 MB at 58 kB/s)
[INFO] 
[INFO] --- maven-clean-plugin:2.5:clean (default-clean) @ jackson-dataformat-xml ---
[INFO] Deleting ./jackson-dataformat-xml/target
[INFO] 
[INFO] --- maven-enforcer-plugin:1.3.1:enforce (enforce-java) @ jackson-dataformat-xml ---
[INFO] 
[INFO] --- build-helper-maven-plugin:1.7:add-source (add-generated-sources) @ jackson-dataformat-xml ---
[INFO] Source directory: ./jackson-dataformat-xml/target/generated-sources added.
[INFO] 
[INFO] --- replacer:1.5.2:replace (process-packageVersion) @ jackson-dataformat-xml ---
[INFO] Replacement run on 1 file.
[INFO] 
[INFO] --- maven-resources-plugin:2.6:resources (default-resources) @ jackson-dataformat-xml ---
[INFO] Using 'UTF-8' encoding to copy filtered resources.
[INFO] Copying 4 resources
[INFO] 
[INFO] --- maven-compiler-plugin:3.2:compile (default-compile) @ jackson-dataformat-xml ---
[INFO] Changes detected - recompiling the module!
[INFO] Compiling 36 source files to ./jackson-dataformat-xml/target/classes
[WARNING] bootstrap class path not set in conjunction with -source 1.7
[INFO] 
[INFO] --- maven-resources-plugin:2.6:testResources (default-testResources) @ jackson-dataformat-xml ---
[INFO] Using 'UTF-8' encoding to copy filtered resources.
[INFO] skip non existing resourceDirectory ./jackson-dataformat-xml/src/test/resources
[INFO] 
[INFO] --- maven-compiler-plugin:3.2:testCompile (default-testCompile) @ jackson-dataformat-xml ---
[INFO] Changes detected - recompiling the module!
[INFO] Compiling 67 source files to ./jackson-dataformat-xml/target/test-classes
[WARNING] bootstrap class path not set in conjunction with -source 1.7
[INFO] 
[INFO] --- maven-surefire-plugin:2.17:test (default-test) @ jackson-dataformat-xml ---
[INFO] Surefire report directory: ./jackson-dataformat-xml/target/surefire-reports

-------------------------------------------------------
 T E S T S
-------------------------------------------------------
Running com.fasterxml.jackson.dataformat.xml.misc.ObjectId104Test
Tests run: 1, Failures: 0, Errors: 0, Skipped: 0, Time elapsed: 0.584 sec - in com.fasterxml.jackson.dataformat.xml.misc.ObjectId104Test
Running com.fasterxml.jackson.dataformat.xml.misc.PolymorphicTypesTest
Tests run: 3, Failures: 0, Errors: 0, Skipped: 0, Time elapsed: 0.184 sec - in com.fasterxml.jackson.dataformat.xml.misc.PolymorphicTypesTest
Running com.fasterxml.jackson.dataformat.xml.misc.XmlTextTest
Tests run: 3, Failures: 0, Errors: 0, Skipped: 0, Time elapsed: 0.058 sec - in com.fasterxml.jackson.dataformat.xml.misc.XmlTextTest
Running com.fasterxml.jackson.dataformat.xml.misc.TextValueTest
Tests run: 6, Failures: 0, Errors: 0, Skipped: 0, Time elapsed: 0.123 sec - in com.fasterxml.jackson.dataformat.xml.misc.TextValueTest
Running com.fasterxml.jackson.dataformat.xml.misc.EmptyPolymorphicTest
Tests run: 1, Failures: 0, Errors: 0, Skipped: 0, Time elapsed: 0.036 sec - in com.fasterxml.jackson.dataformat.xml.misc.EmptyPolymorphicTest
Running com.fasterxml.jackson.dataformat.xml.misc.RootNameTest
Tests run: 2, Failures: 0, Errors: 0, Skipped: 0, Time elapsed: 0.01 sec - in com.fasterxml.jackson.dataformat.xml.misc.RootNameTest
Running com.fasterxml.jackson.dataformat.xml.misc.UnwrappingWithXMLTest
Tests run: 3, Failures: 0, Errors: 0, Skipped: 0, Time elapsed: 0.047 sec - in com.fasterxml.jackson.dataformat.xml.misc.UnwrappingWithXMLTest
Running com.fasterxml.jackson.dataformat.xml.misc.NodeTest
-> {"":"first","child":"4"}
Tests run: 1, Failures: 0, Errors: 0, Skipped: 0, Time elapsed: 0.024 sec - in com.fasterxml.jackson.dataformat.xml.misc.NodeTest
Running com.fasterxml.jackson.dataformat.xml.misc.ArrayConversionsTest
Tests run: 8, Failures: 0, Errors: 0, Skipped: 0, Time elapsed: 0.118 sec - in com.fasterxml.jackson.dataformat.xml.misc.ArrayConversionsTest
Running com.fasterxml.jackson.dataformat.xml.incr.PartialReadTest
Tests run: 1, Failures: 0, Errors: 0, Skipped: 0, Time elapsed: 0.071 sec - in com.fasterxml.jackson.dataformat.xml.incr.PartialReadTest
Running com.fasterxml.jackson.dataformat.xml.incr.IncrementalWritingTest
Tests run: 1, Failures: 0, Errors: 0, Skipped: 0, Time elapsed: 0.016 sec - in com.fasterxml.jackson.dataformat.xml.incr.IncrementalWritingTest
Running com.fasterxml.jackson.dataformat.xml.lists.ListDeserializationTest
Tests run: 5, Failures: 0, Errors: 0, Skipped: 0, Time elapsed: 0.067 sec - in com.fasterxml.jackson.dataformat.xml.lists.ListDeserializationTest
Running com.fasterxml.jackson.dataformat.xml.lists.Issue101UnwrappedListAttributesTest
Tests run: 2, Failures: 0, Errors: 0, Skipped: 0, Time elapsed: 0.041 sec - in com.fasterxml.jackson.dataformat.xml.lists.Issue101UnwrappedListAttributesTest
Running com.fasterxml.jackson.dataformat.xml.lists.ListAsObjectTest
Tests run: 1, Failures: 0, Errors: 0, Skipped: 0, Time elapsed: 0.039 sec - in com.fasterxml.jackson.dataformat.xml.lists.ListAsObjectTest
Running com.fasterxml.jackson.dataformat.xml.lists.NestedUnwrappedListsTest
Tests run: 5, Failures: 0, Errors: 0, Skipped: 0, Time elapsed: 0.052 sec - in com.fasterxml.jackson.dataformat.xml.lists.NestedUnwrappedListsTest
Running com.fasterxml.jackson.dataformat.xml.lists.ListRoundtripTest
Tests run: 3, Failures: 0, Errors: 0, Skipped: 0, Time elapsed: 0.043 sec - in com.fasterxml.jackson.dataformat.xml.lists.ListRoundtripTest
Running com.fasterxml.jackson.dataformat.xml.lists.WrappedListsTest
Tests run: 1, Failures: 0, Errors: 0, Skipped: 0, Time elapsed: 0.04 sec - in com.fasterxml.jackson.dataformat.xml.lists.WrappedListsTest
Running com.fasterxml.jackson.dataformat.xml.lists.DeserializePolyList178Test
Tests run: 1, Failures: 0, Errors: 0, Skipped: 0, Time elapsed: 0.027 sec - in com.fasterxml.jackson.dataformat.xml.lists.DeserializePolyList178Test
Running com.fasterxml.jackson.dataformat.xml.lists.EmptyListDeserTest
Tests run: 1, Failures: 0, Errors: 0, Skipped: 0, Time elapsed: 0.028 sec - in com.fasterxml.jackson.dataformat.xml.lists.EmptyListDeserTest
Running com.fasterxml.jackson.dataformat.xml.lists.ListDeser191Test
Tests run: 1, Failures: 0, Errors: 0, Skipped: 0, Time elapsed: 0.019 sec - in com.fasterxml.jackson.dataformat.xml.lists.ListDeser191Test
Running com.fasterxml.jackson.dataformat.xml.lists.RootListHandlingTest
Tests run: 3, Failures: 0, Errors: 0, Skipped: 0, Time elapsed: 0.066 sec - in com.fasterxml.jackson.dataformat.xml.lists.RootListHandlingTest
Running com.fasterxml.jackson.dataformat.xml.lists.ListSerializationTest
Tests run: 2, Failures: 0, Errors: 0, Skipped: 0, Time elapsed: 0.013 sec - in com.fasterxml.jackson.dataformat.xml.lists.ListSerializationTest
Running com.fasterxml.jackson.dataformat.xml.lists.NestedUnwrappedLists180Test
Tests run: 1, Failures: 0, Errors: 0, Skipped: 0, Time elapsed: 0.021 sec - in com.fasterxml.jackson.dataformat.xml.lists.NestedUnwrappedLists180Test
Running com.fasterxml.jackson.dataformat.xml.lists.UnwrappedListWithEmptyCData129Test
Tests run: 1, Failures: 0, Errors: 0, Skipped: 0, Time elapsed: 0.021 sec - in com.fasterxml.jackson.dataformat.xml.lists.UnwrappedListWithEmptyCData129Test
Running com.fasterxml.jackson.dataformat.xml.lists.ListAnnotationSharingTest
Tests run: 1, Failures: 0, Errors: 0, Skipped: 0, Time elapsed: 0.028 sec - in com.fasterxml.jackson.dataformat.xml.lists.ListAnnotationSharingTest
Running com.fasterxml.jackson.dataformat.xml.lists.UnwrappedListsTest
Tests run: 5, Failures: 0, Errors: 0, Skipped: 0, Time elapsed: 0.084 sec - in com.fasterxml.jackson.dataformat.xml.lists.UnwrappedListsTest
Running com.fasterxml.jackson.dataformat.xml.deser.TestStringValues
Tests run: 6, Failures: 0, Errors: 0, Skipped: 0, Time elapsed: 0.034 sec - in com.fasterxml.jackson.dataformat.xml.deser.TestStringValues
Running com.fasterxml.jackson.dataformat.xml.deser.TestBinaryData
Tests run: 1, Failures: 0, Errors: 0, Skipped: 0, Time elapsed: 0.055 sec - in com.fasterxml.jackson.dataformat.xml.deser.TestBinaryData
Running com.fasterxml.jackson.dataformat.xml.deser.TestDeserialization
Tests run: 5, Failures: 0, Errors: 0, Skipped: 0, Time elapsed: 0.056 sec - in com.fasterxml.jackson.dataformat.xml.deser.TestDeserialization
Running com.fasterxml.jackson.dataformat.xml.deser.TestEnums
Tests run: 1, Failures: 0, Errors: 0, Skipped: 0, Time elapsed: 0.007 sec - in com.fasterxml.jackson.dataformat.xml.deser.TestEnums
Running com.fasterxml.jackson.dataformat.xml.deser.TestViews
Tests run: 3, Failures: 0, Errors: 0, Skipped: 0, Time elapsed: 0.066 sec - in com.fasterxml.jackson.dataformat.xml.deser.TestViews
Running com.fasterxml.jackson.dataformat.xml.stream.XmlGeneratorTest
Tests run: 5, Failures: 0, Errors: 0, Skipped: 0, Time elapsed: 0.088 sec - in com.fasterxml.jackson.dataformat.xml.stream.XmlGeneratorTest
Running com.fasterxml.jackson.dataformat.xml.stream.XmlParserNextXxxTest
Tests run: 1, Failures: 0, Errors: 0, Skipped: 0, Time elapsed: 0.002 sec - in com.fasterxml.jackson.dataformat.xml.stream.XmlParserNextXxxTest
Running com.fasterxml.jackson.dataformat.xml.stream.XmlTokenStreamTest
Tests run: 4, Failures: 0, Errors: 0, Skipped: 0, Time elapsed: 0.012 sec - in com.fasterxml.jackson.dataformat.xml.stream.XmlTokenStreamTest
Running com.fasterxml.jackson.dataformat.xml.stream.FormatDetectionTest
Tests run: 8, Failures: 0, Errors: 0, Skipped: 0, Time elapsed: 0.089 sec - in com.fasterxml.jackson.dataformat.xml.stream.FormatDetectionTest
Running com.fasterxml.jackson.dataformat.xml.stream.XmlParserTest
Tests run: 6, Failures: 0, Errors: 0, Skipped: 0, Time elapsed: 0.049 sec - in com.fasterxml.jackson.dataformat.xml.stream.XmlParserTest
Running com.fasterxml.jackson.dataformat.xml.adapters.TestIssue47Attribute
Tests run: 1, Failures: 0, Errors: 0, Skipped: 0, Time elapsed: 0.046 sec - in com.fasterxml.jackson.dataformat.xml.adapters.TestIssue47Attribute
Running com.fasterxml.jackson.dataformat.xml.jaxb.JAXBObjectId170Test
Tests run: 1, Failures: 0, Errors: 0, Skipped: 0, Time elapsed: 0.062 sec - in com.fasterxml.jackson.dataformat.xml.jaxb.JAXBObjectId170Test
Running com.fasterxml.jackson.dataformat.xml.jaxb.WithJAXBAnnotationsTest
Tests run: 4, Failures: 0, Errors: 0, Skipped: 0, Time elapsed: 0.043 sec - in com.fasterxml.jackson.dataformat.xml.jaxb.WithJAXBAnnotationsTest
Running com.fasterxml.jackson.dataformat.xml.jaxb.AttributesWithJAXBTest
Tests run: 2, Failures: 0, Errors: 0, Skipped: 0, Time elapsed: 0.082 sec - in com.fasterxml.jackson.dataformat.xml.jaxb.AttributesWithJAXBTest
Running com.fasterxml.jackson.dataformat.xml.jaxb.ElementWrapperTest
Tests run: 2, Failures: 0, Errors: 0, Skipped: 0, Time elapsed: 0.021 sec - in com.fasterxml.jackson.dataformat.xml.jaxb.ElementWrapperTest
Running com.fasterxml.jackson.dataformat.xml.RoundtripContentTest
Tests run: 1, Failures: 0, Errors: 0, Skipped: 0, Time elapsed: 0.031 sec - in com.fasterxml.jackson.dataformat.xml.RoundtripContentTest
Running com.fasterxml.jackson.dataformat.xml.ser.TestSerializationAttr
Tests run: 4, Failures: 0, Errors: 0, Skipped: 0, Time elapsed: 0.063 sec - in com.fasterxml.jackson.dataformat.xml.ser.TestSerializationAttr
Running com.fasterxml.jackson.dataformat.xml.ser.TestXmlDeclaration
Tests run: 2, Failures: 0, Errors: 0, Skipped: 0, Time elapsed: 0.026 sec - in com.fasterxml.jackson.dataformat.xml.ser.TestXmlDeclaration
Running com.fasterxml.jackson.dataformat.xml.ser.TestSerialization
Tests run: 8, Failures: 0, Errors: 0, Skipped: 0, Time elapsed: 0.055 sec - in com.fasterxml.jackson.dataformat.xml.ser.TestSerialization
Running com.fasterxml.jackson.dataformat.xml.ser.TestSerializationOrdering
Tests run: 1, Failures: 0, Errors: 0, Skipped: 0, Time elapsed: 0.008 sec - in com.fasterxml.jackson.dataformat.xml.ser.TestSerializationOrdering
Running com.fasterxml.jackson.dataformat.xml.ser.TestNamespaces
Tests run: 1, Failures: 0, Errors: 0, Skipped: 0, Time elapsed: 0.003 sec - in com.fasterxml.jackson.dataformat.xml.ser.TestNamespaces
Running com.fasterxml.jackson.dataformat.xml.ser.TestIndentation
Tests run: 6, Failures: 0, Errors: 0, Skipped: 0, Time elapsed: 0.074 sec - in com.fasterxml.jackson.dataformat.xml.ser.TestIndentation
Running com.fasterxml.jackson.dataformat.xml.ser.TestSerializerCustom
Tests run: 1, Failures: 0, Errors: 0, Skipped: 0, Time elapsed: 0.025 sec - in com.fasterxml.jackson.dataformat.xml.ser.TestSerializerCustom
Running com.fasterxml.jackson.dataformat.xml.ser.TestJDKSerializability
Tests run: 2, Failures: 0, Errors: 0, Skipped: 0, Time elapsed: 0.389 sec - in com.fasterxml.jackson.dataformat.xml.ser.TestJDKSerializability
Running com.fasterxml.jackson.dataformat.xml.ser.TestSerializationManual
Tests run: 1, Failures: 0, Errors: 0, Skipped: 0, Time elapsed: 0 sec - in com.fasterxml.jackson.dataformat.xml.ser.TestSerializationManual
Running com.fasterxml.jackson.dataformat.xml.VersionInfoTest
Tests run: 3, Failures: 0, Errors: 0, Skipped: 0, Time elapsed: 0.013 sec - in com.fasterxml.jackson.dataformat.xml.VersionInfoTest

Results :

Tests run: 143, Failures: 0, Errors: 0, Skipped: 0

[INFO] ------------------------------------------------------------------------
[INFO] BUILD SUCCESS
[INFO] ------------------------------------------------------------------------
[INFO] Total time:  38.749 s
[INFO] Finished at: 
[INFO] ------------------------------------------------------------------------
