[INFO] Scanning for projects...
[INFO] 
[INFO] ------< com.fasterxml.jackson.dataformat:jackson-dataformat-xml >-------
[INFO] Building Jackson-dataformat-XML 2.5.4-SNAPSHOT
[INFO] -------------------------------[ bundle ]-------------------------------
Downloading from central: https://repo.maven.apache.org/maven2/com/fasterxml/jackson/core/jackson-databind/2.5.3/jackson-databind-2.5.3.pom
Progress (1): 1.4/5.9 kB
Progress (1): 2.7/5.9 kB
Progress (1): 4.1/5.9 kB
Progress (1): 5.5/5.9 kB
Progress (1): 5.9 kB    
                    
Downloaded from central: https://repo.maven.apache.org/maven2/com/fasterxml/jackson/core/jackson-databind/2.5.3/jackson-databind-2.5.3.pom (5.9 kB at 2.9 kB/s)
Downloading from central: https://repo.maven.apache.org/maven2/com/fasterxml/jackson/module/jackson-module-jaxb-annotations/2.5.3/jackson-module-jaxb-annotations-2.5.3.pom
Progress (1): 1.4/4.3 kB
Progress (1): 2.7/4.3 kB
Progress (1): 4.1/4.3 kB
Progress (1): 4.3 kB    
                    
Downloaded from central: https://repo.maven.apache.org/maven2/com/fasterxml/jackson/module/jackson-module-jaxb-annotations/2.5.3/jackson-module-jaxb-annotations-2.5.3.pom (4.3 kB at 5.4 kB/s)
Downloading from central: https://repo.maven.apache.org/maven2/com/fasterxml/jackson/core/jackson-databind/2.5.3/jackson-databind-2.5.3.jar
Downloading from central: https://repo.maven.apache.org/maven2/com/fasterxml/jackson/module/jackson-module-jaxb-annotations/2.5.3/jackson-module-jaxb-annotations-2.5.3.jar
Progress (1): 0/1.1 MB
Progress (1): 0/1.1 MB
Progress (1): 0/1.1 MB
Progress (1): 0/1.1 MB
Progress (1): 0/1.1 MB
Progress (1): 0/1.1 MB
Progress (1): 0/1.1 MB
Progress (1): 0/1.1 MB
Progress (1): 0/1.1 MB
Progress (1): 0/1.1 MB
Progress (1): 0/1.1 MB
Progress (1): 0/1.1 MB
Progress (1): 0/1.1 MB
Progress (1): 0/1.1 MB
Progress (1): 0/1.1 MB
Progress (1): 0/1.1 MB
Progress (1): 0/1.1 MB
Progress (1): 0/1.1 MB
Progress (1): 0/1.1 MB
Progress (1): 0/1.1 MB
Progress (1): 0/1.1 MB
Progress (1): 0/1.1 MB
Progress (1): 0/1.1 MB
Progress (1): 0/1.1 MB
Progress (1): 0/1.1 MB
Progress (1): 0/1.1 MB
Progress (1): 0/1.1 MB
Progress (1): 0/1.1 MB
Progress (1): 0/1.1 MB
Progress (1): 0/1.1 MB
Progress (1): 0/1.1 MB
Progress (1): 0/1.1 MB
Progress (1): 0/1.1 MB
Progress (1): 0/1.1 MB
Progress (1): 0/1.1 MB
Progress (1): 0/1.1 MB
Progress (1): 0.1/1.1 MB
Progress (1): 0.1/1.1 MB
Progress (1): 0.1/1.1 MB
Progress (1): 0.1/1.1 MB
Progress (1): 0.1/1.1 MB
Progress (1): 0.1/1.1 MB
Progress (1): 0.1/1.1 MB
Progress (1): 0.1/1.1 MB
Progress (1): 0.1/1.1 MB
Progress (1): 0.1/1.1 MB
Progress (1): 0.1/1.1 MB
Progress (1): 0.1/1.1 MB
Progress (1): 0.1/1.1 MB
Progress (1): 0.1/1.1 MB
Progress (1): 0.1/1.1 MB
Progress (1): 0.1/1.1 MB
Progress (1): 0.1/1.1 MB
Progress (1): 0.1/1.1 MB
Progress (1): 0.1/1.1 MB
Progress (1): 0.1/1.1 MB
Progress (1): 0.1/1.1 MB
Progress (1): 0.1/1.1 MB
Progress (1): 0.1/1.1 MB
Progress (1): 0.1/1.1 MB
Progress (1): 0.2/1.1 MB
Progress (1): 0.2/1.1 MB
Progress (1): 0.2/1.1 MB
Progress (1): 0.2/1.1 MB
Progress (1): 0.2/1.1 MB
Progress (1): 0.2/1.1 MB
Progress (1): 0.2/1.1 MB
Progress (1): 0.2/1.1 MB
Progress (1): 0.2/1.1 MB
Progress (1): 0.2/1.1 MB
Progress (1): 0.2/1.1 MB
Progress (1): 0.2/1.1 MB
Progress (1): 0.2/1.1 MB
Progress (1): 0.2/1.1 MB
Progress (1): 0.2/1.1 MB
Progress (1): 0.2/1.1 MB
Progress (2): 0.2/1.1 MB | 1.4/33 kB
Progress (2): 0.2/1.1 MB | 2.7/33 kB
Progress (2): 0.2/1.1 MB | 4.1/33 kB
Progress (2): 0.2/1.1 MB | 5.5/33 kB
Progress (2): 0.2/1.1 MB | 6.9/33 kB
Progress (2): 0.2/1.1 MB | 8.2/33 kB
Progress (2): 0.2/1.1 MB | 9.6/33 kB
Progress (2): 0.2/1.1 MB | 11/33 kB 
Progress (2): 0.2/1.1 MB | 12/33 kB
Progress (2): 0.2/1.1 MB | 14/33 kB
Progress (2): 0.2/1.1 MB | 15/33 kB
Progress (2): 0.2/1.1 MB | 16/33 kB
Progress (2): 0.2/1.1 MB | 17/33 kB
Progress (2): 0.2/1.1 MB | 19/33 kB
Progress (2): 0.2/1.1 MB | 20/33 kB
Progress (2): 0.2/1.1 MB | 21/33 kB
Progress (2): 0.2/1.1 MB | 23/33 kB
Progress (2): 0.2/1.1 MB | 24/33 kB
Progress (2): 0.2/1.1 MB | 25/33 kB
Progress (2): 0.2/1.1 MB | 27/33 kB
Progress (2): 0.2/1.1 MB | 28/33 kB
Progress (2): 0.2/1.1 MB | 30/33 kB
Progress (2): 0.2/1.1 MB | 31/33 kB
Progress (2): 0.2/1.1 MB | 32/33 kB
Progress (2): 0.2/1.1 MB | 33 kB   
Progress (2): 0.2/1.1 MB | 33 kB
Progress (2): 0.2/1.1 MB | 33 kB
Progress (2): 0.2/1.1 MB | 33 kB
Progress (2): 0.2/1.1 MB | 33 kB
Progress (2): 0.2/1.1 MB | 33 kB
Progress (2): 0.2/1.1 MB | 33 kB
Progress (2): 0.2/1.1 MB | 33 kB
Progress (2): 0.2/1.1 MB | 33 kB
Progress (2): 0.2/1.1 MB | 33 kB
Progress (2): 0.3/1.1 MB | 33 kB
Progress (2): 0.3/1.1 MB | 33 kB
Progress (2): 0.3/1.1 MB | 33 kB
Progress (2): 0.3/1.1 MB | 33 kB
Progress (2): 0.3/1.1 MB | 33 kB
Progress (2): 0.3/1.1 MB | 33 kB
Progress (2): 0.3/1.1 MB | 33 kB
Progress (2): 0.3/1.1 MB | 33 kB
Progress (2): 0.3/1.1 MB | 33 kB
Progress (2): 0.3/1.1 MB | 33 kB
Progress (2): 0.3/1.1 MB | 33 kB
Progress (2): 0.3/1.1 MB | 33 kB
Progress (2): 0.3/1.1 MB | 33 kB
Progress (2): 0.3/1.1 MB | 33 kB
Progress (2): 0.3/1.1 MB | 33 kB
Progress (2): 0.3/1.1 MB | 33 kB
Progress (2): 0.3/1.1 MB | 33 kB
Progress (2): 0.3/1.1 MB | 33 kB
Progress (2): 0.3/1.1 MB | 33 kB
Progress (2): 0.3/1.1 MB | 33 kB
Progress (2): 0.3/1.1 MB | 33 kB
Progress (2): 0.3/1.1 MB | 33 kB
Progress (2): 0.3/1.1 MB | 33 kB
Progress (2): 0.3/1.1 MB | 33 kB
Progress (2): 0.4/1.1 MB | 33 kB
Progress (2): 0.4/1.1 MB | 33 kB
Progress (2): 0.4/1.1 MB | 33 kB
Progress (2): 0.4/1.1 MB | 33 kB
Progress (2): 0.4/1.1 MB | 33 kB
Progress (2): 0.4/1.1 MB | 33 kB
Progress (2): 0.4/1.1 MB | 33 kB
Progress (2): 0.4/1.1 MB | 33 kB
Progress (2): 0.4/1.1 MB | 33 kB
Progress (2): 0.4/1.1 MB | 33 kB
Progress (2): 0.4/1.1 MB | 33 kB
Progress (2): 0.4/1.1 MB | 33 kB
Progress (2): 0.4/1.1 MB | 33 kB
Progress (2): 0.4/1.1 MB | 33 kB
Progress (2): 0.4/1.1 MB | 33 kB
Progress (2): 0.4/1.1 MB | 33 kB
Progress (2): 0.4/1.1 MB | 33 kB
Progress (2): 0.4/1.1 MB | 33 kB
Progress (2): 0.4/1.1 MB | 33 kB
Progress (2): 0.4/1.1 MB | 33 kB
Progress (2): 0.4/1.1 MB | 33 kB
Progress (2): 0.4/1.1 MB | 33 kB
Progress (2): 0.4/1.1 MB | 33 kB
                                
Downloaded from central: https://repo.maven.apache.org/maven2/com/fasterxml/jackson/module/jackson-module-jaxb-annotations/2.5.3/jackson-module-jaxb-annotations-2.5.3.jar (33 kB at 16 kB/s)
Progress (1): 0.4/1.1 MB
Progress (1): 0.4/1.1 MB
Progress (1): 0.5/1.1 MB
Progress (1): 0.5/1.1 MB
Progress (1): 0.5/1.1 MB
Progress (1): 0.5/1.1 MB
Progress (1): 0.5/1.1 MB
Progress (1): 0.5/1.1 MB
Progress (1): 0.5/1.1 MB
Progress (1): 0.5/1.1 MB
Progress (1): 0.5/1.1 MB
Progress (1): 0.5/1.1 MB
Progress (1): 0.5/1.1 MB
Progress (1): 0.5/1.1 MB
Progress (1): 0.5/1.1 MB
Progress (1): 0.5/1.1 MB
Progress (1): 0.5/1.1 MB
Progress (1): 0.5/1.1 MB
Progress (1): 0.5/1.1 MB
Progress (1): 0.5/1.1 MB
Progress (1): 0.5/1.1 MB
Progress (1): 0.5/1.1 MB
Progress (1): 0.5/1.1 MB
Progress (1): 0.5/1.1 MB
Progress (1): 0.5/1.1 MB
Progress (1): 0.5/1.1 MB
Progress (1): 0.5/1.1 MB
Progress (1): 0.6/1.1 MB
Progress (1): 0.6/1.1 MB
Progress (1): 0.6/1.1 MB
Progress (1): 0.6/1.1 MB
Progress (1): 0.6/1.1 MB
Progress (1): 0.6/1.1 MB
Progress (1): 0.6/1.1 MB
Progress (1): 0.6/1.1 MB
Progress (1): 0.6/1.1 MB
Progress (1): 0.6/1.1 MB
Progress (1): 0.6/1.1 MB
Progress (1): 0.6/1.1 MB
Progress (1): 0.6/1.1 MB
Progress (1): 0.6/1.1 MB
Progress (1): 0.6/1.1 MB
Progress (1): 0.6/1.1 MB
Progress (1): 0.6/1.1 MB
Progress (1): 0.6/1.1 MB
Progress (1): 0.6/1.1 MB
Progress (1): 0.6/1.1 MB
Progress (1): 0.6/1.1 MB
Progress (1): 0.6/1.1 MB
Progress (1): 0.6/1.1 MB
Progress (1): 0.6/1.1 MB
Progress (1): 0.7/1.1 MB
Progress (1): 0.7/1.1 MB
Progress (1): 0.7/1.1 MB
Progress (1): 0.7/1.1 MB
Progress (1): 0.7/1.1 MB
Progress (1): 0.7/1.1 MB
Progress (1): 0.7/1.1 MB
Progress (1): 0.7/1.1 MB
Progress (1): 0.7/1.1 MB
Progress (1): 0.7/1.1 MB
Progress (1): 0.7/1.1 MB
Progress (1): 0.7/1.1 MB
Progress (1): 0.7/1.1 MB
Progress (1): 0.7/1.1 MB
Progress (1): 0.7/1.1 MB
Progress (1): 0.7/1.1 MB
Progress (1): 0.7/1.1 MB
Progress (1): 0.7/1.1 MB
Progress (1): 0.7/1.1 MB
Progress (1): 0.7/1.1 MB
Progress (1): 0.7/1.1 MB
Progress (1): 0.7/1.1 MB
Progress (1): 0.7/1.1 MB
Progress (1): 0.7/1.1 MB
Progress (1): 0.7/1.1 MB
Progress (1): 0.8/1.1 MB
Progress (1): 0.8/1.1 MB
Progress (1): 0.8/1.1 MB
Progress (1): 0.8/1.1 MB
Progress (1): 0.8/1.1 MB
Progress (1): 0.8/1.1 MB
Progress (1): 0.8/1.1 MB
Progress (1): 0.8/1.1 MB
Progress (1): 0.8/1.1 MB
Progress (1): 0.8/1.1 MB
Progress (1): 0.8/1.1 MB
Progress (1): 0.8/1.1 MB
Progress (1): 0.8/1.1 MB
Progress (1): 0.8/1.1 MB
Progress (1): 0.8/1.1 MB
Progress (1): 0.8/1.1 MB
Progress (1): 0.8/1.1 MB
Progress (1): 0.8/1.1 MB
Progress (1): 0.8/1.1 MB
Progress (1): 0.8/1.1 MB
Progress (1): 0.8/1.1 MB
Progress (1): 0.8/1.1 MB
Progress (1): 0.8/1.1 MB
Progress (1): 0.8/1.1 MB
Progress (1): 0.9/1.1 MB
Progress (1): 0.9/1.1 MB
Progress (1): 0.9/1.1 MB
Progress (1): 0.9/1.1 MB
Progress (1): 0.9/1.1 MB
Progress (1): 0.9/1.1 MB
Progress (1): 0.9/1.1 MB
Progress (1): 0.9/1.1 MB
Progress (1): 0.9/1.1 MB
Progress (1): 0.9/1.1 MB
Progress (1): 0.9/1.1 MB
Progress (1): 0.9/1.1 MB
Progress (1): 0.9/1.1 MB
Progress (1): 0.9/1.1 MB
Progress (1): 0.9/1.1 MB
Progress (1): 0.9/1.1 MB
Progress (1): 0.9/1.1 MB
Progress (1): 0.9/1.1 MB
Progress (1): 0.9/1.1 MB
Progress (1): 0.9/1.1 MB
Progress (1): 0.9/1.1 MB
Progress (1): 0.9/1.1 MB
Progress (1): 0.9/1.1 MB
Progress (1): 0.9/1.1 MB
Progress (1): 0.9/1.1 MB
Progress (1): 1.0/1.1 MB
Progress (1): 1.0/1.1 MB
Progress (1): 1.0/1.1 MB
Progress (1): 1.0/1.1 MB
Progress (1): 1.0/1.1 MB
Progress (1): 1.0/1.1 MB
Progress (1): 1.0/1.1 MB
Progress (1): 1.0/1.1 MB
Progress (1): 1.0/1.1 MB
Progress (1): 1.0/1.1 MB
Progress (1): 1.0/1.1 MB
Progress (1): 1.0/1.1 MB
Progress (1): 1.0/1.1 MB
Progress (1): 1.0/1.1 MB
Progress (1): 1.0/1.1 MB
Progress (1): 1.0/1.1 MB
Progress (1): 1.0/1.1 MB
Progress (1): 1.0/1.1 MB
Progress (1): 1.0/1.1 MB
Progress (1): 1.0/1.1 MB
Progress (1): 1.0/1.1 MB
Progress (1): 1.0/1.1 MB
Progress (1): 1.0/1.1 MB
Progress (1): 1.0/1.1 MB
Progress (1): 1.1/1.1 MB
Progress (1): 1.1/1.1 MB
Progress (1): 1.1/1.1 MB
Progress (1): 1.1/1.1 MB
Progress (1): 1.1/1.1 MB
Progress (1): 1.1/1.1 MB
Progress (1): 1.1/1.1 MB
Progress (1): 1.1/1.1 MB
Progress (1): 1.1/1.1 MB
Progress (1): 1.1/1.1 MB
Progress (1): 1.1/1.1 MB
Progress (1): 1.1/1.1 MB
Progress (1): 1.1/1.1 MB
Progress (1): 1.1/1.1 MB
Progress (1): 1.1/1.1 MB
Progress (1): 1.1/1.1 MB
Progress (1): 1.1/1.1 MB
Progress (1): 1.1/1.1 MB
Progress (1): 1.1/1.1 MB
Progress (1): 1.1/1.1 MB
Progress (1): 1.1/1.1 MB
Progress (1): 1.1/1.1 MB
Progress (1): 1.1/1.1 MB
Progress (1): 1.1 MB    
                    
Downloaded from central: https://repo.maven.apache.org/maven2/com/fasterxml/jackson/core/jackson-databind/2.5.3/jackson-databind-2.5.3.jar (1.1 MB at 287 kB/s)
[INFO] 
[INFO] --- maven-clean-plugin:2.5:clean (default-clean) @ jackson-dataformat-xml ---
[INFO] Deleting ./jackson-dataformat-xml/target
[INFO] 
[INFO] --- maven-enforcer-plugin:1.3.1:enforce (enforce-java) @ jackson-dataformat-xml ---
[INFO] 
[INFO] --- build-helper-maven-plugin:1.7:add-source (add-generated-sources) @ jackson-dataformat-xml ---
[INFO] Source directory: ./jackson-dataformat-xml/target/generated-sources added.
[INFO] 
[INFO] --- replacer:1.5.2:replace (process-packageVersion) @ jackson-dataformat-xml ---
[INFO] Replacement run on 1 file.
[INFO] 
[INFO] --- maven-resources-plugin:2.6:resources (default-resources) @ jackson-dataformat-xml ---
[INFO] Using 'UTF-8' encoding to copy filtered resources.
[INFO] Copying 4 resources
[INFO] 
[INFO] --- maven-compiler-plugin:3.2:compile (default-compile) @ jackson-dataformat-xml ---
[INFO] Changes detected - recompiling the module!
[INFO] Compiling 36 source files to ./jackson-dataformat-xml/target/classes
[WARNING] bootstrap class path not set in conjunction with -source 1.6
[WARNING] ./jackson-dataformat-xml/src/main/java/com/fasterxml/jackson/dataformat/xml/deser/WrapperHandlingDeserializer.java:[76,39] handleSecondaryContextualization(com.fasterxml.jackson.databind.JsonDeserializer<?>,com.fasterxml.jackson.databind.BeanProperty) in com.fasterxml.jackson.databind.DeserializationContext has been deprecated
[INFO] 
[INFO] --- maven-resources-plugin:2.6:testResources (default-testResources) @ jackson-dataformat-xml ---
[INFO] Using 'UTF-8' encoding to copy filtered resources.
[INFO] skip non existing resourceDirectory ./jackson-dataformat-xml/src/test/resources
[INFO] 
[INFO] --- maven-compiler-plugin:3.2:testCompile (default-testCompile) @ jackson-dataformat-xml ---
[INFO] Changes detected - recompiling the module!
[INFO] Compiling 56 source files to ./jackson-dataformat-xml/target/test-classes
[WARNING] bootstrap class path not set in conjunction with -source 1.6
[INFO] 
[INFO] --- maven-surefire-plugin:2.17:test (default-test) @ jackson-dataformat-xml ---
[INFO] Surefire report directory: ./jackson-dataformat-xml/target/surefire-reports

-------------------------------------------------------
 T E S T S
-------------------------------------------------------
Running com.fasterxml.jackson.dataformat.xml.misc.ObjectId104Test
Tests run: 1, Failures: 0, Errors: 0, Skipped: 0, Time elapsed: 0.331 sec - in com.fasterxml.jackson.dataformat.xml.misc.ObjectId104Test
Running com.fasterxml.jackson.dataformat.xml.misc.PolymorphicTypesTest
Tests run: 3, Failures: 0, Errors: 0, Skipped: 0, Time elapsed: 0.048 sec - in com.fasterxml.jackson.dataformat.xml.misc.PolymorphicTypesTest
Running com.fasterxml.jackson.dataformat.xml.misc.XmlTextTest
Tests run: 1, Failures: 0, Errors: 0, Skipped: 0, Time elapsed: 0.01 sec - in com.fasterxml.jackson.dataformat.xml.misc.XmlTextTest
Running com.fasterxml.jackson.dataformat.xml.misc.TextValueTest
Tests run: 6, Failures: 0, Errors: 0, Skipped: 0, Time elapsed: 0.046 sec - in com.fasterxml.jackson.dataformat.xml.misc.TextValueTest
Running com.fasterxml.jackson.dataformat.xml.misc.UnwrappingWithXMLTest
Tests run: 3, Failures: 0, Errors: 0, Skipped: 0, Time elapsed: 0.025 sec - in com.fasterxml.jackson.dataformat.xml.misc.UnwrappingWithXMLTest
Running com.fasterxml.jackson.dataformat.xml.misc.NodeTest
-> {"child":"4"}
Tests run: 1, Failures: 0, Errors: 0, Skipped: 0, Time elapsed: 0.006 sec - in com.fasterxml.jackson.dataformat.xml.misc.NodeTest
Running com.fasterxml.jackson.dataformat.xml.misc.ArrayConversionsTest
Tests run: 8, Failures: 0, Errors: 0, Skipped: 0, Time elapsed: 0.064 sec - in com.fasterxml.jackson.dataformat.xml.misc.ArrayConversionsTest
Running com.fasterxml.jackson.dataformat.xml.incr.PartialReadTest
Tests run: 1, Failures: 0, Errors: 0, Skipped: 0, Time elapsed: 0.007 sec - in com.fasterxml.jackson.dataformat.xml.incr.PartialReadTest
Running com.fasterxml.jackson.dataformat.xml.incr.IncrementalWritingTest
Tests run: 1, Failures: 0, Errors: 0, Skipped: 0, Time elapsed: 0.008 sec - in com.fasterxml.jackson.dataformat.xml.incr.IncrementalWritingTest
Running com.fasterxml.jackson.dataformat.xml.lists.ListDeserializationTest
Tests run: 5, Failures: 0, Errors: 0, Skipped: 0, Time elapsed: 0.05 sec - in com.fasterxml.jackson.dataformat.xml.lists.ListDeserializationTest
Running com.fasterxml.jackson.dataformat.xml.lists.Issue101UnwrappedListAttributesTest
Tests run: 2, Failures: 0, Errors: 0, Skipped: 0, Time elapsed: 0.009 sec - in com.fasterxml.jackson.dataformat.xml.lists.Issue101UnwrappedListAttributesTest
Running com.fasterxml.jackson.dataformat.xml.lists.ListAsObjectTest
Tests run: 1, Failures: 0, Errors: 0, Skipped: 0, Time elapsed: 0.012 sec - in com.fasterxml.jackson.dataformat.xml.lists.ListAsObjectTest
Running com.fasterxml.jackson.dataformat.xml.lists.NestedUnwrappedListsTest
Tests run: 5, Failures: 0, Errors: 0, Skipped: 0, Time elapsed: 0.027 sec - in com.fasterxml.jackson.dataformat.xml.lists.NestedUnwrappedListsTest
Running com.fasterxml.jackson.dataformat.xml.lists.ListRoundtripTest
Tests run: 3, Failures: 0, Errors: 0, Skipped: 0, Time elapsed: 0.019 sec - in com.fasterxml.jackson.dataformat.xml.lists.ListRoundtripTest
Running com.fasterxml.jackson.dataformat.xml.lists.WrappedListsTest
Tests run: 1, Failures: 0, Errors: 0, Skipped: 0, Time elapsed: 0.008 sec - in com.fasterxml.jackson.dataformat.xml.lists.WrappedListsTest
Running com.fasterxml.jackson.dataformat.xml.lists.RootListHandlingTest
Tests run: 3, Failures: 0, Errors: 0, Skipped: 0, Time elapsed: 0.021 sec - in com.fasterxml.jackson.dataformat.xml.lists.RootListHandlingTest
Running com.fasterxml.jackson.dataformat.xml.lists.ListSerializationTest
Tests run: 2, Failures: 0, Errors: 0, Skipped: 0, Time elapsed: 0.012 sec - in com.fasterxml.jackson.dataformat.xml.lists.ListSerializationTest
Running com.fasterxml.jackson.dataformat.xml.lists.UnwrappedListWithEmptyCData129Test
Tests run: 1, Failures: 0, Errors: 0, Skipped: 0, Time elapsed: 0.002 sec - in com.fasterxml.jackson.dataformat.xml.lists.UnwrappedListWithEmptyCData129Test
Running com.fasterxml.jackson.dataformat.xml.lists.ListAnnotationSharingTest
Tests run: 1, Failures: 0, Errors: 0, Skipped: 0, Time elapsed: 0.003 sec - in com.fasterxml.jackson.dataformat.xml.lists.ListAnnotationSharingTest
Running com.fasterxml.jackson.dataformat.xml.lists.UnwrappedListsTest
Tests run: 5, Failures: 0, Errors: 0, Skipped: 0, Time elapsed: 0.03 sec - in com.fasterxml.jackson.dataformat.xml.lists.UnwrappedListsTest
Running com.fasterxml.jackson.dataformat.xml.deser.TestStringValues
Tests run: 6, Failures: 0, Errors: 0, Skipped: 0, Time elapsed: 0.009 sec - in com.fasterxml.jackson.dataformat.xml.deser.TestStringValues
Running com.fasterxml.jackson.dataformat.xml.deser.TestBinaryData
Tests run: 1, Failures: 0, Errors: 0, Skipped: 0, Time elapsed: 0.003 sec - in com.fasterxml.jackson.dataformat.xml.deser.TestBinaryData
Running com.fasterxml.jackson.dataformat.xml.deser.TestDeserialization
Tests run: 5, Failures: 0, Errors: 0, Skipped: 0, Time elapsed: 0.023 sec - in com.fasterxml.jackson.dataformat.xml.deser.TestDeserialization
Running com.fasterxml.jackson.dataformat.xml.deser.TestEnums
Tests run: 1, Failures: 0, Errors: 0, Skipped: 0, Time elapsed: 0.004 sec - in com.fasterxml.jackson.dataformat.xml.deser.TestEnums
Running com.fasterxml.jackson.dataformat.xml.deser.TestViews
Tests run: 3, Failures: 0, Errors: 0, Skipped: 0, Time elapsed: 0.023 sec - in com.fasterxml.jackson.dataformat.xml.deser.TestViews
Running com.fasterxml.jackson.dataformat.xml.stream.XmlGeneratorTest
Tests run: 5, Failures: 0, Errors: 0, Skipped: 0, Time elapsed: 0.032 sec - in com.fasterxml.jackson.dataformat.xml.stream.XmlGeneratorTest
Running com.fasterxml.jackson.dataformat.xml.stream.XmlTokenStreamTest
Tests run: 4, Failures: 0, Errors: 0, Skipped: 0, Time elapsed: 0.003 sec - in com.fasterxml.jackson.dataformat.xml.stream.XmlTokenStreamTest
Running com.fasterxml.jackson.dataformat.xml.stream.FormatDetectionTest
Tests run: 8, Failures: 0, Errors: 0, Skipped: 0, Time elapsed: 0.056 sec - in com.fasterxml.jackson.dataformat.xml.stream.FormatDetectionTest
Running com.fasterxml.jackson.dataformat.xml.stream.XmlParserTest
Tests run: 6, Failures: 0, Errors: 0, Skipped: 0, Time elapsed: 0.024 sec - in com.fasterxml.jackson.dataformat.xml.stream.XmlParserTest
Running com.fasterxml.jackson.dataformat.xml.adapters.TestIssue47Attribute
Tests run: 1, Failures: 0, Errors: 0, Skipped: 0, Time elapsed: 0.004 sec - in com.fasterxml.jackson.dataformat.xml.adapters.TestIssue47Attribute
Running com.fasterxml.jackson.dataformat.xml.jaxb.WithJAXBAnnotationsTest
Tests run: 4, Failures: 0, Errors: 0, Skipped: 0, Time elapsed: 0.036 sec - in com.fasterxml.jackson.dataformat.xml.jaxb.WithJAXBAnnotationsTest
Running com.fasterxml.jackson.dataformat.xml.jaxb.AttributesWithJAXBTest
Tests run: 2, Failures: 0, Errors: 0, Skipped: 0, Time elapsed: 0.005 sec - in com.fasterxml.jackson.dataformat.xml.jaxb.AttributesWithJAXBTest
Running com.fasterxml.jackson.dataformat.xml.jaxb.ElementWrapperTest
Tests run: 2, Failures: 0, Errors: 0, Skipped: 0, Time elapsed: 0.032 sec - in com.fasterxml.jackson.dataformat.xml.jaxb.ElementWrapperTest
Running com.fasterxml.jackson.dataformat.xml.RoundtripContentTest
Tests run: 1, Failures: 0, Errors: 0, Skipped: 0, Time elapsed: 0.025 sec - in com.fasterxml.jackson.dataformat.xml.RoundtripContentTest
Running com.fasterxml.jackson.dataformat.xml.ser.TestSerializationAttr
Tests run: 4, Failures: 0, Errors: 0, Skipped: 0, Time elapsed: 0.032 sec - in com.fasterxml.jackson.dataformat.xml.ser.TestSerializationAttr
Running com.fasterxml.jackson.dataformat.xml.ser.TestXmlDeclaration
Tests run: 2, Failures: 0, Errors: 0, Skipped: 0, Time elapsed: 0.011 sec - in com.fasterxml.jackson.dataformat.xml.ser.TestXmlDeclaration
Running com.fasterxml.jackson.dataformat.xml.ser.TestSerialization
Tests run: 9, Failures: 0, Errors: 0, Skipped: 0, Time elapsed: 0.021 sec - in com.fasterxml.jackson.dataformat.xml.ser.TestSerialization
Running com.fasterxml.jackson.dataformat.xml.ser.TestSerializationOrdering
Tests run: 1, Failures: 0, Errors: 0, Skipped: 0, Time elapsed: 0.004 sec - in com.fasterxml.jackson.dataformat.xml.ser.TestSerializationOrdering
Running com.fasterxml.jackson.dataformat.xml.ser.TestNamespaces
Tests run: 1, Failures: 0, Errors: 0, Skipped: 0, Time elapsed: 0.004 sec - in com.fasterxml.jackson.dataformat.xml.ser.TestNamespaces
Running com.fasterxml.jackson.dataformat.xml.ser.TestIndentation
Tests run: 5, Failures: 0, Errors: 0, Skipped: 0, Time elapsed: 0.016 sec - in com.fasterxml.jackson.dataformat.xml.ser.TestIndentation
Running com.fasterxml.jackson.dataformat.xml.ser.TestSerializerCustom
Tests run: 1, Failures: 0, Errors: 0, Skipped: 0, Time elapsed: 0.021 sec - in com.fasterxml.jackson.dataformat.xml.ser.TestSerializerCustom
Running com.fasterxml.jackson.dataformat.xml.ser.TestJDKSerializability
Tests run: 2, Failures: 0, Errors: 0, Skipped: 0, Time elapsed: 0.16 sec - in com.fasterxml.jackson.dataformat.xml.ser.TestJDKSerializability
Running com.fasterxml.jackson.dataformat.xml.ser.TestSerializationManual
Tests run: 1, Failures: 0, Errors: 0, Skipped: 0, Time elapsed: 0.002 sec - in com.fasterxml.jackson.dataformat.xml.ser.TestSerializationManual
Running com.fasterxml.jackson.dataformat.xml.VersionInfoTest
Tests run: 3, Failures: 0, Errors: 0, Skipped: 0, Time elapsed: 0.021 sec - in com.fasterxml.jackson.dataformat.xml.VersionInfoTest

Results :

Tests run: 132, Failures: 0, Errors: 0, Skipped: 0

[INFO] ------------------------------------------------------------------------
[INFO] BUILD SUCCESS
[INFO] ------------------------------------------------------------------------
[INFO] Total time:  14.268 s
[INFO] Finished at: 
[INFO] ------------------------------------------------------------------------
