[INFO] Scanning for projects...
[INFO] 
[INFO] ------< com.fasterxml.jackson.dataformat:jackson-dataformat-xml >-------
[INFO] Building Jackson-dataformat-XML 2.9.8-SNAPSHOT
[INFO] -------------------------------[ bundle ]-------------------------------
[INFO] 
[INFO] --- maven-clean-plugin:2.6.1:clean (default-clean) @ jackson-dataformat-xml ---
[INFO] Deleting ./jackson-dataformat-xml/target
[INFO] 
[INFO] --- maven-enforcer-plugin:3.0.0-M1:enforce (enforce-java) @ jackson-dataformat-xml ---
[INFO] 
[INFO] --- build-helper-maven-plugin:1.7:add-source (add-generated-sources) @ jackson-dataformat-xml ---
[INFO] Source directory: ./jackson-dataformat-xml/target/generated-sources added.
[INFO] 
[INFO] --- replacer:1.5.3:replace (process-packageVersion) @ jackson-dataformat-xml ---
[INFO] Replacement run on 1 file.
[INFO] 
[INFO] --- maven-resources-plugin:2.7:resources (default-resources) @ jackson-dataformat-xml ---
[INFO] Using 'UTF-8' encoding to copy filtered resources.
[INFO] Copying 4 resources
[INFO] 
[INFO] --- maven-compiler-plugin:3.7.0:compile (default-compile) @ jackson-dataformat-xml ---
[INFO] Changes detected - recompiling the module!
[INFO] Compiling 37 source files to ./jackson-dataformat-xml/target/classes
[WARNING] bootstrap class path not set in conjunction with -source 1.7
[INFO] 
[INFO] --- maven-resources-plugin:2.7:testResources (default-testResources) @ jackson-dataformat-xml ---
[INFO] Using 'UTF-8' encoding to copy filtered resources.
[INFO] skip non existing resourceDirectory ./jackson-dataformat-xml/src/test/resources
[INFO] 
[INFO] --- maven-compiler-plugin:3.7.0:testCompile (default-testCompile) @ jackson-dataformat-xml ---
[INFO] Changes detected - recompiling the module!
[INFO] Compiling 81 source files to ./jackson-dataformat-xml/target/test-classes
[WARNING] bootstrap class path not set in conjunction with -source 1.7
[INFO] 
[INFO] --- maven-surefire-plugin:2.17:test (default-test) @ jackson-dataformat-xml ---
[INFO] Surefire report directory: ./jackson-dataformat-xml/target/surefire-reports

-------------------------------------------------------
 T E S T S
-------------------------------------------------------
Running com.fasterxml.jackson.dataformat.xml.misc.ObjectId104Test
Tests run: 1, Failures: 0, Errors: 0, Skipped: 0, Time elapsed: 0.94 sec - in com.fasterxml.jackson.dataformat.xml.misc.ObjectId104Test
Running com.fasterxml.jackson.dataformat.xml.misc.PolymorphicTypesTest
Tests run: 3, Failures: 0, Errors: 0, Skipped: 0, Time elapsed: 0.113 sec - in com.fasterxml.jackson.dataformat.xml.misc.PolymorphicTypesTest
Running com.fasterxml.jackson.dataformat.xml.misc.XmlTextTest
Tests run: 3, Failures: 0, Errors: 0, Skipped: 0, Time elapsed: 0.027 sec - in com.fasterxml.jackson.dataformat.xml.misc.XmlTextTest
Running com.fasterxml.jackson.dataformat.xml.misc.DTDSupportTest
Tests run: 1, Failures: 0, Errors: 0, Skipped: 0, Time elapsed: 0.015 sec - in com.fasterxml.jackson.dataformat.xml.misc.DTDSupportTest
Running com.fasterxml.jackson.dataformat.xml.misc.TextValueTest
Tests run: 6, Failures: 0, Errors: 0, Skipped: 0, Time elapsed: 0.08 sec - in com.fasterxml.jackson.dataformat.xml.misc.TextValueTest
Running com.fasterxml.jackson.dataformat.xml.misc.EmptyPolymorphicTest
Tests run: 1, Failures: 0, Errors: 0, Skipped: 0, Time elapsed: 0.05 sec - in com.fasterxml.jackson.dataformat.xml.misc.EmptyPolymorphicTest
Running com.fasterxml.jackson.dataformat.xml.misc.RootNameTest
Tests run: 2, Failures: 0, Errors: 0, Skipped: 0, Time elapsed: 0.031 sec - in com.fasterxml.jackson.dataformat.xml.misc.RootNameTest
Running com.fasterxml.jackson.dataformat.xml.misc.UnwrappingWithXMLTest
Tests run: 3, Failures: 0, Errors: 0, Skipped: 0, Time elapsed: 0.057 sec - in com.fasterxml.jackson.dataformat.xml.misc.UnwrappingWithXMLTest
Running com.fasterxml.jackson.dataformat.xml.misc.NodeTest
-> {"":"first","child":"4"}
Tests run: 1, Failures: 0, Errors: 0, Skipped: 0, Time elapsed: 0.022 sec - in com.fasterxml.jackson.dataformat.xml.misc.NodeTest
Running com.fasterxml.jackson.dataformat.xml.misc.ArrayConversionsTest
Tests run: 8, Failures: 0, Errors: 0, Skipped: 0, Time elapsed: 0.101 sec - in com.fasterxml.jackson.dataformat.xml.misc.ArrayConversionsTest
Running com.fasterxml.jackson.dataformat.xml.incr.PartialReadTest
Tests run: 1, Failures: 0, Errors: 0, Skipped: 0, Time elapsed: 0.046 sec - in com.fasterxml.jackson.dataformat.xml.incr.PartialReadTest
Running com.fasterxml.jackson.dataformat.xml.incr.IncrementalWritingTest
Tests run: 1, Failures: 0, Errors: 0, Skipped: 0, Time elapsed: 0.006 sec - in com.fasterxml.jackson.dataformat.xml.incr.IncrementalWritingTest
Running com.fasterxml.jackson.dataformat.xml.lists.ListDeserializationTest
Tests run: 5, Failures: 0, Errors: 0, Skipped: 0, Time elapsed: 0.051 sec - in com.fasterxml.jackson.dataformat.xml.lists.ListDeserializationTest
Running com.fasterxml.jackson.dataformat.xml.lists.Issue101UnwrappedListAttributesTest
Tests run: 2, Failures: 0, Errors: 0, Skipped: 0, Time elapsed: 0.033 sec - in com.fasterxml.jackson.dataformat.xml.lists.Issue101UnwrappedListAttributesTest
Running com.fasterxml.jackson.dataformat.xml.lists.ListAsObjectTest
Tests run: 1, Failures: 0, Errors: 0, Skipped: 0, Time elapsed: 0.08 sec - in com.fasterxml.jackson.dataformat.xml.lists.ListAsObjectTest
Running com.fasterxml.jackson.dataformat.xml.lists.NestedUnwrappedListsTest
Tests run: 5, Failures: 0, Errors: 0, Skipped: 0, Time elapsed: 0.068 sec - in com.fasterxml.jackson.dataformat.xml.lists.NestedUnwrappedListsTest
Running com.fasterxml.jackson.dataformat.xml.lists.ListRoundtripTest
Tests run: 3, Failures: 0, Errors: 0, Skipped: 0, Time elapsed: 0.023 sec - in com.fasterxml.jackson.dataformat.xml.lists.ListRoundtripTest
Running com.fasterxml.jackson.dataformat.xml.lists.WrappedListsTest
Tests run: 1, Failures: 0, Errors: 0, Skipped: 0, Time elapsed: 0.023 sec - in com.fasterxml.jackson.dataformat.xml.lists.WrappedListsTest
Running com.fasterxml.jackson.dataformat.xml.lists.DeserializePolyList178Test
Tests run: 1, Failures: 0, Errors: 0, Skipped: 0, Time elapsed: 0.052 sec - in com.fasterxml.jackson.dataformat.xml.lists.DeserializePolyList178Test
Running com.fasterxml.jackson.dataformat.xml.lists.EmptyListDeserTest
Tests run: 1, Failures: 0, Errors: 0, Skipped: 0, Time elapsed: 0.037 sec - in com.fasterxml.jackson.dataformat.xml.lists.EmptyListDeserTest
Running com.fasterxml.jackson.dataformat.xml.lists.ListDeser191Test
Tests run: 1, Failures: 0, Errors: 0, Skipped: 0, Time elapsed: 0.019 sec - in com.fasterxml.jackson.dataformat.xml.lists.ListDeser191Test
Running com.fasterxml.jackson.dataformat.xml.lists.RootListHandlingTest
Tests run: 3, Failures: 0, Errors: 0, Skipped: 0, Time elapsed: 0.057 sec - in com.fasterxml.jackson.dataformat.xml.lists.RootListHandlingTest
Running com.fasterxml.jackson.dataformat.xml.lists.ListSerializationTest
Tests run: 2, Failures: 0, Errors: 0, Skipped: 0, Time elapsed: 0.03 sec - in com.fasterxml.jackson.dataformat.xml.lists.ListSerializationTest
Running com.fasterxml.jackson.dataformat.xml.lists.NestedUnwrappedLists180Test
Tests run: 1, Failures: 0, Errors: 0, Skipped: 0, Time elapsed: 0.031 sec - in com.fasterxml.jackson.dataformat.xml.lists.NestedUnwrappedLists180Test
Running com.fasterxml.jackson.dataformat.xml.lists.UnwrappedListWithEmptyCData129Test
Tests run: 1, Failures: 0, Errors: 0, Skipped: 0, Time elapsed: 0.018 sec - in com.fasterxml.jackson.dataformat.xml.lists.UnwrappedListWithEmptyCData129Test
Running com.fasterxml.jackson.dataformat.xml.lists.ListAnnotationSharingTest
Tests run: 1, Failures: 0, Errors: 0, Skipped: 0, Time elapsed: 0.033 sec - in com.fasterxml.jackson.dataformat.xml.lists.ListAnnotationSharingTest
Running com.fasterxml.jackson.dataformat.xml.lists.UnwrappedListsTest
Tests run: 5, Failures: 0, Errors: 0, Skipped: 0, Time elapsed: 0.06 sec - in com.fasterxml.jackson.dataformat.xml.lists.UnwrappedListsTest
Running com.fasterxml.jackson.dataformat.xml.deser.Issue274PropertyNameTest
Tests run: 1, Failures: 0, Errors: 0, Skipped: 0, Time elapsed: 0.018 sec - in com.fasterxml.jackson.dataformat.xml.deser.Issue274PropertyNameTest
Running com.fasterxml.jackson.dataformat.xml.deser.TestBinaryData
Tests run: 1, Failures: 0, Errors: 0, Skipped: 0, Time elapsed: 0.005 sec - in com.fasterxml.jackson.dataformat.xml.deser.TestBinaryData
Running com.fasterxml.jackson.dataformat.xml.deser.NullConversionsGenericTest
Tests run: 3, Failures: 0, Errors: 0, Skipped: 0, Time elapsed: 0.053 sec - in com.fasterxml.jackson.dataformat.xml.deser.NullConversionsGenericTest
Running com.fasterxml.jackson.dataformat.xml.deser.SimpleStringValuesTest
Tests run: 7, Failures: 0, Errors: 0, Skipped: 0, Time elapsed: 0.04 sec - in com.fasterxml.jackson.dataformat.xml.deser.SimpleStringValuesTest
Running com.fasterxml.jackson.dataformat.xml.deser.EmptyStringValueTest
Tests run: 3, Failures: 0, Errors: 0, Skipped: 0, Time elapsed: 0.023 sec - in com.fasterxml.jackson.dataformat.xml.deser.EmptyStringValueTest
Running com.fasterxml.jackson.dataformat.xml.deser.TestDeserialization
Tests run: 5, Failures: 0, Errors: 0, Skipped: 0, Time elapsed: 0.037 sec - in com.fasterxml.jackson.dataformat.xml.deser.TestDeserialization
Running com.fasterxml.jackson.dataformat.xml.deser.NullConversionsSkipTest
Tests run: 5, Failures: 0, Errors: 0, Skipped: 0, Time elapsed: 0.033 sec - in com.fasterxml.jackson.dataformat.xml.deser.NullConversionsSkipTest
Running com.fasterxml.jackson.dataformat.xml.deser.TestEnums
Tests run: 1, Failures: 0, Errors: 0, Skipped: 0, Time elapsed: 0.023 sec - in com.fasterxml.jackson.dataformat.xml.deser.TestEnums
Running com.fasterxml.jackson.dataformat.xml.deser.XmlTokenStreamTest
Tests run: 4, Failures: 0, Errors: 0, Skipped: 0, Time elapsed: 0.016 sec - in com.fasterxml.jackson.dataformat.xml.deser.XmlTokenStreamTest
Running com.fasterxml.jackson.dataformat.xml.deser.CaseInsensitiveDeserTest
Tests run: 1, Failures: 0, Errors: 0, Skipped: 0, Time elapsed: 0.006 sec - in com.fasterxml.jackson.dataformat.xml.deser.CaseInsensitiveDeserTest
Running com.fasterxml.jackson.dataformat.xml.deser.ExceptionDeserializationTest
Tests run: 1, Failures: 0, Errors: 0, Skipped: 0, Time elapsed: 0.036 sec - in com.fasterxml.jackson.dataformat.xml.deser.ExceptionDeserializationTest
Running com.fasterxml.jackson.dataformat.xml.deser.builder.BuilderSimpleTest
Tests run: 9, Failures: 0, Errors: 0, Skipped: 0, Time elapsed: 0.133 sec - in com.fasterxml.jackson.dataformat.xml.deser.builder.BuilderSimpleTest
Running com.fasterxml.jackson.dataformat.xml.deser.TestViews
Tests run: 3, Failures: 0, Errors: 0, Skipped: 0, Time elapsed: 0.024 sec - in com.fasterxml.jackson.dataformat.xml.deser.TestViews
Running com.fasterxml.jackson.dataformat.xml.deser.DeserErrorHandling236Test
Tests run: 1, Failures: 0, Errors: 0, Skipped: 0, Time elapsed: 0.011 sec - in com.fasterxml.jackson.dataformat.xml.deser.DeserErrorHandling236Test
Running com.fasterxml.jackson.dataformat.xml.stream.XmlGeneratorTest
Tests run: 11, Failures: 0, Errors: 0, Skipped: 0, Time elapsed: 0.132 sec - in com.fasterxml.jackson.dataformat.xml.stream.XmlGeneratorTest
Running com.fasterxml.jackson.dataformat.xml.stream.XmlParserNextXxxTest
Tests run: 1, Failures: 0, Errors: 0, Skipped: 0, Time elapsed: 0 sec - in com.fasterxml.jackson.dataformat.xml.stream.XmlParserNextXxxTest
Running com.fasterxml.jackson.dataformat.xml.stream.FormatDetectionTest
Tests run: 8, Failures: 0, Errors: 0, Skipped: 0, Time elapsed: 0.051 sec - in com.fasterxml.jackson.dataformat.xml.stream.FormatDetectionTest
Running com.fasterxml.jackson.dataformat.xml.stream.XmlParserTest
Tests run: 6, Failures: 0, Errors: 0, Skipped: 0, Time elapsed: 0.014 sec - in com.fasterxml.jackson.dataformat.xml.stream.XmlParserTest
Running com.fasterxml.jackson.dataformat.xml.adapters.TestIssue47Attribute
Tests run: 1, Failures: 0, Errors: 0, Skipped: 0, Time elapsed: 0 sec - in com.fasterxml.jackson.dataformat.xml.adapters.TestIssue47Attribute
Running com.fasterxml.jackson.dataformat.xml.jaxb.JAXBObjectId170Test
Tests run: 1, Failures: 0, Errors: 0, Skipped: 0, Time elapsed: 0.075 sec - in com.fasterxml.jackson.dataformat.xml.jaxb.JAXBObjectId170Test
Running com.fasterxml.jackson.dataformat.xml.jaxb.WithJAXBAnnotationsTest
Tests run: 4, Failures: 0, Errors: 0, Skipped: 0, Time elapsed: 0.141 sec - in com.fasterxml.jackson.dataformat.xml.jaxb.WithJAXBAnnotationsTest
Running com.fasterxml.jackson.dataformat.xml.jaxb.AttributesWithJAXBTest
Tests run: 2, Failures: 0, Errors: 0, Skipped: 0, Time elapsed: 0.043 sec - in com.fasterxml.jackson.dataformat.xml.jaxb.AttributesWithJAXBTest
Running com.fasterxml.jackson.dataformat.xml.jaxb.BuilderWithJAXB291Test
Tests run: 1, Failures: 0, Errors: 0, Skipped: 0, Time elapsed: 0.054 sec - in com.fasterxml.jackson.dataformat.xml.jaxb.BuilderWithJAXB291Test
Running com.fasterxml.jackson.dataformat.xml.jaxb.ElementWrapperTest
Tests run: 2, Failures: 0, Errors: 0, Skipped: 0, Time elapsed: 0.007 sec - in com.fasterxml.jackson.dataformat.xml.jaxb.ElementWrapperTest
Running com.fasterxml.jackson.dataformat.xml.RoundtripContentTest
Tests run: 1, Failures: 0, Errors: 0, Skipped: 0, Time elapsed: 0.146 sec - in com.fasterxml.jackson.dataformat.xml.RoundtripContentTest
Running com.fasterxml.jackson.dataformat.xml.ser.TestSerializationAttr
Tests run: 4, Failures: 0, Errors: 0, Skipped: 0, Time elapsed: 0.073 sec - in com.fasterxml.jackson.dataformat.xml.ser.TestSerializationAttr
Running com.fasterxml.jackson.dataformat.xml.ser.TestXmlDeclaration
Tests run: 2, Failures: 0, Errors: 0, Skipped: 0, Time elapsed: 0.011 sec - in com.fasterxml.jackson.dataformat.xml.ser.TestXmlDeclaration
Running com.fasterxml.jackson.dataformat.xml.ser.TestSerialization
Tests run: 8, Failures: 0, Errors: 0, Skipped: 0, Time elapsed: 0.081 sec - in com.fasterxml.jackson.dataformat.xml.ser.TestSerialization
Running com.fasterxml.jackson.dataformat.xml.ser.TestSerializationOrdering
Tests run: 1, Failures: 0, Errors: 0, Skipped: 0, Time elapsed: 0.003 sec - in com.fasterxml.jackson.dataformat.xml.ser.TestSerializationOrdering
Running com.fasterxml.jackson.dataformat.xml.ser.TestNamespaces
Tests run: 1, Failures: 0, Errors: 0, Skipped: 0, Time elapsed: 0.003 sec - in com.fasterxml.jackson.dataformat.xml.ser.TestNamespaces
Running com.fasterxml.jackson.dataformat.xml.ser.TestIndentation
Tests run: 6, Failures: 0, Errors: 0, Skipped: 0, Time elapsed: 0.047 sec - in com.fasterxml.jackson.dataformat.xml.ser.TestIndentation
Running com.fasterxml.jackson.dataformat.xml.ser.TestSerializerCustom
Tests run: 1, Failures: 0, Errors: 0, Skipped: 0, Time elapsed: 0.016 sec - in com.fasterxml.jackson.dataformat.xml.ser.TestSerializerCustom
Running com.fasterxml.jackson.dataformat.xml.ser.TestJDKSerializability
Tests run: 2, Failures: 0, Errors: 0, Skipped: 0, Time elapsed: 0.379 sec - in com.fasterxml.jackson.dataformat.xml.ser.TestJDKSerializability
Running com.fasterxml.jackson.dataformat.xml.ser.TestSerializationManual
Tests run: 1, Failures: 0, Errors: 0, Skipped: 0, Time elapsed: 0 sec - in com.fasterxml.jackson.dataformat.xml.ser.TestSerializationManual
Running com.fasterxml.jackson.dataformat.xml.VersionInfoTest
Tests run: 1, Failures: 0, Errors: 0, Skipped: 0, Time elapsed: 0 sec - in com.fasterxml.jackson.dataformat.xml.VersionInfoTest
Running com.fasterxml.jackson.dataformat.xml.MapperCopyTest
Tests run: 4, Failures: 0, Errors: 0, Skipped: 0, Time elapsed: 0.005 sec - in com.fasterxml.jackson.dataformat.xml.MapperCopyTest

Results :

Tests run: 178, Failures: 0, Errors: 0, Skipped: 0

[INFO] ------------------------------------------------------------------------
[INFO] BUILD SUCCESS
[INFO] ------------------------------------------------------------------------
[INFO] Total time:  16.198 s
[INFO] Finished at: 
[INFO] ------------------------------------------------------------------------
