[INFO] Scanning for projects...
[INFO] 
[INFO] -------------------< org.apache.commons:commons-csv >-------------------
[INFO] Building Apache Commons CSV 1.9-SNAPSHOT
[INFO] --------------------------------[ jar ]---------------------------------
[INFO] 
[INFO] --- maven-clean-plugin:3.1.0:clean (default-clean) @ commons-csv ---
[INFO] Deleting ./commons-csv/target
[INFO] 
[INFO] --- maven-enforcer-plugin:3.0.0-M2:enforce (enforce-maven-version) @ commons-csv ---
[INFO] 
[INFO] --- maven-enforcer-plugin:3.0.0-M2:enforce (enforce-maven-3) @ commons-csv ---
[INFO] 
[INFO] --- apache-rat-plugin:0.13:check (rat-check) @ commons-csv ---
[INFO] Enabled default license matchers.
[INFO] Will parse SCM ignores for exclusions...
[INFO] Parsing exclusions from ./commons-csv/.gitignore
[INFO] Finished adding exclusions from SCM ignore files.
[INFO] 70 implicit excludes (use -debug for more details).
[INFO] 27 explicit excludes (use -debug for more details).
[INFO] 158 resources included (use -debug for more details)
[INFO] Rat check: Summary over all files. Unapproved: 85, unknown: 85, generated: 0, approved: 66 licenses.
[WARNING] Rat check: 85 files with unapproved licenses. See RAT report in: ./commons-csv/target/rat.txt
[INFO] 
[INFO] --- build-helper-maven-plugin:3.0.0:parse-version (parse-version) @ commons-csv ---
[INFO] 
[INFO] --- maven-antrun-plugin:1.8:run (javadoc.resources) @ commons-csv ---
[INFO] Executing tasks

main:
     [copy] Copying 2 files to ./commons-csv/target/apidocs/META-INF
[INFO] Executed tasks
[INFO] 
[INFO] --- maven-remote-resources-plugin:1.5:process (process-resource-bundles) @ commons-csv ---
[INFO] 
[INFO] --- buildnumber-maven-plugin:1.4:create (default) @ commons-csv ---
[INFO] Executing: /bin/sh -c cd './commons-csv' && 'git' 'rev-parse' '--verify' 'HEAD'
[INFO] Working directory: ./commons-csv
[INFO] Storing buildNumber: e5213d1e420a96aa2f428ccdb7cc2ee4054632be at timestamp: 1655853809122
[WARNING] Cannot get the branch information from the git repository: 
Detecting the current branch failed: fatal: ref HEAD is not a symbolic ref

[INFO] Executing: /bin/sh -c cd './commons-csv' && 'git' 'rev-parse' '--verify' 'HEAD'
[INFO] Working directory: ./commons-csv
[INFO] Storing buildScmBranch: UNKNOWN
[INFO] 
[INFO] --- maven-resources-plugin:3.1.0:resources (default-resources) @ commons-csv ---
[INFO] Using 'UTF-8' encoding to copy filtered resources.
[INFO] skip non existing resourceDirectory ./commons-csv/src/main/resources
[INFO] Copying 2 resources to META-INF
[INFO] 
[INFO] --- maven-compiler-plugin:3.8.1:compile (default-compile) @ commons-csv ---
[INFO] Changes detected - recompiling the module!
[INFO] Compiling 11 source files to ./commons-csv/target/classes
[INFO] 
[INFO] --- maven-bundle-plugin:4.2.1:manifest (bundle-manifest) @ commons-csv ---
[INFO] 
[INFO] --- animal-sniffer-maven-plugin:1.18:check (checkAPIcompatibility) @ commons-csv ---
[INFO] Checking unresolved references to org.codehaus.mojo.signature:java18:1.0
[INFO] 
[INFO] --- maven-resources-plugin:3.1.0:testResources (default-testResources) @ commons-csv ---
[INFO] Using 'UTF-8' encoding to copy filtered resources.
[INFO] Copying 29 resources
[INFO] Copying 2 resources to META-INF
[INFO] 
[INFO] --- maven-compiler-plugin:3.8.1:testCompile (default-testCompile) @ commons-csv ---
[INFO] Changes detected - recompiling the module!
[INFO] Compiling 23 source files to ./commons-csv/target/test-classes
[INFO] 
[INFO] --- jacoco-maven-plugin:0.8.5:prepare-agent (prepare-agent) @ commons-csv ---
[INFO] argLine set to -javaagent:/home/ubuntu/.m2/repository/org/jacoco/org.jacoco.agent/0.8.5/org.jacoco.agent-0.8.5-runtime.jar=destfile=./commons-csv/target/jacoco.exec
[INFO] 
[INFO] --- maven-surefire-plugin:2.22.2:test (default-test) @ commons-csv ---
[INFO] 
[INFO] -------------------------------------------------------
[INFO]  T E S T S
[INFO] -------------------------------------------------------
[INFO] Running org.apache.commons.csv.CSVFormatTest
[INFO] Tests run: 69, Failures: 0, Errors: 0, Skipped: 0, Time elapsed: 0.303 s - in org.apache.commons.csv.CSVFormatTest
[INFO] Running org.apache.commons.csv.LexerTest
[INFO] Tests run: 31, Failures: 0, Errors: 0, Skipped: 0, Time elapsed: 0.057 s - in org.apache.commons.csv.LexerTest
[INFO] Running org.apache.commons.csv.CSVRecordTest
[INFO] Tests run: 24, Failures: 0, Errors: 0, Skipped: 0, Time elapsed: 0.104 s - in org.apache.commons.csv.CSVRecordTest
[INFO] Running org.apache.commons.csv.CSVFormatPredefinedTest
[INFO] Tests run: 10, Failures: 0, Errors: 0, Skipped: 0, Time elapsed: 0.009 s - in org.apache.commons.csv.CSVFormatPredefinedTest
[INFO] Running org.apache.commons.csv.CSVFileParserTest
[INFO] Tests run: 14, Failures: 0, Errors: 0, Skipped: 0, Time elapsed: 0.165 s - in org.apache.commons.csv.CSVFileParserTest
[INFO] Running org.apache.commons.csv.CSVPrinterTest
[WARNING] Tests run: 105, Failures: 0, Errors: 0, Skipped: 10, Time elapsed: 67.921 s - in org.apache.commons.csv.CSVPrinterTest
[INFO] Running org.apache.commons.csv.CSVParserTest
[WARNING] Tests run: 84, Failures: 0, Errors: 0, Skipped: 4, Time elapsed: 0.477 s - in org.apache.commons.csv.CSVParserTest
[INFO] Running org.apache.commons.csv.TokenMatchersTest
[INFO] Tests run: 5, Failures: 0, Errors: 0, Skipped: 0, Time elapsed: 0.057 s - in org.apache.commons.csv.TokenMatchersTest
[INFO] Running org.apache.commons.csv.issues.JiraCsv198Test
[INFO] Tests run: 1, Failures: 0, Errors: 0, Skipped: 0, Time elapsed: 1.024 s - in org.apache.commons.csv.issues.JiraCsv198Test
[INFO] Running org.apache.commons.csv.issues.JiraCsv249Test
[INFO] Tests run: 1, Failures: 0, Errors: 0, Skipped: 0, Time elapsed: 0 s - in org.apache.commons.csv.issues.JiraCsv249Test
[INFO] Running org.apache.commons.csv.issues.JiraCsv203Test
[INFO] Tests run: 7, Failures: 0, Errors: 0, Skipped: 0, Time elapsed: 0.004 s - in org.apache.commons.csv.issues.JiraCsv203Test
[INFO] Running org.apache.commons.csv.issues.JiraCsv167Test
[INFO] Tests run: 1, Failures: 0, Errors: 0, Skipped: 0, Time elapsed: 0.108 s - in org.apache.commons.csv.issues.JiraCsv167Test
[INFO] Running org.apache.commons.csv.issues.JiraCsv247Test
[INFO] Tests run: 2, Failures: 0, Errors: 0, Skipped: 0, Time elapsed: 0.001 s - in org.apache.commons.csv.issues.JiraCsv247Test
[INFO] Running org.apache.commons.csv.issues.JiraCsv213Test
[WARNING] Tests run: 1, Failures: 0, Errors: 0, Skipped: 1, Time elapsed: 0.001 s - in org.apache.commons.csv.issues.JiraCsv213Test
[INFO] Running org.apache.commons.csv.issues.JiraCsv149Test
[INFO] Tests run: 2, Failures: 0, Errors: 0, Skipped: 0, Time elapsed: 0 s - in org.apache.commons.csv.issues.JiraCsv149Test
[INFO] Running org.apache.commons.csv.issues.JiraCsv211Test
[INFO] Tests run: 1, Failures: 0, Errors: 0, Skipped: 0, Time elapsed: 0 s - in org.apache.commons.csv.issues.JiraCsv211Test
[INFO] Running org.apache.commons.csv.issues.JiraCsv154Test
[INFO] Tests run: 2, Failures: 0, Errors: 0, Skipped: 0, Time elapsed: 0 s - in org.apache.commons.csv.issues.JiraCsv154Test
[INFO] Running org.apache.commons.csv.issues.JiraCsv248Test
[INFO] Tests run: 1, Failures: 0, Errors: 0, Skipped: 0, Time elapsed: 0.023 s - in org.apache.commons.csv.issues.JiraCsv248Test
[INFO] Running org.apache.commons.csv.ExtendedBufferedReaderTest
[INFO] Tests run: 5, Failures: 0, Errors: 0, Skipped: 0, Time elapsed: 0.005 s - in org.apache.commons.csv.ExtendedBufferedReaderTest
[INFO] 
[INFO] Results:
[INFO] 
[WARNING] Tests run: 366, Failures: 0, Errors: 0, Skipped: 15
[INFO] 
[INFO] ------------------------------------------------------------------------
[INFO] BUILD SUCCESS
[INFO] ------------------------------------------------------------------------
[INFO] Total time:  02:03 min
[INFO] Finished at: 
[INFO] ------------------------------------------------------------------------
